[DEBUG] 2021-03-30 19:33:23.281 [http-nio-8080-exec-3] IntegratorServiceImpl - Adding Integrator [org.hibernate.cfg.beanvalidation.BeanValidationIntegrator].
[DEBUG] 2021-03-30 19:33:23.299 [http-nio-8080-exec-3] IntegratorServiceImpl - Adding Integrator [org.hibernate.secure.spi.JaccIntegrator].
[DEBUG] 2021-03-30 19:33:23.310 [http-nio-8080-exec-3] IntegratorServiceImpl - Adding Integrator [org.hibernate.cache.internal.CollectionCacheInvalidator].
[INFO ] 2021-03-30 19:33:23.457 [http-nio-8080-exec-3] Version - HHH000412: Hibernate Core {5.4.4.Final}
[DEBUG] 2021-03-30 19:33:23.461 [http-nio-8080-exec-3] Environment - HHH000206: hibernate.properties not found
[DEBUG] 2021-03-30 19:33:23.737 [http-nio-8080-exec-3] LocalXmlResourceResolver - Interpreting public/system identifier : [-//Hibernate/Hibernate Configuration DTD//EN] - [http://www.hibernate.org/dtd/hibernate-configuration-3.0.dtd]
[DEBUG] 2021-03-30 19:33:23.742 [http-nio-8080-exec-3] LocalXmlResourceResolver - Recognized hibernate-configuration identifier; attempting to resolve on classpath under org/hibernate/
[DEBUG] 2021-03-30 19:33:23.792 [http-nio-8080-exec-3] JaxbCfgProcessor - cfg.xml document did not define namespaces; wrapping in custom event reader to introduce namespace information
[DEBUG] 2021-03-30 19:33:24.545 [http-nio-8080-exec-3] ServiceBinding - Overriding existing service binding [org.hibernate.secure.spi.JaccService]
[DEBUG] 2021-03-30 19:33:24.622 [http-nio-8080-exec-3] RegionFactoryInitiator - Cannot default RegionFactory based on registered strategies as `[]` RegionFactory strategies were registered
[DEBUG] 2021-03-30 19:33:24.623 [http-nio-8080-exec-3] RegionFactoryInitiator - Cache region factory : org.hibernate.cache.internal.NoCachingRegionFactory
[INFO ] 2021-03-30 19:33:24.670 [http-nio-8080-exec-3] Version - HCANN000001: Hibernate Commons Annotations {5.1.0.Final}
[DEBUG] 2021-03-30 19:33:24.737 [http-nio-8080-exec-3] BasicTypeRegistry - Adding type registration boolean -> org.hibernate.type.BooleanType@429c82a6
[DEBUG] 2021-03-30 19:33:24.738 [http-nio-8080-exec-3] BasicTypeRegistry - Adding type registration boolean -> org.hibernate.type.BooleanType@429c82a6
[DEBUG] 2021-03-30 19:33:24.738 [http-nio-8080-exec-3] BasicTypeRegistry - Adding type registration java.lang.Boolean -> org.hibernate.type.BooleanType@429c82a6
[DEBUG] 2021-03-30 19:33:24.739 [http-nio-8080-exec-3] BasicTypeRegistry - Adding type registration numeric_boolean -> org.hibernate.type.NumericBooleanType@7cbccd25
[DEBUG] 2021-03-30 19:33:24.739 [http-nio-8080-exec-3] BasicTypeRegistry - Adding type registration true_false -> org.hibernate.type.TrueFalseType@7ac2f7a2
[DEBUG] 2021-03-30 19:33:24.739 [http-nio-8080-exec-3] BasicTypeRegistry - Adding type registration yes_no -> org.hibernate.type.YesNoType@5be4d01b
[DEBUG] 2021-03-30 19:33:24.740 [http-nio-8080-exec-3] BasicTypeRegistry - Adding type registration byte -> org.hibernate.type.ByteType@7f343103
[DEBUG] 2021-03-30 19:33:24.740 [http-nio-8080-exec-3] BasicTypeRegistry - Adding type registration byte -> org.hibernate.type.ByteType@7f343103
[DEBUG] 2021-03-30 19:33:24.742 [http-nio-8080-exec-3] BasicTypeRegistry - Adding type registration java.lang.Byte -> org.hibernate.type.ByteType@7f343103
[DEBUG] 2021-03-30 19:33:24.742 [http-nio-8080-exec-3] BasicTypeRegistry - Adding type registration character -> org.hibernate.type.CharacterType@7c8483f3
[DEBUG] 2021-03-30 19:33:24.745 [http-nio-8080-exec-3] BasicTypeRegistry - Adding type registration char -> org.hibernate.type.CharacterType@7c8483f3
[DEBUG] 2021-03-30 19:33:24.745 [http-nio-8080-exec-3] BasicTypeRegistry - Adding type registration java.lang.Character -> org.hibernate.type.CharacterType@7c8483f3
[DEBUG] 2021-03-30 19:33:24.746 [http-nio-8080-exec-3] BasicTypeRegistry - Adding type registration short -> org.hibernate.type.ShortType@2324ccf0
[DEBUG] 2021-03-30 19:33:24.746 [http-nio-8080-exec-3] BasicTypeRegistry - Adding type registration short -> org.hibernate.type.ShortType@2324ccf0
[DEBUG] 2021-03-30 19:33:24.746 [http-nio-8080-exec-3] BasicTypeRegistry - Adding type registration java.lang.Short -> org.hibernate.type.ShortType@2324ccf0
[DEBUG] 2021-03-30 19:33:24.747 [http-nio-8080-exec-3] BasicTypeRegistry - Adding type registration integer -> org.hibernate.type.IntegerType@a20fd36
[DEBUG] 2021-03-30 19:33:24.747 [http-nio-8080-exec-3] BasicTypeRegistry - Adding type registration int -> org.hibernate.type.IntegerType@a20fd36
[DEBUG] 2021-03-30 19:33:24.747 [http-nio-8080-exec-3] BasicTypeRegistry - Adding type registration java.lang.Integer -> org.hibernate.type.IntegerType@a20fd36
[DEBUG] 2021-03-30 19:33:24.748 [http-nio-8080-exec-3] BasicTypeRegistry - Adding type registration long -> org.hibernate.type.LongType@5e67e9c8
[DEBUG] 2021-03-30 19:33:24.750 [http-nio-8080-exec-3] BasicTypeRegistry - Adding type registration long -> org.hibernate.type.LongType@5e67e9c8
[DEBUG] 2021-03-30 19:33:24.750 [http-nio-8080-exec-3] BasicTypeRegistry - Adding type registration java.lang.Long -> org.hibernate.type.LongType@5e67e9c8
[DEBUG] 2021-03-30 19:33:24.751 [http-nio-8080-exec-3] BasicTypeRegistry - Adding type registration float -> org.hibernate.type.FloatType@68cbafbb
[DEBUG] 2021-03-30 19:33:24.751 [http-nio-8080-exec-3] BasicTypeRegistry - Adding type registration float -> org.hibernate.type.FloatType@68cbafbb
[DEBUG] 2021-03-30 19:33:24.751 [http-nio-8080-exec-3] BasicTypeRegistry - Adding type registration java.lang.Float -> org.hibernate.type.FloatType@68cbafbb
[DEBUG] 2021-03-30 19:33:24.753 [http-nio-8080-exec-3] BasicTypeRegistry - Adding type registration double -> org.hibernate.type.DoubleType@69f55f77
[DEBUG] 2021-03-30 19:33:24.753 [http-nio-8080-exec-3] BasicTypeRegistry - Adding type registration double -> org.hibernate.type.DoubleType@69f55f77
[DEBUG] 2021-03-30 19:33:24.753 [http-nio-8080-exec-3] BasicTypeRegistry - Adding type registration java.lang.Double -> org.hibernate.type.DoubleType@69f55f77
[DEBUG] 2021-03-30 19:33:24.754 [http-nio-8080-exec-3] BasicTypeRegistry - Adding type registration big_decimal -> org.hibernate.type.BigDecimalType@62676527
[DEBUG] 2021-03-30 19:33:24.754 [http-nio-8080-exec-3] BasicTypeRegistry - Adding type registration java.math.BigDecimal -> org.hibernate.type.BigDecimalType@62676527
[DEBUG] 2021-03-30 19:33:24.758 [http-nio-8080-exec-3] BasicTypeRegistry - Adding type registration big_integer -> org.hibernate.type.BigIntegerType@5e07f6db
[DEBUG] 2021-03-30 19:33:24.758 [http-nio-8080-exec-3] BasicTypeRegistry - Adding type registration java.math.BigInteger -> org.hibernate.type.BigIntegerType@5e07f6db
[DEBUG] 2021-03-30 19:33:24.759 [http-nio-8080-exec-3] BasicTypeRegistry - Adding type registration string -> org.hibernate.type.StringType@33cbd7fb
[DEBUG] 2021-03-30 19:33:24.759 [http-nio-8080-exec-3] BasicTypeRegistry - Adding type registration java.lang.String -> org.hibernate.type.StringType@33cbd7fb
[DEBUG] 2021-03-30 19:33:24.760 [http-nio-8080-exec-3] BasicTypeRegistry - Adding type registration nstring -> org.hibernate.type.StringNVarcharType@2e983a19
[DEBUG] 2021-03-30 19:33:24.760 [http-nio-8080-exec-3] BasicTypeRegistry - Adding type registration ncharacter -> org.hibernate.type.CharacterNCharType@2ff1a8
[DEBUG] 2021-03-30 19:33:24.761 [http-nio-8080-exec-3] BasicTypeRegistry - Adding type registration url -> org.hibernate.type.UrlType@1bf11b4b
[DEBUG] 2021-03-30 19:33:24.761 [http-nio-8080-exec-3] BasicTypeRegistry - Adding type registration java.net.URL -> org.hibernate.type.UrlType@1bf11b4b
[DEBUG] 2021-03-30 19:33:24.761 [http-nio-8080-exec-3] BasicTypeRegistry - Adding type registration Duration -> org.hibernate.type.DurationType@69f1e32d
[DEBUG] 2021-03-30 19:33:24.762 [http-nio-8080-exec-3] BasicTypeRegistry - Adding type registration java.time.Duration -> org.hibernate.type.DurationType@69f1e32d
[DEBUG] 2021-03-30 19:33:24.768 [http-nio-8080-exec-3] BasicTypeRegistry - Adding type registration Instant -> org.hibernate.type.InstantType@6db9220b
[DEBUG] 2021-03-30 19:33:24.768 [http-nio-8080-exec-3] BasicTypeRegistry - Adding type registration java.time.Instant -> org.hibernate.type.InstantType@6db9220b
[DEBUG] 2021-03-30 19:33:24.769 [http-nio-8080-exec-3] BasicTypeRegistry - Adding type registration LocalDateTime -> org.hibernate.type.LocalDateTimeType@32f52c09
[DEBUG] 2021-03-30 19:33:24.769 [http-nio-8080-exec-3] BasicTypeRegistry - Adding type registration java.time.LocalDateTime -> org.hibernate.type.LocalDateTimeType@32f52c09
[DEBUG] 2021-03-30 19:33:24.769 [http-nio-8080-exec-3] BasicTypeRegistry - Adding type registration LocalDate -> org.hibernate.type.LocalDateType@37a7114c
[DEBUG] 2021-03-30 19:33:24.769 [http-nio-8080-exec-3] BasicTypeRegistry - Adding type registration java.time.LocalDate -> org.hibernate.type.LocalDateType@37a7114c
[DEBUG] 2021-03-30 19:33:24.773 [http-nio-8080-exec-3] BasicTypeRegistry - Adding type registration LocalTime -> org.hibernate.type.LocalTimeType@40fda833
[DEBUG] 2021-03-30 19:33:24.773 [http-nio-8080-exec-3] BasicTypeRegistry - Adding type registration java.time.LocalTime -> org.hibernate.type.LocalTimeType@40fda833
[DEBUG] 2021-03-30 19:33:24.784 [http-nio-8080-exec-3] BasicTypeRegistry - Adding type registration OffsetDateTime -> org.hibernate.type.OffsetDateTimeType@f7a11e5
[DEBUG] 2021-03-30 19:33:24.784 [http-nio-8080-exec-3] BasicTypeRegistry - Adding type registration java.time.OffsetDateTime -> org.hibernate.type.OffsetDateTimeType@f7a11e5
[DEBUG] 2021-03-30 19:33:24.785 [http-nio-8080-exec-3] BasicTypeRegistry - Adding type registration OffsetTime -> org.hibernate.type.OffsetTimeType@66601382
[DEBUG] 2021-03-30 19:33:24.785 [http-nio-8080-exec-3] BasicTypeRegistry - Adding type registration java.time.OffsetTime -> org.hibernate.type.OffsetTimeType@66601382
[DEBUG] 2021-03-30 19:33:24.790 [http-nio-8080-exec-3] BasicTypeRegistry - Adding type registration ZonedDateTime -> org.hibernate.type.ZonedDateTimeType@19cc158f
[DEBUG] 2021-03-30 19:33:24.791 [http-nio-8080-exec-3] BasicTypeRegistry - Adding type registration java.time.ZonedDateTime -> org.hibernate.type.ZonedDateTimeType@19cc158f
[DEBUG] 2021-03-30 19:33:24.793 [http-nio-8080-exec-3] BasicTypeRegistry - Adding type registration date -> org.hibernate.type.DateType@5e12a1f1
[DEBUG] 2021-03-30 19:33:24.794 [http-nio-8080-exec-3] BasicTypeRegistry - Adding type registration java.sql.Date -> org.hibernate.type.DateType@5e12a1f1
[DEBUG] 2021-03-30 19:33:24.795 [http-nio-8080-exec-3] BasicTypeRegistry - Adding type registration time -> org.hibernate.type.TimeType@1d6e4101
[DEBUG] 2021-03-30 19:33:24.795 [http-nio-8080-exec-3] BasicTypeRegistry - Adding type registration java.sql.Time -> org.hibernate.type.TimeType@1d6e4101
[DEBUG] 2021-03-30 19:33:24.800 [http-nio-8080-exec-3] BasicTypeRegistry - Adding type registration timestamp -> org.hibernate.type.TimestampType@39b4d3f9
[DEBUG] 2021-03-30 19:33:24.800 [http-nio-8080-exec-3] BasicTypeRegistry - Adding type registration java.sql.Timestamp -> org.hibernate.type.TimestampType@39b4d3f9
[DEBUG] 2021-03-30 19:33:24.803 [http-nio-8080-exec-3] BasicTypeRegistry - Adding type registration java.util.Date -> org.hibernate.type.TimestampType@39b4d3f9
[DEBUG] 2021-03-30 19:33:24.806 [http-nio-8080-exec-3] BasicTypeRegistry - Adding type registration dbtimestamp -> org.hibernate.type.DbTimestampType@5ae408f7
[DEBUG] 2021-03-30 19:33:24.809 [http-nio-8080-exec-3] BasicTypeRegistry - Adding type registration calendar -> org.hibernate.type.CalendarType@1ed83638
[DEBUG] 2021-03-30 19:33:24.810 [http-nio-8080-exec-3] BasicTypeRegistry - Adding type registration java.util.Calendar -> org.hibernate.type.CalendarType@1ed83638
[DEBUG] 2021-03-30 19:33:24.815 [http-nio-8080-exec-3] BasicTypeRegistry - Adding type registration java.util.GregorianCalendar -> org.hibernate.type.CalendarType@1ed83638
[DEBUG] 2021-03-30 19:33:24.821 [http-nio-8080-exec-3] BasicTypeRegistry - Adding type registration calendar_date -> org.hibernate.type.CalendarDateType@8ca2794
[DEBUG] 2021-03-30 19:33:24.822 [http-nio-8080-exec-3] BasicTypeRegistry - Adding type registration locale -> org.hibernate.type.LocaleType@40d58120
[DEBUG] 2021-03-30 19:33:24.822 [http-nio-8080-exec-3] BasicTypeRegistry - Adding type registration java.util.Locale -> org.hibernate.type.LocaleType@40d58120
[DEBUG] 2021-03-30 19:33:24.823 [http-nio-8080-exec-3] BasicTypeRegistry - Adding type registration currency -> org.hibernate.type.CurrencyType@322ff2b7
[DEBUG] 2021-03-30 19:33:24.823 [http-nio-8080-exec-3] BasicTypeRegistry - Adding type registration java.util.Currency -> org.hibernate.type.CurrencyType@322ff2b7
[DEBUG] 2021-03-30 19:33:24.823 [http-nio-8080-exec-3] BasicTypeRegistry - Adding type registration timezone -> org.hibernate.type.TimeZoneType@cf74494
[DEBUG] 2021-03-30 19:33:24.823 [http-nio-8080-exec-3] BasicTypeRegistry - Adding type registration java.util.TimeZone -> org.hibernate.type.TimeZoneType@cf74494
[DEBUG] 2021-03-30 19:33:24.824 [http-nio-8080-exec-3] BasicTypeRegistry - Adding type registration class -> org.hibernate.type.ClassType@481185e0
[DEBUG] 2021-03-30 19:33:24.830 [http-nio-8080-exec-3] BasicTypeRegistry - Adding type registration java.lang.Class -> org.hibernate.type.ClassType@481185e0
[DEBUG] 2021-03-30 19:33:24.832 [http-nio-8080-exec-3] BasicTypeRegistry - Adding type registration uuid-binary -> org.hibernate.type.UUIDBinaryType@7e368f94
[DEBUG] 2021-03-30 19:33:24.832 [http-nio-8080-exec-3] BasicTypeRegistry - Adding type registration java.util.UUID -> org.hibernate.type.UUIDBinaryType@7e368f94
[DEBUG] 2021-03-30 19:33:24.833 [http-nio-8080-exec-3] BasicTypeRegistry - Adding type registration uuid-char -> org.hibernate.type.UUIDCharType@4a84889d
[DEBUG] 2021-03-30 19:33:24.839 [http-nio-8080-exec-3] BasicTypeRegistry - Adding type registration binary -> org.hibernate.type.BinaryType@59cb4c25
[DEBUG] 2021-03-30 19:33:24.839 [http-nio-8080-exec-3] BasicTypeRegistry - Adding type registration byte[] -> org.hibernate.type.BinaryType@59cb4c25
[DEBUG] 2021-03-30 19:33:24.842 [http-nio-8080-exec-3] BasicTypeRegistry - Adding type registration [B -> org.hibernate.type.BinaryType@59cb4c25
[DEBUG] 2021-03-30 19:33:24.846 [http-nio-8080-exec-3] BasicTypeRegistry - Adding type registration wrapper-binary -> org.hibernate.type.WrapperBinaryType@35968b87
[DEBUG] 2021-03-30 19:33:24.846 [http-nio-8080-exec-3] BasicTypeRegistry - Adding type registration Byte[] -> org.hibernate.type.WrapperBinaryType@35968b87
[DEBUG] 2021-03-30 19:33:24.846 [http-nio-8080-exec-3] BasicTypeRegistry - Adding type registration [Ljava.lang.Byte; -> org.hibernate.type.WrapperBinaryType@35968b87
[DEBUG] 2021-03-30 19:33:24.848 [http-nio-8080-exec-3] BasicTypeRegistry - Adding type registration row_version -> org.hibernate.type.RowVersionType@4c0e17d8
[DEBUG] 2021-03-30 19:33:24.853 [http-nio-8080-exec-3] BasicTypeRegistry - Adding type registration image -> org.hibernate.type.ImageType@5200882d
[DEBUG] 2021-03-30 19:33:24.855 [http-nio-8080-exec-3] BasicTypeRegistry - Adding type registration characters -> org.hibernate.type.CharArrayType@5e14344
[DEBUG] 2021-03-30 19:33:24.855 [http-nio-8080-exec-3] BasicTypeRegistry - Adding type registration char[] -> org.hibernate.type.CharArrayType@5e14344
[DEBUG] 2021-03-30 19:33:24.855 [http-nio-8080-exec-3] BasicTypeRegistry - Adding type registration [C -> org.hibernate.type.CharArrayType@5e14344
[DEBUG] 2021-03-30 19:33:24.856 [http-nio-8080-exec-3] BasicTypeRegistry - Adding type registration wrapper-characters -> org.hibernate.type.CharacterArrayType@65333ac5
[DEBUG] 2021-03-30 19:33:24.856 [http-nio-8080-exec-3] BasicTypeRegistry - Adding type registration [Ljava.lang.Character; -> org.hibernate.type.CharacterArrayType@65333ac5
[DEBUG] 2021-03-30 19:33:24.856 [http-nio-8080-exec-3] BasicTypeRegistry - Adding type registration Character[] -> org.hibernate.type.CharacterArrayType@65333ac5
[DEBUG] 2021-03-30 19:33:24.861 [http-nio-8080-exec-3] BasicTypeRegistry - Adding type registration text -> org.hibernate.type.TextType@5b67e235
[DEBUG] 2021-03-30 19:33:24.862 [http-nio-8080-exec-3] BasicTypeRegistry - Adding type registration ntext -> org.hibernate.type.NTextType@6348c156
[DEBUG] 2021-03-30 19:33:24.865 [http-nio-8080-exec-3] BasicTypeRegistry - Adding type registration blob -> org.hibernate.type.BlobType@2813e541
[DEBUG] 2021-03-30 19:33:24.868 [http-nio-8080-exec-3] BasicTypeRegistry - Adding type registration java.sql.Blob -> org.hibernate.type.BlobType@2813e541
[DEBUG] 2021-03-30 19:33:24.870 [http-nio-8080-exec-3] BasicTypeRegistry - Adding type registration materialized_blob -> org.hibernate.type.MaterializedBlobType@7b62532b
[DEBUG] 2021-03-30 19:33:24.871 [http-nio-8080-exec-3] BasicTypeRegistry - Adding type registration clob -> org.hibernate.type.ClobType@68e9174d
[DEBUG] 2021-03-30 19:33:24.871 [http-nio-8080-exec-3] BasicTypeRegistry - Adding type registration java.sql.Clob -> org.hibernate.type.ClobType@68e9174d
[DEBUG] 2021-03-30 19:33:24.884 [http-nio-8080-exec-3] BasicTypeRegistry - Adding type registration nclob -> org.hibernate.type.NClobType@7b95ed1e
[DEBUG] 2021-03-30 19:33:24.885 [http-nio-8080-exec-3] BasicTypeRegistry - Adding type registration java.sql.NClob -> org.hibernate.type.NClobType@7b95ed1e
[DEBUG] 2021-03-30 19:33:24.887 [http-nio-8080-exec-3] BasicTypeRegistry - Adding type registration materialized_clob -> org.hibernate.type.MaterializedClobType@778d1672
[DEBUG] 2021-03-30 19:33:24.887 [http-nio-8080-exec-3] BasicTypeRegistry - Adding type registration materialized_nclob -> org.hibernate.type.MaterializedNClobType@7dd34679
[DEBUG] 2021-03-30 19:33:24.889 [http-nio-8080-exec-3] BasicTypeRegistry - Adding type registration serializable -> org.hibernate.type.SerializableType@5c6ecba
[DEBUG] 2021-03-30 19:33:24.904 [http-nio-8080-exec-3] BasicTypeRegistry - Adding type registration object -> org.hibernate.type.ObjectType@62a77773
[DEBUG] 2021-03-30 19:33:24.904 [http-nio-8080-exec-3] BasicTypeRegistry - Adding type registration java.lang.Object -> org.hibernate.type.ObjectType@62a77773
[DEBUG] 2021-03-30 19:33:24.905 [http-nio-8080-exec-3] BasicTypeRegistry - Adding type registration imm_date -> org.hibernate.type.AdaptedImmutableType@59c89358
[DEBUG] 2021-03-30 19:33:24.905 [http-nio-8080-exec-3] BasicTypeRegistry - Adding type registration imm_time -> org.hibernate.type.AdaptedImmutableType@29f709b8
[DEBUG] 2021-03-30 19:33:24.905 [http-nio-8080-exec-3] BasicTypeRegistry - Adding type registration imm_timestamp -> org.hibernate.type.AdaptedImmutableType@2d5f6172
[DEBUG] 2021-03-30 19:33:24.905 [http-nio-8080-exec-3] BasicTypeRegistry - Adding type registration imm_dbtimestamp -> org.hibernate.type.AdaptedImmutableType@463fa744
[DEBUG] 2021-03-30 19:33:24.906 [http-nio-8080-exec-3] BasicTypeRegistry - Adding type registration imm_calendar -> org.hibernate.type.AdaptedImmutableType@5b70ae88
[DEBUG] 2021-03-30 19:33:24.910 [http-nio-8080-exec-3] BasicTypeRegistry - Adding type registration imm_calendar_date -> org.hibernate.type.AdaptedImmutableType@4adbd697
[DEBUG] 2021-03-30 19:33:24.910 [http-nio-8080-exec-3] BasicTypeRegistry - Adding type registration imm_binary -> org.hibernate.type.AdaptedImmutableType@1cd97a4f
[DEBUG] 2021-03-30 19:33:24.911 [http-nio-8080-exec-3] BasicTypeRegistry - Adding type registration imm_serializable -> org.hibernate.type.AdaptedImmutableType@2767fb17
[DEBUG] 2021-03-30 19:33:25.031 [http-nio-8080-exec-3] DefaultIdentifierGeneratorFactory - Registering IdentifierGenerator strategy [uuid2] -> [org.hibernate.id.UUIDGenerator]
[DEBUG] 2021-03-30 19:33:25.037 [http-nio-8080-exec-3] DefaultIdentifierGeneratorFactory - Registering IdentifierGenerator strategy [guid] -> [org.hibernate.id.GUIDGenerator]
[DEBUG] 2021-03-30 19:33:25.038 [http-nio-8080-exec-3] DefaultIdentifierGeneratorFactory - Registering IdentifierGenerator strategy [uuid] -> [org.hibernate.id.UUIDHexGenerator]
[DEBUG] 2021-03-30 19:33:25.043 [http-nio-8080-exec-3] DefaultIdentifierGeneratorFactory - Registering IdentifierGenerator strategy [uuid.hex] -> [org.hibernate.id.UUIDHexGenerator]
[DEBUG] 2021-03-30 19:33:25.047 [http-nio-8080-exec-3] DefaultIdentifierGeneratorFactory - Registering IdentifierGenerator strategy [assigned] -> [org.hibernate.id.Assigned]
[DEBUG] 2021-03-30 19:33:25.059 [http-nio-8080-exec-3] DefaultIdentifierGeneratorFactory - Registering IdentifierGenerator strategy [identity] -> [org.hibernate.id.IdentityGenerator]
[DEBUG] 2021-03-30 19:33:25.059 [http-nio-8080-exec-3] DefaultIdentifierGeneratorFactory - Registering IdentifierGenerator strategy [select] -> [org.hibernate.id.SelectGenerator]
[DEBUG] 2021-03-30 19:33:25.064 [http-nio-8080-exec-3] DefaultIdentifierGeneratorFactory - Registering IdentifierGenerator strategy [sequence] -> [org.hibernate.id.enhanced.SequenceStyleGenerator]
[DEBUG] 2021-03-30 19:33:25.069 [http-nio-8080-exec-3] DefaultIdentifierGeneratorFactory - Registering IdentifierGenerator strategy [seqhilo] -> [org.hibernate.id.SequenceHiLoGenerator]
[DEBUG] 2021-03-30 19:33:25.069 [http-nio-8080-exec-3] DefaultIdentifierGeneratorFactory - Registering IdentifierGenerator strategy [increment] -> [org.hibernate.id.IncrementGenerator]
[DEBUG] 2021-03-30 19:33:25.079 [http-nio-8080-exec-3] DefaultIdentifierGeneratorFactory - Registering IdentifierGenerator strategy [foreign] -> [org.hibernate.id.ForeignGenerator]
[DEBUG] 2021-03-30 19:33:25.081 [http-nio-8080-exec-3] DefaultIdentifierGeneratorFactory - Registering IdentifierGenerator strategy [sequence-identity] -> [org.hibernate.id.SequenceIdentityGenerator]
[DEBUG] 2021-03-30 19:33:25.090 [http-nio-8080-exec-3] DefaultIdentifierGeneratorFactory - Registering IdentifierGenerator strategy [enhanced-sequence] -> [org.hibernate.id.enhanced.SequenceStyleGenerator]
[DEBUG] 2021-03-30 19:33:25.091 [http-nio-8080-exec-3] DefaultIdentifierGeneratorFactory - Registering IdentifierGenerator strategy [enhanced-table] -> [org.hibernate.id.enhanced.TableGenerator]
[INFO ] 2021-03-30 19:33:25.105 [http-nio-8080-exec-3] C3P0ConnectionProvider - HHH010002: C3P0 using driver: com.mysql.cj.jdbc.Driver at URL: jdbc:mysql://localhost:3306/budget_tracker
[INFO ] 2021-03-30 19:33:25.105 [http-nio-8080-exec-3] C3P0ConnectionProvider - HHH10001001: Connection properties: {password=****, user=root}
[INFO ] 2021-03-30 19:33:25.105 [http-nio-8080-exec-3] C3P0ConnectionProvider - HHH10001003: Autocommit mode: false
[INFO ] 2021-03-30 19:33:25.966 [http-nio-8080-exec-3] C3P0ConnectionProvider - HHH10001007: JDBC isolation level: <unknown>
[WARN ] 2021-03-30 19:33:57.467 [http-nio-8080-exec-3] JdbcEnvironmentInitiator - HHH000342: Could not obtain connection to query metadata : Connections could not be acquired from the underlying database!
