[DEBUG] 2021-03-31 20:24:28.181 [http-nio-8080-exec-5] IntegratorServiceImpl - Adding Integrator [org.hibernate.cfg.beanvalidation.BeanValidationIntegrator].
[DEBUG] 2021-03-31 20:24:28.194 [http-nio-8080-exec-5] IntegratorServiceImpl - Adding Integrator [org.hibernate.secure.spi.JaccIntegrator].
[DEBUG] 2021-03-31 20:24:28.202 [http-nio-8080-exec-5] IntegratorServiceImpl - Adding Integrator [org.hibernate.cache.internal.CollectionCacheInvalidator].
[INFO ] 2021-03-31 20:24:28.346 [http-nio-8080-exec-5] Version - HHH000412: Hibernate Core {5.4.4.Final}
[DEBUG] 2021-03-31 20:24:28.352 [http-nio-8080-exec-5] Environment - HHH000206: hibernate.properties not found
[DEBUG] 2021-03-31 20:24:28.581 [http-nio-8080-exec-5] LocalXmlResourceResolver - Interpreting public/system identifier : [-//Hibernate/Hibernate Configuration DTD//EN] - [http://www.hibernate.org/dtd/hibernate-configuration-3.0.dtd]
[DEBUG] 2021-03-31 20:24:28.581 [http-nio-8080-exec-5] LocalXmlResourceResolver - Recognized hibernate-configuration identifier; attempting to resolve on classpath under org/hibernate/
[DEBUG] 2021-03-31 20:24:28.619 [http-nio-8080-exec-5] JaxbCfgProcessor - cfg.xml document did not define namespaces; wrapping in custom event reader to introduce namespace information
[DEBUG] 2021-03-31 20:24:29.113 [http-nio-8080-exec-5] ServiceBinding - Overriding existing service binding [org.hibernate.secure.spi.JaccService]
[DEBUG] 2021-03-31 20:24:29.148 [http-nio-8080-exec-5] RegionFactoryInitiator - Cannot default RegionFactory based on registered strategies as `[]` RegionFactory strategies were registered
[DEBUG] 2021-03-31 20:24:29.150 [http-nio-8080-exec-5] RegionFactoryInitiator - Cache region factory : org.hibernate.cache.internal.NoCachingRegionFactory
[INFO ] 2021-03-31 20:24:29.191 [http-nio-8080-exec-5] Version - HCANN000001: Hibernate Commons Annotations {5.1.0.Final}
[DEBUG] 2021-03-31 20:24:29.255 [http-nio-8080-exec-5] BasicTypeRegistry - Adding type registration boolean -> org.hibernate.type.BooleanType@18e2a124
[DEBUG] 2021-03-31 20:24:29.257 [http-nio-8080-exec-5] BasicTypeRegistry - Adding type registration boolean -> org.hibernate.type.BooleanType@18e2a124
[DEBUG] 2021-03-31 20:24:29.257 [http-nio-8080-exec-5] BasicTypeRegistry - Adding type registration java.lang.Boolean -> org.hibernate.type.BooleanType@18e2a124
[DEBUG] 2021-03-31 20:24:29.258 [http-nio-8080-exec-5] BasicTypeRegistry - Adding type registration numeric_boolean -> org.hibernate.type.NumericBooleanType@28183c06
[DEBUG] 2021-03-31 20:24:29.258 [http-nio-8080-exec-5] BasicTypeRegistry - Adding type registration true_false -> org.hibernate.type.TrueFalseType@752ce951
[DEBUG] 2021-03-31 20:24:29.258 [http-nio-8080-exec-5] BasicTypeRegistry - Adding type registration yes_no -> org.hibernate.type.YesNoType@5cf13fea
[DEBUG] 2021-03-31 20:24:29.259 [http-nio-8080-exec-5] BasicTypeRegistry - Adding type registration byte -> org.hibernate.type.ByteType@1122f9ce
[DEBUG] 2021-03-31 20:24:29.259 [http-nio-8080-exec-5] BasicTypeRegistry - Adding type registration byte -> org.hibernate.type.ByteType@1122f9ce
[DEBUG] 2021-03-31 20:24:29.259 [http-nio-8080-exec-5] BasicTypeRegistry - Adding type registration java.lang.Byte -> org.hibernate.type.ByteType@1122f9ce
[DEBUG] 2021-03-31 20:24:29.265 [http-nio-8080-exec-5] BasicTypeRegistry - Adding type registration character -> org.hibernate.type.CharacterType@19cc26f7
[DEBUG] 2021-03-31 20:24:29.266 [http-nio-8080-exec-5] BasicTypeRegistry - Adding type registration char -> org.hibernate.type.CharacterType@19cc26f7
[DEBUG] 2021-03-31 20:24:29.266 [http-nio-8080-exec-5] BasicTypeRegistry - Adding type registration java.lang.Character -> org.hibernate.type.CharacterType@19cc26f7
[DEBUG] 2021-03-31 20:24:29.269 [http-nio-8080-exec-5] BasicTypeRegistry - Adding type registration short -> org.hibernate.type.ShortType@52901c06
[DEBUG] 2021-03-31 20:24:29.270 [http-nio-8080-exec-5] BasicTypeRegistry - Adding type registration short -> org.hibernate.type.ShortType@52901c06
[DEBUG] 2021-03-31 20:24:29.270 [http-nio-8080-exec-5] BasicTypeRegistry - Adding type registration java.lang.Short -> org.hibernate.type.ShortType@52901c06
[DEBUG] 2021-03-31 20:24:29.271 [http-nio-8080-exec-5] BasicTypeRegistry - Adding type registration integer -> org.hibernate.type.IntegerType@595477a1
[DEBUG] 2021-03-31 20:24:29.271 [http-nio-8080-exec-5] BasicTypeRegistry - Adding type registration int -> org.hibernate.type.IntegerType@595477a1
[DEBUG] 2021-03-31 20:24:29.271 [http-nio-8080-exec-5] BasicTypeRegistry - Adding type registration java.lang.Integer -> org.hibernate.type.IntegerType@595477a1
[DEBUG] 2021-03-31 20:24:29.272 [http-nio-8080-exec-5] BasicTypeRegistry - Adding type registration long -> org.hibernate.type.LongType@2ca2a684
[DEBUG] 2021-03-31 20:24:29.272 [http-nio-8080-exec-5] BasicTypeRegistry - Adding type registration long -> org.hibernate.type.LongType@2ca2a684
[DEBUG] 2021-03-31 20:24:29.272 [http-nio-8080-exec-5] BasicTypeRegistry - Adding type registration java.lang.Long -> org.hibernate.type.LongType@2ca2a684
[DEBUG] 2021-03-31 20:24:29.273 [http-nio-8080-exec-5] BasicTypeRegistry - Adding type registration float -> org.hibernate.type.FloatType@101280c1
[DEBUG] 2021-03-31 20:24:29.273 [http-nio-8080-exec-5] BasicTypeRegistry - Adding type registration float -> org.hibernate.type.FloatType@101280c1
[DEBUG] 2021-03-31 20:24:29.273 [http-nio-8080-exec-5] BasicTypeRegistry - Adding type registration java.lang.Float -> org.hibernate.type.FloatType@101280c1
[DEBUG] 2021-03-31 20:24:29.274 [http-nio-8080-exec-5] BasicTypeRegistry - Adding type registration double -> org.hibernate.type.DoubleType@4b9cb6d4
[DEBUG] 2021-03-31 20:24:29.274 [http-nio-8080-exec-5] BasicTypeRegistry - Adding type registration double -> org.hibernate.type.DoubleType@4b9cb6d4
[DEBUG] 2021-03-31 20:24:29.277 [http-nio-8080-exec-5] BasicTypeRegistry - Adding type registration java.lang.Double -> org.hibernate.type.DoubleType@4b9cb6d4
[DEBUG] 2021-03-31 20:24:29.278 [http-nio-8080-exec-5] BasicTypeRegistry - Adding type registration big_decimal -> org.hibernate.type.BigDecimalType@722cb9d8
[DEBUG] 2021-03-31 20:24:29.278 [http-nio-8080-exec-5] BasicTypeRegistry - Adding type registration java.math.BigDecimal -> org.hibernate.type.BigDecimalType@722cb9d8
[DEBUG] 2021-03-31 20:24:29.279 [http-nio-8080-exec-5] BasicTypeRegistry - Adding type registration big_integer -> org.hibernate.type.BigIntegerType@b8cf313
[DEBUG] 2021-03-31 20:24:29.279 [http-nio-8080-exec-5] BasicTypeRegistry - Adding type registration java.math.BigInteger -> org.hibernate.type.BigIntegerType@b8cf313
[DEBUG] 2021-03-31 20:24:29.282 [http-nio-8080-exec-5] BasicTypeRegistry - Adding type registration string -> org.hibernate.type.StringType@535071
[DEBUG] 2021-03-31 20:24:29.282 [http-nio-8080-exec-5] BasicTypeRegistry - Adding type registration java.lang.String -> org.hibernate.type.StringType@535071
[DEBUG] 2021-03-31 20:24:29.282 [http-nio-8080-exec-5] BasicTypeRegistry - Adding type registration nstring -> org.hibernate.type.StringNVarcharType@3981a889
[DEBUG] 2021-03-31 20:24:29.283 [http-nio-8080-exec-5] BasicTypeRegistry - Adding type registration ncharacter -> org.hibernate.type.CharacterNCharType@4bb158d
[DEBUG] 2021-03-31 20:24:29.283 [http-nio-8080-exec-5] BasicTypeRegistry - Adding type registration url -> org.hibernate.type.UrlType@56cc39f8
[DEBUG] 2021-03-31 20:24:29.284 [http-nio-8080-exec-5] BasicTypeRegistry - Adding type registration java.net.URL -> org.hibernate.type.UrlType@56cc39f8
[DEBUG] 2021-03-31 20:24:29.284 [http-nio-8080-exec-5] BasicTypeRegistry - Adding type registration Duration -> org.hibernate.type.DurationType@6a84a8cb
[DEBUG] 2021-03-31 20:24:29.287 [http-nio-8080-exec-5] BasicTypeRegistry - Adding type registration java.time.Duration -> org.hibernate.type.DurationType@6a84a8cb
[DEBUG] 2021-03-31 20:24:29.297 [http-nio-8080-exec-5] BasicTypeRegistry - Adding type registration Instant -> org.hibernate.type.InstantType@4405d1ca
[DEBUG] 2021-03-31 20:24:29.297 [http-nio-8080-exec-5] BasicTypeRegistry - Adding type registration java.time.Instant -> org.hibernate.type.InstantType@4405d1ca
[DEBUG] 2021-03-31 20:24:29.299 [http-nio-8080-exec-5] BasicTypeRegistry - Adding type registration LocalDateTime -> org.hibernate.type.LocalDateTimeType@10d49c43
[DEBUG] 2021-03-31 20:24:29.299 [http-nio-8080-exec-5] BasicTypeRegistry - Adding type registration java.time.LocalDateTime -> org.hibernate.type.LocalDateTimeType@10d49c43
[DEBUG] 2021-03-31 20:24:29.303 [http-nio-8080-exec-5] BasicTypeRegistry - Adding type registration LocalDate -> org.hibernate.type.LocalDateType@2161256c
[DEBUG] 2021-03-31 20:24:29.303 [http-nio-8080-exec-5] BasicTypeRegistry - Adding type registration java.time.LocalDate -> org.hibernate.type.LocalDateType@2161256c
[DEBUG] 2021-03-31 20:24:29.305 [http-nio-8080-exec-5] BasicTypeRegistry - Adding type registration LocalTime -> org.hibernate.type.LocalTimeType@2a8b5c1a
[DEBUG] 2021-03-31 20:24:29.305 [http-nio-8080-exec-5] BasicTypeRegistry - Adding type registration java.time.LocalTime -> org.hibernate.type.LocalTimeType@2a8b5c1a
[DEBUG] 2021-03-31 20:24:29.306 [http-nio-8080-exec-5] BasicTypeRegistry - Adding type registration OffsetDateTime -> org.hibernate.type.OffsetDateTimeType@33f4e1b5
[DEBUG] 2021-03-31 20:24:29.306 [http-nio-8080-exec-5] BasicTypeRegistry - Adding type registration java.time.OffsetDateTime -> org.hibernate.type.OffsetDateTimeType@33f4e1b5
[DEBUG] 2021-03-31 20:24:29.307 [http-nio-8080-exec-5] BasicTypeRegistry - Adding type registration OffsetTime -> org.hibernate.type.OffsetTimeType@5d93bf40
[DEBUG] 2021-03-31 20:24:29.308 [http-nio-8080-exec-5] BasicTypeRegistry - Adding type registration java.time.OffsetTime -> org.hibernate.type.OffsetTimeType@5d93bf40
[DEBUG] 2021-03-31 20:24:29.311 [http-nio-8080-exec-5] BasicTypeRegistry - Adding type registration ZonedDateTime -> org.hibernate.type.ZonedDateTimeType@7f3a9671
[DEBUG] 2021-03-31 20:24:29.311 [http-nio-8080-exec-5] BasicTypeRegistry - Adding type registration java.time.ZonedDateTime -> org.hibernate.type.ZonedDateTimeType@7f3a9671
[DEBUG] 2021-03-31 20:24:29.314 [http-nio-8080-exec-5] BasicTypeRegistry - Adding type registration date -> org.hibernate.type.DateType@fd9baa6
[DEBUG] 2021-03-31 20:24:29.314 [http-nio-8080-exec-5] BasicTypeRegistry - Adding type registration java.sql.Date -> org.hibernate.type.DateType@fd9baa6
[DEBUG] 2021-03-31 20:24:29.315 [http-nio-8080-exec-5] BasicTypeRegistry - Adding type registration time -> org.hibernate.type.TimeType@7e7db662
[DEBUG] 2021-03-31 20:24:29.315 [http-nio-8080-exec-5] BasicTypeRegistry - Adding type registration java.sql.Time -> org.hibernate.type.TimeType@7e7db662
[DEBUG] 2021-03-31 20:24:29.317 [http-nio-8080-exec-5] BasicTypeRegistry - Adding type registration timestamp -> org.hibernate.type.TimestampType@302365b5
[DEBUG] 2021-03-31 20:24:29.317 [http-nio-8080-exec-5] BasicTypeRegistry - Adding type registration java.sql.Timestamp -> org.hibernate.type.TimestampType@302365b5
[DEBUG] 2021-03-31 20:24:29.317 [http-nio-8080-exec-5] BasicTypeRegistry - Adding type registration java.util.Date -> org.hibernate.type.TimestampType@302365b5
[DEBUG] 2021-03-31 20:24:29.321 [http-nio-8080-exec-5] BasicTypeRegistry - Adding type registration dbtimestamp -> org.hibernate.type.DbTimestampType@3f0f0b08
[DEBUG] 2021-03-31 20:24:29.322 [http-nio-8080-exec-5] BasicTypeRegistry - Adding type registration calendar -> org.hibernate.type.CalendarType@df022e
[DEBUG] 2021-03-31 20:24:29.322 [http-nio-8080-exec-5] BasicTypeRegistry - Adding type registration java.util.Calendar -> org.hibernate.type.CalendarType@df022e
[DEBUG] 2021-03-31 20:24:29.322 [http-nio-8080-exec-5] BasicTypeRegistry - Adding type registration java.util.GregorianCalendar -> org.hibernate.type.CalendarType@df022e
[DEBUG] 2021-03-31 20:24:29.323 [http-nio-8080-exec-5] BasicTypeRegistry - Adding type registration calendar_date -> org.hibernate.type.CalendarDateType@31f2acd1
[DEBUG] 2021-03-31 20:24:29.323 [http-nio-8080-exec-5] BasicTypeRegistry - Adding type registration locale -> org.hibernate.type.LocaleType@44a2ad51
[DEBUG] 2021-03-31 20:24:29.323 [http-nio-8080-exec-5] BasicTypeRegistry - Adding type registration java.util.Locale -> org.hibernate.type.LocaleType@44a2ad51
[DEBUG] 2021-03-31 20:24:29.324 [http-nio-8080-exec-5] BasicTypeRegistry - Adding type registration currency -> org.hibernate.type.CurrencyType@245ec1f5
[DEBUG] 2021-03-31 20:24:29.324 [http-nio-8080-exec-5] BasicTypeRegistry - Adding type registration java.util.Currency -> org.hibernate.type.CurrencyType@245ec1f5
[DEBUG] 2021-03-31 20:24:29.325 [http-nio-8080-exec-5] BasicTypeRegistry - Adding type registration timezone -> org.hibernate.type.TimeZoneType@376123f1
[DEBUG] 2021-03-31 20:24:29.330 [http-nio-8080-exec-5] BasicTypeRegistry - Adding type registration java.util.TimeZone -> org.hibernate.type.TimeZoneType@376123f1
[DEBUG] 2021-03-31 20:24:29.332 [http-nio-8080-exec-5] BasicTypeRegistry - Adding type registration class -> org.hibernate.type.ClassType@14a83619
[DEBUG] 2021-03-31 20:24:29.332 [http-nio-8080-exec-5] BasicTypeRegistry - Adding type registration java.lang.Class -> org.hibernate.type.ClassType@14a83619
[DEBUG] 2021-03-31 20:24:29.333 [http-nio-8080-exec-5] BasicTypeRegistry - Adding type registration uuid-binary -> org.hibernate.type.UUIDBinaryType@4fb2e55e
[DEBUG] 2021-03-31 20:24:29.333 [http-nio-8080-exec-5] BasicTypeRegistry - Adding type registration java.util.UUID -> org.hibernate.type.UUIDBinaryType@4fb2e55e
[DEBUG] 2021-03-31 20:24:29.333 [http-nio-8080-exec-5] BasicTypeRegistry - Adding type registration uuid-char -> org.hibernate.type.UUIDCharType@11793fc0
[DEBUG] 2021-03-31 20:24:29.334 [http-nio-8080-exec-5] BasicTypeRegistry - Adding type registration binary -> org.hibernate.type.BinaryType@7a75a5fb
[DEBUG] 2021-03-31 20:24:29.334 [http-nio-8080-exec-5] BasicTypeRegistry - Adding type registration byte[] -> org.hibernate.type.BinaryType@7a75a5fb
[DEBUG] 2021-03-31 20:24:29.334 [http-nio-8080-exec-5] BasicTypeRegistry - Adding type registration [B -> org.hibernate.type.BinaryType@7a75a5fb
[DEBUG] 2021-03-31 20:24:29.335 [http-nio-8080-exec-5] BasicTypeRegistry - Adding type registration wrapper-binary -> org.hibernate.type.WrapperBinaryType@73637be9
[DEBUG] 2021-03-31 20:24:29.335 [http-nio-8080-exec-5] BasicTypeRegistry - Adding type registration Byte[] -> org.hibernate.type.WrapperBinaryType@73637be9
[DEBUG] 2021-03-31 20:24:29.335 [http-nio-8080-exec-5] BasicTypeRegistry - Adding type registration [Ljava.lang.Byte; -> org.hibernate.type.WrapperBinaryType@73637be9
[DEBUG] 2021-03-31 20:24:29.335 [http-nio-8080-exec-5] BasicTypeRegistry - Adding type registration row_version -> org.hibernate.type.RowVersionType@5711b6fb
[DEBUG] 2021-03-31 20:24:29.336 [http-nio-8080-exec-5] BasicTypeRegistry - Adding type registration image -> org.hibernate.type.ImageType@27077bdc
[DEBUG] 2021-03-31 20:24:29.339 [http-nio-8080-exec-5] BasicTypeRegistry - Adding type registration characters -> org.hibernate.type.CharArrayType@7c4077d7
[DEBUG] 2021-03-31 20:24:29.339 [http-nio-8080-exec-5] BasicTypeRegistry - Adding type registration char[] -> org.hibernate.type.CharArrayType@7c4077d7
[DEBUG] 2021-03-31 20:24:29.339 [http-nio-8080-exec-5] BasicTypeRegistry - Adding type registration [C -> org.hibernate.type.CharArrayType@7c4077d7
[DEBUG] 2021-03-31 20:24:29.343 [http-nio-8080-exec-5] BasicTypeRegistry - Adding type registration wrapper-characters -> org.hibernate.type.CharacterArrayType@ee91ef5
[DEBUG] 2021-03-31 20:24:29.343 [http-nio-8080-exec-5] BasicTypeRegistry - Adding type registration [Ljava.lang.Character; -> org.hibernate.type.CharacterArrayType@ee91ef5
[DEBUG] 2021-03-31 20:24:29.343 [http-nio-8080-exec-5] BasicTypeRegistry - Adding type registration Character[] -> org.hibernate.type.CharacterArrayType@ee91ef5
[DEBUG] 2021-03-31 20:24:29.344 [http-nio-8080-exec-5] BasicTypeRegistry - Adding type registration text -> org.hibernate.type.TextType@77f6d826
[DEBUG] 2021-03-31 20:24:29.344 [http-nio-8080-exec-5] BasicTypeRegistry - Adding type registration ntext -> org.hibernate.type.NTextType@2262ba0d
[DEBUG] 2021-03-31 20:24:29.345 [http-nio-8080-exec-5] BasicTypeRegistry - Adding type registration blob -> org.hibernate.type.BlobType@38772d00
[DEBUG] 2021-03-31 20:24:29.345 [http-nio-8080-exec-5] BasicTypeRegistry - Adding type registration java.sql.Blob -> org.hibernate.type.BlobType@38772d00
[DEBUG] 2021-03-31 20:24:29.345 [http-nio-8080-exec-5] BasicTypeRegistry - Adding type registration materialized_blob -> org.hibernate.type.MaterializedBlobType@1a85f0d8
[DEBUG] 2021-03-31 20:24:29.352 [http-nio-8080-exec-5] BasicTypeRegistry - Adding type registration clob -> org.hibernate.type.ClobType@27e4c2a8
[DEBUG] 2021-03-31 20:24:29.352 [http-nio-8080-exec-5] BasicTypeRegistry - Adding type registration java.sql.Clob -> org.hibernate.type.ClobType@27e4c2a8
[DEBUG] 2021-03-31 20:24:29.354 [http-nio-8080-exec-5] BasicTypeRegistry - Adding type registration nclob -> org.hibernate.type.NClobType@2826b9aa
[DEBUG] 2021-03-31 20:24:29.354 [http-nio-8080-exec-5] BasicTypeRegistry - Adding type registration java.sql.NClob -> org.hibernate.type.NClobType@2826b9aa
[DEBUG] 2021-03-31 20:24:29.354 [http-nio-8080-exec-5] BasicTypeRegistry - Adding type registration materialized_clob -> org.hibernate.type.MaterializedClobType@d8da840
[DEBUG] 2021-03-31 20:24:29.354 [http-nio-8080-exec-5] BasicTypeRegistry - Adding type registration materialized_nclob -> org.hibernate.type.MaterializedNClobType@1ce45710
[DEBUG] 2021-03-31 20:24:29.356 [http-nio-8080-exec-5] BasicTypeRegistry - Adding type registration serializable -> org.hibernate.type.SerializableType@d5cdfd8
[DEBUG] 2021-03-31 20:24:29.362 [http-nio-8080-exec-5] BasicTypeRegistry - Adding type registration object -> org.hibernate.type.ObjectType@ccf2279
[DEBUG] 2021-03-31 20:24:29.362 [http-nio-8080-exec-5] BasicTypeRegistry - Adding type registration java.lang.Object -> org.hibernate.type.ObjectType@ccf2279
[DEBUG] 2021-03-31 20:24:29.364 [http-nio-8080-exec-5] BasicTypeRegistry - Adding type registration imm_date -> org.hibernate.type.AdaptedImmutableType@4f587bd8
[DEBUG] 2021-03-31 20:24:29.364 [http-nio-8080-exec-5] BasicTypeRegistry - Adding type registration imm_time -> org.hibernate.type.AdaptedImmutableType@6a48ecd9
[DEBUG] 2021-03-31 20:24:29.364 [http-nio-8080-exec-5] BasicTypeRegistry - Adding type registration imm_timestamp -> org.hibernate.type.AdaptedImmutableType@69a3bb35
[DEBUG] 2021-03-31 20:24:29.365 [http-nio-8080-exec-5] BasicTypeRegistry - Adding type registration imm_dbtimestamp -> org.hibernate.type.AdaptedImmutableType@59327576
[DEBUG] 2021-03-31 20:24:29.365 [http-nio-8080-exec-5] BasicTypeRegistry - Adding type registration imm_calendar -> org.hibernate.type.AdaptedImmutableType@55385333
[DEBUG] 2021-03-31 20:24:29.366 [http-nio-8080-exec-5] BasicTypeRegistry - Adding type registration imm_calendar_date -> org.hibernate.type.AdaptedImmutableType@78bb5369
[DEBUG] 2021-03-31 20:24:29.367 [http-nio-8080-exec-5] BasicTypeRegistry - Adding type registration imm_binary -> org.hibernate.type.AdaptedImmutableType@c352558
[DEBUG] 2021-03-31 20:24:29.367 [http-nio-8080-exec-5] BasicTypeRegistry - Adding type registration imm_serializable -> org.hibernate.type.AdaptedImmutableType@46e6786d
[DEBUG] 2021-03-31 20:24:29.393 [http-nio-8080-exec-5] DefaultIdentifierGeneratorFactory - Registering IdentifierGenerator strategy [uuid2] -> [org.hibernate.id.UUIDGenerator]
[DEBUG] 2021-03-31 20:24:29.393 [http-nio-8080-exec-5] DefaultIdentifierGeneratorFactory - Registering IdentifierGenerator strategy [guid] -> [org.hibernate.id.GUIDGenerator]
[DEBUG] 2021-03-31 20:24:29.394 [http-nio-8080-exec-5] DefaultIdentifierGeneratorFactory - Registering IdentifierGenerator strategy [uuid] -> [org.hibernate.id.UUIDHexGenerator]
[DEBUG] 2021-03-31 20:24:29.394 [http-nio-8080-exec-5] DefaultIdentifierGeneratorFactory - Registering IdentifierGenerator strategy [uuid.hex] -> [org.hibernate.id.UUIDHexGenerator]
[DEBUG] 2021-03-31 20:24:29.396 [http-nio-8080-exec-5] DefaultIdentifierGeneratorFactory - Registering IdentifierGenerator strategy [assigned] -> [org.hibernate.id.Assigned]
[DEBUG] 2021-03-31 20:24:29.397 [http-nio-8080-exec-5] DefaultIdentifierGeneratorFactory - Registering IdentifierGenerator strategy [identity] -> [org.hibernate.id.IdentityGenerator]
[DEBUG] 2021-03-31 20:24:29.397 [http-nio-8080-exec-5] DefaultIdentifierGeneratorFactory - Registering IdentifierGenerator strategy [select] -> [org.hibernate.id.SelectGenerator]
[DEBUG] 2021-03-31 20:24:29.398 [http-nio-8080-exec-5] DefaultIdentifierGeneratorFactory - Registering IdentifierGenerator strategy [sequence] -> [org.hibernate.id.enhanced.SequenceStyleGenerator]
[DEBUG] 2021-03-31 20:24:29.398 [http-nio-8080-exec-5] DefaultIdentifierGeneratorFactory - Registering IdentifierGenerator strategy [seqhilo] -> [org.hibernate.id.SequenceHiLoGenerator]
[DEBUG] 2021-03-31 20:24:29.399 [http-nio-8080-exec-5] DefaultIdentifierGeneratorFactory - Registering IdentifierGenerator strategy [increment] -> [org.hibernate.id.IncrementGenerator]
[DEBUG] 2021-03-31 20:24:29.399 [http-nio-8080-exec-5] DefaultIdentifierGeneratorFactory - Registering IdentifierGenerator strategy [foreign] -> [org.hibernate.id.ForeignGenerator]
[DEBUG] 2021-03-31 20:24:29.399 [http-nio-8080-exec-5] DefaultIdentifierGeneratorFactory - Registering IdentifierGenerator strategy [sequence-identity] -> [org.hibernate.id.SequenceIdentityGenerator]
[DEBUG] 2021-03-31 20:24:29.399 [http-nio-8080-exec-5] DefaultIdentifierGeneratorFactory - Registering IdentifierGenerator strategy [enhanced-sequence] -> [org.hibernate.id.enhanced.SequenceStyleGenerator]
[DEBUG] 2021-03-31 20:24:29.400 [http-nio-8080-exec-5] DefaultIdentifierGeneratorFactory - Registering IdentifierGenerator strategy [enhanced-table] -> [org.hibernate.id.enhanced.TableGenerator]
[INFO ] 2021-03-31 20:24:29.411 [http-nio-8080-exec-5] C3P0ConnectionProvider - HHH010002: C3P0 using driver: com.mysql.cj.jdbc.Driver at URL: jdbc:mysql://localhost:3306/budget_tracker
[INFO ] 2021-03-31 20:24:29.411 [http-nio-8080-exec-5] C3P0ConnectionProvider - HHH10001001: Connection properties: {password=****, user=root}
[INFO ] 2021-03-31 20:24:29.411 [http-nio-8080-exec-5] C3P0ConnectionProvider - HHH10001003: Autocommit mode: false
[INFO ] 2021-03-31 20:24:29.619 [http-nio-8080-exec-5] C3P0ConnectionProvider - HHH10001007: JDBC isolation level: <unknown>
[DEBUG] 2021-03-31 20:24:29.938 [http-nio-8080-exec-5] JdbcEnvironmentInitiator - Database ->
       name : MySQL
    version : 8.0.22
      major : 8
      minor : 0
[DEBUG] 2021-03-31 20:24:29.940 [http-nio-8080-exec-5] JdbcEnvironmentInitiator - Driver ->
       name : MySQL Connector/J
    version : mysql-connector-java-8.0.16 (Revision: 34cbc6bc61f72836e26327537a432d6db7c77de6)
      major : 8
      minor : 0
[DEBUG] 2021-03-31 20:24:29.940 [http-nio-8080-exec-5] JdbcEnvironmentInitiator - JDBC version : 4.2
[INFO ] 2021-03-31 20:24:29.991 [http-nio-8080-exec-5] Dialect - HHH000400: Using dialect: org.hibernate.dialect.MySQL8Dialect
[DEBUG] 2021-03-31 20:24:30.021 [http-nio-8080-exec-5] IdentifierHelperBuilder - JDBC driver metadata reported database stores quoted identifiers in more than one case
[DEBUG] 2021-03-31 20:24:30.058 [http-nio-8080-exec-5] IdentifierHelperBuilder - IdentifierCaseStrategy for both quoted and unquoted identifiers was set to the same strategy [MIXED]; that will likely lead to problems in schema update and validation if using quoted identifiers
[DEBUG] 2021-03-31 20:24:30.133 [http-nio-8080-exec-5] Namespace - Created database namespace [logicalName=Name{catalog=null, schema=null}, physicalName=Name{catalog=null, schema=null}]
[DEBUG] 2021-03-31 20:24:30.140 [http-nio-8080-exec-5] TypeConfiguration$Scope - Scoping TypeConfiguration [org.hibernate.type.spi.TypeConfiguration@5c5addf0] to MetadataBuildingContext [org.hibernate.boot.internal.MetadataBuildingContextRootImpl@369c343b]
[DEBUG] 2021-03-31 20:24:30.189 [http-nio-8080-exec-5] AnnotationBinder - Binding entity from annotated class: edu.matc.entity.Category
[DEBUG] 2021-03-31 20:24:30.230 [http-nio-8080-exec-5] Ejb3Column - Binding column: Ejb3DiscriminatorColumn{logicalColumnName'DTYPE', discriminatorTypeName='string'}
[DEBUG] 2021-03-31 20:24:30.240 [http-nio-8080-exec-5] EntityBinder - Import with entity name Category
[DEBUG] 2021-03-31 20:24:30.245 [http-nio-8080-exec-5] EntityBinder - Bind entity edu.matc.entity.Category on table category
[DEBUG] 2021-03-31 20:24:30.269 [http-nio-8080-exec-5] Ejb3Column - Binding column: Ejb3Column{table=org.hibernate.mapping.Table(category), mappingColumn=id, insertable=true, updatable=true, unique=false}
[DEBUG] 2021-03-31 20:24:30.273 [http-nio-8080-exec-5] PropertyBinder - MetadataSourceProcessor property id with lazy=false
[DEBUG] 2021-03-31 20:24:30.274 [http-nio-8080-exec-5] AbstractPropertyHolder - Attempting to locate auto-apply AttributeConverter for property [edu.matc.entity.Category:id]
[DEBUG] 2021-03-31 20:24:30.277 [http-nio-8080-exec-5] SimpleValueBinder - building SimpleValue for id
[DEBUG] 2021-03-31 20:24:30.278 [http-nio-8080-exec-5] PropertyBinder - Building property id
[DEBUG] 2021-03-31 20:24:30.281 [http-nio-8080-exec-5] BinderHelper - #makeIdGenerator(org.hibernate.mapping.SimpleValue([org.hibernate.mapping.Column(id)]), id, org.hibernate.id.enhanced.SequenceStyleGenerator, native, ...)
[DEBUG] 2021-03-31 20:24:30.282 [http-nio-8080-exec-5] Ejb3Column - Binding column: Ejb3Column{table=org.hibernate.mapping.Table(category), mappingColumn=category_description, insertable=true, updatable=true, unique=false}
[DEBUG] 2021-03-31 20:24:30.282 [http-nio-8080-exec-5] PropertyBinder - MetadataSourceProcessor property categoryDescription with lazy=false
[DEBUG] 2021-03-31 20:24:30.282 [http-nio-8080-exec-5] AbstractPropertyHolder - Attempting to locate auto-apply AttributeConverter for property [edu.matc.entity.Category:categoryDescription]
[DEBUG] 2021-03-31 20:24:30.282 [http-nio-8080-exec-5] SimpleValueBinder - building SimpleValue for categoryDescription
[DEBUG] 2021-03-31 20:24:30.282 [http-nio-8080-exec-5] PropertyBinder - Building property categoryDescription
[DEBUG] 2021-03-31 20:24:30.283 [http-nio-8080-exec-5] Ejb3Column - Binding column: Ejb3Column{table=org.hibernate.mapping.Table(category), mappingColumn=category_name, insertable=true, updatable=true, unique=false}
[DEBUG] 2021-03-31 20:24:30.283 [http-nio-8080-exec-5] PropertyBinder - MetadataSourceProcessor property categoryName with lazy=false
[DEBUG] 2021-03-31 20:24:30.283 [http-nio-8080-exec-5] AbstractPropertyHolder - Attempting to locate auto-apply AttributeConverter for property [edu.matc.entity.Category:categoryName]
[DEBUG] 2021-03-31 20:24:30.283 [http-nio-8080-exec-5] SimpleValueBinder - building SimpleValue for categoryName
[DEBUG] 2021-03-31 20:24:30.283 [http-nio-8080-exec-5] PropertyBinder - Building property categoryName
[DEBUG] 2021-03-31 20:24:30.283 [http-nio-8080-exec-5] Ejb3Column - Binding column: Ejb3Column{table=org.hibernate.mapping.Table(category), mappingColumn=color, insertable=true, updatable=true, unique=false}
[DEBUG] 2021-03-31 20:24:30.286 [http-nio-8080-exec-5] PropertyBinder - MetadataSourceProcessor property color with lazy=false
[DEBUG] 2021-03-31 20:24:30.286 [http-nio-8080-exec-5] AbstractPropertyHolder - Attempting to locate auto-apply AttributeConverter for property [edu.matc.entity.Category:color]
[DEBUG] 2021-03-31 20:24:30.286 [http-nio-8080-exec-5] SimpleValueBinder - building SimpleValue for color
[DEBUG] 2021-03-31 20:24:30.286 [http-nio-8080-exec-5] PropertyBinder - Building property color
[DEBUG] 2021-03-31 20:24:30.287 [http-nio-8080-exec-5] Ejb3Column - Binding column: Ejb3JoinColumn{logicalColumnName='user_id', referencedColumn='id', mappedBy=''}
[DEBUG] 2021-03-31 20:24:30.287 [http-nio-8080-exec-5] Ejb3Column - Binding column: Ejb3Column{table=org.hibernate.mapping.Table(category), mappingColumn=userId, insertable=true, updatable=true, unique=false}
[DEBUG] 2021-03-31 20:24:30.293 [http-nio-8080-exec-5] PropertyBinder - Building property userId
[DEBUG] 2021-03-31 20:24:30.294 [http-nio-8080-exec-5] AnnotationBinder - Binding entity from annotated class: edu.matc.entity.Entry
[DEBUG] 2021-03-31 20:24:30.294 [http-nio-8080-exec-5] Ejb3Column - Binding column: Ejb3DiscriminatorColumn{logicalColumnName'DTYPE', discriminatorTypeName='string'}
[DEBUG] 2021-03-31 20:24:30.294 [http-nio-8080-exec-5] EntityBinder - Import with entity name Entry
[DEBUG] 2021-03-31 20:24:30.294 [http-nio-8080-exec-5] EntityBinder - Bind entity edu.matc.entity.Entry on table entry
[DEBUG] 2021-03-31 20:24:30.296 [http-nio-8080-exec-5] Ejb3Column - Binding column: Ejb3Column{table=org.hibernate.mapping.Table(entry), mappingColumn=id, insertable=true, updatable=true, unique=false}
[DEBUG] 2021-03-31 20:24:30.296 [http-nio-8080-exec-5] PropertyBinder - MetadataSourceProcessor property id with lazy=false
[DEBUG] 2021-03-31 20:24:30.297 [http-nio-8080-exec-5] AbstractPropertyHolder - Attempting to locate auto-apply AttributeConverter for property [edu.matc.entity.Entry:id]
[DEBUG] 2021-03-31 20:24:30.297 [http-nio-8080-exec-5] SimpleValueBinder - building SimpleValue for id
[DEBUG] 2021-03-31 20:24:30.297 [http-nio-8080-exec-5] PropertyBinder - Building property id
[DEBUG] 2021-03-31 20:24:30.297 [http-nio-8080-exec-5] BinderHelper - #makeIdGenerator(org.hibernate.mapping.SimpleValue([org.hibernate.mapping.Column(id)]), id, org.hibernate.id.enhanced.SequenceStyleGenerator, native, ...)
[DEBUG] 2021-03-31 20:24:30.297 [http-nio-8080-exec-5] Ejb3Column - Binding column: Ejb3JoinColumn{logicalColumnName='category_id', referencedColumn='id', mappedBy=''}
[DEBUG] 2021-03-31 20:24:30.297 [http-nio-8080-exec-5] Ejb3Column - Binding column: Ejb3Column{table=org.hibernate.mapping.Table(entry), mappingColumn=categoryId, insertable=true, updatable=true, unique=false}
[DEBUG] 2021-03-31 20:24:30.297 [http-nio-8080-exec-5] PropertyBinder - Building property categoryId
[DEBUG] 2021-03-31 20:24:30.297 [http-nio-8080-exec-5] Ejb3Column - Binding column: Ejb3Column{table=org.hibernate.mapping.Table(entry), mappingColumn=date, insertable=true, updatable=true, unique=false}
[DEBUG] 2021-03-31 20:24:30.297 [http-nio-8080-exec-5] PropertyBinder - MetadataSourceProcessor property date with lazy=false
[DEBUG] 2021-03-31 20:24:30.299 [http-nio-8080-exec-5] AbstractPropertyHolder - Attempting to locate auto-apply AttributeConverter for property [edu.matc.entity.Entry:date]
[DEBUG] 2021-03-31 20:24:30.299 [http-nio-8080-exec-5] SimpleValueBinder - building SimpleValue for date
[DEBUG] 2021-03-31 20:24:30.299 [http-nio-8080-exec-5] PropertyBinder - Building property date
[DEBUG] 2021-03-31 20:24:30.299 [http-nio-8080-exec-5] Ejb3Column - Binding column: Ejb3Column{table=org.hibernate.mapping.Table(entry), mappingColumn=entry_name, insertable=true, updatable=true, unique=false}
[DEBUG] 2021-03-31 20:24:30.300 [http-nio-8080-exec-5] PropertyBinder - MetadataSourceProcessor property entryName with lazy=false
[DEBUG] 2021-03-31 20:24:30.300 [http-nio-8080-exec-5] AbstractPropertyHolder - Attempting to locate auto-apply AttributeConverter for property [edu.matc.entity.Entry:entryName]
[DEBUG] 2021-03-31 20:24:30.300 [http-nio-8080-exec-5] SimpleValueBinder - building SimpleValue for entryName
[DEBUG] 2021-03-31 20:24:30.300 [http-nio-8080-exec-5] PropertyBinder - Building property entryName
[DEBUG] 2021-03-31 20:24:30.300 [http-nio-8080-exec-5] Ejb3Column - Binding column: Ejb3Column{table=org.hibernate.mapping.Table(entry), mappingColumn=entry_type, insertable=true, updatable=true, unique=false}
[DEBUG] 2021-03-31 20:24:30.300 [http-nio-8080-exec-5] PropertyBinder - MetadataSourceProcessor property entryType with lazy=false
[DEBUG] 2021-03-31 20:24:30.300 [http-nio-8080-exec-5] AbstractPropertyHolder - Attempting to locate auto-apply AttributeConverter for property [edu.matc.entity.Entry:entryType]
[DEBUG] 2021-03-31 20:24:30.300 [http-nio-8080-exec-5] SimpleValueBinder - building SimpleValue for entryType
[DEBUG] 2021-03-31 20:24:30.300 [http-nio-8080-exec-5] PropertyBinder - Building property entryType
[DEBUG] 2021-03-31 20:24:30.301 [http-nio-8080-exec-5] Ejb3Column - Binding column: Ejb3JoinColumn{logicalColumnName='user_id', referencedColumn='id', mappedBy=''}
[DEBUG] 2021-03-31 20:24:30.301 [http-nio-8080-exec-5] Ejb3Column - Binding column: Ejb3Column{table=org.hibernate.mapping.Table(entry), mappingColumn=userId, insertable=true, updatable=true, unique=false}
[DEBUG] 2021-03-31 20:24:30.301 [http-nio-8080-exec-5] PropertyBinder - Building property userId
[DEBUG] 2021-03-31 20:24:30.301 [http-nio-8080-exec-5] Ejb3Column - Binding column: Ejb3Column{table=org.hibernate.mapping.Table(entry), mappingColumn=value, insertable=true, updatable=true, unique=false}
[DEBUG] 2021-03-31 20:24:30.301 [http-nio-8080-exec-5] PropertyBinder - MetadataSourceProcessor property value with lazy=false
[DEBUG] 2021-03-31 20:24:30.301 [http-nio-8080-exec-5] AbstractPropertyHolder - Attempting to locate auto-apply AttributeConverter for property [edu.matc.entity.Entry:value]
[DEBUG] 2021-03-31 20:24:30.303 [http-nio-8080-exec-5] SimpleValueBinder - building SimpleValue for value
[DEBUG] 2021-03-31 20:24:30.303 [http-nio-8080-exec-5] PropertyBinder - Building property value
[DEBUG] 2021-03-31 20:24:30.303 [http-nio-8080-exec-5] AnnotationBinder - Binding entity from annotated class: edu.matc.entity.User
[DEBUG] 2021-03-31 20:24:30.303 [http-nio-8080-exec-5] Ejb3Column - Binding column: Ejb3DiscriminatorColumn{logicalColumnName'DTYPE', discriminatorTypeName='string'}
[DEBUG] 2021-03-31 20:24:30.304 [http-nio-8080-exec-5] EntityBinder - Import with entity name User
[DEBUG] 2021-03-31 20:24:30.304 [http-nio-8080-exec-5] EntityBinder - Bind entity edu.matc.entity.User on table user
[DEBUG] 2021-03-31 20:24:30.305 [http-nio-8080-exec-5] Ejb3Column - Binding column: Ejb3Column{table=org.hibernate.mapping.Table(user), mappingColumn=id, insertable=true, updatable=true, unique=false}
[DEBUG] 2021-03-31 20:24:30.305 [http-nio-8080-exec-5] PropertyBinder - MetadataSourceProcessor property id with lazy=false
[DEBUG] 2021-03-31 20:24:30.305 [http-nio-8080-exec-5] AbstractPropertyHolder - Attempting to locate auto-apply AttributeConverter for property [edu.matc.entity.User:id]
[DEBUG] 2021-03-31 20:24:30.305 [http-nio-8080-exec-5] SimpleValueBinder - building SimpleValue for id
[DEBUG] 2021-03-31 20:24:30.305 [http-nio-8080-exec-5] PropertyBinder - Building property id
[DEBUG] 2021-03-31 20:24:30.305 [http-nio-8080-exec-5] BinderHelper - #makeIdGenerator(org.hibernate.mapping.SimpleValue([org.hibernate.mapping.Column(id)]), id, org.hibernate.id.enhanced.SequenceStyleGenerator, native, ...)
[DEBUG] 2021-03-31 20:24:30.306 [http-nio-8080-exec-5] Ejb3Column - Binding column: Ejb3Column{table=org.hibernate.mapping.Table(user), mappingColumn=birthdate, insertable=true, updatable=true, unique=false}
[DEBUG] 2021-03-31 20:24:30.306 [http-nio-8080-exec-5] PropertyBinder - MetadataSourceProcessor property birthdate with lazy=false
[DEBUG] 2021-03-31 20:24:30.306 [http-nio-8080-exec-5] AbstractPropertyHolder - Attempting to locate auto-apply AttributeConverter for property [edu.matc.entity.User:birthdate]
[DEBUG] 2021-03-31 20:24:30.306 [http-nio-8080-exec-5] SimpleValueBinder - building SimpleValue for birthdate
[DEBUG] 2021-03-31 20:24:30.306 [http-nio-8080-exec-5] PropertyBinder - Building property birthdate
[DEBUG] 2021-03-31 20:24:30.306 [http-nio-8080-exec-5] Ejb3Column - Binding column: Ejb3Column{table=org.hibernate.mapping.Table(user), mappingColumn=email, insertable=true, updatable=true, unique=false}
[DEBUG] 2021-03-31 20:24:30.306 [http-nio-8080-exec-5] PropertyBinder - MetadataSourceProcessor property email with lazy=false
[DEBUG] 2021-03-31 20:24:30.306 [http-nio-8080-exec-5] AbstractPropertyHolder - Attempting to locate auto-apply AttributeConverter for property [edu.matc.entity.User:email]
[DEBUG] 2021-03-31 20:24:30.306 [http-nio-8080-exec-5] SimpleValueBinder - building SimpleValue for email
[DEBUG] 2021-03-31 20:24:30.306 [http-nio-8080-exec-5] PropertyBinder - Building property email
[DEBUG] 2021-03-31 20:24:30.306 [http-nio-8080-exec-5] Ejb3Column - Binding column: Ejb3Column{table=org.hibernate.mapping.Table(user), mappingColumn=first_name, insertable=true, updatable=true, unique=false}
[DEBUG] 2021-03-31 20:24:30.306 [http-nio-8080-exec-5] PropertyBinder - MetadataSourceProcessor property firstName with lazy=false
[DEBUG] 2021-03-31 20:24:30.306 [http-nio-8080-exec-5] AbstractPropertyHolder - Attempting to locate auto-apply AttributeConverter for property [edu.matc.entity.User:firstName]
[DEBUG] 2021-03-31 20:24:30.306 [http-nio-8080-exec-5] SimpleValueBinder - building SimpleValue for firstName
[DEBUG] 2021-03-31 20:24:30.306 [http-nio-8080-exec-5] PropertyBinder - Building property firstName
[DEBUG] 2021-03-31 20:24:30.306 [http-nio-8080-exec-5] Ejb3Column - Binding column: Ejb3Column{table=org.hibernate.mapping.Table(user), mappingColumn=last_name, insertable=true, updatable=true, unique=false}
[DEBUG] 2021-03-31 20:24:30.306 [http-nio-8080-exec-5] PropertyBinder - MetadataSourceProcessor property lastName with lazy=false
[DEBUG] 2021-03-31 20:24:30.306 [http-nio-8080-exec-5] AbstractPropertyHolder - Attempting to locate auto-apply AttributeConverter for property [edu.matc.entity.User:lastName]
[DEBUG] 2021-03-31 20:24:30.306 [http-nio-8080-exec-5] SimpleValueBinder - building SimpleValue for lastName
[DEBUG] 2021-03-31 20:24:30.306 [http-nio-8080-exec-5] PropertyBinder - Building property lastName
[DEBUG] 2021-03-31 20:24:30.307 [http-nio-8080-exec-5] Ejb3Column - Binding column: Ejb3Column{table=org.hibernate.mapping.Table(user), mappingColumn=password, insertable=true, updatable=true, unique=false}
[DEBUG] 2021-03-31 20:24:30.307 [http-nio-8080-exec-5] PropertyBinder - MetadataSourceProcessor property password with lazy=false
[DEBUG] 2021-03-31 20:24:30.307 [http-nio-8080-exec-5] AbstractPropertyHolder - Attempting to locate auto-apply AttributeConverter for property [edu.matc.entity.User:password]
[DEBUG] 2021-03-31 20:24:30.307 [http-nio-8080-exec-5] SimpleValueBinder - building SimpleValue for password
[DEBUG] 2021-03-31 20:24:30.307 [http-nio-8080-exec-5] PropertyBinder - Building property password
[DEBUG] 2021-03-31 20:24:30.307 [http-nio-8080-exec-5] Ejb3Column - Binding column: Ejb3Column{table=org.hibernate.mapping.Table(user), mappingColumn=username, insertable=true, updatable=true, unique=false}
[DEBUG] 2021-03-31 20:24:30.307 [http-nio-8080-exec-5] PropertyBinder - MetadataSourceProcessor property userName with lazy=false
[DEBUG] 2021-03-31 20:24:30.307 [http-nio-8080-exec-5] AbstractPropertyHolder - Attempting to locate auto-apply AttributeConverter for property [edu.matc.entity.User:userName]
[DEBUG] 2021-03-31 20:24:30.307 [http-nio-8080-exec-5] SimpleValueBinder - building SimpleValue for userName
[DEBUG] 2021-03-31 20:24:30.309 [http-nio-8080-exec-5] PropertyBinder - Building property userName
[DEBUG] 2021-03-31 20:24:30.311 [http-nio-8080-exec-5] SimpleValueBinder - Starting fillSimpleValue for id
[DEBUG] 2021-03-31 20:24:30.313 [http-nio-8080-exec-5] SimpleValueBinder - Starting fillSimpleValue for categoryDescription
[DEBUG] 2021-03-31 20:24:30.316 [http-nio-8080-exec-5] SimpleValueBinder - Starting fillSimpleValue for categoryName
[DEBUG] 2021-03-31 20:24:30.316 [http-nio-8080-exec-5] SimpleValueBinder - Starting fillSimpleValue for color
[DEBUG] 2021-03-31 20:24:30.316 [http-nio-8080-exec-5] SimpleValueBinder - Starting fillSimpleValue for id
[DEBUG] 2021-03-31 20:24:30.316 [http-nio-8080-exec-5] SimpleValueBinder - Starting fillSimpleValue for date
[DEBUG] 2021-03-31 20:24:30.316 [http-nio-8080-exec-5] SimpleValueBinder - Starting fillSimpleValue for entryName
[DEBUG] 2021-03-31 20:24:30.316 [http-nio-8080-exec-5] SimpleValueBinder - Starting fillSimpleValue for entryType
[DEBUG] 2021-03-31 20:24:30.316 [http-nio-8080-exec-5] SimpleValueBinder - Starting fillSimpleValue for value
[DEBUG] 2021-03-31 20:24:30.317 [http-nio-8080-exec-5] SimpleValueBinder - Starting fillSimpleValue for id
[DEBUG] 2021-03-31 20:24:30.317 [http-nio-8080-exec-5] SimpleValueBinder - Starting fillSimpleValue for birthdate
[DEBUG] 2021-03-31 20:24:30.317 [http-nio-8080-exec-5] SimpleValueBinder - Starting fillSimpleValue for email
[DEBUG] 2021-03-31 20:24:30.317 [http-nio-8080-exec-5] SimpleValueBinder - Starting fillSimpleValue for firstName
[DEBUG] 2021-03-31 20:24:30.317 [http-nio-8080-exec-5] SimpleValueBinder - Starting fillSimpleValue for lastName
[DEBUG] 2021-03-31 20:24:30.317 [http-nio-8080-exec-5] SimpleValueBinder - Starting fillSimpleValue for password
[DEBUG] 2021-03-31 20:24:30.317 [http-nio-8080-exec-5] SimpleValueBinder - Starting fillSimpleValue for userName
[DEBUG] 2021-03-31 20:24:30.319 [http-nio-8080-exec-5] PrimaryKey - Forcing column [id] to be non-null as it is part of the primary key for table [category]
[DEBUG] 2021-03-31 20:24:30.319 [http-nio-8080-exec-5] PrimaryKey - Forcing column [id] to be non-null as it is part of the primary key for table [entry]
[DEBUG] 2021-03-31 20:24:30.320 [http-nio-8080-exec-5] PrimaryKey - Forcing column [id] to be non-null as it is part of the primary key for table [user]
[DEBUG] 2021-03-31 20:24:30.320 [http-nio-8080-exec-5] InFlightMetadataCollectorImpl - Resolving reference to class: edu.matc.entity.User
[DEBUG] 2021-03-31 20:24:30.321 [http-nio-8080-exec-5] InFlightMetadataCollectorImpl - Resolving reference to class: edu.matc.entity.Category
[DEBUG] 2021-03-31 20:24:30.322 [http-nio-8080-exec-5] InFlightMetadataCollectorImpl - Resolving reference to class: edu.matc.entity.User
[DEBUG] 2021-03-31 20:24:30.323 [http-nio-8080-exec-5] InFlightMetadataCollectorImpl - Resolving reference to class: edu.matc.entity.User
[DEBUG] 2021-03-31 20:24:30.323 [http-nio-8080-exec-5] InFlightMetadataCollectorImpl - Resolving reference to class: edu.matc.entity.Category
[DEBUG] 2021-03-31 20:24:30.324 [http-nio-8080-exec-5] InFlightMetadataCollectorImpl - Resolving reference to class: edu.matc.entity.User
[DEBUG] 2021-03-31 20:24:30.374 [http-nio-8080-exec-5] SessionFactoryImpl - Building session factory
[DEBUG] 2021-03-31 20:24:30.375 [http-nio-8080-exec-5] Settings - SessionFactory name : null
[DEBUG] 2021-03-31 20:24:30.375 [http-nio-8080-exec-5] Settings - Automatic flush during beforeCompletion(): enabled
[DEBUG] 2021-03-31 20:24:30.375 [http-nio-8080-exec-5] Settings - Automatic session close at end of transaction: disabled
[DEBUG] 2021-03-31 20:24:30.375 [http-nio-8080-exec-5] Settings - Statistics: disabled
[DEBUG] 2021-03-31 20:24:30.375 [http-nio-8080-exec-5] Settings - Deleted entity synthetic identifier rollback: disabled
[DEBUG] 2021-03-31 20:24:30.375 [http-nio-8080-exec-5] Settings - Default entity-mode: pojo
[DEBUG] 2021-03-31 20:24:30.375 [http-nio-8080-exec-5] Settings - Check Nullability in Core (should be disabled when Bean Validation is on): enabled
[DEBUG] 2021-03-31 20:24:30.375 [http-nio-8080-exec-5] Settings - Allow initialization of lazy state outside session : disabled
[DEBUG] 2021-03-31 20:24:30.375 [http-nio-8080-exec-5] Settings - Using BatchFetchStyle : LEGACY
[DEBUG] 2021-03-31 20:24:30.375 [http-nio-8080-exec-5] Settings - Default batch fetch size: -1
[DEBUG] 2021-03-31 20:24:30.375 [http-nio-8080-exec-5] Settings - Maximum outer join fetch depth: 2
[DEBUG] 2021-03-31 20:24:30.375 [http-nio-8080-exec-5] Settings - Default null ordering: NONE
[DEBUG] 2021-03-31 20:24:30.375 [http-nio-8080-exec-5] Settings - Order SQL updates by primary key: disabled
[DEBUG] 2021-03-31 20:24:30.375 [http-nio-8080-exec-5] Settings - Order SQL inserts for batching: disabled
[DEBUG] 2021-03-31 20:24:30.375 [http-nio-8080-exec-5] Settings - multi-tenancy strategy : NONE
[DEBUG] 2021-03-31 20:24:30.375 [http-nio-8080-exec-5] Settings - JTA Track by Thread: enabled
[DEBUG] 2021-03-31 20:24:30.375 [http-nio-8080-exec-5] Settings - Query language substitutions: {}
[DEBUG] 2021-03-31 20:24:30.375 [http-nio-8080-exec-5] Settings - Named query checking : enabled
[DEBUG] 2021-03-31 20:24:30.375 [http-nio-8080-exec-5] Settings - Second-level cache: disabled
[DEBUG] 2021-03-31 20:24:30.375 [http-nio-8080-exec-5] Settings - Second-level query cache: disabled
[DEBUG] 2021-03-31 20:24:30.375 [http-nio-8080-exec-5] Settings - Second-level query cache factory: null
[DEBUG] 2021-03-31 20:24:30.375 [http-nio-8080-exec-5] Settings - Second-level cache region prefix: null
[DEBUG] 2021-03-31 20:24:30.376 [http-nio-8080-exec-5] Settings - Optimize second-level cache for minimal puts: disabled
[DEBUG] 2021-03-31 20:24:30.376 [http-nio-8080-exec-5] Settings - Structured second-level cache entries: disabled
[DEBUG] 2021-03-31 20:24:30.376 [http-nio-8080-exec-5] Settings - Second-level cache direct-reference entries: disabled
[DEBUG] 2021-03-31 20:24:30.376 [http-nio-8080-exec-5] Settings - Automatic eviction of collection cache: disabled
[DEBUG] 2021-03-31 20:24:30.380 [http-nio-8080-exec-5] Settings - JDBC batch size: 15
[DEBUG] 2021-03-31 20:24:30.380 [http-nio-8080-exec-5] Settings - JDBC batch updates for versioned data: enabled
[DEBUG] 2021-03-31 20:24:30.380 [http-nio-8080-exec-5] Settings - Scrollable result sets: enabled
[DEBUG] 2021-03-31 20:24:30.380 [http-nio-8080-exec-5] Settings - Wrap result sets: disabled
[DEBUG] 2021-03-31 20:24:30.380 [http-nio-8080-exec-5] Settings - JDBC3 getGeneratedKeys(): enabled
[DEBUG] 2021-03-31 20:24:30.380 [http-nio-8080-exec-5] Settings - JDBC result set fetch size: null
[DEBUG] 2021-03-31 20:24:30.380 [http-nio-8080-exec-5] Settings - Connection release mode: AFTER_TRANSACTION
[DEBUG] 2021-03-31 20:24:30.380 [http-nio-8080-exec-5] Settings - Generate SQL with comments: disabled
[DEBUG] 2021-03-31 20:24:30.380 [http-nio-8080-exec-5] Settings - JPA compliance - query : 
[DEBUG] 2021-03-31 20:24:30.380 [http-nio-8080-exec-5] Settings - JPA compliance - closed-handling : 
[DEBUG] 2021-03-31 20:24:30.380 [http-nio-8080-exec-5] Settings - JPA compliance - lists : 
[DEBUG] 2021-03-31 20:24:30.380 [http-nio-8080-exec-5] Settings - JPA compliance - transactions : 
[INFO ] 2021-03-31 20:24:30.445 [http-nio-8080-exec-5] beans - HHH10005002: No explicit CDI BeanManager reference was passed to Hibernate, but CDI is available on the Hibernate ClassLoader.
[DEBUG] 2021-03-31 20:24:30.490 [http-nio-8080-exec-5] SessionFactoryImpl - Session factory constructed with filter configurations : {}
[DEBUG] 2021-03-31 20:24:30.490 [http-nio-8080-exec-5] SessionFactoryImpl - Instantiating session factory with properties: {awt.toolkit=sun.awt.X11.XToolkit, java.specification.version=11, sun.cpu.isalist=, hibernate.c3p0.idle_test_period=3000, sun.jnu.encoding=UTF-8, hibernate.c3p0.min_size=5, sun.arch.data.model=64, java.vendor.url=https://ubuntu.com/, catalina.useNaming=true, openejb.provider.default=org.apache.tomee, sun.boot.library.path=/usr/lib/jvm/java-11-openjdk-amd64/lib, com.sun.management.jmxremote.ssl=false, sun.java.command=org.apache.catalina.startup.Bootstrap start, jdk.debug=release, java.specification.vendor=Oracle Corporation, java.naming.factory.url.pkgs=org.apache.naming:org.apache.openejb.core.ivm.naming, openejb.embedder.source=ServerListener, java.version.date=2021-01-19, java.home=/usr/lib/jvm/java-11-openjdk-amd64, ignore.endorsed.dirs=, file.separator=/, java.vm.compressedOopsMode=Zero based, line.separator=
, hibernate.c3p0.timeout=300, java.specification.name=Java Platform API Specification, java.vm.specification.vendor=Oracle Corporation, openejb.scan.webapp.container=true, com.sun.management.jmxremote.password.file=/home/student/.cache/JetBrains/IntelliJIdea2020.3/tomcat/29758963-d76b-4bdf-9324-ad10a65bfd40/jmxremote.password, package.definition=sun.,java.,org.apache.catalina.,org.apache.coyote.,org.apache.jasper.,org.apache.naming.,org.apache.tomcat., openejb.deployments.classpath.filter.systemapps=false, jdk.tls.ephemeralDHKeySize=2048, java.util.logging.config.file=/home/student/.cache/JetBrains/IntelliJIdea2020.3/tomcat/29758963-d76b-4bdf-9324-ad10a65bfd40/conf/logging.properties, java.protocol.handler.pkgs=org.apache.catalina.webresources, connection.password=student, sun.management.compiler=HotSpot 64-Bit Tiered Compilers, openejb.scan.webapp.container.excludes=, java.runtime.version=11.0.10+9-Ubuntu-0ubuntu1.20.04, user.name=student, org.apache.johnzon.max-string-length=8192, file.encoding=UTF-8, derby.system.home=/home/student/tomcat/bin, org.apache.catalina.security.SecurityListener.UMASK=0027, hibernate.connection.driver_class=com.mysql.cj.jdbc.Driver, java.io.tmpdir=/home/student/tomcat/temp, tomcat.util.scan.StandardJarScanFilter.jarsToScan=log4j-taglib*.jar,log4j-web*.jar,log4javascript*.jar,slf4j-taglib*.jar, java.version=11.0.10, com.sun.management.jmxremote.port=1099, tomcat.util.scan.StandardJarScanFilter.jarsToSkip=annotations-api.jar,ant-junit*.jar,ant-launcher.jar,ant.jar,asm-*.jar,aspectj*.jar,bootstrap.jar,catalina-ant.jar,catalina-ha.jar,catalina-jmx-remote.jar,catalina-storeconfig.jar,catalina-tribes.jar,catalina-ws.jar,catalina.jar,cglib-*.jar,cobertura-*.jar,commons-beanutils*.jar,commons-codec*.jar,commons-collections*.jar,commons-daemon.jar,commons-dbcp*.jar,commons-digester*.jar,commons-fileupload*.jar,commons-httpclient*.jar,commons-io*.jar,commons-lang*.jar,commons-logging*.jar,commons-math*.jar,commons-pool*.jar,dom4j-*.jar,easymock-*.jar,ecj-*.jar,el-api.jar,geronimo-spec-jaxrpc*.jar,h2*.jar,hamcrest-*.jar,hibernate*.jar,httpclient*.jar,icu4j-*.jar,jasper-el.jar,jasper.jar,jaspic-api.jar,jaxb-*.jar,jaxen-*.jar,jdom-*.jar,jetty-*.jar,jmx-tools.jar,jmx.jar,jsp-api.jar,jstl.jar,jta*.jar,junit-*.jar,junit.jar,log4j*.jar,mail*.jar,objenesis-*.jar,oraclepki.jar,oro-*.jar,servlet-api-*.jar,servlet-api.jar,slf4j*.jar,taglibs-standard-spec-*.jar,tagsoup-*.jar,tomcat-api.jar,tomcat-coyote.jar,tomcat-dbcp.jar,tomcat-i18n-*.jar,tomcat-jdbc.jar,tomcat-jni.jar,tomcat-juli-adapters.jar,tomcat-juli.jar,tomcat-util-scan.jar,tomcat-util.jar,tomcat-websocket.jar,tools.jar,websocket-api.jar,wsdl4j*.jar,xercesImpl.jar,xml-apis.jar,xmlParserAPIs-*.jar,xmlParserAPIs.jar,xom-*.jar, connection.username=root, java.vm.specification.name=Java Virtual Machine Specification, java.awt.printerjob=sun.print.PSPrinterJob, sun.os.patch.level=unknown, connection.driver_class=com.mysql.cj.jdbc.Driver, tomcat.built=May 4 2019 09:17:16 UTC, java.library.path=/usr/java/packages/lib:/usr/lib/x86_64-linux-gnu/jni:/lib/x86_64-linux-gnu:/usr/lib/x86_64-linux-gnu:/usr/lib/jni:/lib:/usr/lib, java.vendor=Ubuntu, tomee.version=7.1.1, java.rmi.server.randomIDs=true, sun.io.unicode.encoding=UnicodeLittle, tomcat.util.buf.StringCache.byte.enabled=true, sun.desktop=gnome, java.class.path=/home/student/tomcat/bin/bootstrap.jar:/home/student/tomcat/bin/tomcat-juli.jar, tomcat.version=8.5.41.0, java.vm.vendor=Ubuntu, openejb.home=/home/student/tomcat, openejb.system.apps=true, user.timezone=America/Chicago, os.name=Linux, java.vm.specification.version=11, sun.java.launcher=SUN_STANDARD, user.country=US, openejb.base=/home/student/.cache/JetBrains/IntelliJIdea2020.3/tomcat/29758963-d76b-4bdf-9324-ad10a65bfd40, com.sun.management.jmxremote=, sun.cpu.endian=little, user.home=/home/student, hibernate.c3p0.max_statements=50, user.language=en, openejb.deployments.classpath=false, java.awt.graphicsenv=sun.awt.X11GraphicsEnvironment, package.access=sun.,org.apache.catalina.,org.apache.coyote.,org.apache.jasper.,org.apache.tomcat., openejb.loader=tomcat-system, server.loader=, com.sun.management.jmxremote.access.file=/home/student/.cache/JetBrains/IntelliJIdea2020.3/tomcat/29758963-d76b-4bdf-9324-ad10a65bfd40/jmxremote.access, hibernate.c3p0.max_size=20, java.naming.factory.initial=org.apache.naming.java.javaURLContextFactory, path.separator=:, org.apache.openejb.core.security.JaccProvider=org.apache.openejb.core.security.jacc.BasicJaccProvider, common.loader="/home/student/tomcat/lib","/home/student/tomcat/lib/*.jar","/home/student/tomcat/lib","/home/student/tomcat/lib/*.jar", hibernate.connection.username=****, os.version=5.4.0-70-generic, openejb.version=7.1.1, org.apache.security.jacc.EJBMethodPermission.methodInterfaces=BusinessLocalHome,BusinessRemoteHome,BusinessRemote,BusinessLocal, java.runtime.name=OpenJDK Runtime Environment, hibernate.connection.url=jdbc:mysql://localhost:3306/budget_tracker, java.vm.name=OpenJDK 64-Bit Server VM, openejb.scan.webapp.container.includes=.*(geronimo|mp-jwt|failsafe).*, tomee.remote.support=true, java.vendor.url.bug=https://bugs.launchpad.net/ubuntu/+source/openjdk-lts, catalina.home=/home/student/tomcat, user.dir=/home/student/tomcat/bin, bval.in-container=true, os.arch=amd64, openjpa.Log=org.apache.openejb.openjpa.JULOpenJPALogFactory, hibernate.connection.password=****, tomee.serialization.class.blacklist=-, tomee.serialization.class.whitelist=, shared.loader=, catalina.base=/home/student/.cache/JetBrains/IntelliJIdea2020.3/tomcat/29758963-d76b-4bdf-9324-ad10a65bfd40, hibernate.boot.CfgXmlAccessService.key=org.hibernate.boot.cfgxml.spi.LoadedConfig@43a1fbc6, noBanner=true, java.util.logging.manager=org.apache.juli.ClassLoaderLogManager, org.apache.webbeans.logger.WebBeansLoggerFacade=org.apache.openejb.cdi.logging.ContainerJULLoggerFactory, java.vm.info=mixed mode, sharing, java.vm.version=11.0.10+9-Ubuntu-0ubuntu1.20.04, hibernate.bytecode.use_reflection_optimizer=false, java.rmi.server.hostname=127.0.0.1, javax.security.jacc.PolicyConfigurationFactory.provider=org.apache.openejb.core.security.JaccProvider$Factory, connection.url=jdbc:mysql://localhost:3306/budget_tracker, java.class.version=55.0, authconfigprovider.factory=false}
[DEBUG] 2021-03-31 20:24:30.533 [http-nio-8080-exec-5] ClassLoaderAccessImpl - Not known whether passed class name [edu.matc.entity.User] is safe
[DEBUG] 2021-03-31 20:24:30.533 [http-nio-8080-exec-5] ClassLoaderAccessImpl - No temp ClassLoader provided; using live ClassLoader for loading potentially unsafe class : edu.matc.entity.User
[DEBUG] 2021-03-31 20:24:30.561 [http-nio-8080-exec-5] ClassLoaderAccessImpl - Not known whether passed class name [edu.matc.entity.Category] is safe
[DEBUG] 2021-03-31 20:24:30.561 [http-nio-8080-exec-5] ClassLoaderAccessImpl - No temp ClassLoader provided; using live ClassLoader for loading potentially unsafe class : edu.matc.entity.Category
[DEBUG] 2021-03-31 20:24:30.564 [http-nio-8080-exec-5] ClassLoaderAccessImpl - Not known whether passed class name [edu.matc.entity.Entry] is safe
[DEBUG] 2021-03-31 20:24:30.564 [http-nio-8080-exec-5] ClassLoaderAccessImpl - No temp ClassLoader provided; using live ClassLoader for loading potentially unsafe class : edu.matc.entity.Entry
[DEBUG] 2021-03-31 20:24:30.574 [http-nio-8080-exec-5] JaccIntegrator - Skipping JACC integration as it was not enabled
[DEBUG] 2021-03-31 20:24:30.574 [http-nio-8080-exec-5] SessionFactoryImpl - Instantiated session factory
[DEBUG] 2021-03-31 20:24:30.574 [http-nio-8080-exec-5] TypeConfiguration$Scope - Scoping TypeConfiguration [org.hibernate.type.spi.TypeConfiguration@5c5addf0] to SessionFactoryImpl [org.hibernate.internal.SessionFactoryImpl@4b13bd8e]
[DEBUG] 2021-03-31 20:24:30.653 [http-nio-8080-exec-5] ClassLoaderAccessImpl - Not known whether passed class name [edu.matc.entity.User] is safe
[DEBUG] 2021-03-31 20:24:30.656 [http-nio-8080-exec-5] ClassLoaderAccessImpl - No temp ClassLoader provided; using live ClassLoader for loading potentially unsafe class : edu.matc.entity.User
[DEBUG] 2021-03-31 20:24:30.688 [http-nio-8080-exec-5] ClassLoaderAccessImpl - Not known whether passed class name [edu.matc.entity.User] is safe
[DEBUG] 2021-03-31 20:24:30.688 [http-nio-8080-exec-5] ClassLoaderAccessImpl - No temp ClassLoader provided; using live ClassLoader for loading potentially unsafe class : edu.matc.entity.User
[DEBUG] 2021-03-31 20:24:30.922 [http-nio-8080-exec-5] ClassLoaderAccessImpl - Not known whether passed class name [edu.matc.entity.Category] is safe
[DEBUG] 2021-03-31 20:24:30.923 [http-nio-8080-exec-5] ClassLoaderAccessImpl - No temp ClassLoader provided; using live ClassLoader for loading potentially unsafe class : edu.matc.entity.Category
[DEBUG] 2021-03-31 20:24:30.924 [http-nio-8080-exec-5] ClassLoaderAccessImpl - Not known whether passed class name [edu.matc.entity.Category] is safe
[DEBUG] 2021-03-31 20:24:30.924 [http-nio-8080-exec-5] ClassLoaderAccessImpl - No temp ClassLoader provided; using live ClassLoader for loading potentially unsafe class : edu.matc.entity.Category
[DEBUG] 2021-03-31 20:24:30.957 [http-nio-8080-exec-5] ClassLoaderAccessImpl - Not known whether passed class name [edu.matc.entity.Entry] is safe
[DEBUG] 2021-03-31 20:24:30.957 [http-nio-8080-exec-5] ClassLoaderAccessImpl - No temp ClassLoader provided; using live ClassLoader for loading potentially unsafe class : edu.matc.entity.Entry
[DEBUG] 2021-03-31 20:24:30.958 [http-nio-8080-exec-5] ClassLoaderAccessImpl - Not known whether passed class name [edu.matc.entity.Entry] is safe
[DEBUG] 2021-03-31 20:24:30.958 [http-nio-8080-exec-5] ClassLoaderAccessImpl - No temp ClassLoader provided; using live ClassLoader for loading potentially unsafe class : edu.matc.entity.Entry
[DEBUG] 2021-03-31 20:24:31.000 [http-nio-8080-exec-5] AbstractEntityPersister - Static SQL for entity: edu.matc.entity.User
[DEBUG] 2021-03-31 20:24:31.000 [http-nio-8080-exec-5] AbstractEntityPersister -  Version select: select id from user where id =?
[DEBUG] 2021-03-31 20:24:31.001 [http-nio-8080-exec-5] AbstractEntityPersister -  Snapshot select: select user_.id, user_.birthdate as birthdat2_2_, user_.email as email3_2_, user_.first_name as first_na4_2_, user_.last_name as last_nam5_2_, user_.password as password6_2_, user_.username as username7_2_ from user user_ where user_.id=?
[DEBUG] 2021-03-31 20:24:31.001 [http-nio-8080-exec-5] AbstractEntityPersister -  Insert 0: insert into user (birthdate, email, first_name, last_name, password, username, id) values (?, ?, ?, ?, ?, ?, ?)
[DEBUG] 2021-03-31 20:24:31.001 [http-nio-8080-exec-5] AbstractEntityPersister -  Update 0: update user set birthdate=?, email=?, first_name=?, last_name=?, password=?, username=? where id=?
[DEBUG] 2021-03-31 20:24:31.001 [http-nio-8080-exec-5] AbstractEntityPersister -  Delete 0: delete from user where id=?
[DEBUG] 2021-03-31 20:24:31.001 [http-nio-8080-exec-5] AbstractEntityPersister -  Identity insert: insert into user (birthdate, email, first_name, last_name, password, username) values (?, ?, ?, ?, ?, ?)
[DEBUG] 2021-03-31 20:24:31.022 [http-nio-8080-exec-5] QuerySpacesImpl - Adding QuerySpace : uid = <gen:0> -> org.hibernate.loader.plan.build.internal.spaces.EntityQuerySpaceImpl@2a1310b7]
[DEBUG] 2021-03-31 20:24:31.024 [http-nio-8080-exec-5] MetamodelGraphWalker - Visiting attribute path : birthdate
[DEBUG] 2021-03-31 20:24:31.024 [http-nio-8080-exec-5] MetamodelGraphWalker - Visiting attribute path : email
[DEBUG] 2021-03-31 20:24:31.024 [http-nio-8080-exec-5] MetamodelGraphWalker - Visiting attribute path : firstName
[DEBUG] 2021-03-31 20:24:31.024 [http-nio-8080-exec-5] MetamodelGraphWalker - Visiting attribute path : lastName
[DEBUG] 2021-03-31 20:24:31.024 [http-nio-8080-exec-5] MetamodelGraphWalker - Visiting attribute path : password
[DEBUG] 2021-03-31 20:24:31.024 [http-nio-8080-exec-5] MetamodelGraphWalker - Visiting attribute path : userName
[DEBUG] 2021-03-31 20:24:31.024 [http-nio-8080-exec-5] FetchStyleLoadPlanBuildingAssociationVisitationStrategy - Building LoadPlan...
[DEBUG] 2021-03-31 20:24:31.035 [http-nio-8080-exec-5] LoadQueryJoinAndFetchProcessor - processing queryspace <gen:0>
[DEBUG] 2021-03-31 20:24:31.038 [http-nio-8080-exec-5] LoadPlanTreePrinter - LoadPlan(entity=edu.matc.entity.User)
    - Returns
       - EntityReturnImpl(entity=edu.matc.entity.User, querySpaceUid=<gen:0>, path=edu.matc.entity.User)
    - QuerySpaces
       - EntityQuerySpaceImpl(uid=<gen:0>, entity=edu.matc.entity.User)
          - SQL table alias mapping - user0_
          - alias suffix - 0_
          - suffixed key columns - {id1_2_0_}

[DEBUG] 2021-03-31 20:24:31.041 [http-nio-8080-exec-5] EntityLoader - Static select for entity edu.matc.entity.User [NONE]: select user0_.id as id1_2_0_, user0_.birthdate as birthdat2_2_0_, user0_.email as email3_2_0_, user0_.first_name as first_na4_2_0_, user0_.last_name as last_nam5_2_0_, user0_.password as password6_2_0_, user0_.username as username7_2_0_ from user user0_ where user0_.id=?
[DEBUG] 2021-03-31 20:24:31.041 [http-nio-8080-exec-5] QuerySpacesImpl - Adding QuerySpace : uid = <gen:0> -> org.hibernate.loader.plan.build.internal.spaces.EntityQuerySpaceImpl@1c48089d]
[DEBUG] 2021-03-31 20:24:31.041 [http-nio-8080-exec-5] MetamodelGraphWalker - Visiting attribute path : birthdate
[DEBUG] 2021-03-31 20:24:31.041 [http-nio-8080-exec-5] MetamodelGraphWalker - Visiting attribute path : email
[DEBUG] 2021-03-31 20:24:31.041 [http-nio-8080-exec-5] MetamodelGraphWalker - Visiting attribute path : firstName
[DEBUG] 2021-03-31 20:24:31.041 [http-nio-8080-exec-5] MetamodelGraphWalker - Visiting attribute path : lastName
[DEBUG] 2021-03-31 20:24:31.041 [http-nio-8080-exec-5] MetamodelGraphWalker - Visiting attribute path : password
[DEBUG] 2021-03-31 20:24:31.041 [http-nio-8080-exec-5] MetamodelGraphWalker - Visiting attribute path : userName
[DEBUG] 2021-03-31 20:24:31.041 [http-nio-8080-exec-5] FetchStyleLoadPlanBuildingAssociationVisitationStrategy - Building LoadPlan...
[DEBUG] 2021-03-31 20:24:31.042 [http-nio-8080-exec-5] LoadQueryJoinAndFetchProcessor - processing queryspace <gen:0>
[DEBUG] 2021-03-31 20:24:31.042 [http-nio-8080-exec-5] LoadPlanTreePrinter - LoadPlan(entity=edu.matc.entity.User)
    - Returns
       - EntityReturnImpl(entity=edu.matc.entity.User, querySpaceUid=<gen:0>, path=edu.matc.entity.User)
    - QuerySpaces
       - EntityQuerySpaceImpl(uid=<gen:0>, entity=edu.matc.entity.User)
          - SQL table alias mapping - user0_
          - alias suffix - 0_
          - suffixed key columns - {id1_2_0_}

[DEBUG] 2021-03-31 20:24:31.042 [http-nio-8080-exec-5] EntityLoader - Static select for entity edu.matc.entity.User [READ]: select user0_.id as id1_2_0_, user0_.birthdate as birthdat2_2_0_, user0_.email as email3_2_0_, user0_.first_name as first_na4_2_0_, user0_.last_name as last_nam5_2_0_, user0_.password as password6_2_0_, user0_.username as username7_2_0_ from user user0_ where user0_.id=?
[DEBUG] 2021-03-31 20:24:31.054 [http-nio-8080-exec-5] Loader - Static select for action ACTION_MERGE on entity edu.matc.entity.User: select user0_.id as id1_2_0_, user0_.birthdate as birthdat2_2_0_, user0_.email as email3_2_0_, user0_.first_name as first_na4_2_0_, user0_.last_name as last_nam5_2_0_, user0_.password as password6_2_0_, user0_.username as username7_2_0_ from user user0_ where user0_.id=?
[DEBUG] 2021-03-31 20:24:31.055 [http-nio-8080-exec-5] Loader - Static select for action ACTION_REFRESH on entity edu.matc.entity.User: select user0_.id as id1_2_0_, user0_.birthdate as birthdat2_2_0_, user0_.email as email3_2_0_, user0_.first_name as first_na4_2_0_, user0_.last_name as last_nam5_2_0_, user0_.password as password6_2_0_, user0_.username as username7_2_0_ from user user0_ where user0_.id=?
[DEBUG] 2021-03-31 20:24:31.055 [http-nio-8080-exec-5] AbstractEntityPersister - Static SQL for entity: edu.matc.entity.Category
[DEBUG] 2021-03-31 20:24:31.055 [http-nio-8080-exec-5] AbstractEntityPersister -  Version select: select id from category where id =?
[DEBUG] 2021-03-31 20:24:31.055 [http-nio-8080-exec-5] AbstractEntityPersister -  Snapshot select: select category_.id, category_.category_description as category2_0_, category_.category_name as category3_0_, category_.color as color4_0_, category_.user_id as user_id5_0_ from category category_ where category_.id=?
[DEBUG] 2021-03-31 20:24:31.055 [http-nio-8080-exec-5] AbstractEntityPersister -  Insert 0: insert into category (category_description, category_name, color, user_id, id) values (?, ?, ?, ?, ?)
[DEBUG] 2021-03-31 20:24:31.055 [http-nio-8080-exec-5] AbstractEntityPersister -  Update 0: update category set category_description=?, category_name=?, color=?, user_id=? where id=?
[DEBUG] 2021-03-31 20:24:31.055 [http-nio-8080-exec-5] AbstractEntityPersister -  Delete 0: delete from category where id=?
[DEBUG] 2021-03-31 20:24:31.055 [http-nio-8080-exec-5] AbstractEntityPersister -  Identity insert: insert into category (category_description, category_name, color, user_id) values (?, ?, ?, ?)
[DEBUG] 2021-03-31 20:24:31.056 [http-nio-8080-exec-5] QuerySpacesImpl - Adding QuerySpace : uid = <gen:0> -> org.hibernate.loader.plan.build.internal.spaces.EntityQuerySpaceImpl@3543fbdb]
[DEBUG] 2021-03-31 20:24:31.057 [http-nio-8080-exec-5] MetamodelGraphWalker - Visiting attribute path : categoryDescription
[DEBUG] 2021-03-31 20:24:31.059 [http-nio-8080-exec-5] MetamodelGraphWalker - Visiting attribute path : categoryName
[DEBUG] 2021-03-31 20:24:31.059 [http-nio-8080-exec-5] MetamodelGraphWalker - Visiting attribute path : color
[DEBUG] 2021-03-31 20:24:31.059 [http-nio-8080-exec-5] MetamodelGraphWalker - Visiting attribute path : userId
[DEBUG] 2021-03-31 20:24:31.062 [http-nio-8080-exec-5] QuerySpacesImpl - Adding QuerySpace : uid = <gen:1> -> org.hibernate.loader.plan.build.internal.spaces.EntityQuerySpaceImpl@7a5a1bd2]
[DEBUG] 2021-03-31 20:24:31.064 [http-nio-8080-exec-5] MetamodelGraphWalker - Visiting attribute path : userId.birthdate
[DEBUG] 2021-03-31 20:24:31.064 [http-nio-8080-exec-5] MetamodelGraphWalker - Visiting attribute path : userId.email
[DEBUG] 2021-03-31 20:24:31.064 [http-nio-8080-exec-5] MetamodelGraphWalker - Visiting attribute path : userId.firstName
[DEBUG] 2021-03-31 20:24:31.064 [http-nio-8080-exec-5] MetamodelGraphWalker - Visiting attribute path : userId.lastName
[DEBUG] 2021-03-31 20:24:31.064 [http-nio-8080-exec-5] MetamodelGraphWalker - Visiting attribute path : userId.password
[DEBUG] 2021-03-31 20:24:31.064 [http-nio-8080-exec-5] MetamodelGraphWalker - Visiting attribute path : userId.userName
[DEBUG] 2021-03-31 20:24:31.064 [http-nio-8080-exec-5] FetchStyleLoadPlanBuildingAssociationVisitationStrategy - Building LoadPlan...
[DEBUG] 2021-03-31 20:24:31.064 [http-nio-8080-exec-5] LoadQueryJoinAndFetchProcessor - processing queryspace <gen:0>
[DEBUG] 2021-03-31 20:24:31.065 [http-nio-8080-exec-5] LoadPlanTreePrinter - LoadPlan(entity=edu.matc.entity.Category)
    - Returns
       - EntityReturnImpl(entity=edu.matc.entity.Category, querySpaceUid=<gen:0>, path=edu.matc.entity.Category)
          - EntityAttributeFetchImpl(entity=edu.matc.entity.User, querySpaceUid=<gen:1>, path=edu.matc.entity.Category.userId)
    - QuerySpaces
       - EntityQuerySpaceImpl(uid=<gen:0>, entity=edu.matc.entity.Category)
          - SQL table alias mapping - category0_
          - alias suffix - 0_
          - suffixed key columns - {id1_0_0_}
          - JOIN (JoinDefinedByMetadata(userId)) : <gen:0> -> <gen:1>
             - EntityQuerySpaceImpl(uid=<gen:1>, entity=edu.matc.entity.User)
                - SQL table alias mapping - user1_
                - alias suffix - 1_
                - suffixed key columns - {id1_2_1_}

[DEBUG] 2021-03-31 20:24:31.065 [http-nio-8080-exec-5] EntityLoader - Static select for entity edu.matc.entity.Category [NONE]: select category0_.id as id1_0_0_, category0_.category_description as category2_0_0_, category0_.category_name as category3_0_0_, category0_.color as color4_0_0_, category0_.user_id as user_id5_0_0_, user1_.id as id1_2_1_, user1_.birthdate as birthdat2_2_1_, user1_.email as email3_2_1_, user1_.first_name as first_na4_2_1_, user1_.last_name as last_nam5_2_1_, user1_.password as password6_2_1_, user1_.username as username7_2_1_ from category category0_ left outer join user user1_ on category0_.user_id=user1_.id where category0_.id=?
[DEBUG] 2021-03-31 20:24:31.065 [http-nio-8080-exec-5] QuerySpacesImpl - Adding QuerySpace : uid = <gen:0> -> org.hibernate.loader.plan.build.internal.spaces.EntityQuerySpaceImpl@5e32ab9e]
[DEBUG] 2021-03-31 20:24:31.065 [http-nio-8080-exec-5] MetamodelGraphWalker - Visiting attribute path : categoryDescription
[DEBUG] 2021-03-31 20:24:31.065 [http-nio-8080-exec-5] MetamodelGraphWalker - Visiting attribute path : categoryName
[DEBUG] 2021-03-31 20:24:31.065 [http-nio-8080-exec-5] MetamodelGraphWalker - Visiting attribute path : color
[DEBUG] 2021-03-31 20:24:31.065 [http-nio-8080-exec-5] MetamodelGraphWalker - Visiting attribute path : userId
[DEBUG] 2021-03-31 20:24:31.065 [http-nio-8080-exec-5] QuerySpacesImpl - Adding QuerySpace : uid = <gen:1> -> org.hibernate.loader.plan.build.internal.spaces.EntityQuerySpaceImpl@63735498]
[DEBUG] 2021-03-31 20:24:31.065 [http-nio-8080-exec-5] MetamodelGraphWalker - Visiting attribute path : userId.birthdate
[DEBUG] 2021-03-31 20:24:31.065 [http-nio-8080-exec-5] MetamodelGraphWalker - Visiting attribute path : userId.email
[DEBUG] 2021-03-31 20:24:31.065 [http-nio-8080-exec-5] MetamodelGraphWalker - Visiting attribute path : userId.firstName
[DEBUG] 2021-03-31 20:24:31.065 [http-nio-8080-exec-5] MetamodelGraphWalker - Visiting attribute path : userId.lastName
[DEBUG] 2021-03-31 20:24:31.065 [http-nio-8080-exec-5] MetamodelGraphWalker - Visiting attribute path : userId.password
[DEBUG] 2021-03-31 20:24:31.065 [http-nio-8080-exec-5] MetamodelGraphWalker - Visiting attribute path : userId.userName
[DEBUG] 2021-03-31 20:24:31.065 [http-nio-8080-exec-5] FetchStyleLoadPlanBuildingAssociationVisitationStrategy - Building LoadPlan...
[DEBUG] 2021-03-31 20:24:31.065 [http-nio-8080-exec-5] LoadQueryJoinAndFetchProcessor - processing queryspace <gen:0>
[DEBUG] 2021-03-31 20:24:31.066 [http-nio-8080-exec-5] LoadPlanTreePrinter - LoadPlan(entity=edu.matc.entity.Category)
    - Returns
       - EntityReturnImpl(entity=edu.matc.entity.Category, querySpaceUid=<gen:0>, path=edu.matc.entity.Category)
          - EntityAttributeFetchImpl(entity=edu.matc.entity.User, querySpaceUid=<gen:1>, path=edu.matc.entity.Category.userId)
    - QuerySpaces
       - EntityQuerySpaceImpl(uid=<gen:0>, entity=edu.matc.entity.Category)
          - SQL table alias mapping - category0_
          - alias suffix - 0_
          - suffixed key columns - {id1_0_0_}
          - JOIN (JoinDefinedByMetadata(userId)) : <gen:0> -> <gen:1>
             - EntityQuerySpaceImpl(uid=<gen:1>, entity=edu.matc.entity.User)
                - SQL table alias mapping - user1_
                - alias suffix - 1_
                - suffixed key columns - {id1_2_1_}

[DEBUG] 2021-03-31 20:24:31.066 [http-nio-8080-exec-5] EntityLoader - Static select for entity edu.matc.entity.Category [READ]: select category0_.id as id1_0_0_, category0_.category_description as category2_0_0_, category0_.category_name as category3_0_0_, category0_.color as color4_0_0_, category0_.user_id as user_id5_0_0_, user1_.id as id1_2_1_, user1_.birthdate as birthdat2_2_1_, user1_.email as email3_2_1_, user1_.first_name as first_na4_2_1_, user1_.last_name as last_nam5_2_1_, user1_.password as password6_2_1_, user1_.username as username7_2_1_ from category category0_ left outer join user user1_ on category0_.user_id=user1_.id where category0_.id=?
[DEBUG] 2021-03-31 20:24:31.066 [http-nio-8080-exec-5] Loader - Static select for action ACTION_MERGE on entity edu.matc.entity.Category: select category0_.id as id1_0_0_, category0_.category_description as category2_0_0_, category0_.category_name as category3_0_0_, category0_.color as color4_0_0_, category0_.user_id as user_id5_0_0_ from category category0_ where category0_.id=?
[DEBUG] 2021-03-31 20:24:31.066 [http-nio-8080-exec-5] Loader - Static select for action ACTION_REFRESH on entity edu.matc.entity.Category: select category0_.id as id1_0_0_, category0_.category_description as category2_0_0_, category0_.category_name as category3_0_0_, category0_.color as color4_0_0_, category0_.user_id as user_id5_0_0_ from category category0_ where category0_.id=?
[DEBUG] 2021-03-31 20:24:31.066 [http-nio-8080-exec-5] AbstractEntityPersister - Static SQL for entity: edu.matc.entity.Entry
[DEBUG] 2021-03-31 20:24:31.066 [http-nio-8080-exec-5] AbstractEntityPersister -  Version select: select id from entry where id =?
[DEBUG] 2021-03-31 20:24:31.066 [http-nio-8080-exec-5] AbstractEntityPersister -  Snapshot select: select entry_.id, entry_.category_id as category6_1_, entry_.date as date2_1_, entry_.entry_name as entry_na3_1_, entry_.entry_type as entry_ty4_1_, entry_.user_id as user_id7_1_, entry_.value as value5_1_ from entry entry_ where entry_.id=?
[DEBUG] 2021-03-31 20:24:31.066 [http-nio-8080-exec-5] AbstractEntityPersister -  Insert 0: insert into entry (category_id, date, entry_name, entry_type, user_id, value, id) values (?, ?, ?, ?, ?, ?, ?)
[DEBUG] 2021-03-31 20:24:31.066 [http-nio-8080-exec-5] AbstractEntityPersister -  Update 0: update entry set category_id=?, date=?, entry_name=?, entry_type=?, user_id=?, value=? where id=?
[DEBUG] 2021-03-31 20:24:31.066 [http-nio-8080-exec-5] AbstractEntityPersister -  Delete 0: delete from entry where id=?
[DEBUG] 2021-03-31 20:24:31.066 [http-nio-8080-exec-5] AbstractEntityPersister -  Identity insert: insert into entry (category_id, date, entry_name, entry_type, user_id, value) values (?, ?, ?, ?, ?, ?)
[DEBUG] 2021-03-31 20:24:31.066 [http-nio-8080-exec-5] QuerySpacesImpl - Adding QuerySpace : uid = <gen:0> -> org.hibernate.loader.plan.build.internal.spaces.EntityQuerySpaceImpl@61047f98]
[DEBUG] 2021-03-31 20:24:31.066 [http-nio-8080-exec-5] MetamodelGraphWalker - Visiting attribute path : categoryId
[DEBUG] 2021-03-31 20:24:31.066 [http-nio-8080-exec-5] QuerySpacesImpl - Adding QuerySpace : uid = <gen:1> -> org.hibernate.loader.plan.build.internal.spaces.EntityQuerySpaceImpl@157cd676]
[DEBUG] 2021-03-31 20:24:31.066 [http-nio-8080-exec-5] MetamodelGraphWalker - Visiting attribute path : categoryId.categoryDescription
[DEBUG] 2021-03-31 20:24:31.066 [http-nio-8080-exec-5] MetamodelGraphWalker - Visiting attribute path : categoryId.categoryName
[DEBUG] 2021-03-31 20:24:31.066 [http-nio-8080-exec-5] MetamodelGraphWalker - Visiting attribute path : categoryId.color
[DEBUG] 2021-03-31 20:24:31.066 [http-nio-8080-exec-5] MetamodelGraphWalker - Visiting attribute path : categoryId.userId
[DEBUG] 2021-03-31 20:24:31.066 [http-nio-8080-exec-5] QuerySpacesImpl - Adding QuerySpace : uid = <gen:2> -> org.hibernate.loader.plan.build.internal.spaces.EntityQuerySpaceImpl@77bf4bc0]
[DEBUG] 2021-03-31 20:24:31.067 [http-nio-8080-exec-5] MetamodelGraphWalker - Visiting attribute path : categoryId.userId.birthdate
[DEBUG] 2021-03-31 20:24:31.067 [http-nio-8080-exec-5] MetamodelGraphWalker - Visiting attribute path : categoryId.userId.email
[DEBUG] 2021-03-31 20:24:31.067 [http-nio-8080-exec-5] MetamodelGraphWalker - Visiting attribute path : categoryId.userId.firstName
[DEBUG] 2021-03-31 20:24:31.067 [http-nio-8080-exec-5] MetamodelGraphWalker - Visiting attribute path : categoryId.userId.lastName
[DEBUG] 2021-03-31 20:24:31.067 [http-nio-8080-exec-5] MetamodelGraphWalker - Visiting attribute path : categoryId.userId.password
[DEBUG] 2021-03-31 20:24:31.067 [http-nio-8080-exec-5] MetamodelGraphWalker - Visiting attribute path : categoryId.userId.userName
[DEBUG] 2021-03-31 20:24:31.067 [http-nio-8080-exec-5] MetamodelGraphWalker - Visiting attribute path : date
[DEBUG] 2021-03-31 20:24:31.067 [http-nio-8080-exec-5] MetamodelGraphWalker - Visiting attribute path : entryName
[DEBUG] 2021-03-31 20:24:31.067 [http-nio-8080-exec-5] MetamodelGraphWalker - Visiting attribute path : entryType
[DEBUG] 2021-03-31 20:24:31.067 [http-nio-8080-exec-5] MetamodelGraphWalker - Visiting attribute path : userId
[DEBUG] 2021-03-31 20:24:31.067 [http-nio-8080-exec-5] QuerySpacesImpl - Adding QuerySpace : uid = <gen:3> -> org.hibernate.loader.plan.build.internal.spaces.EntityQuerySpaceImpl@7c6e70b5]
[DEBUG] 2021-03-31 20:24:31.067 [http-nio-8080-exec-5] MetamodelGraphWalker - Visiting attribute path : userId.birthdate
[DEBUG] 2021-03-31 20:24:31.067 [http-nio-8080-exec-5] MetamodelGraphWalker - Visiting attribute path : userId.email
[DEBUG] 2021-03-31 20:24:31.067 [http-nio-8080-exec-5] MetamodelGraphWalker - Visiting attribute path : userId.firstName
[DEBUG] 2021-03-31 20:24:31.067 [http-nio-8080-exec-5] MetamodelGraphWalker - Visiting attribute path : userId.lastName
[DEBUG] 2021-03-31 20:24:31.067 [http-nio-8080-exec-5] MetamodelGraphWalker - Visiting attribute path : userId.password
[DEBUG] 2021-03-31 20:24:31.067 [http-nio-8080-exec-5] MetamodelGraphWalker - Visiting attribute path : userId.userName
[DEBUG] 2021-03-31 20:24:31.067 [http-nio-8080-exec-5] MetamodelGraphWalker - Visiting attribute path : value
[DEBUG] 2021-03-31 20:24:31.067 [http-nio-8080-exec-5] FetchStyleLoadPlanBuildingAssociationVisitationStrategy - Building LoadPlan...
[DEBUG] 2021-03-31 20:24:31.067 [http-nio-8080-exec-5] LoadQueryJoinAndFetchProcessor - processing queryspace <gen:0>
[DEBUG] 2021-03-31 20:24:31.068 [http-nio-8080-exec-5] LoadPlanTreePrinter - LoadPlan(entity=edu.matc.entity.Entry)
    - Returns
       - EntityReturnImpl(entity=edu.matc.entity.Entry, querySpaceUid=<gen:0>, path=edu.matc.entity.Entry)
          - EntityAttributeFetchImpl(entity=edu.matc.entity.Category, querySpaceUid=<gen:1>, path=edu.matc.entity.Entry.categoryId)
             - EntityAttributeFetchImpl(entity=edu.matc.entity.User, querySpaceUid=<gen:2>, path=edu.matc.entity.Entry.categoryId.userId)
          - EntityAttributeFetchImpl(entity=edu.matc.entity.User, querySpaceUid=<gen:3>, path=edu.matc.entity.Entry.userId)
    - QuerySpaces
       - EntityQuerySpaceImpl(uid=<gen:0>, entity=edu.matc.entity.Entry)
          - SQL table alias mapping - entry0_
          - alias suffix - 0_
          - suffixed key columns - {id1_1_0_}
          - JOIN (JoinDefinedByMetadata(categoryId)) : <gen:0> -> <gen:1>
             - EntityQuerySpaceImpl(uid=<gen:1>, entity=edu.matc.entity.Category)
                - SQL table alias mapping - category1_
                - alias suffix - 1_
                - suffixed key columns - {id1_0_1_}
                - JOIN (JoinDefinedByMetadata(userId)) : <gen:1> -> <gen:2>
                   - EntityQuerySpaceImpl(uid=<gen:2>, entity=edu.matc.entity.User)
                      - SQL table alias mapping - user2_
                      - alias suffix - 2_
                      - suffixed key columns - {id1_2_2_}
          - JOIN (JoinDefinedByMetadata(userId)) : <gen:0> -> <gen:3>
             - EntityQuerySpaceImpl(uid=<gen:3>, entity=edu.matc.entity.User)
                - SQL table alias mapping - user3_
                - alias suffix - 3_
                - suffixed key columns - {id1_2_3_}

[DEBUG] 2021-03-31 20:24:31.069 [http-nio-8080-exec-5] EntityLoader - Static select for entity edu.matc.entity.Entry [NONE]: select entry0_.id as id1_1_0_, entry0_.category_id as category6_1_0_, entry0_.date as date2_1_0_, entry0_.entry_name as entry_na3_1_0_, entry0_.entry_type as entry_ty4_1_0_, entry0_.user_id as user_id7_1_0_, entry0_.value as value5_1_0_, category1_.id as id1_0_1_, category1_.category_description as category2_0_1_, category1_.category_name as category3_0_1_, category1_.color as color4_0_1_, category1_.user_id as user_id5_0_1_, user2_.id as id1_2_2_, user2_.birthdate as birthdat2_2_2_, user2_.email as email3_2_2_, user2_.first_name as first_na4_2_2_, user2_.last_name as last_nam5_2_2_, user2_.password as password6_2_2_, user2_.username as username7_2_2_, user3_.id as id1_2_3_, user3_.birthdate as birthdat2_2_3_, user3_.email as email3_2_3_, user3_.first_name as first_na4_2_3_, user3_.last_name as last_nam5_2_3_, user3_.password as password6_2_3_, user3_.username as username7_2_3_ from entry entry0_ left outer join category category1_ on entry0_.category_id=category1_.id left outer join user user2_ on category1_.user_id=user2_.id left outer join user user3_ on entry0_.user_id=user3_.id where entry0_.id=?
[DEBUG] 2021-03-31 20:24:31.069 [http-nio-8080-exec-5] QuerySpacesImpl - Adding QuerySpace : uid = <gen:0> -> org.hibernate.loader.plan.build.internal.spaces.EntityQuerySpaceImpl@6c48bce2]
[DEBUG] 2021-03-31 20:24:31.069 [http-nio-8080-exec-5] MetamodelGraphWalker - Visiting attribute path : categoryId
[DEBUG] 2021-03-31 20:24:31.069 [http-nio-8080-exec-5] QuerySpacesImpl - Adding QuerySpace : uid = <gen:1> -> org.hibernate.loader.plan.build.internal.spaces.EntityQuerySpaceImpl@7aa52c51]
[DEBUG] 2021-03-31 20:24:31.069 [http-nio-8080-exec-5] MetamodelGraphWalker - Visiting attribute path : categoryId.categoryDescription
[DEBUG] 2021-03-31 20:24:31.069 [http-nio-8080-exec-5] MetamodelGraphWalker - Visiting attribute path : categoryId.categoryName
[DEBUG] 2021-03-31 20:24:31.069 [http-nio-8080-exec-5] MetamodelGraphWalker - Visiting attribute path : categoryId.color
[DEBUG] 2021-03-31 20:24:31.069 [http-nio-8080-exec-5] MetamodelGraphWalker - Visiting attribute path : categoryId.userId
[DEBUG] 2021-03-31 20:24:31.069 [http-nio-8080-exec-5] QuerySpacesImpl - Adding QuerySpace : uid = <gen:2> -> org.hibernate.loader.plan.build.internal.spaces.EntityQuerySpaceImpl@1214a316]
[DEBUG] 2021-03-31 20:24:31.069 [http-nio-8080-exec-5] MetamodelGraphWalker - Visiting attribute path : categoryId.userId.birthdate
[DEBUG] 2021-03-31 20:24:31.069 [http-nio-8080-exec-5] MetamodelGraphWalker - Visiting attribute path : categoryId.userId.email
[DEBUG] 2021-03-31 20:24:31.069 [http-nio-8080-exec-5] MetamodelGraphWalker - Visiting attribute path : categoryId.userId.firstName
[DEBUG] 2021-03-31 20:24:31.069 [http-nio-8080-exec-5] MetamodelGraphWalker - Visiting attribute path : categoryId.userId.lastName
[DEBUG] 2021-03-31 20:24:31.069 [http-nio-8080-exec-5] MetamodelGraphWalker - Visiting attribute path : categoryId.userId.password
[DEBUG] 2021-03-31 20:24:31.069 [http-nio-8080-exec-5] MetamodelGraphWalker - Visiting attribute path : categoryId.userId.userName
[DEBUG] 2021-03-31 20:24:31.069 [http-nio-8080-exec-5] MetamodelGraphWalker - Visiting attribute path : date
[DEBUG] 2021-03-31 20:24:31.069 [http-nio-8080-exec-5] MetamodelGraphWalker - Visiting attribute path : entryName
[DEBUG] 2021-03-31 20:24:31.069 [http-nio-8080-exec-5] MetamodelGraphWalker - Visiting attribute path : entryType
[DEBUG] 2021-03-31 20:24:31.069 [http-nio-8080-exec-5] MetamodelGraphWalker - Visiting attribute path : userId
[DEBUG] 2021-03-31 20:24:31.070 [http-nio-8080-exec-5] QuerySpacesImpl - Adding QuerySpace : uid = <gen:3> -> org.hibernate.loader.plan.build.internal.spaces.EntityQuerySpaceImpl@3cb03360]
[DEBUG] 2021-03-31 20:24:31.070 [http-nio-8080-exec-5] MetamodelGraphWalker - Visiting attribute path : userId.birthdate
[DEBUG] 2021-03-31 20:24:31.070 [http-nio-8080-exec-5] MetamodelGraphWalker - Visiting attribute path : userId.email
[DEBUG] 2021-03-31 20:24:31.070 [http-nio-8080-exec-5] MetamodelGraphWalker - Visiting attribute path : userId.firstName
[DEBUG] 2021-03-31 20:24:31.070 [http-nio-8080-exec-5] MetamodelGraphWalker - Visiting attribute path : userId.lastName
[DEBUG] 2021-03-31 20:24:31.070 [http-nio-8080-exec-5] MetamodelGraphWalker - Visiting attribute path : userId.password
[DEBUG] 2021-03-31 20:24:31.070 [http-nio-8080-exec-5] MetamodelGraphWalker - Visiting attribute path : userId.userName
[DEBUG] 2021-03-31 20:24:31.070 [http-nio-8080-exec-5] MetamodelGraphWalker - Visiting attribute path : value
[DEBUG] 2021-03-31 20:24:31.070 [http-nio-8080-exec-5] FetchStyleLoadPlanBuildingAssociationVisitationStrategy - Building LoadPlan...
[DEBUG] 2021-03-31 20:24:31.070 [http-nio-8080-exec-5] LoadQueryJoinAndFetchProcessor - processing queryspace <gen:0>
[DEBUG] 2021-03-31 20:24:31.071 [http-nio-8080-exec-5] LoadPlanTreePrinter - LoadPlan(entity=edu.matc.entity.Entry)
    - Returns
       - EntityReturnImpl(entity=edu.matc.entity.Entry, querySpaceUid=<gen:0>, path=edu.matc.entity.Entry)
          - EntityAttributeFetchImpl(entity=edu.matc.entity.Category, querySpaceUid=<gen:1>, path=edu.matc.entity.Entry.categoryId)
             - EntityAttributeFetchImpl(entity=edu.matc.entity.User, querySpaceUid=<gen:2>, path=edu.matc.entity.Entry.categoryId.userId)
          - EntityAttributeFetchImpl(entity=edu.matc.entity.User, querySpaceUid=<gen:3>, path=edu.matc.entity.Entry.userId)
    - QuerySpaces
       - EntityQuerySpaceImpl(uid=<gen:0>, entity=edu.matc.entity.Entry)
          - SQL table alias mapping - entry0_
          - alias suffix - 0_
          - suffixed key columns - {id1_1_0_}
          - JOIN (JoinDefinedByMetadata(categoryId)) : <gen:0> -> <gen:1>
             - EntityQuerySpaceImpl(uid=<gen:1>, entity=edu.matc.entity.Category)
                - SQL table alias mapping - category1_
                - alias suffix - 1_
                - suffixed key columns - {id1_0_1_}
                - JOIN (JoinDefinedByMetadata(userId)) : <gen:1> -> <gen:2>
                   - EntityQuerySpaceImpl(uid=<gen:2>, entity=edu.matc.entity.User)
                      - SQL table alias mapping - user2_
                      - alias suffix - 2_
                      - suffixed key columns - {id1_2_2_}
          - JOIN (JoinDefinedByMetadata(userId)) : <gen:0> -> <gen:3>
             - EntityQuerySpaceImpl(uid=<gen:3>, entity=edu.matc.entity.User)
                - SQL table alias mapping - user3_
                - alias suffix - 3_
                - suffixed key columns - {id1_2_3_}

[DEBUG] 2021-03-31 20:24:31.071 [http-nio-8080-exec-5] EntityLoader - Static select for entity edu.matc.entity.Entry [READ]: select entry0_.id as id1_1_0_, entry0_.category_id as category6_1_0_, entry0_.date as date2_1_0_, entry0_.entry_name as entry_na3_1_0_, entry0_.entry_type as entry_ty4_1_0_, entry0_.user_id as user_id7_1_0_, entry0_.value as value5_1_0_, category1_.id as id1_0_1_, category1_.category_description as category2_0_1_, category1_.category_name as category3_0_1_, category1_.color as color4_0_1_, category1_.user_id as user_id5_0_1_, user2_.id as id1_2_2_, user2_.birthdate as birthdat2_2_2_, user2_.email as email3_2_2_, user2_.first_name as first_na4_2_2_, user2_.last_name as last_nam5_2_2_, user2_.password as password6_2_2_, user2_.username as username7_2_2_, user3_.id as id1_2_3_, user3_.birthdate as birthdat2_2_3_, user3_.email as email3_2_3_, user3_.first_name as first_na4_2_3_, user3_.last_name as last_nam5_2_3_, user3_.password as password6_2_3_, user3_.username as username7_2_3_ from entry entry0_ left outer join category category1_ on entry0_.category_id=category1_.id left outer join user user2_ on category1_.user_id=user2_.id left outer join user user3_ on entry0_.user_id=user3_.id where entry0_.id=?
[DEBUG] 2021-03-31 20:24:31.071 [http-nio-8080-exec-5] Loader - Static select for action ACTION_MERGE on entity edu.matc.entity.Entry: select entry0_.id as id1_1_0_, entry0_.category_id as category6_1_0_, entry0_.date as date2_1_0_, entry0_.entry_name as entry_na3_1_0_, entry0_.entry_type as entry_ty4_1_0_, entry0_.user_id as user_id7_1_0_, entry0_.value as value5_1_0_ from entry entry0_ where entry0_.id=?
[DEBUG] 2021-03-31 20:24:31.073 [http-nio-8080-exec-5] Loader - Static select for action ACTION_REFRESH on entity edu.matc.entity.Entry: select entry0_.id as id1_1_0_, entry0_.category_id as category6_1_0_, entry0_.date as date2_1_0_, entry0_.entry_name as entry_na3_1_0_, entry0_.entry_type as entry_ty4_1_0_, entry0_.user_id as user_id7_1_0_, entry0_.value as value5_1_0_ from entry entry0_ where entry0_.id=?
[DEBUG] 2021-03-31 20:24:31.125 [http-nio-8080-exec-5] SchemaManagementToolCoordinator - No actions specified; doing nothing
[DEBUG] 2021-03-31 20:24:31.128 [http-nio-8080-exec-5] JtaPlatformInitiator - No JtaPlatform was specified, checking resolver
[DEBUG] 2021-03-31 20:24:31.128 [http-nio-8080-exec-5] JtaPlatformResolverInitiator - No JtaPlatformResolver was specified, using default [org.hibernate.engine.transaction.jta.platform.internal.StandardJtaPlatformResolver]
[DEBUG] 2021-03-31 20:24:31.140 [http-nio-8080-exec-5] StandardJtaPlatformResolver - Could not resolve JtaPlatform, using default [org.hibernate.engine.transaction.jta.platform.internal.NoJtaPlatform]
[INFO ] 2021-03-31 20:24:31.141 [http-nio-8080-exec-5] JtaPlatformInitiator - HHH000490: Using JtaPlatform implementation: [org.hibernate.engine.transaction.jta.platform.internal.NoJtaPlatform]
[DEBUG] 2021-03-31 20:24:31.142 [http-nio-8080-exec-5] NamedQueryRepository - Checking 0 named HQL queries
[DEBUG] 2021-03-31 20:24:31.142 [http-nio-8080-exec-5] NamedQueryRepository - Checking 0 named SQL queries
[DEBUG] 2021-03-31 20:24:31.145 [http-nio-8080-exec-5] SessionFactoryRegistry - Initializing SessionFactoryRegistry : org.hibernate.internal.SessionFactoryRegistry@65e2eacd
[DEBUG] 2021-03-31 20:24:31.148 [http-nio-8080-exec-5] SessionFactoryRegistry - Registering SessionFactory: d61e2973-c10f-4024-9080-1541f406b1f0 (<unnamed>)
[DEBUG] 2021-03-31 20:24:31.148 [http-nio-8080-exec-5] SessionFactoryRegistry - Not binding SessionFactory to JNDI, no JNDI name configured
[DEBUG] 2021-03-31 20:24:31.301 [http-nio-8080-exec-5] StatisticsInitiator - Statistics initialized [enabled=false]
[DEBUG] 2021-03-31 20:24:31.324 [http-nio-8080-exec-5] CriteriaQueryImpl - Rendered criteria query -> select generatedAlias0 from User as generatedAlias0
[DEBUG] 2021-03-31 20:24:31.338 [http-nio-8080-exec-5] QueryTranslatorFactoryInitiator - QueryTranslatorFactory: org.hibernate.hql.internal.ast.ASTQueryTranslatorFactory@6c782bf3
[DEBUG] 2021-03-31 20:24:31.378 [http-nio-8080-exec-5] QueryTranslatorImpl - parse() - HQL: select generatedAlias0 from edu.matc.entity.User as generatedAlias0
[DEBUG] 2021-03-31 20:24:31.385 [http-nio-8080-exec-5] ErrorTracker - throwQueryException() : no errors
[DEBUG] 2021-03-31 20:24:31.398 [http-nio-8080-exec-5] QueryTranslatorImpl - --- HQL AST ---
 \-[QUERY] Node: 'query'
    \-[SELECT_FROM] Node: 'SELECT_FROM'
       +-[FROM] Node: 'from'
       |  \-[RANGE] Node: 'RANGE'
       |     +-[DOT] Node: '.'
       |     |  +-[DOT] Node: '.'
       |     |  |  +-[DOT] Node: '.'
       |     |  |  |  +-[IDENT] Node: 'edu'
       |     |  |  |  \-[IDENT] Node: 'matc'
       |     |  |  \-[IDENT] Node: 'entity'
       |     |  \-[IDENT] Node: 'User'
       |     \-[ALIAS] Node: 'generatedAlias0'
       \-[SELECT] Node: 'select'
          \-[IDENT] Node: 'generatedAlias0'

[DEBUG] 2021-03-31 20:24:31.433 [http-nio-8080-exec-5] HqlSqlBaseWalker - select << begin [level=1, statement=select]
[DEBUG] 2021-03-31 20:24:31.454 [http-nio-8080-exec-5] FromElement - FromClause{level=1} : edu.matc.entity.User (generatedAlias0) -> user0_
[DEBUG] 2021-03-31 20:24:31.454 [http-nio-8080-exec-5] FromReferenceNode - Resolved : generatedAlias0 -> user0_.id
[DEBUG] 2021-03-31 20:24:31.455 [http-nio-8080-exec-5] HqlSqlBaseWalker - select : finishing up [level=1, statement=select]
[DEBUG] 2021-03-31 20:24:31.455 [http-nio-8080-exec-5] HqlSqlWalker - processQuery() :  ( SELECT ( {select clause} user0_.id ) ( FromClause{level=1} user user0_ ) )
[DEBUG] 2021-03-31 20:24:31.472 [http-nio-8080-exec-5] JoinProcessor - Using FROM fragment [user user0_]
[DEBUG] 2021-03-31 20:24:31.474 [http-nio-8080-exec-5] HqlSqlBaseWalker - select >> end [level=1, statement=select]
[DEBUG] 2021-03-31 20:24:31.475 [http-nio-8080-exec-5] QueryTranslatorImpl - --- SQL AST ---
 \-[SELECT] QueryNode: 'SELECT'  querySpaces (user)
    +-[SELECT_CLAUSE] SelectClause: '{select clause}'
    |  +-[ALIAS_REF] IdentNode: 'user0_.id as id1_2_' {alias=generatedAlias0, className=edu.matc.entity.User, tableAlias=user0_}
    |  \-[SQL_TOKEN] SqlFragment: 'user0_.birthdate as birthdat2_2_, user0_.email as email3_2_, user0_.first_name as first_na4_2_, user0_.last_name as last_nam5_2_, user0_.password as password6_2_, user0_.username as username7_2_'
    \-[FROM] FromClause: 'from' FromClause{level=1, fromElementCounter=1, fromElements=1, fromElementByClassAlias=[generatedAlias0], fromElementByTableAlias=[user0_], fromElementsByPath=[], collectionJoinFromElementsByPath=[], impliedElements=[]}
       \-[FROM_FRAGMENT] FromElement: 'user user0_' FromElement{explicit,not a collection join,not a fetch join,fetch non-lazy properties,classAlias=generatedAlias0,role=null,tableName=user,tableAlias=user0_,origin=null,columns={,className=edu.matc.entity.User}}

[DEBUG] 2021-03-31 20:24:31.475 [http-nio-8080-exec-5] ErrorTracker - throwQueryException() : no errors
[DEBUG] 2021-03-31 20:24:31.487 [http-nio-8080-exec-5] QueryTranslatorImpl - HQL: select generatedAlias0 from edu.matc.entity.User as generatedAlias0
[DEBUG] 2021-03-31 20:24:31.487 [http-nio-8080-exec-5] QueryTranslatorImpl - SQL: select user0_.id as id1_2_, user0_.birthdate as birthdat2_2_, user0_.email as email3_2_, user0_.first_name as first_na4_2_, user0_.last_name as last_nam5_2_, user0_.password as password6_2_, user0_.username as username7_2_ from user user0_
[DEBUG] 2021-03-31 20:24:31.487 [http-nio-8080-exec-5] ErrorTracker - throwQueryException() : no errors
[DEBUG] 2021-03-31 20:24:31.503 [http-nio-8080-exec-5] SQL - select user0_.id as id1_2_, user0_.birthdate as birthdat2_2_, user0_.email as email3_2_, user0_.first_name as first_na4_2_, user0_.last_name as last_nam5_2_, user0_.password as password6_2_, user0_.username as username7_2_ from user user0_
[DEBUG] 2021-03-31 20:24:31.522 [http-nio-8080-exec-5] Loader - Result set row: 0
[DEBUG] 2021-03-31 20:24:31.526 [http-nio-8080-exec-5] Loader - Result row: EntityKey[edu.matc.entity.User#1]
[DEBUG] 2021-03-31 20:24:31.532 [http-nio-8080-exec-5] Loader - Result set row: 1
[DEBUG] 2021-03-31 20:24:31.532 [http-nio-8080-exec-5] Loader - Result row: EntityKey[edu.matc.entity.User#2]
[DEBUG] 2021-03-31 20:24:31.533 [http-nio-8080-exec-5] TwoPhaseLoad - Resolving attributes for [edu.matc.entity.User#1]
[DEBUG] 2021-03-31 20:24:31.534 [http-nio-8080-exec-5] TwoPhaseLoad - Processing attribute `birthdate` : value = 1987-03-21
[DEBUG] 2021-03-31 20:24:31.534 [http-nio-8080-exec-5] TwoPhaseLoad - Attribute (`birthdate`)  - enhanced for lazy-loading? - false
[DEBUG] 2021-03-31 20:24:31.534 [http-nio-8080-exec-5] TwoPhaseLoad - Processing attribute `email` : value = kingjones999@gmail.com
[DEBUG] 2021-03-31 20:24:31.534 [http-nio-8080-exec-5] TwoPhaseLoad - Attribute (`email`)  - enhanced for lazy-loading? - false
[DEBUG] 2021-03-31 20:24:31.534 [http-nio-8080-exec-5] TwoPhaseLoad - Processing attribute `firstName` : value = Mike
[DEBUG] 2021-03-31 20:24:31.534 [http-nio-8080-exec-5] TwoPhaseLoad - Attribute (`firstName`)  - enhanced for lazy-loading? - false
[DEBUG] 2021-03-31 20:24:31.534 [http-nio-8080-exec-5] TwoPhaseLoad - Processing attribute `lastName` : value = Jones
[DEBUG] 2021-03-31 20:24:31.534 [http-nio-8080-exec-5] TwoPhaseLoad - Attribute (`lastName`)  - enhanced for lazy-loading? - false
[DEBUG] 2021-03-31 20:24:31.534 [http-nio-8080-exec-5] TwoPhaseLoad - Processing attribute `password` : value = yoyojojo123
[DEBUG] 2021-03-31 20:24:31.534 [http-nio-8080-exec-5] TwoPhaseLoad - Attribute (`password`)  - enhanced for lazy-loading? - false
[DEBUG] 2021-03-31 20:24:31.534 [http-nio-8080-exec-5] TwoPhaseLoad - Processing attribute `userName` : value = mikeyjones123
[DEBUG] 2021-03-31 20:24:31.534 [http-nio-8080-exec-5] TwoPhaseLoad - Attribute (`userName`)  - enhanced for lazy-loading? - false
[DEBUG] 2021-03-31 20:24:31.535 [http-nio-8080-exec-5] TwoPhaseLoad - Done materializing entity [edu.matc.entity.User#1]
[DEBUG] 2021-03-31 20:24:31.535 [http-nio-8080-exec-5] TwoPhaseLoad - Resolving attributes for [edu.matc.entity.User#2]
[DEBUG] 2021-03-31 20:24:31.535 [http-nio-8080-exec-5] TwoPhaseLoad - Processing attribute `birthdate` : value = 1995-02-13
[DEBUG] 2021-03-31 20:24:31.535 [http-nio-8080-exec-5] TwoPhaseLoad - Attribute (`birthdate`)  - enhanced for lazy-loading? - false
[DEBUG] 2021-03-31 20:24:31.535 [http-nio-8080-exec-5] TwoPhaseLoad - Processing attribute `email` : value = miracletiti@gmail.com
[DEBUG] 2021-03-31 20:24:31.535 [http-nio-8080-exec-5] TwoPhaseLoad - Attribute (`email`)  - enhanced for lazy-loading? - false
[DEBUG] 2021-03-31 20:24:31.535 [http-nio-8080-exec-5] TwoPhaseLoad - Processing attribute `firstName` : value = Miracle
[DEBUG] 2021-03-31 20:24:31.535 [http-nio-8080-exec-5] TwoPhaseLoad - Attribute (`firstName`)  - enhanced for lazy-loading? - false
[DEBUG] 2021-03-31 20:24:31.535 [http-nio-8080-exec-5] TwoPhaseLoad - Processing attribute `lastName` : value = Tianna
[DEBUG] 2021-03-31 20:24:31.535 [http-nio-8080-exec-5] TwoPhaseLoad - Attribute (`lastName`)  - enhanced for lazy-loading? - false
[DEBUG] 2021-03-31 20:24:31.535 [http-nio-8080-exec-5] TwoPhaseLoad - Processing attribute `password` : value = p098
[DEBUG] 2021-03-31 20:24:31.535 [http-nio-8080-exec-5] TwoPhaseLoad - Attribute (`password`)  - enhanced for lazy-loading? - false
[DEBUG] 2021-03-31 20:24:31.535 [http-nio-8080-exec-5] TwoPhaseLoad - Processing attribute `userName` : value = miraclet0909
[DEBUG] 2021-03-31 20:24:31.535 [http-nio-8080-exec-5] TwoPhaseLoad - Attribute (`userName`)  - enhanced for lazy-loading? - false
[DEBUG] 2021-03-31 20:24:31.535 [http-nio-8080-exec-5] TwoPhaseLoad - Done materializing entity [edu.matc.entity.User#2]
[DEBUG] 2021-03-31 20:24:31.536 [http-nio-8080-exec-5] LogicalConnectionManagedImpl - Initiating JDBC connection release from afterTransaction
