[DEBUG] 2021-03-30 19:06:46.416 [http-nio-8080-exec-7] IntegratorServiceImpl - Adding Integrator [org.hibernate.cfg.beanvalidation.BeanValidationIntegrator].
[DEBUG] 2021-03-30 19:06:46.429 [http-nio-8080-exec-7] IntegratorServiceImpl - Adding Integrator [org.hibernate.secure.spi.JaccIntegrator].
[DEBUG] 2021-03-30 19:06:46.438 [http-nio-8080-exec-7] IntegratorServiceImpl - Adding Integrator [org.hibernate.cache.internal.CollectionCacheInvalidator].
[INFO ] 2021-03-30 19:06:46.563 [http-nio-8080-exec-7] Version - HHH000412: Hibernate Core {5.4.4.Final}
[DEBUG] 2021-03-30 19:06:46.565 [http-nio-8080-exec-7] Environment - HHH000206: hibernate.properties not found
[DEBUG] 2021-03-30 19:06:46.796 [http-nio-8080-exec-7] LocalXmlResourceResolver - Interpreting public/system identifier : [-//Hibernate/Hibernate Configuration DTD//EN] - [http://www.hibernate.org/dtd/hibernate-configuration-3.0.dtd]
[DEBUG] 2021-03-30 19:06:46.799 [http-nio-8080-exec-7] LocalXmlResourceResolver - Recognized hibernate-configuration identifier; attempting to resolve on classpath under org/hibernate/
[DEBUG] 2021-03-30 19:06:46.845 [http-nio-8080-exec-7] JaxbCfgProcessor - cfg.xml document did not define namespaces; wrapping in custom event reader to introduce namespace information
[DEBUG] 2021-03-30 19:06:47.466 [http-nio-8080-exec-7] ServiceBinding - Overriding existing service binding [org.hibernate.secure.spi.JaccService]
[DEBUG] 2021-03-30 19:06:47.504 [http-nio-8080-exec-7] RegionFactoryInitiator - Cannot default RegionFactory based on registered strategies as `[]` RegionFactory strategies were registered
[DEBUG] 2021-03-30 19:06:47.506 [http-nio-8080-exec-7] RegionFactoryInitiator - Cache region factory : org.hibernate.cache.internal.NoCachingRegionFactory
[INFO ] 2021-03-30 19:06:47.540 [http-nio-8080-exec-7] Version - HCANN000001: Hibernate Commons Annotations {5.1.0.Final}
[DEBUG] 2021-03-30 19:06:47.606 [http-nio-8080-exec-7] BasicTypeRegistry - Adding type registration boolean -> org.hibernate.type.BooleanType@5042b50e
[DEBUG] 2021-03-30 19:06:47.606 [http-nio-8080-exec-7] BasicTypeRegistry - Adding type registration boolean -> org.hibernate.type.BooleanType@5042b50e
[DEBUG] 2021-03-30 19:06:47.606 [http-nio-8080-exec-7] BasicTypeRegistry - Adding type registration java.lang.Boolean -> org.hibernate.type.BooleanType@5042b50e
[DEBUG] 2021-03-30 19:06:47.608 [http-nio-8080-exec-7] BasicTypeRegistry - Adding type registration numeric_boolean -> org.hibernate.type.NumericBooleanType@4dea4ed5
[DEBUG] 2021-03-30 19:06:47.609 [http-nio-8080-exec-7] BasicTypeRegistry - Adding type registration true_false -> org.hibernate.type.TrueFalseType@1ff7fded
[DEBUG] 2021-03-30 19:06:47.612 [http-nio-8080-exec-7] BasicTypeRegistry - Adding type registration yes_no -> org.hibernate.type.YesNoType@5e9d05c8
[DEBUG] 2021-03-30 19:06:47.614 [http-nio-8080-exec-7] BasicTypeRegistry - Adding type registration byte -> org.hibernate.type.ByteType@26054809
[DEBUG] 2021-03-30 19:06:47.614 [http-nio-8080-exec-7] BasicTypeRegistry - Adding type registration byte -> org.hibernate.type.ByteType@26054809
[DEBUG] 2021-03-30 19:06:47.614 [http-nio-8080-exec-7] BasicTypeRegistry - Adding type registration java.lang.Byte -> org.hibernate.type.ByteType@26054809
[DEBUG] 2021-03-30 19:06:47.618 [http-nio-8080-exec-7] BasicTypeRegistry - Adding type registration character -> org.hibernate.type.CharacterType@1f4abbfb
[DEBUG] 2021-03-30 19:06:47.619 [http-nio-8080-exec-7] BasicTypeRegistry - Adding type registration char -> org.hibernate.type.CharacterType@1f4abbfb
[DEBUG] 2021-03-30 19:06:47.619 [http-nio-8080-exec-7] BasicTypeRegistry - Adding type registration java.lang.Character -> org.hibernate.type.CharacterType@1f4abbfb
[DEBUG] 2021-03-30 19:06:47.620 [http-nio-8080-exec-7] BasicTypeRegistry - Adding type registration short -> org.hibernate.type.ShortType@21fac1a
[DEBUG] 2021-03-30 19:06:47.624 [http-nio-8080-exec-7] BasicTypeRegistry - Adding type registration short -> org.hibernate.type.ShortType@21fac1a
[DEBUG] 2021-03-30 19:06:47.624 [http-nio-8080-exec-7] BasicTypeRegistry - Adding type registration java.lang.Short -> org.hibernate.type.ShortType@21fac1a
[DEBUG] 2021-03-30 19:06:47.625 [http-nio-8080-exec-7] BasicTypeRegistry - Adding type registration integer -> org.hibernate.type.IntegerType@1c9eb54b
[DEBUG] 2021-03-30 19:06:47.625 [http-nio-8080-exec-7] BasicTypeRegistry - Adding type registration int -> org.hibernate.type.IntegerType@1c9eb54b
[DEBUG] 2021-03-30 19:06:47.625 [http-nio-8080-exec-7] BasicTypeRegistry - Adding type registration java.lang.Integer -> org.hibernate.type.IntegerType@1c9eb54b
[DEBUG] 2021-03-30 19:06:47.627 [http-nio-8080-exec-7] BasicTypeRegistry - Adding type registration long -> org.hibernate.type.LongType@7777d4dd
[DEBUG] 2021-03-30 19:06:47.627 [http-nio-8080-exec-7] BasicTypeRegistry - Adding type registration long -> org.hibernate.type.LongType@7777d4dd
[DEBUG] 2021-03-30 19:06:47.627 [http-nio-8080-exec-7] BasicTypeRegistry - Adding type registration java.lang.Long -> org.hibernate.type.LongType@7777d4dd
[DEBUG] 2021-03-30 19:06:47.629 [http-nio-8080-exec-7] BasicTypeRegistry - Adding type registration float -> org.hibernate.type.FloatType@5d145fae
[DEBUG] 2021-03-30 19:06:47.629 [http-nio-8080-exec-7] BasicTypeRegistry - Adding type registration float -> org.hibernate.type.FloatType@5d145fae
[DEBUG] 2021-03-30 19:06:47.629 [http-nio-8080-exec-7] BasicTypeRegistry - Adding type registration java.lang.Float -> org.hibernate.type.FloatType@5d145fae
[DEBUG] 2021-03-30 19:06:47.632 [http-nio-8080-exec-7] BasicTypeRegistry - Adding type registration double -> org.hibernate.type.DoubleType@2daf58a7
[DEBUG] 2021-03-30 19:06:47.632 [http-nio-8080-exec-7] BasicTypeRegistry - Adding type registration double -> org.hibernate.type.DoubleType@2daf58a7
[DEBUG] 2021-03-30 19:06:47.634 [http-nio-8080-exec-7] BasicTypeRegistry - Adding type registration java.lang.Double -> org.hibernate.type.DoubleType@2daf58a7
[DEBUG] 2021-03-30 19:06:47.636 [http-nio-8080-exec-7] BasicTypeRegistry - Adding type registration big_decimal -> org.hibernate.type.BigDecimalType@59f005e4
[DEBUG] 2021-03-30 19:06:47.636 [http-nio-8080-exec-7] BasicTypeRegistry - Adding type registration java.math.BigDecimal -> org.hibernate.type.BigDecimalType@59f005e4
[DEBUG] 2021-03-30 19:06:47.637 [http-nio-8080-exec-7] BasicTypeRegistry - Adding type registration big_integer -> org.hibernate.type.BigIntegerType@5f3b8185
[DEBUG] 2021-03-30 19:06:47.637 [http-nio-8080-exec-7] BasicTypeRegistry - Adding type registration java.math.BigInteger -> org.hibernate.type.BigIntegerType@5f3b8185
[DEBUG] 2021-03-30 19:06:47.640 [http-nio-8080-exec-7] BasicTypeRegistry - Adding type registration string -> org.hibernate.type.StringType@5c2977c8
[DEBUG] 2021-03-30 19:06:47.640 [http-nio-8080-exec-7] BasicTypeRegistry - Adding type registration java.lang.String -> org.hibernate.type.StringType@5c2977c8
[DEBUG] 2021-03-30 19:06:47.645 [http-nio-8080-exec-7] BasicTypeRegistry - Adding type registration nstring -> org.hibernate.type.StringNVarcharType@15e99dcf
[DEBUG] 2021-03-30 19:06:47.645 [http-nio-8080-exec-7] BasicTypeRegistry - Adding type registration ncharacter -> org.hibernate.type.CharacterNCharType@a3ddecb
[DEBUG] 2021-03-30 19:06:47.647 [http-nio-8080-exec-7] BasicTypeRegistry - Adding type registration url -> org.hibernate.type.UrlType@57293f31
[DEBUG] 2021-03-30 19:06:47.647 [http-nio-8080-exec-7] BasicTypeRegistry - Adding type registration java.net.URL -> org.hibernate.type.UrlType@57293f31
[DEBUG] 2021-03-30 19:06:47.650 [http-nio-8080-exec-7] BasicTypeRegistry - Adding type registration Duration -> org.hibernate.type.DurationType@4dfb3afe
[DEBUG] 2021-03-30 19:06:47.651 [http-nio-8080-exec-7] BasicTypeRegistry - Adding type registration java.time.Duration -> org.hibernate.type.DurationType@4dfb3afe
[DEBUG] 2021-03-30 19:06:47.659 [http-nio-8080-exec-7] BasicTypeRegistry - Adding type registration Instant -> org.hibernate.type.InstantType@509d9d98
[DEBUG] 2021-03-30 19:06:47.659 [http-nio-8080-exec-7] BasicTypeRegistry - Adding type registration java.time.Instant -> org.hibernate.type.InstantType@509d9d98
[DEBUG] 2021-03-30 19:06:47.660 [http-nio-8080-exec-7] BasicTypeRegistry - Adding type registration LocalDateTime -> org.hibernate.type.LocalDateTimeType@282d2f69
[DEBUG] 2021-03-30 19:06:47.660 [http-nio-8080-exec-7] BasicTypeRegistry - Adding type registration java.time.LocalDateTime -> org.hibernate.type.LocalDateTimeType@282d2f69
[DEBUG] 2021-03-30 19:06:47.661 [http-nio-8080-exec-7] BasicTypeRegistry - Adding type registration LocalDate -> org.hibernate.type.LocalDateType@791c7e79
[DEBUG] 2021-03-30 19:06:47.661 [http-nio-8080-exec-7] BasicTypeRegistry - Adding type registration java.time.LocalDate -> org.hibernate.type.LocalDateType@791c7e79
[DEBUG] 2021-03-30 19:06:47.662 [http-nio-8080-exec-7] BasicTypeRegistry - Adding type registration LocalTime -> org.hibernate.type.LocalTimeType@17c15525
[DEBUG] 2021-03-30 19:06:47.662 [http-nio-8080-exec-7] BasicTypeRegistry - Adding type registration java.time.LocalTime -> org.hibernate.type.LocalTimeType@17c15525
[DEBUG] 2021-03-30 19:06:47.664 [http-nio-8080-exec-7] BasicTypeRegistry - Adding type registration OffsetDateTime -> org.hibernate.type.OffsetDateTimeType@6108a863
[DEBUG] 2021-03-30 19:06:47.664 [http-nio-8080-exec-7] BasicTypeRegistry - Adding type registration java.time.OffsetDateTime -> org.hibernate.type.OffsetDateTimeType@6108a863
[DEBUG] 2021-03-30 19:06:47.665 [http-nio-8080-exec-7] BasicTypeRegistry - Adding type registration OffsetTime -> org.hibernate.type.OffsetTimeType@264639a6
[DEBUG] 2021-03-30 19:06:47.665 [http-nio-8080-exec-7] BasicTypeRegistry - Adding type registration java.time.OffsetTime -> org.hibernate.type.OffsetTimeType@264639a6
[DEBUG] 2021-03-30 19:06:47.667 [http-nio-8080-exec-7] BasicTypeRegistry - Adding type registration ZonedDateTime -> org.hibernate.type.ZonedDateTimeType@684cee98
[DEBUG] 2021-03-30 19:06:47.667 [http-nio-8080-exec-7] BasicTypeRegistry - Adding type registration java.time.ZonedDateTime -> org.hibernate.type.ZonedDateTimeType@684cee98
[DEBUG] 2021-03-30 19:06:47.668 [http-nio-8080-exec-7] BasicTypeRegistry - Adding type registration date -> org.hibernate.type.DateType@2a66939
[DEBUG] 2021-03-30 19:06:47.668 [http-nio-8080-exec-7] BasicTypeRegistry - Adding type registration java.sql.Date -> org.hibernate.type.DateType@2a66939
[DEBUG] 2021-03-30 19:06:47.669 [http-nio-8080-exec-7] BasicTypeRegistry - Adding type registration time -> org.hibernate.type.TimeType@e7cac9e
[DEBUG] 2021-03-30 19:06:47.669 [http-nio-8080-exec-7] BasicTypeRegistry - Adding type registration java.sql.Time -> org.hibernate.type.TimeType@e7cac9e
[DEBUG] 2021-03-30 19:06:47.674 [http-nio-8080-exec-7] BasicTypeRegistry - Adding type registration timestamp -> org.hibernate.type.TimestampType@15bc6572
[DEBUG] 2021-03-30 19:06:47.674 [http-nio-8080-exec-7] BasicTypeRegistry - Adding type registration java.sql.Timestamp -> org.hibernate.type.TimestampType@15bc6572
[DEBUG] 2021-03-30 19:06:47.674 [http-nio-8080-exec-7] BasicTypeRegistry - Adding type registration java.util.Date -> org.hibernate.type.TimestampType@15bc6572
[DEBUG] 2021-03-30 19:06:47.675 [http-nio-8080-exec-7] BasicTypeRegistry - Adding type registration dbtimestamp -> org.hibernate.type.DbTimestampType@5ae34ba5
[DEBUG] 2021-03-30 19:06:47.676 [http-nio-8080-exec-7] BasicTypeRegistry - Adding type registration calendar -> org.hibernate.type.CalendarType@5946150c
[DEBUG] 2021-03-30 19:06:47.676 [http-nio-8080-exec-7] BasicTypeRegistry - Adding type registration java.util.Calendar -> org.hibernate.type.CalendarType@5946150c
[DEBUG] 2021-03-30 19:06:47.676 [http-nio-8080-exec-7] BasicTypeRegistry - Adding type registration java.util.GregorianCalendar -> org.hibernate.type.CalendarType@5946150c
[DEBUG] 2021-03-30 19:06:47.679 [http-nio-8080-exec-7] BasicTypeRegistry - Adding type registration calendar_date -> org.hibernate.type.CalendarDateType@6593dfdc
[DEBUG] 2021-03-30 19:06:47.680 [http-nio-8080-exec-7] BasicTypeRegistry - Adding type registration locale -> org.hibernate.type.LocaleType@4d6182d4
[DEBUG] 2021-03-30 19:06:47.680 [http-nio-8080-exec-7] BasicTypeRegistry - Adding type registration java.util.Locale -> org.hibernate.type.LocaleType@4d6182d4
[DEBUG] 2021-03-30 19:06:47.682 [http-nio-8080-exec-7] BasicTypeRegistry - Adding type registration currency -> org.hibernate.type.CurrencyType@2194d18f
[DEBUG] 2021-03-30 19:06:47.682 [http-nio-8080-exec-7] BasicTypeRegistry - Adding type registration java.util.Currency -> org.hibernate.type.CurrencyType@2194d18f
[DEBUG] 2021-03-30 19:06:47.683 [http-nio-8080-exec-7] BasicTypeRegistry - Adding type registration timezone -> org.hibernate.type.TimeZoneType@7cda24b0
[DEBUG] 2021-03-30 19:06:47.683 [http-nio-8080-exec-7] BasicTypeRegistry - Adding type registration java.util.TimeZone -> org.hibernate.type.TimeZoneType@7cda24b0
[DEBUG] 2021-03-30 19:06:47.683 [http-nio-8080-exec-7] BasicTypeRegistry - Adding type registration class -> org.hibernate.type.ClassType@153586c0
[DEBUG] 2021-03-30 19:06:47.683 [http-nio-8080-exec-7] BasicTypeRegistry - Adding type registration java.lang.Class -> org.hibernate.type.ClassType@153586c0
[DEBUG] 2021-03-30 19:06:47.684 [http-nio-8080-exec-7] BasicTypeRegistry - Adding type registration uuid-binary -> org.hibernate.type.UUIDBinaryType@6c8406d7
[DEBUG] 2021-03-30 19:06:47.684 [http-nio-8080-exec-7] BasicTypeRegistry - Adding type registration java.util.UUID -> org.hibernate.type.UUIDBinaryType@6c8406d7
[DEBUG] 2021-03-30 19:06:47.684 [http-nio-8080-exec-7] BasicTypeRegistry - Adding type registration uuid-char -> org.hibernate.type.UUIDCharType@664fd96e
[DEBUG] 2021-03-30 19:06:47.685 [http-nio-8080-exec-7] BasicTypeRegistry - Adding type registration binary -> org.hibernate.type.BinaryType@3a8ed9ad
[DEBUG] 2021-03-30 19:06:47.685 [http-nio-8080-exec-7] BasicTypeRegistry - Adding type registration byte[] -> org.hibernate.type.BinaryType@3a8ed9ad
[DEBUG] 2021-03-30 19:06:47.685 [http-nio-8080-exec-7] BasicTypeRegistry - Adding type registration [B -> org.hibernate.type.BinaryType@3a8ed9ad
[DEBUG] 2021-03-30 19:06:47.688 [http-nio-8080-exec-7] BasicTypeRegistry - Adding type registration wrapper-binary -> org.hibernate.type.WrapperBinaryType@742b8c9a
[DEBUG] 2021-03-30 19:06:47.688 [http-nio-8080-exec-7] BasicTypeRegistry - Adding type registration Byte[] -> org.hibernate.type.WrapperBinaryType@742b8c9a
[DEBUG] 2021-03-30 19:06:47.691 [http-nio-8080-exec-7] BasicTypeRegistry - Adding type registration [Ljava.lang.Byte; -> org.hibernate.type.WrapperBinaryType@742b8c9a
[DEBUG] 2021-03-30 19:06:47.691 [http-nio-8080-exec-7] BasicTypeRegistry - Adding type registration row_version -> org.hibernate.type.RowVersionType@3f5181d7
[DEBUG] 2021-03-30 19:06:47.692 [http-nio-8080-exec-7] BasicTypeRegistry - Adding type registration image -> org.hibernate.type.ImageType@ff9ae0b
[DEBUG] 2021-03-30 19:06:47.692 [http-nio-8080-exec-7] BasicTypeRegistry - Adding type registration characters -> org.hibernate.type.CharArrayType@7f8f3b66
[DEBUG] 2021-03-30 19:06:47.693 [http-nio-8080-exec-7] BasicTypeRegistry - Adding type registration char[] -> org.hibernate.type.CharArrayType@7f8f3b66
[DEBUG] 2021-03-30 19:06:47.693 [http-nio-8080-exec-7] BasicTypeRegistry - Adding type registration [C -> org.hibernate.type.CharArrayType@7f8f3b66
[DEBUG] 2021-03-30 19:06:47.693 [http-nio-8080-exec-7] BasicTypeRegistry - Adding type registration wrapper-characters -> org.hibernate.type.CharacterArrayType@1ff3dee5
[DEBUG] 2021-03-30 19:06:47.693 [http-nio-8080-exec-7] BasicTypeRegistry - Adding type registration [Ljava.lang.Character; -> org.hibernate.type.CharacterArrayType@1ff3dee5
[DEBUG] 2021-03-30 19:06:47.693 [http-nio-8080-exec-7] BasicTypeRegistry - Adding type registration Character[] -> org.hibernate.type.CharacterArrayType@1ff3dee5
[DEBUG] 2021-03-30 19:06:47.694 [http-nio-8080-exec-7] BasicTypeRegistry - Adding type registration text -> org.hibernate.type.TextType@7294f616
[DEBUG] 2021-03-30 19:06:47.694 [http-nio-8080-exec-7] BasicTypeRegistry - Adding type registration ntext -> org.hibernate.type.NTextType@6e718740
[DEBUG] 2021-03-30 19:06:47.695 [http-nio-8080-exec-7] BasicTypeRegistry - Adding type registration blob -> org.hibernate.type.BlobType@194cc30b
[DEBUG] 2021-03-30 19:06:47.695 [http-nio-8080-exec-7] BasicTypeRegistry - Adding type registration java.sql.Blob -> org.hibernate.type.BlobType@194cc30b
[DEBUG] 2021-03-30 19:06:47.695 [http-nio-8080-exec-7] BasicTypeRegistry - Adding type registration materialized_blob -> org.hibernate.type.MaterializedBlobType@46357f50
[DEBUG] 2021-03-30 19:06:47.696 [http-nio-8080-exec-7] BasicTypeRegistry - Adding type registration clob -> org.hibernate.type.ClobType@65b79e2f
[DEBUG] 2021-03-30 19:06:47.696 [http-nio-8080-exec-7] BasicTypeRegistry - Adding type registration java.sql.Clob -> org.hibernate.type.ClobType@65b79e2f
[DEBUG] 2021-03-30 19:06:47.698 [http-nio-8080-exec-7] BasicTypeRegistry - Adding type registration nclob -> org.hibernate.type.NClobType@66b9756d
[DEBUG] 2021-03-30 19:06:47.698 [http-nio-8080-exec-7] BasicTypeRegistry - Adding type registration java.sql.NClob -> org.hibernate.type.NClobType@66b9756d
[DEBUG] 2021-03-30 19:06:47.698 [http-nio-8080-exec-7] BasicTypeRegistry - Adding type registration materialized_clob -> org.hibernate.type.MaterializedClobType@74307818
[DEBUG] 2021-03-30 19:06:47.699 [http-nio-8080-exec-7] BasicTypeRegistry - Adding type registration materialized_nclob -> org.hibernate.type.MaterializedNClobType@202fc2d4
[DEBUG] 2021-03-30 19:06:47.699 [http-nio-8080-exec-7] BasicTypeRegistry - Adding type registration serializable -> org.hibernate.type.SerializableType@3d2c305b
[DEBUG] 2021-03-30 19:06:47.704 [http-nio-8080-exec-7] BasicTypeRegistry - Adding type registration object -> org.hibernate.type.ObjectType@55a43f5e
[DEBUG] 2021-03-30 19:06:47.704 [http-nio-8080-exec-7] BasicTypeRegistry - Adding type registration java.lang.Object -> org.hibernate.type.ObjectType@55a43f5e
[DEBUG] 2021-03-30 19:06:47.706 [http-nio-8080-exec-7] BasicTypeRegistry - Adding type registration imm_date -> org.hibernate.type.AdaptedImmutableType@47455674
[DEBUG] 2021-03-30 19:06:47.706 [http-nio-8080-exec-7] BasicTypeRegistry - Adding type registration imm_time -> org.hibernate.type.AdaptedImmutableType@77d039b8
[DEBUG] 2021-03-30 19:06:47.706 [http-nio-8080-exec-7] BasicTypeRegistry - Adding type registration imm_timestamp -> org.hibernate.type.AdaptedImmutableType@8933f00
[DEBUG] 2021-03-30 19:06:47.706 [http-nio-8080-exec-7] BasicTypeRegistry - Adding type registration imm_dbtimestamp -> org.hibernate.type.AdaptedImmutableType@453dcc8b
[DEBUG] 2021-03-30 19:06:47.706 [http-nio-8080-exec-7] BasicTypeRegistry - Adding type registration imm_calendar -> org.hibernate.type.AdaptedImmutableType@2826d4ae
[DEBUG] 2021-03-30 19:06:47.708 [http-nio-8080-exec-7] BasicTypeRegistry - Adding type registration imm_calendar_date -> org.hibernate.type.AdaptedImmutableType@5e4d35eb
[DEBUG] 2021-03-30 19:06:47.709 [http-nio-8080-exec-7] BasicTypeRegistry - Adding type registration imm_binary -> org.hibernate.type.AdaptedImmutableType@4f376a1d
[DEBUG] 2021-03-30 19:06:47.709 [http-nio-8080-exec-7] BasicTypeRegistry - Adding type registration imm_serializable -> org.hibernate.type.AdaptedImmutableType@6445aee4
[DEBUG] 2021-03-30 19:06:47.736 [http-nio-8080-exec-7] DefaultIdentifierGeneratorFactory - Registering IdentifierGenerator strategy [uuid2] -> [org.hibernate.id.UUIDGenerator]
[DEBUG] 2021-03-30 19:06:47.737 [http-nio-8080-exec-7] DefaultIdentifierGeneratorFactory - Registering IdentifierGenerator strategy [guid] -> [org.hibernate.id.GUIDGenerator]
[DEBUG] 2021-03-30 19:06:47.738 [http-nio-8080-exec-7] DefaultIdentifierGeneratorFactory - Registering IdentifierGenerator strategy [uuid] -> [org.hibernate.id.UUIDHexGenerator]
[DEBUG] 2021-03-30 19:06:47.738 [http-nio-8080-exec-7] DefaultIdentifierGeneratorFactory - Registering IdentifierGenerator strategy [uuid.hex] -> [org.hibernate.id.UUIDHexGenerator]
[DEBUG] 2021-03-30 19:06:47.743 [http-nio-8080-exec-7] DefaultIdentifierGeneratorFactory - Registering IdentifierGenerator strategy [assigned] -> [org.hibernate.id.Assigned]
[DEBUG] 2021-03-30 19:06:47.744 [http-nio-8080-exec-7] DefaultIdentifierGeneratorFactory - Registering IdentifierGenerator strategy [identity] -> [org.hibernate.id.IdentityGenerator]
[DEBUG] 2021-03-30 19:06:47.744 [http-nio-8080-exec-7] DefaultIdentifierGeneratorFactory - Registering IdentifierGenerator strategy [select] -> [org.hibernate.id.SelectGenerator]
[DEBUG] 2021-03-30 19:06:47.745 [http-nio-8080-exec-7] DefaultIdentifierGeneratorFactory - Registering IdentifierGenerator strategy [sequence] -> [org.hibernate.id.enhanced.SequenceStyleGenerator]
[DEBUG] 2021-03-30 19:06:47.746 [http-nio-8080-exec-7] DefaultIdentifierGeneratorFactory - Registering IdentifierGenerator strategy [seqhilo] -> [org.hibernate.id.SequenceHiLoGenerator]
[DEBUG] 2021-03-30 19:06:47.746 [http-nio-8080-exec-7] DefaultIdentifierGeneratorFactory - Registering IdentifierGenerator strategy [increment] -> [org.hibernate.id.IncrementGenerator]
[DEBUG] 2021-03-30 19:06:47.746 [http-nio-8080-exec-7] DefaultIdentifierGeneratorFactory - Registering IdentifierGenerator strategy [foreign] -> [org.hibernate.id.ForeignGenerator]
[DEBUG] 2021-03-30 19:06:47.748 [http-nio-8080-exec-7] DefaultIdentifierGeneratorFactory - Registering IdentifierGenerator strategy [sequence-identity] -> [org.hibernate.id.SequenceIdentityGenerator]
[DEBUG] 2021-03-30 19:06:47.748 [http-nio-8080-exec-7] DefaultIdentifierGeneratorFactory - Registering IdentifierGenerator strategy [enhanced-sequence] -> [org.hibernate.id.enhanced.SequenceStyleGenerator]
[DEBUG] 2021-03-30 19:06:47.749 [http-nio-8080-exec-7] DefaultIdentifierGeneratorFactory - Registering IdentifierGenerator strategy [enhanced-table] -> [org.hibernate.id.enhanced.TableGenerator]
[INFO ] 2021-03-30 19:06:47.754 [http-nio-8080-exec-7] C3P0ConnectionProvider - HHH010002: C3P0 using driver: com.mysql.cj.jdbc.Driver at URL: jdbc:mysql://localhost:3306/budget_tracker
[INFO ] 2021-03-30 19:06:47.754 [http-nio-8080-exec-7] C3P0ConnectionProvider - HHH10001001: Connection properties: {password=****, user=root}
[INFO ] 2021-03-30 19:06:47.754 [http-nio-8080-exec-7] C3P0ConnectionProvider - HHH10001003: Autocommit mode: false
[INFO ] 2021-03-30 19:06:47.981 [http-nio-8080-exec-7] C3P0ConnectionProvider - HHH10001007: JDBC isolation level: <unknown>
[WARN ] 2021-03-30 19:07:19.219 [http-nio-8080-exec-7] JdbcEnvironmentInitiator - HHH000342: Could not obtain connection to query metadata : Connections could not be acquired from the underlying database!
[DEBUG] 2021-03-30 19:25:08.825 [http-nio-8080-exec-9] IntegratorServiceImpl - Adding Integrator [org.hibernate.cfg.beanvalidation.BeanValidationIntegrator].
[DEBUG] 2021-03-30 19:25:08.826 [http-nio-8080-exec-9] IntegratorServiceImpl - Adding Integrator [org.hibernate.secure.spi.JaccIntegrator].
[DEBUG] 2021-03-30 19:25:08.826 [http-nio-8080-exec-9] IntegratorServiceImpl - Adding Integrator [org.hibernate.cache.internal.CollectionCacheInvalidator].
[DEBUG] 2021-03-30 19:25:08.844 [http-nio-8080-exec-9] LocalXmlResourceResolver - Interpreting public/system identifier : [-//Hibernate/Hibernate Configuration DTD//EN] - [http://www.hibernate.org/dtd/hibernate-configuration-3.0.dtd]
[DEBUG] 2021-03-30 19:25:08.844 [http-nio-8080-exec-9] LocalXmlResourceResolver - Recognized hibernate-configuration identifier; attempting to resolve on classpath under org/hibernate/
[DEBUG] 2021-03-30 19:25:08.854 [http-nio-8080-exec-9] JaxbCfgProcessor - cfg.xml document did not define namespaces; wrapping in custom event reader to introduce namespace information
[DEBUG] 2021-03-30 19:25:08.901 [http-nio-8080-exec-9] ServiceBinding - Overriding existing service binding [org.hibernate.secure.spi.JaccService]
[DEBUG] 2021-03-30 19:25:08.902 [http-nio-8080-exec-9] RegionFactoryInitiator - Cannot default RegionFactory based on registered strategies as `[]` RegionFactory strategies were registered
[DEBUG] 2021-03-30 19:25:08.902 [http-nio-8080-exec-9] RegionFactoryInitiator - Cache region factory : org.hibernate.cache.internal.NoCachingRegionFactory
[DEBUG] 2021-03-30 19:25:08.902 [http-nio-8080-exec-9] BasicTypeRegistry - Adding type registration boolean -> org.hibernate.type.BooleanType@5042b50e
[DEBUG] 2021-03-30 19:25:08.902 [http-nio-8080-exec-9] BasicTypeRegistry - Adding type registration boolean -> org.hibernate.type.BooleanType@5042b50e
[DEBUG] 2021-03-30 19:25:08.902 [http-nio-8080-exec-9] BasicTypeRegistry - Adding type registration java.lang.Boolean -> org.hibernate.type.BooleanType@5042b50e
[DEBUG] 2021-03-30 19:25:08.902 [http-nio-8080-exec-9] BasicTypeRegistry - Adding type registration numeric_boolean -> org.hibernate.type.NumericBooleanType@4dea4ed5
[DEBUG] 2021-03-30 19:25:08.902 [http-nio-8080-exec-9] BasicTypeRegistry - Adding type registration true_false -> org.hibernate.type.TrueFalseType@1ff7fded
[DEBUG] 2021-03-30 19:25:08.902 [http-nio-8080-exec-9] BasicTypeRegistry - Adding type registration yes_no -> org.hibernate.type.YesNoType@5e9d05c8
[DEBUG] 2021-03-30 19:25:08.902 [http-nio-8080-exec-9] BasicTypeRegistry - Adding type registration byte -> org.hibernate.type.ByteType@26054809
[DEBUG] 2021-03-30 19:25:08.902 [http-nio-8080-exec-9] BasicTypeRegistry - Adding type registration byte -> org.hibernate.type.ByteType@26054809
[DEBUG] 2021-03-30 19:25:08.902 [http-nio-8080-exec-9] BasicTypeRegistry - Adding type registration java.lang.Byte -> org.hibernate.type.ByteType@26054809
[DEBUG] 2021-03-30 19:25:08.902 [http-nio-8080-exec-9] BasicTypeRegistry - Adding type registration character -> org.hibernate.type.CharacterType@1f4abbfb
[DEBUG] 2021-03-30 19:25:08.902 [http-nio-8080-exec-9] BasicTypeRegistry - Adding type registration char -> org.hibernate.type.CharacterType@1f4abbfb
[DEBUG] 2021-03-30 19:25:08.902 [http-nio-8080-exec-9] BasicTypeRegistry - Adding type registration java.lang.Character -> org.hibernate.type.CharacterType@1f4abbfb
[DEBUG] 2021-03-30 19:25:08.902 [http-nio-8080-exec-9] BasicTypeRegistry - Adding type registration short -> org.hibernate.type.ShortType@21fac1a
[DEBUG] 2021-03-30 19:25:08.902 [http-nio-8080-exec-9] BasicTypeRegistry - Adding type registration short -> org.hibernate.type.ShortType@21fac1a
[DEBUG] 2021-03-30 19:25:08.902 [http-nio-8080-exec-9] BasicTypeRegistry - Adding type registration java.lang.Short -> org.hibernate.type.ShortType@21fac1a
[DEBUG] 2021-03-30 19:25:08.902 [http-nio-8080-exec-9] BasicTypeRegistry - Adding type registration integer -> org.hibernate.type.IntegerType@1c9eb54b
[DEBUG] 2021-03-30 19:25:08.902 [http-nio-8080-exec-9] BasicTypeRegistry - Adding type registration int -> org.hibernate.type.IntegerType@1c9eb54b
[DEBUG] 2021-03-30 19:25:08.902 [http-nio-8080-exec-9] BasicTypeRegistry - Adding type registration java.lang.Integer -> org.hibernate.type.IntegerType@1c9eb54b
[DEBUG] 2021-03-30 19:25:08.902 [http-nio-8080-exec-9] BasicTypeRegistry - Adding type registration long -> org.hibernate.type.LongType@7777d4dd
[DEBUG] 2021-03-30 19:25:08.905 [http-nio-8080-exec-9] BasicTypeRegistry - Adding type registration long -> org.hibernate.type.LongType@7777d4dd
[DEBUG] 2021-03-30 19:25:08.905 [http-nio-8080-exec-9] BasicTypeRegistry - Adding type registration java.lang.Long -> org.hibernate.type.LongType@7777d4dd
[DEBUG] 2021-03-30 19:25:08.905 [http-nio-8080-exec-9] BasicTypeRegistry - Adding type registration float -> org.hibernate.type.FloatType@5d145fae
[DEBUG] 2021-03-30 19:25:08.905 [http-nio-8080-exec-9] BasicTypeRegistry - Adding type registration float -> org.hibernate.type.FloatType@5d145fae
[DEBUG] 2021-03-30 19:25:08.905 [http-nio-8080-exec-9] BasicTypeRegistry - Adding type registration java.lang.Float -> org.hibernate.type.FloatType@5d145fae
[DEBUG] 2021-03-30 19:25:08.908 [http-nio-8080-exec-9] BasicTypeRegistry - Adding type registration double -> org.hibernate.type.DoubleType@2daf58a7
[DEBUG] 2021-03-30 19:25:08.908 [http-nio-8080-exec-9] BasicTypeRegistry - Adding type registration double -> org.hibernate.type.DoubleType@2daf58a7
[DEBUG] 2021-03-30 19:25:08.908 [http-nio-8080-exec-9] BasicTypeRegistry - Adding type registration java.lang.Double -> org.hibernate.type.DoubleType@2daf58a7
[DEBUG] 2021-03-30 19:25:08.908 [http-nio-8080-exec-9] BasicTypeRegistry - Adding type registration big_decimal -> org.hibernate.type.BigDecimalType@59f005e4
[DEBUG] 2021-03-30 19:25:08.908 [http-nio-8080-exec-9] BasicTypeRegistry - Adding type registration java.math.BigDecimal -> org.hibernate.type.BigDecimalType@59f005e4
[DEBUG] 2021-03-30 19:25:08.908 [http-nio-8080-exec-9] BasicTypeRegistry - Adding type registration big_integer -> org.hibernate.type.BigIntegerType@5f3b8185
[DEBUG] 2021-03-30 19:25:08.908 [http-nio-8080-exec-9] BasicTypeRegistry - Adding type registration java.math.BigInteger -> org.hibernate.type.BigIntegerType@5f3b8185
[DEBUG] 2021-03-30 19:25:08.908 [http-nio-8080-exec-9] BasicTypeRegistry - Adding type registration string -> org.hibernate.type.StringType@5c2977c8
[DEBUG] 2021-03-30 19:25:08.908 [http-nio-8080-exec-9] BasicTypeRegistry - Adding type registration java.lang.String -> org.hibernate.type.StringType@5c2977c8
[DEBUG] 2021-03-30 19:25:08.908 [http-nio-8080-exec-9] BasicTypeRegistry - Adding type registration nstring -> org.hibernate.type.StringNVarcharType@15e99dcf
[DEBUG] 2021-03-30 19:25:08.908 [http-nio-8080-exec-9] BasicTypeRegistry - Adding type registration ncharacter -> org.hibernate.type.CharacterNCharType@a3ddecb
[DEBUG] 2021-03-30 19:25:08.908 [http-nio-8080-exec-9] BasicTypeRegistry - Adding type registration url -> org.hibernate.type.UrlType@57293f31
[DEBUG] 2021-03-30 19:25:08.908 [http-nio-8080-exec-9] BasicTypeRegistry - Adding type registration java.net.URL -> org.hibernate.type.UrlType@57293f31
[DEBUG] 2021-03-30 19:25:08.908 [http-nio-8080-exec-9] BasicTypeRegistry - Adding type registration Duration -> org.hibernate.type.DurationType@4dfb3afe
[DEBUG] 2021-03-30 19:25:08.908 [http-nio-8080-exec-9] BasicTypeRegistry - Adding type registration java.time.Duration -> org.hibernate.type.DurationType@4dfb3afe
[DEBUG] 2021-03-30 19:25:08.908 [http-nio-8080-exec-9] BasicTypeRegistry - Adding type registration Instant -> org.hibernate.type.InstantType@509d9d98
[DEBUG] 2021-03-30 19:25:08.908 [http-nio-8080-exec-9] BasicTypeRegistry - Adding type registration java.time.Instant -> org.hibernate.type.InstantType@509d9d98
[DEBUG] 2021-03-30 19:25:08.908 [http-nio-8080-exec-9] BasicTypeRegistry - Adding type registration LocalDateTime -> org.hibernate.type.LocalDateTimeType@282d2f69
[DEBUG] 2021-03-30 19:25:08.908 [http-nio-8080-exec-9] BasicTypeRegistry - Adding type registration java.time.LocalDateTime -> org.hibernate.type.LocalDateTimeType@282d2f69
[DEBUG] 2021-03-30 19:25:08.908 [http-nio-8080-exec-9] BasicTypeRegistry - Adding type registration LocalDate -> org.hibernate.type.LocalDateType@791c7e79
[DEBUG] 2021-03-30 19:25:08.908 [http-nio-8080-exec-9] BasicTypeRegistry - Adding type registration java.time.LocalDate -> org.hibernate.type.LocalDateType@791c7e79
[DEBUG] 2021-03-30 19:25:08.908 [http-nio-8080-exec-9] BasicTypeRegistry - Adding type registration LocalTime -> org.hibernate.type.LocalTimeType@17c15525
[DEBUG] 2021-03-30 19:25:08.908 [http-nio-8080-exec-9] BasicTypeRegistry - Adding type registration java.time.LocalTime -> org.hibernate.type.LocalTimeType@17c15525
[DEBUG] 2021-03-30 19:25:08.908 [http-nio-8080-exec-9] BasicTypeRegistry - Adding type registration OffsetDateTime -> org.hibernate.type.OffsetDateTimeType@6108a863
[DEBUG] 2021-03-30 19:25:08.908 [http-nio-8080-exec-9] BasicTypeRegistry - Adding type registration java.time.OffsetDateTime -> org.hibernate.type.OffsetDateTimeType@6108a863
[DEBUG] 2021-03-30 19:25:08.908 [http-nio-8080-exec-9] BasicTypeRegistry - Adding type registration OffsetTime -> org.hibernate.type.OffsetTimeType@264639a6
[DEBUG] 2021-03-30 19:25:08.908 [http-nio-8080-exec-9] BasicTypeRegistry - Adding type registration java.time.OffsetTime -> org.hibernate.type.OffsetTimeType@264639a6
[DEBUG] 2021-03-30 19:25:08.908 [http-nio-8080-exec-9] BasicTypeRegistry - Adding type registration ZonedDateTime -> org.hibernate.type.ZonedDateTimeType@684cee98
[DEBUG] 2021-03-30 19:25:08.908 [http-nio-8080-exec-9] BasicTypeRegistry - Adding type registration java.time.ZonedDateTime -> org.hibernate.type.ZonedDateTimeType@684cee98
[DEBUG] 2021-03-30 19:25:08.908 [http-nio-8080-exec-9] BasicTypeRegistry - Adding type registration date -> org.hibernate.type.DateType@2a66939
[DEBUG] 2021-03-30 19:25:08.910 [http-nio-8080-exec-9] BasicTypeRegistry - Adding type registration java.sql.Date -> org.hibernate.type.DateType@2a66939
[DEBUG] 2021-03-30 19:25:08.910 [http-nio-8080-exec-9] BasicTypeRegistry - Adding type registration time -> org.hibernate.type.TimeType@e7cac9e
[DEBUG] 2021-03-30 19:25:08.910 [http-nio-8080-exec-9] BasicTypeRegistry - Adding type registration java.sql.Time -> org.hibernate.type.TimeType@e7cac9e
[DEBUG] 2021-03-30 19:25:08.910 [http-nio-8080-exec-9] BasicTypeRegistry - Adding type registration timestamp -> org.hibernate.type.TimestampType@15bc6572
[DEBUG] 2021-03-30 19:25:08.910 [http-nio-8080-exec-9] BasicTypeRegistry - Adding type registration java.sql.Timestamp -> org.hibernate.type.TimestampType@15bc6572
[DEBUG] 2021-03-30 19:25:08.910 [http-nio-8080-exec-9] BasicTypeRegistry - Adding type registration java.util.Date -> org.hibernate.type.TimestampType@15bc6572
[DEBUG] 2021-03-30 19:25:08.910 [http-nio-8080-exec-9] BasicTypeRegistry - Adding type registration dbtimestamp -> org.hibernate.type.DbTimestampType@5ae34ba5
[DEBUG] 2021-03-30 19:25:08.910 [http-nio-8080-exec-9] BasicTypeRegistry - Adding type registration calendar -> org.hibernate.type.CalendarType@5946150c
[DEBUG] 2021-03-30 19:25:08.911 [http-nio-8080-exec-9] BasicTypeRegistry - Adding type registration java.util.Calendar -> org.hibernate.type.CalendarType@5946150c
[DEBUG] 2021-03-30 19:25:08.912 [http-nio-8080-exec-9] BasicTypeRegistry - Adding type registration java.util.GregorianCalendar -> org.hibernate.type.CalendarType@5946150c
[DEBUG] 2021-03-30 19:25:08.912 [http-nio-8080-exec-9] BasicTypeRegistry - Adding type registration calendar_date -> org.hibernate.type.CalendarDateType@6593dfdc
[DEBUG] 2021-03-30 19:25:08.912 [http-nio-8080-exec-9] BasicTypeRegistry - Adding type registration locale -> org.hibernate.type.LocaleType@4d6182d4
[DEBUG] 2021-03-30 19:25:08.912 [http-nio-8080-exec-9] BasicTypeRegistry - Adding type registration java.util.Locale -> org.hibernate.type.LocaleType@4d6182d4
[DEBUG] 2021-03-30 19:25:08.912 [http-nio-8080-exec-9] BasicTypeRegistry - Adding type registration currency -> org.hibernate.type.CurrencyType@2194d18f
[DEBUG] 2021-03-30 19:25:08.912 [http-nio-8080-exec-9] BasicTypeRegistry - Adding type registration java.util.Currency -> org.hibernate.type.CurrencyType@2194d18f
[DEBUG] 2021-03-30 19:25:08.912 [http-nio-8080-exec-9] BasicTypeRegistry - Adding type registration timezone -> org.hibernate.type.TimeZoneType@7cda24b0
[DEBUG] 2021-03-30 19:25:08.912 [http-nio-8080-exec-9] BasicTypeRegistry - Adding type registration java.util.TimeZone -> org.hibernate.type.TimeZoneType@7cda24b0
[DEBUG] 2021-03-30 19:25:08.912 [http-nio-8080-exec-9] BasicTypeRegistry - Adding type registration class -> org.hibernate.type.ClassType@153586c0
[DEBUG] 2021-03-30 19:25:08.912 [http-nio-8080-exec-9] BasicTypeRegistry - Adding type registration java.lang.Class -> org.hibernate.type.ClassType@153586c0
[DEBUG] 2021-03-30 19:25:08.913 [http-nio-8080-exec-9] BasicTypeRegistry - Adding type registration uuid-binary -> org.hibernate.type.UUIDBinaryType@6c8406d7
[DEBUG] 2021-03-30 19:25:08.913 [http-nio-8080-exec-9] BasicTypeRegistry - Adding type registration java.util.UUID -> org.hibernate.type.UUIDBinaryType@6c8406d7
[DEBUG] 2021-03-30 19:25:08.913 [http-nio-8080-exec-9] BasicTypeRegistry - Adding type registration uuid-char -> org.hibernate.type.UUIDCharType@664fd96e
[DEBUG] 2021-03-30 19:25:08.913 [http-nio-8080-exec-9] BasicTypeRegistry - Adding type registration binary -> org.hibernate.type.BinaryType@3a8ed9ad
[DEBUG] 2021-03-30 19:25:08.913 [http-nio-8080-exec-9] BasicTypeRegistry - Adding type registration byte[] -> org.hibernate.type.BinaryType@3a8ed9ad
[DEBUG] 2021-03-30 19:25:08.913 [http-nio-8080-exec-9] BasicTypeRegistry - Adding type registration [B -> org.hibernate.type.BinaryType@3a8ed9ad
[DEBUG] 2021-03-30 19:25:08.913 [http-nio-8080-exec-9] BasicTypeRegistry - Adding type registration wrapper-binary -> org.hibernate.type.WrapperBinaryType@742b8c9a
[DEBUG] 2021-03-30 19:25:08.913 [http-nio-8080-exec-9] BasicTypeRegistry - Adding type registration Byte[] -> org.hibernate.type.WrapperBinaryType@742b8c9a
[DEBUG] 2021-03-30 19:25:08.913 [http-nio-8080-exec-9] BasicTypeRegistry - Adding type registration [Ljava.lang.Byte; -> org.hibernate.type.WrapperBinaryType@742b8c9a
[DEBUG] 2021-03-30 19:25:08.913 [http-nio-8080-exec-9] BasicTypeRegistry - Adding type registration row_version -> org.hibernate.type.RowVersionType@3f5181d7
[DEBUG] 2021-03-30 19:25:08.913 [http-nio-8080-exec-9] BasicTypeRegistry - Adding type registration image -> org.hibernate.type.ImageType@ff9ae0b
[DEBUG] 2021-03-30 19:25:08.913 [http-nio-8080-exec-9] BasicTypeRegistry - Adding type registration characters -> org.hibernate.type.CharArrayType@7f8f3b66
[DEBUG] 2021-03-30 19:25:08.913 [http-nio-8080-exec-9] BasicTypeRegistry - Adding type registration char[] -> org.hibernate.type.CharArrayType@7f8f3b66
[DEBUG] 2021-03-30 19:25:08.913 [http-nio-8080-exec-9] BasicTypeRegistry - Adding type registration [C -> org.hibernate.type.CharArrayType@7f8f3b66
[DEBUG] 2021-03-30 19:25:08.913 [http-nio-8080-exec-9] BasicTypeRegistry - Adding type registration wrapper-characters -> org.hibernate.type.CharacterArrayType@1ff3dee5
[DEBUG] 2021-03-30 19:25:08.913 [http-nio-8080-exec-9] BasicTypeRegistry - Adding type registration [Ljava.lang.Character; -> org.hibernate.type.CharacterArrayType@1ff3dee5
[DEBUG] 2021-03-30 19:25:08.913 [http-nio-8080-exec-9] BasicTypeRegistry - Adding type registration Character[] -> org.hibernate.type.CharacterArrayType@1ff3dee5
[DEBUG] 2021-03-30 19:25:08.913 [http-nio-8080-exec-9] BasicTypeRegistry - Adding type registration text -> org.hibernate.type.TextType@7294f616
[DEBUG] 2021-03-30 19:25:08.913 [http-nio-8080-exec-9] BasicTypeRegistry - Adding type registration ntext -> org.hibernate.type.NTextType@6e718740
[DEBUG] 2021-03-30 19:25:08.913 [http-nio-8080-exec-9] BasicTypeRegistry - Adding type registration blob -> org.hibernate.type.BlobType@194cc30b
[DEBUG] 2021-03-30 19:25:08.913 [http-nio-8080-exec-9] BasicTypeRegistry - Adding type registration java.sql.Blob -> org.hibernate.type.BlobType@194cc30b
[DEBUG] 2021-03-30 19:25:08.913 [http-nio-8080-exec-9] BasicTypeRegistry - Adding type registration materialized_blob -> org.hibernate.type.MaterializedBlobType@46357f50
[DEBUG] 2021-03-30 19:25:08.913 [http-nio-8080-exec-9] BasicTypeRegistry - Adding type registration clob -> org.hibernate.type.ClobType@65b79e2f
[DEBUG] 2021-03-30 19:25:08.913 [http-nio-8080-exec-9] BasicTypeRegistry - Adding type registration java.sql.Clob -> org.hibernate.type.ClobType@65b79e2f
[DEBUG] 2021-03-30 19:25:08.914 [http-nio-8080-exec-9] BasicTypeRegistry - Adding type registration nclob -> org.hibernate.type.NClobType@66b9756d
[DEBUG] 2021-03-30 19:25:08.914 [http-nio-8080-exec-9] BasicTypeRegistry - Adding type registration java.sql.NClob -> org.hibernate.type.NClobType@66b9756d
[DEBUG] 2021-03-30 19:25:08.914 [http-nio-8080-exec-9] BasicTypeRegistry - Adding type registration materialized_clob -> org.hibernate.type.MaterializedClobType@74307818
[DEBUG] 2021-03-30 19:25:08.914 [http-nio-8080-exec-9] BasicTypeRegistry - Adding type registration materialized_nclob -> org.hibernate.type.MaterializedNClobType@202fc2d4
[DEBUG] 2021-03-30 19:25:08.914 [http-nio-8080-exec-9] BasicTypeRegistry - Adding type registration serializable -> org.hibernate.type.SerializableType@3d2c305b
[DEBUG] 2021-03-30 19:25:08.914 [http-nio-8080-exec-9] BasicTypeRegistry - Adding type registration object -> org.hibernate.type.ObjectType@55a43f5e
[DEBUG] 2021-03-30 19:25:08.914 [http-nio-8080-exec-9] BasicTypeRegistry - Adding type registration java.lang.Object -> org.hibernate.type.ObjectType@55a43f5e
[DEBUG] 2021-03-30 19:25:08.914 [http-nio-8080-exec-9] BasicTypeRegistry - Adding type registration imm_date -> org.hibernate.type.AdaptedImmutableType@77b3274f
[DEBUG] 2021-03-30 19:25:08.914 [http-nio-8080-exec-9] BasicTypeRegistry - Adding type registration imm_time -> org.hibernate.type.AdaptedImmutableType@1278e5aa
[DEBUG] 2021-03-30 19:25:08.916 [http-nio-8080-exec-9] BasicTypeRegistry - Adding type registration imm_timestamp -> org.hibernate.type.AdaptedImmutableType@23d41a9f
[DEBUG] 2021-03-30 19:25:08.916 [http-nio-8080-exec-9] BasicTypeRegistry - Adding type registration imm_dbtimestamp -> org.hibernate.type.AdaptedImmutableType@7568ce0c
[DEBUG] 2021-03-30 19:25:08.916 [http-nio-8080-exec-9] BasicTypeRegistry - Adding type registration imm_calendar -> org.hibernate.type.AdaptedImmutableType@1b0f16b1
[DEBUG] 2021-03-30 19:25:08.916 [http-nio-8080-exec-9] BasicTypeRegistry - Adding type registration imm_calendar_date -> org.hibernate.type.AdaptedImmutableType@4e0fe5cf
[DEBUG] 2021-03-30 19:25:08.916 [http-nio-8080-exec-9] BasicTypeRegistry - Adding type registration imm_binary -> org.hibernate.type.AdaptedImmutableType@4d0c1e73
[DEBUG] 2021-03-30 19:25:08.916 [http-nio-8080-exec-9] BasicTypeRegistry - Adding type registration imm_serializable -> org.hibernate.type.AdaptedImmutableType@7e27b170
[DEBUG] 2021-03-30 19:25:08.917 [http-nio-8080-exec-9] DefaultIdentifierGeneratorFactory - Registering IdentifierGenerator strategy [uuid2] -> [org.hibernate.id.UUIDGenerator]
[DEBUG] 2021-03-30 19:25:08.917 [http-nio-8080-exec-9] DefaultIdentifierGeneratorFactory - Registering IdentifierGenerator strategy [guid] -> [org.hibernate.id.GUIDGenerator]
[DEBUG] 2021-03-30 19:25:08.917 [http-nio-8080-exec-9] DefaultIdentifierGeneratorFactory - Registering IdentifierGenerator strategy [uuid] -> [org.hibernate.id.UUIDHexGenerator]
[DEBUG] 2021-03-30 19:25:08.917 [http-nio-8080-exec-9] DefaultIdentifierGeneratorFactory - Registering IdentifierGenerator strategy [uuid.hex] -> [org.hibernate.id.UUIDHexGenerator]
[DEBUG] 2021-03-30 19:25:08.917 [http-nio-8080-exec-9] DefaultIdentifierGeneratorFactory - Registering IdentifierGenerator strategy [assigned] -> [org.hibernate.id.Assigned]
[DEBUG] 2021-03-30 19:25:08.917 [http-nio-8080-exec-9] DefaultIdentifierGeneratorFactory - Registering IdentifierGenerator strategy [identity] -> [org.hibernate.id.IdentityGenerator]
[DEBUG] 2021-03-30 19:25:08.917 [http-nio-8080-exec-9] DefaultIdentifierGeneratorFactory - Registering IdentifierGenerator strategy [select] -> [org.hibernate.id.SelectGenerator]
[DEBUG] 2021-03-30 19:25:08.917 [http-nio-8080-exec-9] DefaultIdentifierGeneratorFactory - Registering IdentifierGenerator strategy [sequence] -> [org.hibernate.id.enhanced.SequenceStyleGenerator]
[DEBUG] 2021-03-30 19:25:08.917 [http-nio-8080-exec-9] DefaultIdentifierGeneratorFactory - Registering IdentifierGenerator strategy [seqhilo] -> [org.hibernate.id.SequenceHiLoGenerator]
[DEBUG] 2021-03-30 19:25:08.918 [http-nio-8080-exec-9] DefaultIdentifierGeneratorFactory - Registering IdentifierGenerator strategy [increment] -> [org.hibernate.id.IncrementGenerator]
[DEBUG] 2021-03-30 19:25:08.918 [http-nio-8080-exec-9] DefaultIdentifierGeneratorFactory - Registering IdentifierGenerator strategy [foreign] -> [org.hibernate.id.ForeignGenerator]
[DEBUG] 2021-03-30 19:25:08.918 [http-nio-8080-exec-9] DefaultIdentifierGeneratorFactory - Registering IdentifierGenerator strategy [sequence-identity] -> [org.hibernate.id.SequenceIdentityGenerator]
[DEBUG] 2021-03-30 19:25:08.918 [http-nio-8080-exec-9] DefaultIdentifierGeneratorFactory - Registering IdentifierGenerator strategy [enhanced-sequence] -> [org.hibernate.id.enhanced.SequenceStyleGenerator]
[DEBUG] 2021-03-30 19:25:08.918 [http-nio-8080-exec-9] DefaultIdentifierGeneratorFactory - Registering IdentifierGenerator strategy [enhanced-table] -> [org.hibernate.id.enhanced.TableGenerator]
[INFO ] 2021-03-30 19:25:08.918 [http-nio-8080-exec-9] C3P0ConnectionProvider - HHH010002: C3P0 using driver: com.mysql.cj.jdbc.Driver at URL: jdbc:mysql://localhost:3306/budget_tracker
[INFO ] 2021-03-30 19:25:08.923 [http-nio-8080-exec-9] C3P0ConnectionProvider - HHH10001001: Connection properties: {password=****, user=root}
[INFO ] 2021-03-30 19:25:08.923 [http-nio-8080-exec-9] C3P0ConnectionProvider - HHH10001003: Autocommit mode: false
[INFO ] 2021-03-30 19:25:08.986 [http-nio-8080-exec-9] C3P0ConnectionProvider - HHH10001007: JDBC isolation level: <unknown>
[DEBUG] 2021-03-30 19:25:15.271 [http-nio-8080-exec-10] IntegratorServiceImpl - Adding Integrator [org.hibernate.cfg.beanvalidation.BeanValidationIntegrator].
[DEBUG] 2021-03-30 19:25:15.271 [http-nio-8080-exec-10] IntegratorServiceImpl - Adding Integrator [org.hibernate.secure.spi.JaccIntegrator].
[DEBUG] 2021-03-30 19:25:15.271 [http-nio-8080-exec-10] IntegratorServiceImpl - Adding Integrator [org.hibernate.cache.internal.CollectionCacheInvalidator].
[DEBUG] 2021-03-30 19:25:15.282 [http-nio-8080-exec-10] LocalXmlResourceResolver - Interpreting public/system identifier : [-//Hibernate/Hibernate Configuration DTD//EN] - [http://www.hibernate.org/dtd/hibernate-configuration-3.0.dtd]
[DEBUG] 2021-03-30 19:25:15.282 [http-nio-8080-exec-10] LocalXmlResourceResolver - Recognized hibernate-configuration identifier; attempting to resolve on classpath under org/hibernate/
[DEBUG] 2021-03-30 19:25:15.287 [http-nio-8080-exec-10] JaxbCfgProcessor - cfg.xml document did not define namespaces; wrapping in custom event reader to introduce namespace information
[DEBUG] 2021-03-30 19:25:15.318 [http-nio-8080-exec-10] ServiceBinding - Overriding existing service binding [org.hibernate.secure.spi.JaccService]
[DEBUG] 2021-03-30 19:25:15.318 [http-nio-8080-exec-10] RegionFactoryInitiator - Cannot default RegionFactory based on registered strategies as `[]` RegionFactory strategies were registered
[DEBUG] 2021-03-30 19:25:15.318 [http-nio-8080-exec-10] RegionFactoryInitiator - Cache region factory : org.hibernate.cache.internal.NoCachingRegionFactory
[DEBUG] 2021-03-30 19:25:15.320 [http-nio-8080-exec-10] BasicTypeRegistry - Adding type registration boolean -> org.hibernate.type.BooleanType@5042b50e
[DEBUG] 2021-03-30 19:25:15.321 [http-nio-8080-exec-10] BasicTypeRegistry - Adding type registration boolean -> org.hibernate.type.BooleanType@5042b50e
[DEBUG] 2021-03-30 19:25:15.321 [http-nio-8080-exec-10] BasicTypeRegistry - Adding type registration java.lang.Boolean -> org.hibernate.type.BooleanType@5042b50e
[DEBUG] 2021-03-30 19:25:15.321 [http-nio-8080-exec-10] BasicTypeRegistry - Adding type registration numeric_boolean -> org.hibernate.type.NumericBooleanType@4dea4ed5
[DEBUG] 2021-03-30 19:25:15.321 [http-nio-8080-exec-10] BasicTypeRegistry - Adding type registration true_false -> org.hibernate.type.TrueFalseType@1ff7fded
[DEBUG] 2021-03-30 19:25:15.321 [http-nio-8080-exec-10] BasicTypeRegistry - Adding type registration yes_no -> org.hibernate.type.YesNoType@5e9d05c8
[DEBUG] 2021-03-30 19:25:15.321 [http-nio-8080-exec-10] BasicTypeRegistry - Adding type registration byte -> org.hibernate.type.ByteType@26054809
[DEBUG] 2021-03-30 19:25:15.321 [http-nio-8080-exec-10] BasicTypeRegistry - Adding type registration byte -> org.hibernate.type.ByteType@26054809
[DEBUG] 2021-03-30 19:25:15.321 [http-nio-8080-exec-10] BasicTypeRegistry - Adding type registration java.lang.Byte -> org.hibernate.type.ByteType@26054809
[DEBUG] 2021-03-30 19:25:15.321 [http-nio-8080-exec-10] BasicTypeRegistry - Adding type registration character -> org.hibernate.type.CharacterType@1f4abbfb
[DEBUG] 2021-03-30 19:25:15.321 [http-nio-8080-exec-10] BasicTypeRegistry - Adding type registration char -> org.hibernate.type.CharacterType@1f4abbfb
[DEBUG] 2021-03-30 19:25:15.321 [http-nio-8080-exec-10] BasicTypeRegistry - Adding type registration java.lang.Character -> org.hibernate.type.CharacterType@1f4abbfb
[DEBUG] 2021-03-30 19:25:15.321 [http-nio-8080-exec-10] BasicTypeRegistry - Adding type registration short -> org.hibernate.type.ShortType@21fac1a
[DEBUG] 2021-03-30 19:25:15.321 [http-nio-8080-exec-10] BasicTypeRegistry - Adding type registration short -> org.hibernate.type.ShortType@21fac1a
[DEBUG] 2021-03-30 19:25:15.321 [http-nio-8080-exec-10] BasicTypeRegistry - Adding type registration java.lang.Short -> org.hibernate.type.ShortType@21fac1a
[DEBUG] 2021-03-30 19:25:15.321 [http-nio-8080-exec-10] BasicTypeRegistry - Adding type registration integer -> org.hibernate.type.IntegerType@1c9eb54b
[DEBUG] 2021-03-30 19:25:15.321 [http-nio-8080-exec-10] BasicTypeRegistry - Adding type registration int -> org.hibernate.type.IntegerType@1c9eb54b
[DEBUG] 2021-03-30 19:25:15.321 [http-nio-8080-exec-10] BasicTypeRegistry - Adding type registration java.lang.Integer -> org.hibernate.type.IntegerType@1c9eb54b
[DEBUG] 2021-03-30 19:25:15.321 [http-nio-8080-exec-10] BasicTypeRegistry - Adding type registration long -> org.hibernate.type.LongType@7777d4dd
[DEBUG] 2021-03-30 19:25:15.321 [http-nio-8080-exec-10] BasicTypeRegistry - Adding type registration long -> org.hibernate.type.LongType@7777d4dd
[DEBUG] 2021-03-30 19:25:15.321 [http-nio-8080-exec-10] BasicTypeRegistry - Adding type registration java.lang.Long -> org.hibernate.type.LongType@7777d4dd
[DEBUG] 2021-03-30 19:25:15.321 [http-nio-8080-exec-10] BasicTypeRegistry - Adding type registration float -> org.hibernate.type.FloatType@5d145fae
[DEBUG] 2021-03-30 19:25:15.321 [http-nio-8080-exec-10] BasicTypeRegistry - Adding type registration float -> org.hibernate.type.FloatType@5d145fae
[DEBUG] 2021-03-30 19:25:15.321 [http-nio-8080-exec-10] BasicTypeRegistry - Adding type registration java.lang.Float -> org.hibernate.type.FloatType@5d145fae
[DEBUG] 2021-03-30 19:25:15.321 [http-nio-8080-exec-10] BasicTypeRegistry - Adding type registration double -> org.hibernate.type.DoubleType@2daf58a7
[DEBUG] 2021-03-30 19:25:15.321 [http-nio-8080-exec-10] BasicTypeRegistry - Adding type registration double -> org.hibernate.type.DoubleType@2daf58a7
[DEBUG] 2021-03-30 19:25:15.321 [http-nio-8080-exec-10] BasicTypeRegistry - Adding type registration java.lang.Double -> org.hibernate.type.DoubleType@2daf58a7
[DEBUG] 2021-03-30 19:25:15.321 [http-nio-8080-exec-10] BasicTypeRegistry - Adding type registration big_decimal -> org.hibernate.type.BigDecimalType@59f005e4
[DEBUG] 2021-03-30 19:25:15.321 [http-nio-8080-exec-10] BasicTypeRegistry - Adding type registration java.math.BigDecimal -> org.hibernate.type.BigDecimalType@59f005e4
[DEBUG] 2021-03-30 19:25:15.321 [http-nio-8080-exec-10] BasicTypeRegistry - Adding type registration big_integer -> org.hibernate.type.BigIntegerType@5f3b8185
[DEBUG] 2021-03-30 19:25:15.321 [http-nio-8080-exec-10] BasicTypeRegistry - Adding type registration java.math.BigInteger -> org.hibernate.type.BigIntegerType@5f3b8185
[DEBUG] 2021-03-30 19:25:15.321 [http-nio-8080-exec-10] BasicTypeRegistry - Adding type registration string -> org.hibernate.type.StringType@5c2977c8
[DEBUG] 2021-03-30 19:25:15.321 [http-nio-8080-exec-10] BasicTypeRegistry - Adding type registration java.lang.String -> org.hibernate.type.StringType@5c2977c8
[DEBUG] 2021-03-30 19:25:15.322 [http-nio-8080-exec-10] BasicTypeRegistry - Adding type registration nstring -> org.hibernate.type.StringNVarcharType@15e99dcf
[DEBUG] 2021-03-30 19:25:15.322 [http-nio-8080-exec-10] BasicTypeRegistry - Adding type registration ncharacter -> org.hibernate.type.CharacterNCharType@a3ddecb
[DEBUG] 2021-03-30 19:25:15.322 [http-nio-8080-exec-10] BasicTypeRegistry - Adding type registration url -> org.hibernate.type.UrlType@57293f31
[DEBUG] 2021-03-30 19:25:15.322 [http-nio-8080-exec-10] BasicTypeRegistry - Adding type registration java.net.URL -> org.hibernate.type.UrlType@57293f31
[DEBUG] 2021-03-30 19:25:15.322 [http-nio-8080-exec-10] BasicTypeRegistry - Adding type registration Duration -> org.hibernate.type.DurationType@4dfb3afe
[DEBUG] 2021-03-30 19:25:15.322 [http-nio-8080-exec-10] BasicTypeRegistry - Adding type registration java.time.Duration -> org.hibernate.type.DurationType@4dfb3afe
[DEBUG] 2021-03-30 19:25:15.322 [http-nio-8080-exec-10] BasicTypeRegistry - Adding type registration Instant -> org.hibernate.type.InstantType@509d9d98
[DEBUG] 2021-03-30 19:25:15.322 [http-nio-8080-exec-10] BasicTypeRegistry - Adding type registration java.time.Instant -> org.hibernate.type.InstantType@509d9d98
[DEBUG] 2021-03-30 19:25:15.322 [http-nio-8080-exec-10] BasicTypeRegistry - Adding type registration LocalDateTime -> org.hibernate.type.LocalDateTimeType@282d2f69
[DEBUG] 2021-03-30 19:25:15.322 [http-nio-8080-exec-10] BasicTypeRegistry - Adding type registration java.time.LocalDateTime -> org.hibernate.type.LocalDateTimeType@282d2f69
[DEBUG] 2021-03-30 19:25:15.322 [http-nio-8080-exec-10] BasicTypeRegistry - Adding type registration LocalDate -> org.hibernate.type.LocalDateType@791c7e79
[DEBUG] 2021-03-30 19:25:15.322 [http-nio-8080-exec-10] BasicTypeRegistry - Adding type registration java.time.LocalDate -> org.hibernate.type.LocalDateType@791c7e79
[DEBUG] 2021-03-30 19:25:15.322 [http-nio-8080-exec-10] BasicTypeRegistry - Adding type registration LocalTime -> org.hibernate.type.LocalTimeType@17c15525
[DEBUG] 2021-03-30 19:25:15.322 [http-nio-8080-exec-10] BasicTypeRegistry - Adding type registration java.time.LocalTime -> org.hibernate.type.LocalTimeType@17c15525
[DEBUG] 2021-03-30 19:25:15.322 [http-nio-8080-exec-10] BasicTypeRegistry - Adding type registration OffsetDateTime -> org.hibernate.type.OffsetDateTimeType@6108a863
[DEBUG] 2021-03-30 19:25:15.322 [http-nio-8080-exec-10] BasicTypeRegistry - Adding type registration java.time.OffsetDateTime -> org.hibernate.type.OffsetDateTimeType@6108a863
[DEBUG] 2021-03-30 19:25:15.322 [http-nio-8080-exec-10] BasicTypeRegistry - Adding type registration OffsetTime -> org.hibernate.type.OffsetTimeType@264639a6
[DEBUG] 2021-03-30 19:25:15.322 [http-nio-8080-exec-10] BasicTypeRegistry - Adding type registration java.time.OffsetTime -> org.hibernate.type.OffsetTimeType@264639a6
[DEBUG] 2021-03-30 19:25:15.322 [http-nio-8080-exec-10] BasicTypeRegistry - Adding type registration ZonedDateTime -> org.hibernate.type.ZonedDateTimeType@684cee98
[DEBUG] 2021-03-30 19:25:15.322 [http-nio-8080-exec-10] BasicTypeRegistry - Adding type registration java.time.ZonedDateTime -> org.hibernate.type.ZonedDateTimeType@684cee98
[DEBUG] 2021-03-30 19:25:15.322 [http-nio-8080-exec-10] BasicTypeRegistry - Adding type registration date -> org.hibernate.type.DateType@2a66939
[DEBUG] 2021-03-30 19:25:15.322 [http-nio-8080-exec-10] BasicTypeRegistry - Adding type registration java.sql.Date -> org.hibernate.type.DateType@2a66939
[DEBUG] 2021-03-30 19:25:15.324 [http-nio-8080-exec-10] BasicTypeRegistry - Adding type registration time -> org.hibernate.type.TimeType@e7cac9e
[DEBUG] 2021-03-30 19:25:15.324 [http-nio-8080-exec-10] BasicTypeRegistry - Adding type registration java.sql.Time -> org.hibernate.type.TimeType@e7cac9e
[DEBUG] 2021-03-30 19:25:15.324 [http-nio-8080-exec-10] BasicTypeRegistry - Adding type registration timestamp -> org.hibernate.type.TimestampType@15bc6572
[DEBUG] 2021-03-30 19:25:15.324 [http-nio-8080-exec-10] BasicTypeRegistry - Adding type registration java.sql.Timestamp -> org.hibernate.type.TimestampType@15bc6572
[DEBUG] 2021-03-30 19:25:15.324 [http-nio-8080-exec-10] BasicTypeRegistry - Adding type registration java.util.Date -> org.hibernate.type.TimestampType@15bc6572
[DEBUG] 2021-03-30 19:25:15.324 [http-nio-8080-exec-10] BasicTypeRegistry - Adding type registration dbtimestamp -> org.hibernate.type.DbTimestampType@5ae34ba5
[DEBUG] 2021-03-30 19:25:15.324 [http-nio-8080-exec-10] BasicTypeRegistry - Adding type registration calendar -> org.hibernate.type.CalendarType@5946150c
[DEBUG] 2021-03-30 19:25:15.324 [http-nio-8080-exec-10] BasicTypeRegistry - Adding type registration java.util.Calendar -> org.hibernate.type.CalendarType@5946150c
[DEBUG] 2021-03-30 19:25:15.324 [http-nio-8080-exec-10] BasicTypeRegistry - Adding type registration java.util.GregorianCalendar -> org.hibernate.type.CalendarType@5946150c
[DEBUG] 2021-03-30 19:25:15.324 [http-nio-8080-exec-10] BasicTypeRegistry - Adding type registration calendar_date -> org.hibernate.type.CalendarDateType@6593dfdc
[DEBUG] 2021-03-30 19:25:15.324 [http-nio-8080-exec-10] BasicTypeRegistry - Adding type registration locale -> org.hibernate.type.LocaleType@4d6182d4
[DEBUG] 2021-03-30 19:25:15.324 [http-nio-8080-exec-10] BasicTypeRegistry - Adding type registration java.util.Locale -> org.hibernate.type.LocaleType@4d6182d4
[DEBUG] 2021-03-30 19:25:15.324 [http-nio-8080-exec-10] BasicTypeRegistry - Adding type registration currency -> org.hibernate.type.CurrencyType@2194d18f
[DEBUG] 2021-03-30 19:25:15.324 [http-nio-8080-exec-10] BasicTypeRegistry - Adding type registration java.util.Currency -> org.hibernate.type.CurrencyType@2194d18f
[DEBUG] 2021-03-30 19:25:15.324 [http-nio-8080-exec-10] BasicTypeRegistry - Adding type registration timezone -> org.hibernate.type.TimeZoneType@7cda24b0
[DEBUG] 2021-03-30 19:25:15.324 [http-nio-8080-exec-10] BasicTypeRegistry - Adding type registration java.util.TimeZone -> org.hibernate.type.TimeZoneType@7cda24b0
[DEBUG] 2021-03-30 19:25:15.324 [http-nio-8080-exec-10] BasicTypeRegistry - Adding type registration class -> org.hibernate.type.ClassType@153586c0
[DEBUG] 2021-03-30 19:25:15.324 [http-nio-8080-exec-10] BasicTypeRegistry - Adding type registration java.lang.Class -> org.hibernate.type.ClassType@153586c0
[DEBUG] 2021-03-30 19:25:15.324 [http-nio-8080-exec-10] BasicTypeRegistry - Adding type registration uuid-binary -> org.hibernate.type.UUIDBinaryType@6c8406d7
[DEBUG] 2021-03-30 19:25:15.324 [http-nio-8080-exec-10] BasicTypeRegistry - Adding type registration java.util.UUID -> org.hibernate.type.UUIDBinaryType@6c8406d7
[DEBUG] 2021-03-30 19:25:15.324 [http-nio-8080-exec-10] BasicTypeRegistry - Adding type registration uuid-char -> org.hibernate.type.UUIDCharType@664fd96e
[DEBUG] 2021-03-30 19:25:15.324 [http-nio-8080-exec-10] BasicTypeRegistry - Adding type registration binary -> org.hibernate.type.BinaryType@3a8ed9ad
[DEBUG] 2021-03-30 19:25:15.324 [http-nio-8080-exec-10] BasicTypeRegistry - Adding type registration byte[] -> org.hibernate.type.BinaryType@3a8ed9ad
[DEBUG] 2021-03-30 19:25:15.324 [http-nio-8080-exec-10] BasicTypeRegistry - Adding type registration [B -> org.hibernate.type.BinaryType@3a8ed9ad
[DEBUG] 2021-03-30 19:25:15.324 [http-nio-8080-exec-10] BasicTypeRegistry - Adding type registration wrapper-binary -> org.hibernate.type.WrapperBinaryType@742b8c9a
[DEBUG] 2021-03-30 19:25:15.324 [http-nio-8080-exec-10] BasicTypeRegistry - Adding type registration Byte[] -> org.hibernate.type.WrapperBinaryType@742b8c9a
[DEBUG] 2021-03-30 19:25:15.324 [http-nio-8080-exec-10] BasicTypeRegistry - Adding type registration [Ljava.lang.Byte; -> org.hibernate.type.WrapperBinaryType@742b8c9a
[DEBUG] 2021-03-30 19:25:15.324 [http-nio-8080-exec-10] BasicTypeRegistry - Adding type registration row_version -> org.hibernate.type.RowVersionType@3f5181d7
[DEBUG] 2021-03-30 19:25:15.324 [http-nio-8080-exec-10] BasicTypeRegistry - Adding type registration image -> org.hibernate.type.ImageType@ff9ae0b
[DEBUG] 2021-03-30 19:25:15.324 [http-nio-8080-exec-10] BasicTypeRegistry - Adding type registration characters -> org.hibernate.type.CharArrayType@7f8f3b66
[DEBUG] 2021-03-30 19:25:15.324 [http-nio-8080-exec-10] BasicTypeRegistry - Adding type registration char[] -> org.hibernate.type.CharArrayType@7f8f3b66
[DEBUG] 2021-03-30 19:25:15.325 [http-nio-8080-exec-10] BasicTypeRegistry - Adding type registration [C -> org.hibernate.type.CharArrayType@7f8f3b66
[DEBUG] 2021-03-30 19:25:15.325 [http-nio-8080-exec-10] BasicTypeRegistry - Adding type registration wrapper-characters -> org.hibernate.type.CharacterArrayType@1ff3dee5
[DEBUG] 2021-03-30 19:25:15.325 [http-nio-8080-exec-10] BasicTypeRegistry - Adding type registration [Ljava.lang.Character; -> org.hibernate.type.CharacterArrayType@1ff3dee5
[DEBUG] 2021-03-30 19:25:15.325 [http-nio-8080-exec-10] BasicTypeRegistry - Adding type registration Character[] -> org.hibernate.type.CharacterArrayType@1ff3dee5
[DEBUG] 2021-03-30 19:25:15.325 [http-nio-8080-exec-10] BasicTypeRegistry - Adding type registration text -> org.hibernate.type.TextType@7294f616
[DEBUG] 2021-03-30 19:25:15.325 [http-nio-8080-exec-10] BasicTypeRegistry - Adding type registration ntext -> org.hibernate.type.NTextType@6e718740
[DEBUG] 2021-03-30 19:25:15.325 [http-nio-8080-exec-10] BasicTypeRegistry - Adding type registration blob -> org.hibernate.type.BlobType@194cc30b
[DEBUG] 2021-03-30 19:25:15.325 [http-nio-8080-exec-10] BasicTypeRegistry - Adding type registration java.sql.Blob -> org.hibernate.type.BlobType@194cc30b
[DEBUG] 2021-03-30 19:25:15.325 [http-nio-8080-exec-10] BasicTypeRegistry - Adding type registration materialized_blob -> org.hibernate.type.MaterializedBlobType@46357f50
[DEBUG] 2021-03-30 19:25:15.325 [http-nio-8080-exec-10] BasicTypeRegistry - Adding type registration clob -> org.hibernate.type.ClobType@65b79e2f
[DEBUG] 2021-03-30 19:25:15.325 [http-nio-8080-exec-10] BasicTypeRegistry - Adding type registration java.sql.Clob -> org.hibernate.type.ClobType@65b79e2f
[DEBUG] 2021-03-30 19:25:15.325 [http-nio-8080-exec-10] BasicTypeRegistry - Adding type registration nclob -> org.hibernate.type.NClobType@66b9756d
[DEBUG] 2021-03-30 19:25:15.325 [http-nio-8080-exec-10] BasicTypeRegistry - Adding type registration java.sql.NClob -> org.hibernate.type.NClobType@66b9756d
[DEBUG] 2021-03-30 19:25:15.325 [http-nio-8080-exec-10] BasicTypeRegistry - Adding type registration materialized_clob -> org.hibernate.type.MaterializedClobType@74307818
[DEBUG] 2021-03-30 19:25:15.325 [http-nio-8080-exec-10] BasicTypeRegistry - Adding type registration materialized_nclob -> org.hibernate.type.MaterializedNClobType@202fc2d4
[DEBUG] 2021-03-30 19:25:15.325 [http-nio-8080-exec-10] BasicTypeRegistry - Adding type registration serializable -> org.hibernate.type.SerializableType@3d2c305b
[DEBUG] 2021-03-30 19:25:15.325 [http-nio-8080-exec-10] BasicTypeRegistry - Adding type registration object -> org.hibernate.type.ObjectType@55a43f5e
[DEBUG] 2021-03-30 19:25:15.325 [http-nio-8080-exec-10] BasicTypeRegistry - Adding type registration java.lang.Object -> org.hibernate.type.ObjectType@55a43f5e
[DEBUG] 2021-03-30 19:25:15.325 [http-nio-8080-exec-10] BasicTypeRegistry - Adding type registration imm_date -> org.hibernate.type.AdaptedImmutableType@55970676
[DEBUG] 2021-03-30 19:25:15.325 [http-nio-8080-exec-10] BasicTypeRegistry - Adding type registration imm_time -> org.hibernate.type.AdaptedImmutableType@4389480
[DEBUG] 2021-03-30 19:25:15.325 [http-nio-8080-exec-10] BasicTypeRegistry - Adding type registration imm_timestamp -> org.hibernate.type.AdaptedImmutableType@40345e5
[DEBUG] 2021-03-30 19:25:15.325 [http-nio-8080-exec-10] BasicTypeRegistry - Adding type registration imm_dbtimestamp -> org.hibernate.type.AdaptedImmutableType@23869e5
[DEBUG] 2021-03-30 19:25:15.325 [http-nio-8080-exec-10] BasicTypeRegistry - Adding type registration imm_calendar -> org.hibernate.type.AdaptedImmutableType@6ff17b62
[DEBUG] 2021-03-30 19:25:15.325 [http-nio-8080-exec-10] BasicTypeRegistry - Adding type registration imm_calendar_date -> org.hibernate.type.AdaptedImmutableType@2f2d7e88
[DEBUG] 2021-03-30 19:25:15.325 [http-nio-8080-exec-10] BasicTypeRegistry - Adding type registration imm_binary -> org.hibernate.type.AdaptedImmutableType@319f3ae5
[DEBUG] 2021-03-30 19:25:15.325 [http-nio-8080-exec-10] BasicTypeRegistry - Adding type registration imm_serializable -> org.hibernate.type.AdaptedImmutableType@70291a72
[DEBUG] 2021-03-30 19:25:15.328 [http-nio-8080-exec-10] DefaultIdentifierGeneratorFactory - Registering IdentifierGenerator strategy [uuid2] -> [org.hibernate.id.UUIDGenerator]
[DEBUG] 2021-03-30 19:25:15.328 [http-nio-8080-exec-10] DefaultIdentifierGeneratorFactory - Registering IdentifierGenerator strategy [guid] -> [org.hibernate.id.GUIDGenerator]
[DEBUG] 2021-03-30 19:25:15.328 [http-nio-8080-exec-10] DefaultIdentifierGeneratorFactory - Registering IdentifierGenerator strategy [uuid] -> [org.hibernate.id.UUIDHexGenerator]
[DEBUG] 2021-03-30 19:25:15.328 [http-nio-8080-exec-10] DefaultIdentifierGeneratorFactory - Registering IdentifierGenerator strategy [uuid.hex] -> [org.hibernate.id.UUIDHexGenerator]
[DEBUG] 2021-03-30 19:25:15.328 [http-nio-8080-exec-10] DefaultIdentifierGeneratorFactory - Registering IdentifierGenerator strategy [assigned] -> [org.hibernate.id.Assigned]
[DEBUG] 2021-03-30 19:25:15.328 [http-nio-8080-exec-10] DefaultIdentifierGeneratorFactory - Registering IdentifierGenerator strategy [identity] -> [org.hibernate.id.IdentityGenerator]
[DEBUG] 2021-03-30 19:25:15.328 [http-nio-8080-exec-10] DefaultIdentifierGeneratorFactory - Registering IdentifierGenerator strategy [select] -> [org.hibernate.id.SelectGenerator]
[DEBUG] 2021-03-30 19:25:15.328 [http-nio-8080-exec-10] DefaultIdentifierGeneratorFactory - Registering IdentifierGenerator strategy [sequence] -> [org.hibernate.id.enhanced.SequenceStyleGenerator]
[DEBUG] 2021-03-30 19:25:15.328 [http-nio-8080-exec-10] DefaultIdentifierGeneratorFactory - Registering IdentifierGenerator strategy [seqhilo] -> [org.hibernate.id.SequenceHiLoGenerator]
[DEBUG] 2021-03-30 19:25:15.328 [http-nio-8080-exec-10] DefaultIdentifierGeneratorFactory - Registering IdentifierGenerator strategy [increment] -> [org.hibernate.id.IncrementGenerator]
[DEBUG] 2021-03-30 19:25:15.328 [http-nio-8080-exec-10] DefaultIdentifierGeneratorFactory - Registering IdentifierGenerator strategy [foreign] -> [org.hibernate.id.ForeignGenerator]
[DEBUG] 2021-03-30 19:25:15.328 [http-nio-8080-exec-10] DefaultIdentifierGeneratorFactory - Registering IdentifierGenerator strategy [sequence-identity] -> [org.hibernate.id.SequenceIdentityGenerator]
[DEBUG] 2021-03-30 19:25:15.328 [http-nio-8080-exec-10] DefaultIdentifierGeneratorFactory - Registering IdentifierGenerator strategy [enhanced-sequence] -> [org.hibernate.id.enhanced.SequenceStyleGenerator]
[DEBUG] 2021-03-30 19:25:15.328 [http-nio-8080-exec-10] DefaultIdentifierGeneratorFactory - Registering IdentifierGenerator strategy [enhanced-table] -> [org.hibernate.id.enhanced.TableGenerator]
[INFO ] 2021-03-30 19:25:15.329 [http-nio-8080-exec-10] C3P0ConnectionProvider - HHH010002: C3P0 using driver: com.mysql.cj.jdbc.Driver at URL: jdbc:mysql://localhost:3306/budget_tracker
[INFO ] 2021-03-30 19:25:15.329 [http-nio-8080-exec-10] C3P0ConnectionProvider - HHH10001001: Connection properties: {password=****, user=root}
[INFO ] 2021-03-30 19:25:15.329 [http-nio-8080-exec-10] C3P0ConnectionProvider - HHH10001003: Autocommit mode: false
[INFO ] 2021-03-30 19:25:15.382 [http-nio-8080-exec-10] C3P0ConnectionProvider - HHH10001007: JDBC isolation level: <unknown>
[WARN ] 2021-03-30 19:25:39.411 [http-nio-8080-exec-9] JdbcEnvironmentInitiator - HHH000342: Could not obtain connection to query metadata : Connections could not be acquired from the underlying database!
[WARN ] 2021-03-30 19:25:45.796 [http-nio-8080-exec-10] JdbcEnvironmentInitiator - HHH000342: Could not obtain connection to query metadata : Connections could not be acquired from the underlying database!
