[DEBUG] 2021-05-11 14:01:59.058 [main] IntegratorServiceImpl - Adding Integrator [org.hibernate.cfg.beanvalidation.BeanValidationIntegrator].
[DEBUG] 2021-05-11 14:01:59.062 [main] IntegratorServiceImpl - Adding Integrator [org.hibernate.secure.spi.JaccIntegrator].
[DEBUG] 2021-05-11 14:01:59.067 [main] IntegratorServiceImpl - Adding Integrator [org.hibernate.cache.internal.CollectionCacheInvalidator].
[INFO ] 2021-05-11 14:01:59.216 [main] Version - HHH000412: Hibernate Core {5.4.4.Final}
[DEBUG] 2021-05-11 14:01:59.223 [main] Environment - HHH000206: hibernate.properties not found
[DEBUG] 2021-05-11 14:01:59.588 [main] LocalXmlResourceResolver - Interpreting public/system identifier : [-//Hibernate/Hibernate Configuration DTD//EN] - [http://www.hibernate.org/dtd/hibernate-configuration-3.0.dtd]
[DEBUG] 2021-05-11 14:01:59.596 [main] LocalXmlResourceResolver - Recognized hibernate-configuration identifier; attempting to resolve on classpath under org/hibernate/
[DEBUG] 2021-05-11 14:01:59.605 [main] JaxbCfgProcessor - cfg.xml document did not define namespaces; wrapping in custom event reader to introduce namespace information
[DEBUG] 2021-05-11 14:02:00.145 [main] ServiceBinding - Overriding existing service binding [org.hibernate.secure.spi.JaccService]
[DEBUG] 2021-05-11 14:02:00.166 [main] RegionFactoryInitiator - Cannot default RegionFactory based on registered strategies as `[]` RegionFactory strategies were registered
[DEBUG] 2021-05-11 14:02:00.174 [main] RegionFactoryInitiator - Cache region factory : org.hibernate.cache.internal.NoCachingRegionFactory
[INFO ] 2021-05-11 14:02:00.191 [main] Version - HCANN000001: Hibernate Commons Annotations {5.1.0.Final}
[DEBUG] 2021-05-11 14:02:00.224 [main] BasicTypeRegistry - Adding type registration boolean -> org.hibernate.type.BooleanType@4690f583
[DEBUG] 2021-05-11 14:02:00.224 [main] BasicTypeRegistry - Adding type registration boolean -> org.hibernate.type.BooleanType@4690f583
[DEBUG] 2021-05-11 14:02:00.225 [main] BasicTypeRegistry - Adding type registration java.lang.Boolean -> org.hibernate.type.BooleanType@4690f583
[DEBUG] 2021-05-11 14:02:00.225 [main] BasicTypeRegistry - Adding type registration numeric_boolean -> org.hibernate.type.NumericBooleanType@1869f114
[DEBUG] 2021-05-11 14:02:00.225 [main] BasicTypeRegistry - Adding type registration true_false -> org.hibernate.type.TrueFalseType@37a64f9d
[DEBUG] 2021-05-11 14:02:00.225 [main] BasicTypeRegistry - Adding type registration yes_no -> org.hibernate.type.YesNoType@6d2d99fc
[DEBUG] 2021-05-11 14:02:00.226 [main] BasicTypeRegistry - Adding type registration byte -> org.hibernate.type.ByteType@4f20a5e0
[DEBUG] 2021-05-11 14:02:00.226 [main] BasicTypeRegistry - Adding type registration byte -> org.hibernate.type.ByteType@4f20a5e0
[DEBUG] 2021-05-11 14:02:00.226 [main] BasicTypeRegistry - Adding type registration java.lang.Byte -> org.hibernate.type.ByteType@4f20a5e0
[DEBUG] 2021-05-11 14:02:00.227 [main] BasicTypeRegistry - Adding type registration character -> org.hibernate.type.CharacterType@2fe88a09
[DEBUG] 2021-05-11 14:02:00.227 [main] BasicTypeRegistry - Adding type registration char -> org.hibernate.type.CharacterType@2fe88a09
[DEBUG] 2021-05-11 14:02:00.227 [main] BasicTypeRegistry - Adding type registration java.lang.Character -> org.hibernate.type.CharacterType@2fe88a09
[DEBUG] 2021-05-11 14:02:00.228 [main] BasicTypeRegistry - Adding type registration short -> org.hibernate.type.ShortType@30cecdca
[DEBUG] 2021-05-11 14:02:00.228 [main] BasicTypeRegistry - Adding type registration short -> org.hibernate.type.ShortType@30cecdca
[DEBUG] 2021-05-11 14:02:00.228 [main] BasicTypeRegistry - Adding type registration java.lang.Short -> org.hibernate.type.ShortType@30cecdca
[DEBUG] 2021-05-11 14:02:00.228 [main] BasicTypeRegistry - Adding type registration integer -> org.hibernate.type.IntegerType@1ddd3478
[DEBUG] 2021-05-11 14:02:00.228 [main] BasicTypeRegistry - Adding type registration int -> org.hibernate.type.IntegerType@1ddd3478
[DEBUG] 2021-05-11 14:02:00.228 [main] BasicTypeRegistry - Adding type registration java.lang.Integer -> org.hibernate.type.IntegerType@1ddd3478
[DEBUG] 2021-05-11 14:02:00.229 [main] BasicTypeRegistry - Adding type registration long -> org.hibernate.type.LongType@68809cc7
[DEBUG] 2021-05-11 14:02:00.229 [main] BasicTypeRegistry - Adding type registration long -> org.hibernate.type.LongType@68809cc7
[DEBUG] 2021-05-11 14:02:00.229 [main] BasicTypeRegistry - Adding type registration java.lang.Long -> org.hibernate.type.LongType@68809cc7
[DEBUG] 2021-05-11 14:02:00.232 [main] BasicTypeRegistry - Adding type registration float -> org.hibernate.type.FloatType@13cd7ea5
[DEBUG] 2021-05-11 14:02:00.232 [main] BasicTypeRegistry - Adding type registration float -> org.hibernate.type.FloatType@13cd7ea5
[DEBUG] 2021-05-11 14:02:00.232 [main] BasicTypeRegistry - Adding type registration java.lang.Float -> org.hibernate.type.FloatType@13cd7ea5
[DEBUG] 2021-05-11 14:02:00.232 [main] BasicTypeRegistry - Adding type registration double -> org.hibernate.type.DoubleType@ff6077
[DEBUG] 2021-05-11 14:02:00.233 [main] BasicTypeRegistry - Adding type registration double -> org.hibernate.type.DoubleType@ff6077
[DEBUG] 2021-05-11 14:02:00.234 [main] BasicTypeRegistry - Adding type registration java.lang.Double -> org.hibernate.type.DoubleType@ff6077
[DEBUG] 2021-05-11 14:02:00.234 [main] BasicTypeRegistry - Adding type registration big_decimal -> org.hibernate.type.BigDecimalType@29be7749
[DEBUG] 2021-05-11 14:02:00.234 [main] BasicTypeRegistry - Adding type registration java.math.BigDecimal -> org.hibernate.type.BigDecimalType@29be7749
[DEBUG] 2021-05-11 14:02:00.235 [main] BasicTypeRegistry - Adding type registration big_integer -> org.hibernate.type.BigIntegerType@79767781
[DEBUG] 2021-05-11 14:02:00.235 [main] BasicTypeRegistry - Adding type registration java.math.BigInteger -> org.hibernate.type.BigIntegerType@79767781
[DEBUG] 2021-05-11 14:02:00.236 [main] BasicTypeRegistry - Adding type registration string -> org.hibernate.type.StringType@16c3ca31
[DEBUG] 2021-05-11 14:02:00.236 [main] BasicTypeRegistry - Adding type registration java.lang.String -> org.hibernate.type.StringType@16c3ca31
[DEBUG] 2021-05-11 14:02:00.236 [main] BasicTypeRegistry - Adding type registration nstring -> org.hibernate.type.StringNVarcharType@29314cc9
[DEBUG] 2021-05-11 14:02:00.236 [main] BasicTypeRegistry - Adding type registration ncharacter -> org.hibernate.type.CharacterNCharType@6b1e7ad3
[DEBUG] 2021-05-11 14:02:00.237 [main] BasicTypeRegistry - Adding type registration url -> org.hibernate.type.UrlType@5972d253
[DEBUG] 2021-05-11 14:02:00.237 [main] BasicTypeRegistry - Adding type registration java.net.URL -> org.hibernate.type.UrlType@5972d253
[DEBUG] 2021-05-11 14:02:00.237 [main] BasicTypeRegistry - Adding type registration Duration -> org.hibernate.type.DurationType@551de37d
[DEBUG] 2021-05-11 14:02:00.238 [main] BasicTypeRegistry - Adding type registration java.time.Duration -> org.hibernate.type.DurationType@551de37d
[DEBUG] 2021-05-11 14:02:00.240 [main] BasicTypeRegistry - Adding type registration Instant -> org.hibernate.type.InstantType@3bcd426c
[DEBUG] 2021-05-11 14:02:00.240 [main] BasicTypeRegistry - Adding type registration java.time.Instant -> org.hibernate.type.InstantType@3bcd426c
[DEBUG] 2021-05-11 14:02:00.241 [main] BasicTypeRegistry - Adding type registration LocalDateTime -> org.hibernate.type.LocalDateTimeType@160396db
[DEBUG] 2021-05-11 14:02:00.241 [main] BasicTypeRegistry - Adding type registration java.time.LocalDateTime -> org.hibernate.type.LocalDateTimeType@160396db
[DEBUG] 2021-05-11 14:02:00.242 [main] BasicTypeRegistry - Adding type registration LocalDate -> org.hibernate.type.LocalDateType@76b224cd
[DEBUG] 2021-05-11 14:02:00.242 [main] BasicTypeRegistry - Adding type registration java.time.LocalDate -> org.hibernate.type.LocalDateType@76b224cd
[DEBUG] 2021-05-11 14:02:00.242 [main] BasicTypeRegistry - Adding type registration LocalTime -> org.hibernate.type.LocalTimeType@aa10649
[DEBUG] 2021-05-11 14:02:00.242 [main] BasicTypeRegistry - Adding type registration java.time.LocalTime -> org.hibernate.type.LocalTimeType@aa10649
[DEBUG] 2021-05-11 14:02:00.243 [main] BasicTypeRegistry - Adding type registration OffsetDateTime -> org.hibernate.type.OffsetDateTimeType@6b63d445
[DEBUG] 2021-05-11 14:02:00.243 [main] BasicTypeRegistry - Adding type registration java.time.OffsetDateTime -> org.hibernate.type.OffsetDateTimeType@6b63d445
[DEBUG] 2021-05-11 14:02:00.248 [main] BasicTypeRegistry - Adding type registration OffsetTime -> org.hibernate.type.OffsetTimeType@30404dba
[DEBUG] 2021-05-11 14:02:00.248 [main] BasicTypeRegistry - Adding type registration java.time.OffsetTime -> org.hibernate.type.OffsetTimeType@30404dba
[DEBUG] 2021-05-11 14:02:00.249 [main] BasicTypeRegistry - Adding type registration ZonedDateTime -> org.hibernate.type.ZonedDateTimeType@5bfc257
[DEBUG] 2021-05-11 14:02:00.249 [main] BasicTypeRegistry - Adding type registration java.time.ZonedDateTime -> org.hibernate.type.ZonedDateTimeType@5bfc257
[DEBUG] 2021-05-11 14:02:00.250 [main] BasicTypeRegistry - Adding type registration date -> org.hibernate.type.DateType@51751e5f
[DEBUG] 2021-05-11 14:02:00.250 [main] BasicTypeRegistry - Adding type registration java.sql.Date -> org.hibernate.type.DateType@51751e5f
[DEBUG] 2021-05-11 14:02:00.250 [main] BasicTypeRegistry - Adding type registration time -> org.hibernate.type.TimeType@d1a10ac
[DEBUG] 2021-05-11 14:02:00.251 [main] BasicTypeRegistry - Adding type registration java.sql.Time -> org.hibernate.type.TimeType@d1a10ac
[DEBUG] 2021-05-11 14:02:00.251 [main] BasicTypeRegistry - Adding type registration timestamp -> org.hibernate.type.TimestampType@a7f0ab6
[DEBUG] 2021-05-11 14:02:00.251 [main] BasicTypeRegistry - Adding type registration java.sql.Timestamp -> org.hibernate.type.TimestampType@a7f0ab6
[DEBUG] 2021-05-11 14:02:00.251 [main] BasicTypeRegistry - Adding type registration java.util.Date -> org.hibernate.type.TimestampType@a7f0ab6
[DEBUG] 2021-05-11 14:02:00.252 [main] BasicTypeRegistry - Adding type registration dbtimestamp -> org.hibernate.type.DbTimestampType@425d5d46
[DEBUG] 2021-05-11 14:02:00.253 [main] BasicTypeRegistry - Adding type registration calendar -> org.hibernate.type.CalendarType@66596a88
[DEBUG] 2021-05-11 14:02:00.253 [main] BasicTypeRegistry - Adding type registration java.util.Calendar -> org.hibernate.type.CalendarType@66596a88
[DEBUG] 2021-05-11 14:02:00.253 [main] BasicTypeRegistry - Adding type registration java.util.GregorianCalendar -> org.hibernate.type.CalendarType@66596a88
[DEBUG] 2021-05-11 14:02:00.254 [main] BasicTypeRegistry - Adding type registration calendar_date -> org.hibernate.type.CalendarDateType@27f74733
[DEBUG] 2021-05-11 14:02:00.254 [main] BasicTypeRegistry - Adding type registration locale -> org.hibernate.type.LocaleType@44c5a16f
[DEBUG] 2021-05-11 14:02:00.254 [main] BasicTypeRegistry - Adding type registration java.util.Locale -> org.hibernate.type.LocaleType@44c5a16f
[DEBUG] 2021-05-11 14:02:00.255 [main] BasicTypeRegistry - Adding type registration currency -> org.hibernate.type.CurrencyType@5ee34b1b
[DEBUG] 2021-05-11 14:02:00.255 [main] BasicTypeRegistry - Adding type registration java.util.Currency -> org.hibernate.type.CurrencyType@5ee34b1b
[DEBUG] 2021-05-11 14:02:00.256 [main] BasicTypeRegistry - Adding type registration timezone -> org.hibernate.type.TimeZoneType@1763992e
[DEBUG] 2021-05-11 14:02:00.256 [main] BasicTypeRegistry - Adding type registration java.util.TimeZone -> org.hibernate.type.TimeZoneType@1763992e
[DEBUG] 2021-05-11 14:02:00.262 [main] BasicTypeRegistry - Adding type registration class -> org.hibernate.type.ClassType@659a2455
[DEBUG] 2021-05-11 14:02:00.262 [main] BasicTypeRegistry - Adding type registration java.lang.Class -> org.hibernate.type.ClassType@659a2455
[DEBUG] 2021-05-11 14:02:00.263 [main] BasicTypeRegistry - Adding type registration uuid-binary -> org.hibernate.type.UUIDBinaryType@1bc425e7
[DEBUG] 2021-05-11 14:02:00.263 [main] BasicTypeRegistry - Adding type registration java.util.UUID -> org.hibernate.type.UUIDBinaryType@1bc425e7
[DEBUG] 2021-05-11 14:02:00.263 [main] BasicTypeRegistry - Adding type registration uuid-char -> org.hibernate.type.UUIDCharType@6ceb7b5e
[DEBUG] 2021-05-11 14:02:00.264 [main] BasicTypeRegistry - Adding type registration binary -> org.hibernate.type.BinaryType@6d4a65c6
[DEBUG] 2021-05-11 14:02:00.264 [main] BasicTypeRegistry - Adding type registration byte[] -> org.hibernate.type.BinaryType@6d4a65c6
[DEBUG] 2021-05-11 14:02:00.265 [main] BasicTypeRegistry - Adding type registration [B -> org.hibernate.type.BinaryType@6d4a65c6
[DEBUG] 2021-05-11 14:02:00.265 [main] BasicTypeRegistry - Adding type registration wrapper-binary -> org.hibernate.type.WrapperBinaryType@6d3c232f
[DEBUG] 2021-05-11 14:02:00.266 [main] BasicTypeRegistry - Adding type registration Byte[] -> org.hibernate.type.WrapperBinaryType@6d3c232f
[DEBUG] 2021-05-11 14:02:00.266 [main] BasicTypeRegistry - Adding type registration [Ljava.lang.Byte; -> org.hibernate.type.WrapperBinaryType@6d3c232f
[DEBUG] 2021-05-11 14:02:00.266 [main] BasicTypeRegistry - Adding type registration row_version -> org.hibernate.type.RowVersionType@460b6d54
[DEBUG] 2021-05-11 14:02:00.267 [main] BasicTypeRegistry - Adding type registration image -> org.hibernate.type.ImageType@27b71f50
[DEBUG] 2021-05-11 14:02:00.267 [main] BasicTypeRegistry - Adding type registration characters -> org.hibernate.type.CharArrayType@29fc1a2b
[DEBUG] 2021-05-11 14:02:00.267 [main] BasicTypeRegistry - Adding type registration char[] -> org.hibernate.type.CharArrayType@29fc1a2b
[DEBUG] 2021-05-11 14:02:00.267 [main] BasicTypeRegistry - Adding type registration [C -> org.hibernate.type.CharArrayType@29fc1a2b
[DEBUG] 2021-05-11 14:02:00.268 [main] BasicTypeRegistry - Adding type registration wrapper-characters -> org.hibernate.type.CharacterArrayType@74fe5966
[DEBUG] 2021-05-11 14:02:00.268 [main] BasicTypeRegistry - Adding type registration [Ljava.lang.Character; -> org.hibernate.type.CharacterArrayType@74fe5966
[DEBUG] 2021-05-11 14:02:00.268 [main] BasicTypeRegistry - Adding type registration Character[] -> org.hibernate.type.CharacterArrayType@74fe5966
[DEBUG] 2021-05-11 14:02:00.268 [main] BasicTypeRegistry - Adding type registration text -> org.hibernate.type.TextType@4c27d39d
[DEBUG] 2021-05-11 14:02:00.268 [main] BasicTypeRegistry - Adding type registration ntext -> org.hibernate.type.NTextType@67dba613
[DEBUG] 2021-05-11 14:02:00.269 [main] BasicTypeRegistry - Adding type registration blob -> org.hibernate.type.BlobType@49aa766b
[DEBUG] 2021-05-11 14:02:00.269 [main] BasicTypeRegistry - Adding type registration java.sql.Blob -> org.hibernate.type.BlobType@49aa766b
[DEBUG] 2021-05-11 14:02:00.269 [main] BasicTypeRegistry - Adding type registration materialized_blob -> org.hibernate.type.MaterializedBlobType@562c877a
[DEBUG] 2021-05-11 14:02:00.270 [main] BasicTypeRegistry - Adding type registration clob -> org.hibernate.type.ClobType@73a00e09
[DEBUG] 2021-05-11 14:02:00.270 [main] BasicTypeRegistry - Adding type registration java.sql.Clob -> org.hibernate.type.ClobType@73a00e09
[DEBUG] 2021-05-11 14:02:00.297 [main] BasicTypeRegistry - Adding type registration nclob -> org.hibernate.type.NClobType@3e48e859
[DEBUG] 2021-05-11 14:02:00.297 [main] BasicTypeRegistry - Adding type registration java.sql.NClob -> org.hibernate.type.NClobType@3e48e859
[DEBUG] 2021-05-11 14:02:00.297 [main] BasicTypeRegistry - Adding type registration materialized_clob -> org.hibernate.type.MaterializedClobType@22d1886d
[DEBUG] 2021-05-11 14:02:00.297 [main] BasicTypeRegistry - Adding type registration materialized_nclob -> org.hibernate.type.MaterializedNClobType@7ca0863b
[DEBUG] 2021-05-11 14:02:00.298 [main] BasicTypeRegistry - Adding type registration serializable -> org.hibernate.type.SerializableType@1965539b
[DEBUG] 2021-05-11 14:02:00.302 [main] BasicTypeRegistry - Adding type registration object -> org.hibernate.type.ObjectType@4912d525
[DEBUG] 2021-05-11 14:02:00.302 [main] BasicTypeRegistry - Adding type registration java.lang.Object -> org.hibernate.type.ObjectType@4912d525
[DEBUG] 2021-05-11 14:02:00.302 [main] BasicTypeRegistry - Adding type registration imm_date -> org.hibernate.type.AdaptedImmutableType@4a7761b1
[DEBUG] 2021-05-11 14:02:00.302 [main] BasicTypeRegistry - Adding type registration imm_time -> org.hibernate.type.AdaptedImmutableType@3e850122
[DEBUG] 2021-05-11 14:02:00.304 [main] BasicTypeRegistry - Adding type registration imm_timestamp -> org.hibernate.type.AdaptedImmutableType@27fde870
[DEBUG] 2021-05-11 14:02:00.304 [main] BasicTypeRegistry - Adding type registration imm_dbtimestamp -> org.hibernate.type.AdaptedImmutableType@2b4c3c29
[DEBUG] 2021-05-11 14:02:00.304 [main] BasicTypeRegistry - Adding type registration imm_calendar -> org.hibernate.type.AdaptedImmutableType@5ac7aa18
[DEBUG] 2021-05-11 14:02:00.304 [main] BasicTypeRegistry - Adding type registration imm_calendar_date -> org.hibernate.type.AdaptedImmutableType@4cdd2c73
[DEBUG] 2021-05-11 14:02:00.304 [main] BasicTypeRegistry - Adding type registration imm_binary -> org.hibernate.type.AdaptedImmutableType@4abf3f0
[DEBUG] 2021-05-11 14:02:00.305 [main] BasicTypeRegistry - Adding type registration imm_serializable -> org.hibernate.type.AdaptedImmutableType@4e4c3a38
[DEBUG] 2021-05-11 14:02:00.330 [main] DefaultIdentifierGeneratorFactory - Registering IdentifierGenerator strategy [uuid2] -> [org.hibernate.id.UUIDGenerator]
[DEBUG] 2021-05-11 14:02:00.330 [main] DefaultIdentifierGeneratorFactory - Registering IdentifierGenerator strategy [guid] -> [org.hibernate.id.GUIDGenerator]
[DEBUG] 2021-05-11 14:02:00.331 [main] DefaultIdentifierGeneratorFactory - Registering IdentifierGenerator strategy [uuid] -> [org.hibernate.id.UUIDHexGenerator]
[DEBUG] 2021-05-11 14:02:00.332 [main] DefaultIdentifierGeneratorFactory - Registering IdentifierGenerator strategy [uuid.hex] -> [org.hibernate.id.UUIDHexGenerator]
[DEBUG] 2021-05-11 14:02:00.332 [main] DefaultIdentifierGeneratorFactory - Registering IdentifierGenerator strategy [assigned] -> [org.hibernate.id.Assigned]
[DEBUG] 2021-05-11 14:02:00.332 [main] DefaultIdentifierGeneratorFactory - Registering IdentifierGenerator strategy [identity] -> [org.hibernate.id.IdentityGenerator]
[DEBUG] 2021-05-11 14:02:00.333 [main] DefaultIdentifierGeneratorFactory - Registering IdentifierGenerator strategy [select] -> [org.hibernate.id.SelectGenerator]
[DEBUG] 2021-05-11 14:02:00.333 [main] DefaultIdentifierGeneratorFactory - Registering IdentifierGenerator strategy [sequence] -> [org.hibernate.id.enhanced.SequenceStyleGenerator]
[DEBUG] 2021-05-11 14:02:00.334 [main] DefaultIdentifierGeneratorFactory - Registering IdentifierGenerator strategy [seqhilo] -> [org.hibernate.id.SequenceHiLoGenerator]
[DEBUG] 2021-05-11 14:02:00.334 [main] DefaultIdentifierGeneratorFactory - Registering IdentifierGenerator strategy [increment] -> [org.hibernate.id.IncrementGenerator]
[DEBUG] 2021-05-11 14:02:00.334 [main] DefaultIdentifierGeneratorFactory - Registering IdentifierGenerator strategy [foreign] -> [org.hibernate.id.ForeignGenerator]
[DEBUG] 2021-05-11 14:02:00.334 [main] DefaultIdentifierGeneratorFactory - Registering IdentifierGenerator strategy [sequence-identity] -> [org.hibernate.id.SequenceIdentityGenerator]
[DEBUG] 2021-05-11 14:02:00.334 [main] DefaultIdentifierGeneratorFactory - Registering IdentifierGenerator strategy [enhanced-sequence] -> [org.hibernate.id.enhanced.SequenceStyleGenerator]
[DEBUG] 2021-05-11 14:02:00.335 [main] DefaultIdentifierGeneratorFactory - Registering IdentifierGenerator strategy [enhanced-table] -> [org.hibernate.id.enhanced.TableGenerator]
[INFO ] 2021-05-11 14:02:00.337 [main] C3P0ConnectionProvider - HHH010002: C3P0 using driver: com.mysql.cj.jdbc.Driver at URL: jdbc:mysql://localhost:3306/budget_tracker
[INFO ] 2021-05-11 14:02:00.337 [main] C3P0ConnectionProvider - HHH10001001: Connection properties: {password=****, user=root}
[INFO ] 2021-05-11 14:02:00.337 [main] C3P0ConnectionProvider - HHH10001003: Autocommit mode: false
[INFO ] 2021-05-11 14:02:00.478 [main] C3P0ConnectionProvider - HHH10001007: JDBC isolation level: <unknown>
[DEBUG] 2021-05-11 14:02:01.016 [main] JdbcEnvironmentInitiator - Database ->
       name : MySQL
    version : 8.0.22
      major : 8
      minor : 0
[DEBUG] 2021-05-11 14:02:01.022 [main] JdbcEnvironmentInitiator - Driver ->
       name : MySQL Connector/J
    version : mysql-connector-java-8.0.16 (Revision: 34cbc6bc61f72836e26327537a432d6db7c77de6)
      major : 8
      minor : 0
[DEBUG] 2021-05-11 14:02:01.023 [main] JdbcEnvironmentInitiator - JDBC version : 4.2
[INFO ] 2021-05-11 14:02:01.056 [main] Dialect - HHH000400: Using dialect: org.hibernate.dialect.MySQL8Dialect
[DEBUG] 2021-05-11 14:02:01.083 [main] IdentifierHelperBuilder - JDBC driver metadata reported database stores quoted identifiers in more than one case
[DEBUG] 2021-05-11 14:02:01.112 [main] IdentifierHelperBuilder - IdentifierCaseStrategy for both quoted and unquoted identifiers was set to the same strategy [MIXED]; that will likely lead to problems in schema update and validation if using quoted identifiers
[DEBUG] 2021-05-11 14:02:01.155 [main] Namespace - Created database namespace [logicalName=Name{catalog=null, schema=null}, physicalName=Name{catalog=null, schema=null}]
[DEBUG] 2021-05-11 14:02:01.159 [main] TypeConfiguration$Scope - Scoping TypeConfiguration [org.hibernate.type.spi.TypeConfiguration@161f6623] to MetadataBuildingContext [org.hibernate.boot.internal.MetadataBuildingContextRootImpl@3e15bb06]
[DEBUG] 2021-05-11 14:02:01.204 [main] AnnotationBinder - Binding entity from annotated class: edu.matc.entity.Category
[DEBUG] 2021-05-11 14:02:01.221 [main] Ejb3Column - Binding column: Ejb3DiscriminatorColumn{logicalColumnName'DTYPE', discriminatorTypeName='string'}
[DEBUG] 2021-05-11 14:02:01.223 [main] EntityBinder - Import with entity name Category
[DEBUG] 2021-05-11 14:02:01.230 [main] EntityBinder - Bind entity edu.matc.entity.Category on table category
[DEBUG] 2021-05-11 14:02:01.259 [main] Ejb3Column - Binding column: Ejb3Column{table=org.hibernate.mapping.Table(category), mappingColumn=id, insertable=true, updatable=true, unique=false}
[DEBUG] 2021-05-11 14:02:01.260 [main] PropertyBinder - MetadataSourceProcessor property id with lazy=false
[DEBUG] 2021-05-11 14:02:01.261 [main] AbstractPropertyHolder - Attempting to locate auto-apply AttributeConverter for property [edu.matc.entity.Category:id]
[DEBUG] 2021-05-11 14:02:01.262 [main] SimpleValueBinder - building SimpleValue for id
[DEBUG] 2021-05-11 14:02:01.263 [main] PropertyBinder - Building property id
[DEBUG] 2021-05-11 14:02:01.265 [main] BinderHelper - #makeIdGenerator(org.hibernate.mapping.SimpleValue([org.hibernate.mapping.Column(id)]), id, org.hibernate.id.enhanced.SequenceStyleGenerator, native, ...)
[DEBUG] 2021-05-11 14:02:01.266 [main] Ejb3Column - Binding column: Ejb3Column{table=org.hibernate.mapping.Table(category), mappingColumn=category_description, insertable=true, updatable=true, unique=false}
[DEBUG] 2021-05-11 14:02:01.269 [main] PropertyBinder - MetadataSourceProcessor property categoryDescription with lazy=false
[DEBUG] 2021-05-11 14:02:01.269 [main] AbstractPropertyHolder - Attempting to locate auto-apply AttributeConverter for property [edu.matc.entity.Category:categoryDescription]
[DEBUG] 2021-05-11 14:02:01.269 [main] SimpleValueBinder - building SimpleValue for categoryDescription
[DEBUG] 2021-05-11 14:02:01.269 [main] PropertyBinder - Building property categoryDescription
[DEBUG] 2021-05-11 14:02:01.270 [main] Ejb3Column - Binding column: Ejb3Column{table=org.hibernate.mapping.Table(category), mappingColumn=category_name, insertable=true, updatable=true, unique=false}
[DEBUG] 2021-05-11 14:02:01.270 [main] PropertyBinder - MetadataSourceProcessor property categoryName with lazy=false
[DEBUG] 2021-05-11 14:02:01.270 [main] AbstractPropertyHolder - Attempting to locate auto-apply AttributeConverter for property [edu.matc.entity.Category:categoryName]
[DEBUG] 2021-05-11 14:02:01.270 [main] SimpleValueBinder - building SimpleValue for categoryName
[DEBUG] 2021-05-11 14:02:01.270 [main] PropertyBinder - Building property categoryName
[DEBUG] 2021-05-11 14:02:01.276 [main] Ejb3Column - Binding column: Ejb3Column{table=org.hibernate.mapping.Table(category), mappingColumn=color, insertable=true, updatable=true, unique=false}
[DEBUG] 2021-05-11 14:02:01.276 [main] PropertyBinder - MetadataSourceProcessor property color with lazy=false
[DEBUG] 2021-05-11 14:02:01.278 [main] AbstractPropertyHolder - Attempting to locate auto-apply AttributeConverter for property [edu.matc.entity.Category:color]
[DEBUG] 2021-05-11 14:02:01.278 [main] SimpleValueBinder - building SimpleValue for color
[DEBUG] 2021-05-11 14:02:01.278 [main] PropertyBinder - Building property color
[DEBUG] 2021-05-11 14:02:01.280 [main] Ejb3Column - Binding column: Ejb3JoinColumn{logicalColumnName='user_id', referencedColumn='id', mappedBy=''}
[DEBUG] 2021-05-11 14:02:01.280 [main] Ejb3Column - Binding column: Ejb3Column{table=org.hibernate.mapping.Table(category), mappingColumn=userId, insertable=true, updatable=true, unique=false}
[DEBUG] 2021-05-11 14:02:01.287 [main] PropertyBinder - Building property userId
[DEBUG] 2021-05-11 14:02:01.288 [main] AnnotationBinder - Binding entity from annotated class: edu.matc.entity.Entry
[DEBUG] 2021-05-11 14:02:01.291 [main] Ejb3Column - Binding column: Ejb3DiscriminatorColumn{logicalColumnName'DTYPE', discriminatorTypeName='string'}
[DEBUG] 2021-05-11 14:02:01.291 [main] EntityBinder - Import with entity name Entry
[DEBUG] 2021-05-11 14:02:01.291 [main] EntityBinder - Bind entity edu.matc.entity.Entry on table entry
[DEBUG] 2021-05-11 14:02:01.292 [main] Ejb3Column - Binding column: Ejb3Column{table=org.hibernate.mapping.Table(entry), mappingColumn=id, insertable=true, updatable=true, unique=false}
[DEBUG] 2021-05-11 14:02:01.292 [main] PropertyBinder - MetadataSourceProcessor property id with lazy=false
[DEBUG] 2021-05-11 14:02:01.293 [main] AbstractPropertyHolder - Attempting to locate auto-apply AttributeConverter for property [edu.matc.entity.Entry:id]
[DEBUG] 2021-05-11 14:02:01.293 [main] SimpleValueBinder - building SimpleValue for id
[DEBUG] 2021-05-11 14:02:01.293 [main] PropertyBinder - Building property id
[DEBUG] 2021-05-11 14:02:01.294 [main] BinderHelper - #makeIdGenerator(org.hibernate.mapping.SimpleValue([org.hibernate.mapping.Column(id)]), id, org.hibernate.id.enhanced.SequenceStyleGenerator, native, ...)
[DEBUG] 2021-05-11 14:02:01.294 [main] Ejb3Column - Binding column: Ejb3JoinColumn{logicalColumnName='category_id', referencedColumn='id', mappedBy=''}
[DEBUG] 2021-05-11 14:02:01.294 [main] Ejb3Column - Binding column: Ejb3Column{table=org.hibernate.mapping.Table(entry), mappingColumn=categoryId, insertable=true, updatable=true, unique=false}
[DEBUG] 2021-05-11 14:02:01.294 [main] PropertyBinder - Building property categoryId
[DEBUG] 2021-05-11 14:02:01.294 [main] Ejb3Column - Binding column: Ejb3Column{table=org.hibernate.mapping.Table(entry), mappingColumn=date, insertable=true, updatable=true, unique=false}
[DEBUG] 2021-05-11 14:02:01.294 [main] PropertyBinder - MetadataSourceProcessor property date with lazy=false
[DEBUG] 2021-05-11 14:02:01.294 [main] AbstractPropertyHolder - Attempting to locate auto-apply AttributeConverter for property [edu.matc.entity.Entry:date]
[DEBUG] 2021-05-11 14:02:01.294 [main] SimpleValueBinder - building SimpleValue for date
[DEBUG] 2021-05-11 14:02:01.294 [main] PropertyBinder - Building property date
[DEBUG] 2021-05-11 14:02:01.294 [main] Ejb3Column - Binding column: Ejb3Column{table=org.hibernate.mapping.Table(entry), mappingColumn=entry_name, insertable=true, updatable=true, unique=false}
[DEBUG] 2021-05-11 14:02:01.296 [main] PropertyBinder - MetadataSourceProcessor property entryName with lazy=false
[DEBUG] 2021-05-11 14:02:01.296 [main] AbstractPropertyHolder - Attempting to locate auto-apply AttributeConverter for property [edu.matc.entity.Entry:entryName]
[DEBUG] 2021-05-11 14:02:01.296 [main] SimpleValueBinder - building SimpleValue for entryName
[DEBUG] 2021-05-11 14:02:01.296 [main] PropertyBinder - Building property entryName
[DEBUG] 2021-05-11 14:02:01.296 [main] Ejb3Column - Binding column: Ejb3Column{table=org.hibernate.mapping.Table(entry), mappingColumn=entry_type, insertable=true, updatable=true, unique=false}
[DEBUG] 2021-05-11 14:02:01.297 [main] PropertyBinder - MetadataSourceProcessor property entryType with lazy=false
[DEBUG] 2021-05-11 14:02:01.297 [main] AbstractPropertyHolder - Attempting to locate auto-apply AttributeConverter for property [edu.matc.entity.Entry:entryType]
[DEBUG] 2021-05-11 14:02:01.297 [main] SimpleValueBinder - building SimpleValue for entryType
[DEBUG] 2021-05-11 14:02:01.297 [main] PropertyBinder - Building property entryType
[DEBUG] 2021-05-11 14:02:01.297 [main] Ejb3Column - Binding column: Ejb3JoinColumn{logicalColumnName='user_id', referencedColumn='id', mappedBy=''}
[DEBUG] 2021-05-11 14:02:01.297 [main] Ejb3Column - Binding column: Ejb3Column{table=org.hibernate.mapping.Table(entry), mappingColumn=userId, insertable=true, updatable=true, unique=false}
[DEBUG] 2021-05-11 14:02:01.297 [main] PropertyBinder - Building property userId
[DEBUG] 2021-05-11 14:02:01.298 [main] Ejb3Column - Binding column: Ejb3Column{table=org.hibernate.mapping.Table(entry), mappingColumn=value, insertable=true, updatable=true, unique=false}
[DEBUG] 2021-05-11 14:02:01.300 [main] PropertyBinder - MetadataSourceProcessor property value with lazy=false
[DEBUG] 2021-05-11 14:02:01.300 [main] AbstractPropertyHolder - Attempting to locate auto-apply AttributeConverter for property [edu.matc.entity.Entry:value]
[DEBUG] 2021-05-11 14:02:01.300 [main] SimpleValueBinder - building SimpleValue for value
[DEBUG] 2021-05-11 14:02:01.300 [main] PropertyBinder - Building property value
[DEBUG] 2021-05-11 14:02:01.300 [main] AnnotationBinder - Binding entity from annotated class: edu.matc.entity.User
[DEBUG] 2021-05-11 14:02:01.300 [main] Ejb3Column - Binding column: Ejb3DiscriminatorColumn{logicalColumnName'DTYPE', discriminatorTypeName='string'}
[DEBUG] 2021-05-11 14:02:01.300 [main] EntityBinder - Import with entity name User
[DEBUG] 2021-05-11 14:02:01.300 [main] EntityBinder - Bind entity edu.matc.entity.User on table user
[DEBUG] 2021-05-11 14:02:01.304 [main] Ejb3Column - Binding column: Ejb3Column{table=org.hibernate.mapping.Table(user), mappingColumn=id, insertable=true, updatable=true, unique=false}
[DEBUG] 2021-05-11 14:02:01.304 [main] PropertyBinder - MetadataSourceProcessor property id with lazy=false
[DEBUG] 2021-05-11 14:02:01.304 [main] AbstractPropertyHolder - Attempting to locate auto-apply AttributeConverter for property [edu.matc.entity.User:id]
[DEBUG] 2021-05-11 14:02:01.304 [main] SimpleValueBinder - building SimpleValue for id
[DEBUG] 2021-05-11 14:02:01.304 [main] PropertyBinder - Building property id
[DEBUG] 2021-05-11 14:02:01.304 [main] BinderHelper - #makeIdGenerator(org.hibernate.mapping.SimpleValue([org.hibernate.mapping.Column(id)]), id, org.hibernate.id.enhanced.SequenceStyleGenerator, native, ...)
[DEBUG] 2021-05-11 14:02:01.305 [main] Ejb3Column - Binding column: Ejb3Column{table=org.hibernate.mapping.Table(user), mappingColumn=birthdate, insertable=true, updatable=true, unique=false}
[DEBUG] 2021-05-11 14:02:01.305 [main] PropertyBinder - MetadataSourceProcessor property birthdate with lazy=false
[DEBUG] 2021-05-11 14:02:01.305 [main] AbstractPropertyHolder - Attempting to locate auto-apply AttributeConverter for property [edu.matc.entity.User:birthdate]
[DEBUG] 2021-05-11 14:02:01.305 [main] SimpleValueBinder - building SimpleValue for birthdate
[DEBUG] 2021-05-11 14:02:01.305 [main] PropertyBinder - Building property birthdate
[DEBUG] 2021-05-11 14:02:01.305 [main] Ejb3Column - Binding column: Ejb3Column{table=org.hibernate.mapping.Table(user), mappingColumn=email, insertable=true, updatable=true, unique=false}
[DEBUG] 2021-05-11 14:02:01.306 [main] PropertyBinder - MetadataSourceProcessor property email with lazy=false
[DEBUG] 2021-05-11 14:02:01.306 [main] AbstractPropertyHolder - Attempting to locate auto-apply AttributeConverter for property [edu.matc.entity.User:email]
[DEBUG] 2021-05-11 14:02:01.307 [main] SimpleValueBinder - building SimpleValue for email
[DEBUG] 2021-05-11 14:02:01.307 [main] PropertyBinder - Building property email
[DEBUG] 2021-05-11 14:02:01.307 [main] Ejb3Column - Binding column: Ejb3Column{table=org.hibernate.mapping.Table(user), mappingColumn=first_name, insertable=true, updatable=true, unique=false}
[DEBUG] 2021-05-11 14:02:01.307 [main] PropertyBinder - MetadataSourceProcessor property firstName with lazy=false
[DEBUG] 2021-05-11 14:02:01.307 [main] AbstractPropertyHolder - Attempting to locate auto-apply AttributeConverter for property [edu.matc.entity.User:firstName]
[DEBUG] 2021-05-11 14:02:01.307 [main] SimpleValueBinder - building SimpleValue for firstName
[DEBUG] 2021-05-11 14:02:01.307 [main] PropertyBinder - Building property firstName
[DEBUG] 2021-05-11 14:02:01.307 [main] Ejb3Column - Binding column: Ejb3Column{table=org.hibernate.mapping.Table(user), mappingColumn=last_name, insertable=true, updatable=true, unique=false}
[DEBUG] 2021-05-11 14:02:01.307 [main] PropertyBinder - MetadataSourceProcessor property lastName with lazy=false
[DEBUG] 2021-05-11 14:02:01.310 [main] AbstractPropertyHolder - Attempting to locate auto-apply AttributeConverter for property [edu.matc.entity.User:lastName]
[DEBUG] 2021-05-11 14:02:01.310 [main] SimpleValueBinder - building SimpleValue for lastName
[DEBUG] 2021-05-11 14:02:01.311 [main] PropertyBinder - Building property lastName
[DEBUG] 2021-05-11 14:02:01.311 [main] Ejb3Column - Binding column: Ejb3Column{table=org.hibernate.mapping.Table(user), mappingColumn=password, insertable=true, updatable=true, unique=false}
[DEBUG] 2021-05-11 14:02:01.311 [main] PropertyBinder - MetadataSourceProcessor property password with lazy=false
[DEBUG] 2021-05-11 14:02:01.311 [main] AbstractPropertyHolder - Attempting to locate auto-apply AttributeConverter for property [edu.matc.entity.User:password]
[DEBUG] 2021-05-11 14:02:01.311 [main] SimpleValueBinder - building SimpleValue for password
[DEBUG] 2021-05-11 14:02:01.311 [main] PropertyBinder - Building property password
[DEBUG] 2021-05-11 14:02:01.311 [main] Ejb3Column - Binding column: Ejb3Column{table=org.hibernate.mapping.Table(user), mappingColumn=username, insertable=true, updatable=true, unique=false}
[DEBUG] 2021-05-11 14:02:01.311 [main] PropertyBinder - MetadataSourceProcessor property userName with lazy=false
[DEBUG] 2021-05-11 14:02:01.311 [main] AbstractPropertyHolder - Attempting to locate auto-apply AttributeConverter for property [edu.matc.entity.User:userName]
[DEBUG] 2021-05-11 14:02:01.312 [main] SimpleValueBinder - building SimpleValue for userName
[DEBUG] 2021-05-11 14:02:01.312 [main] PropertyBinder - Building property userName
[DEBUG] 2021-05-11 14:02:01.314 [main] SimpleValueBinder - Starting fillSimpleValue for id
[DEBUG] 2021-05-11 14:02:01.314 [main] SimpleValueBinder - Starting fillSimpleValue for categoryDescription
[DEBUG] 2021-05-11 14:02:01.314 [main] SimpleValueBinder - Starting fillSimpleValue for categoryName
[DEBUG] 2021-05-11 14:02:01.314 [main] SimpleValueBinder - Starting fillSimpleValue for color
[DEBUG] 2021-05-11 14:02:01.314 [main] SimpleValueBinder - Starting fillSimpleValue for id
[DEBUG] 2021-05-11 14:02:01.314 [main] SimpleValueBinder - Starting fillSimpleValue for date
[DEBUG] 2021-05-11 14:02:01.314 [main] SimpleValueBinder - Starting fillSimpleValue for entryName
[DEBUG] 2021-05-11 14:02:01.314 [main] SimpleValueBinder - Starting fillSimpleValue for entryType
[DEBUG] 2021-05-11 14:02:01.314 [main] SimpleValueBinder - Starting fillSimpleValue for value
[DEBUG] 2021-05-11 14:02:01.314 [main] SimpleValueBinder - Starting fillSimpleValue for id
[DEBUG] 2021-05-11 14:02:01.314 [main] SimpleValueBinder - Starting fillSimpleValue for birthdate
[DEBUG] 2021-05-11 14:02:01.314 [main] SimpleValueBinder - Starting fillSimpleValue for email
[DEBUG] 2021-05-11 14:02:01.314 [main] SimpleValueBinder - Starting fillSimpleValue for firstName
[DEBUG] 2021-05-11 14:02:01.314 [main] SimpleValueBinder - Starting fillSimpleValue for lastName
[DEBUG] 2021-05-11 14:02:01.314 [main] SimpleValueBinder - Starting fillSimpleValue for password
[DEBUG] 2021-05-11 14:02:01.314 [main] SimpleValueBinder - Starting fillSimpleValue for userName
[DEBUG] 2021-05-11 14:02:01.317 [main] PrimaryKey - Forcing column [id] to be non-null as it is part of the primary key for table [category]
[DEBUG] 2021-05-11 14:02:01.317 [main] PrimaryKey - Forcing column [id] to be non-null as it is part of the primary key for table [entry]
[DEBUG] 2021-05-11 14:02:01.317 [main] PrimaryKey - Forcing column [id] to be non-null as it is part of the primary key for table [user]
[DEBUG] 2021-05-11 14:02:01.318 [main] InFlightMetadataCollectorImpl - Resolving reference to class: edu.matc.entity.User
[DEBUG] 2021-05-11 14:02:01.319 [main] InFlightMetadataCollectorImpl - Resolving reference to class: edu.matc.entity.Category
[DEBUG] 2021-05-11 14:02:01.320 [main] InFlightMetadataCollectorImpl - Resolving reference to class: edu.matc.entity.User
[DEBUG] 2021-05-11 14:02:01.321 [main] InFlightMetadataCollectorImpl - Resolving reference to class: edu.matc.entity.User
[DEBUG] 2021-05-11 14:02:01.323 [main] InFlightMetadataCollectorImpl - Resolving reference to class: edu.matc.entity.Category
[DEBUG] 2021-05-11 14:02:01.323 [main] InFlightMetadataCollectorImpl - Resolving reference to class: edu.matc.entity.User
[DEBUG] 2021-05-11 14:02:01.358 [main] SessionFactoryImpl - Building session factory
[DEBUG] 2021-05-11 14:02:01.360 [main] Settings - SessionFactory name : null
[DEBUG] 2021-05-11 14:02:01.360 [main] Settings - Automatic flush during beforeCompletion(): enabled
[DEBUG] 2021-05-11 14:02:01.360 [main] Settings - Automatic session close at end of transaction: disabled
[DEBUG] 2021-05-11 14:02:01.360 [main] Settings - Statistics: disabled
[DEBUG] 2021-05-11 14:02:01.360 [main] Settings - Deleted entity synthetic identifier rollback: disabled
[DEBUG] 2021-05-11 14:02:01.360 [main] Settings - Default entity-mode: pojo
[DEBUG] 2021-05-11 14:02:01.360 [main] Settings - Check Nullability in Core (should be disabled when Bean Validation is on): enabled
[DEBUG] 2021-05-11 14:02:01.360 [main] Settings - Allow initialization of lazy state outside session : disabled
[DEBUG] 2021-05-11 14:02:01.360 [main] Settings - Using BatchFetchStyle : LEGACY
[DEBUG] 2021-05-11 14:02:01.360 [main] Settings - Default batch fetch size: -1
[DEBUG] 2021-05-11 14:02:01.360 [main] Settings - Maximum outer join fetch depth: 2
[DEBUG] 2021-05-11 14:02:01.360 [main] Settings - Default null ordering: NONE
[DEBUG] 2021-05-11 14:02:01.360 [main] Settings - Order SQL updates by primary key: disabled
[DEBUG] 2021-05-11 14:02:01.360 [main] Settings - Order SQL inserts for batching: disabled
[DEBUG] 2021-05-11 14:02:01.360 [main] Settings - multi-tenancy strategy : NONE
[DEBUG] 2021-05-11 14:02:01.360 [main] Settings - JTA Track by Thread: enabled
[DEBUG] 2021-05-11 14:02:01.360 [main] Settings - Query language substitutions: {}
[DEBUG] 2021-05-11 14:02:01.360 [main] Settings - Named query checking : enabled
[DEBUG] 2021-05-11 14:02:01.360 [main] Settings - Second-level cache: disabled
[DEBUG] 2021-05-11 14:02:01.360 [main] Settings - Second-level query cache: disabled
[DEBUG] 2021-05-11 14:02:01.360 [main] Settings - Second-level query cache factory: null
[DEBUG] 2021-05-11 14:02:01.360 [main] Settings - Second-level cache region prefix: null
[DEBUG] 2021-05-11 14:02:01.360 [main] Settings - Optimize second-level cache for minimal puts: disabled
[DEBUG] 2021-05-11 14:02:01.360 [main] Settings - Structured second-level cache entries: disabled
[DEBUG] 2021-05-11 14:02:01.360 [main] Settings - Second-level cache direct-reference entries: disabled
[DEBUG] 2021-05-11 14:02:01.360 [main] Settings - Automatic eviction of collection cache: disabled
[DEBUG] 2021-05-11 14:02:01.360 [main] Settings - JDBC batch size: 15
[DEBUG] 2021-05-11 14:02:01.360 [main] Settings - JDBC batch updates for versioned data: enabled
[DEBUG] 2021-05-11 14:02:01.360 [main] Settings - Scrollable result sets: enabled
[DEBUG] 2021-05-11 14:02:01.360 [main] Settings - Wrap result sets: disabled
[DEBUG] 2021-05-11 14:02:01.360 [main] Settings - JDBC3 getGeneratedKeys(): enabled
[DEBUG] 2021-05-11 14:02:01.360 [main] Settings - JDBC result set fetch size: null
[DEBUG] 2021-05-11 14:02:01.361 [main] Settings - Connection release mode: AFTER_TRANSACTION
[DEBUG] 2021-05-11 14:02:01.361 [main] Settings - Generate SQL with comments: disabled
[DEBUG] 2021-05-11 14:02:01.361 [main] Settings - JPA compliance - query : 
[DEBUG] 2021-05-11 14:02:01.361 [main] Settings - JPA compliance - closed-handling : 
[DEBUG] 2021-05-11 14:02:01.361 [main] Settings - JPA compliance - lists : 
[DEBUG] 2021-05-11 14:02:01.361 [main] Settings - JPA compliance - transactions : 
[INFO ] 2021-05-11 14:02:01.417 [main] beans - HHH10005002: No explicit CDI BeanManager reference was passed to Hibernate, but CDI is available on the Hibernate ClassLoader.
[DEBUG] 2021-05-11 14:02:01.439 [main] SessionFactoryImpl - Session factory constructed with filter configurations : {}
[DEBUG] 2021-05-11 14:02:01.439 [main] SessionFactoryImpl - Instantiating session factory with properties: {sun.desktop=gnome, awt.toolkit=sun.awt.X11.XToolkit, java.specification.version=11, sun.cpu.isalist=, hibernate.c3p0.idle_test_period=3000, sun.jnu.encoding=UTF-8, hibernate.c3p0.min_size=5, java.class.path=/home/student/intellij/lib/idea_rt.jar:/home/student/intellij/plugins/junit/lib/junit5-rt.jar:/home/student/intellij/plugins/junit/lib/junit-rt.jar:/home/student/IdeaProjects/budgetTracker/target/test-classes:/home/student/IdeaProjects/budgetTracker/target/classes:/home/student/.m2/repository/junit/junit/4.12/junit-4.12.jar:/home/student/.m2/repository/org/hamcrest/hamcrest-core/1.3/hamcrest-core-1.3.jar:/home/student/.m2/repository/org/hibernate/hibernate-core/5.4.4.Final/hibernate-core-5.4.4.Final.jar:/home/student/.m2/repository/org/jboss/logging/jboss-logging/3.3.2.Final/jboss-logging-3.3.2.Final.jar:/home/student/.m2/repository/javax/persistence/javax.persistence-api/2.2/javax.persistence-api-2.2.jar:/home/student/.m2/repository/org/javassist/javassist/3.24.0-GA/javassist-3.24.0-GA.jar:/home/student/.m2/repository/net/bytebuddy/byte-buddy/1.9.11/byte-buddy-1.9.11.jar:/home/student/.m2/repository/antlr/antlr/2.7.7/antlr-2.7.7.jar:/home/student/.m2/repository/org/jboss/spec/javax/transaction/jboss-transaction-api_1.2_spec/1.1.1.Final/jboss-transaction-api_1.2_spec-1.1.1.Final.jar:/home/student/.m2/repository/org/jboss/jandex/2.0.5.Final/jandex-2.0.5.Final.jar:/home/student/.m2/repository/com/fasterxml/classmate/1.3.4/classmate-1.3.4.jar:/home/student/.m2/repository/javax/activation/javax.activation-api/1.2.0/javax.activation-api-1.2.0.jar:/home/student/.m2/repository/org/dom4j/dom4j/2.1.1/dom4j-2.1.1.jar:/home/student/.m2/repository/org/hibernate/common/hibernate-commons-annotations/5.1.0.Final/hibernate-commons-annotations-5.1.0.Final.jar:/home/student/.m2/repository/javax/xml/bind/jaxb-api/2.3.1/jaxb-api-2.3.1.jar:/home/student/.m2/repository/org/glassfish/jaxb/jaxb-runtime/2.3.1/jaxb-runtime-2.3.1.jar:/home/student/.m2/repository/org/glassfish/jaxb/txw2/2.3.1/txw2-2.3.1.jar:/home/student/.m2/repository/com/sun/istack/istack-commons-runtime/3.0.7/istack-commons-runtime-3.0.7.jar:/home/student/.m2/repository/org/jvnet/staxex/stax-ex/1.8/stax-ex-1.8.jar:/home/student/.m2/repository/com/sun/xml/fastinfoset/FastInfoset/1.2.15/FastInfoset-1.2.15.jar:/home/student/.m2/repository/org/hibernate/hibernate-c3p0/5.4.4.Final/hibernate-c3p0-5.4.4.Final.jar:/home/student/.m2/repository/com/mchange/c3p0/0.9.5.3/c3p0-0.9.5.3.jar:/home/student/.m2/repository/com/mchange/mchange-commons-java/0.2.15/mchange-commons-java-0.2.15.jar:/home/student/.m2/repository/org/apache/logging/log4j/log4j-api/2.10.0/log4j-api-2.10.0.jar:/home/student/.m2/repository/org/apache/logging/log4j/log4j-core/2.10.0/log4j-core-2.10.0.jar:/home/student/.m2/repository/javax/javaee-web-api/7.0/javaee-web-api-7.0.jar:/home/student/.m2/repository/org/junit/platform/junit-platform-runner/1.0.0/junit-platform-runner-1.0.0.jar:/home/student/.m2/repository/org/apiguardian/apiguardian-api/1.0.0/apiguardian-api-1.0.0.jar:/home/student/.m2/repository/org/junit/platform/junit-platform-launcher/1.0.0/junit-platform-launcher-1.0.0.jar:/home/student/.m2/repository/org/junit/platform/junit-platform-suite-api/1.0.0/junit-platform-suite-api-1.0.0.jar:/home/student/.m2/repository/org/junit/vintage/junit-vintage-engine/4.12.0/junit-vintage-engine-4.12.0.jar:/home/student/.m2/repository/org/junit/platform/junit-platform-engine/1.0.0/junit-platform-engine-1.0.0.jar:/home/student/.m2/repository/org/junit/jupiter/junit-jupiter-engine/5.0.0/junit-jupiter-engine-5.0.0.jar:/home/student/.m2/repository/jstl/jstl/1.2/jstl-1.2.jar:/home/student/.m2/repository/mysql/mysql-connector-java/8.0.16/mysql-connector-java-8.0.16.jar:/home/student/.m2/repository/com/google/protobuf/protobuf-java/3.6.1/protobuf-java-3.6.1.jar:/home/student/.m2/repository/org/junit/jupiter/junit-jupiter-api/5.0.0/junit-jupiter-api-5.0.0.jar:/home/student/.m2/repository/org/opentest4j/opentest4j/1.0.0/opentest4j-1.0.0.jar:/home/student/.m2/repository/org/junit/platform/junit-platform-commons/1.0.0/junit-platform-commons-1.0.0.jar:/home/student/.m2/repository/org/glassfish/jersey/core/jersey-client/2.29.1/jersey-client-2.29.1.jar:/home/student/.m2/repository/jakarta/ws/rs/jakarta.ws.rs-api/2.1.6/jakarta.ws.rs-api-2.1.6.jar:/home/student/.m2/repository/org/glassfish/jersey/core/jersey-common/2.29.1/jersey-common-2.29.1.jar:/home/student/.m2/repository/jakarta/annotation/jakarta.annotation-api/1.3.5/jakarta.annotation-api-1.3.5.jar:/home/student/.m2/repository/org/glassfish/hk2/osgi-resource-locator/1.0.3/osgi-resource-locator-1.0.3.jar:/home/student/.m2/repository/com/sun/activation/jakarta.activation/1.2.1/jakarta.activation-1.2.1.jar:/home/student/.m2/repository/org/glassfish/hk2/external/jakarta.inject/2.6.1/jakarta.inject-2.6.1.jar:/home/student/.m2/repository/org/glassfish/jersey/inject/jersey-hk2/2.29.1/jersey-hk2-2.29.1.jar:/home/student/.m2/repository/org/glassfish/hk2/hk2-locator/2.6.1/hk2-locator-2.6.1.jar:/home/student/.m2/repository/org/glassfish/hk2/external/aopalliance-repackaged/2.6.1/aopalliance-repackaged-2.6.1.jar:/home/student/.m2/repository/org/glassfish/hk2/hk2-api/2.6.1/hk2-api-2.6.1.jar:/home/student/.m2/repository/org/glassfish/hk2/hk2-utils/2.6.1/hk2-utils-2.6.1.jar:/home/student/.m2/repository/com/fasterxml/jackson/core/jackson-core/2.10.0/jackson-core-2.10.0.jar:/home/student/.m2/repository/com/fasterxml/jackson/core/jackson-annotations/2.10.0/jackson-annotations-2.10.0.jar:/home/student/.m2/repository/com/fasterxml/jackson/core/jackson-databind/2.10.0/jackson-databind-2.10.0.jar:/home/student/.m2/repository/com/google/apis/google-api-services-driveactivity/v2-rev20210319-1.31.0/google-api-services-driveactivity-v2-rev20210319-1.31.0.jar:/home/student/.m2/repository/com/google/api-client/google-api-client/1.31.4/google-api-client-1.31.4.jar:/home/student/.m2/repository/com/google/oauth-client/google-oauth-client/1.31.5/google-oauth-client-1.31.5.jar:/home/student/.m2/repository/com/google/http-client/google-http-client-gson/1.39.2/google-http-client-gson-1.39.2.jar:/home/student/.m2/repository/com/google/code/gson/gson/2.8.6/gson-2.8.6.jar:/home/student/.m2/repository/com/google/guava/guava/30.1.1-android/guava-30.1.1-android.jar:/home/student/.m2/repository/com/google/guava/failureaccess/1.0.1/failureaccess-1.0.1.jar:/home/student/.m2/repository/com/google/guava/listenablefuture/9999.0-empty-to-avoid-conflict-with-guava/listenablefuture-9999.0-empty-to-avoid-conflict-with-guava.jar:/home/student/.m2/repository/com/google/code/findbugs/jsr305/3.0.2/jsr305-3.0.2.jar:/home/student/.m2/repository/org/checkerframework/checker-compat-qual/2.5.5/checker-compat-qual-2.5.5.jar:/home/student/.m2/repository/com/google/errorprone/error_prone_annotations/2.5.1/error_prone_annotations-2.5.1.jar:/home/student/.m2/repository/com/google/j2objc/j2objc-annotations/1.3/j2objc-annotations-1.3.jar:/home/student/.m2/repository/com/google/http-client/google-http-client-apache-v2/1.39.2/google-http-client-apache-v2-1.39.2.jar:/home/student/.m2/repository/org/apache/httpcomponents/httpcore/4.4.14/httpcore-4.4.14.jar:/home/student/.m2/repository/org/apache/httpcomponents/httpclient/4.5.13/httpclient-4.5.13.jar:/home/student/.m2/repository/commons-logging/commons-logging/1.2/commons-logging-1.2.jar:/home/student/.m2/repository/commons-codec/commons-codec/1.11/commons-codec-1.11.jar:/home/student/.m2/repository/com/google/http-client/google-http-client/1.39.2/google-http-client-1.39.2.jar:/home/student/.m2/repository/io/opencensus/opencensus-api/0.28.0/opencensus-api-0.28.0.jar:/home/student/.m2/repository/io/grpc/grpc-context/1.27.2/grpc-context-1.27.2.jar:/home/student/.m2/repository/io/opencensus/opencensus-contrib-http-util/0.28.0/opencensus-contrib-http-util-0.28.0.jar:/home/student/.m2/repository/com/google/apis/google-api-services-drive/v2-rev20210419-1.31.0/google-api-services-drive-v2-rev20210419-1.31.0.jar:/home/student/.m2/repository/com/google/oauth-client/google-oauth-client-jetty/1.31.0/google-oauth-client-jetty-1.31.0.jar:/home/student/.m2/repository/com/google/oauth-client/google-oauth-client-java6/1.31.0/google-oauth-client-java6-1.31.0.jar:/home/student/.m2/repository/com/google/api-client/google-api-client-jackson2/1.31.0/google-api-client-jackson2-1.31.0.jar:/home/student/.m2/repository/com/google/http-client/google-http-client-jackson2/1.38.0/google-http-client-jackson2-1.38.0.jar, java.vm.vendor=Ubuntu, sun.arch.data.model=64, idea.test.cyclic.buffer.size=1048576, java.vendor.url=https://ubuntu.com/, user.timezone=America/Chicago, os.name=Linux, java.vm.specification.version=11, sun.java.launcher=SUN_STANDARD, user.country=US, sun.boot.library.path=/usr/lib/jvm/java-11-openjdk-amd64/lib, sun.java.command=com.intellij.rt.junit.JUnitStarter -ideVersion5 -junit5 edu.matc.persistence.CategoryDaoTest,insertSuccess, jdk.debug=release, sun.cpu.endian=little, user.home=/home/student, hibernate.c3p0.max_statements=50, user.language=en, java.specification.vendor=Oracle Corporation, java.version.date=2021-04-20, java.home=/usr/lib/jvm/java-11-openjdk-amd64, file.separator=/, java.vm.compressedOopsMode=Zero based, line.separator=
, hibernate.c3p0.timeout=300, java.specification.name=Java Platform API Specification, java.vm.specification.vendor=Oracle Corporation, java.awt.graphicsenv=sun.awt.X11GraphicsEnvironment, connection.password=student, sun.management.compiler=HotSpot 64-Bit Tiered Compilers, hibernate.c3p0.max_size=20, java.runtime.version=11.0.11+9-Ubuntu-0ubuntu2.20.04, user.name=student, path.separator=:, hibernate.connection.username=****, os.version=5.4.0-72-generic, java.runtime.name=OpenJDK Runtime Environment, hibernate.connection.url=jdbc:mysql://localhost:3306/budget_tracker, file.encoding=UTF-8, java.vm.name=OpenJDK 64-Bit Server VM, hibernate.connection.driver_class=com.mysql.cj.jdbc.Driver, java.vendor.url.bug=https://bugs.launchpad.net/ubuntu/+source/openjdk-lts, java.io.tmpdir=/tmp, java.version=11.0.11, user.dir=/home/student/IdeaProjects/budgetTracker, os.arch=amd64, connection.username=root, java.vm.specification.name=Java Virtual Machine Specification, java.awt.printerjob=sun.print.PSPrinterJob, hibernate.connection.password=****, sun.os.patch.level=unknown, connection.driver_class=com.mysql.cj.jdbc.Driver, hibernate.boot.CfgXmlAccessService.key=org.hibernate.boot.cfgxml.spi.LoadedConfig@7e72a6cc, java.library.path=/usr/java/packages/lib:/usr/lib/x86_64-linux-gnu/jni:/lib/x86_64-linux-gnu:/usr/lib/x86_64-linux-gnu:/usr/lib/jni:/lib:/usr/lib, java.vendor=Ubuntu, java.vm.info=mixed mode, sharing, java.vm.version=11.0.11+9-Ubuntu-0ubuntu2.20.04, hibernate.bytecode.use_reflection_optimizer=false, sun.io.unicode.encoding=UnicodeLittle, connection.url=jdbc:mysql://localhost:3306/budget_tracker, java.class.version=55.0}
[DEBUG] 2021-05-11 14:02:01.454 [main] TypeSafeActivator - Unable to acquire Bean Validation ValidatorFactory, skipping activation
[DEBUG] 2021-05-11 14:02:01.454 [main] JaccIntegrator - Skipping JACC integration as it was not enabled
[DEBUG] 2021-05-11 14:02:01.459 [main] SessionFactoryImpl - Instantiated session factory
[DEBUG] 2021-05-11 14:02:01.459 [main] TypeConfiguration$Scope - Scoping TypeConfiguration [org.hibernate.type.spi.TypeConfiguration@161f6623] to SessionFactoryImpl [org.hibernate.internal.SessionFactoryImpl@15efda6c]
[DEBUG] 2021-05-11 14:02:01.545 [main] ClassLoaderAccessImpl - Not known whether passed class name [edu.matc.entity.User] is safe
[DEBUG] 2021-05-11 14:02:01.545 [main] ClassLoaderAccessImpl - No temp ClassLoader provided; using live ClassLoader for loading potentially unsafe class : edu.matc.entity.User
[DEBUG] 2021-05-11 14:02:01.562 [main] ClassLoaderAccessImpl - Not known whether passed class name [edu.matc.entity.User] is safe
[DEBUG] 2021-05-11 14:02:01.563 [main] ClassLoaderAccessImpl - No temp ClassLoader provided; using live ClassLoader for loading potentially unsafe class : edu.matc.entity.User
[DEBUG] 2021-05-11 14:02:01.820 [main] ClassLoaderAccessImpl - Not known whether passed class name [edu.matc.entity.Category] is safe
[DEBUG] 2021-05-11 14:02:01.820 [main] ClassLoaderAccessImpl - No temp ClassLoader provided; using live ClassLoader for loading potentially unsafe class : edu.matc.entity.Category
[DEBUG] 2021-05-11 14:02:01.821 [main] ClassLoaderAccessImpl - Not known whether passed class name [edu.matc.entity.Category] is safe
[DEBUG] 2021-05-11 14:02:01.822 [main] ClassLoaderAccessImpl - No temp ClassLoader provided; using live ClassLoader for loading potentially unsafe class : edu.matc.entity.Category
[DEBUG] 2021-05-11 14:02:01.852 [main] ClassLoaderAccessImpl - Not known whether passed class name [edu.matc.entity.Entry] is safe
[DEBUG] 2021-05-11 14:02:01.852 [main] ClassLoaderAccessImpl - No temp ClassLoader provided; using live ClassLoader for loading potentially unsafe class : edu.matc.entity.Entry
[DEBUG] 2021-05-11 14:02:01.852 [main] ClassLoaderAccessImpl - Not known whether passed class name [edu.matc.entity.Entry] is safe
[DEBUG] 2021-05-11 14:02:01.852 [main] ClassLoaderAccessImpl - No temp ClassLoader provided; using live ClassLoader for loading potentially unsafe class : edu.matc.entity.Entry
[DEBUG] 2021-05-11 14:02:01.886 [main] AbstractEntityPersister - Static SQL for entity: edu.matc.entity.User
[DEBUG] 2021-05-11 14:02:01.891 [main] AbstractEntityPersister -  Version select: select id from user where id =?
[DEBUG] 2021-05-11 14:02:01.891 [main] AbstractEntityPersister -  Snapshot select: select user_.id, user_.birthdate as birthdat2_2_, user_.email as email3_2_, user_.first_name as first_na4_2_, user_.last_name as last_nam5_2_, user_.password as password6_2_, user_.username as username7_2_ from user user_ where user_.id=?
[DEBUG] 2021-05-11 14:02:01.891 [main] AbstractEntityPersister -  Insert 0: insert into user (birthdate, email, first_name, last_name, password, username, id) values (?, ?, ?, ?, ?, ?, ?)
[DEBUG] 2021-05-11 14:02:01.891 [main] AbstractEntityPersister -  Update 0: update user set birthdate=?, email=?, first_name=?, last_name=?, password=?, username=? where id=?
[DEBUG] 2021-05-11 14:02:01.891 [main] AbstractEntityPersister -  Delete 0: delete from user where id=?
[DEBUG] 2021-05-11 14:02:01.891 [main] AbstractEntityPersister -  Identity insert: insert into user (birthdate, email, first_name, last_name, password, username) values (?, ?, ?, ?, ?, ?)
[DEBUG] 2021-05-11 14:02:01.907 [main] QuerySpacesImpl - Adding QuerySpace : uid = <gen:0> -> org.hibernate.loader.plan.build.internal.spaces.EntityQuerySpaceImpl@422ab737]
[DEBUG] 2021-05-11 14:02:01.908 [main] MetamodelGraphWalker - Visiting attribute path : birthdate
[DEBUG] 2021-05-11 14:02:01.908 [main] MetamodelGraphWalker - Visiting attribute path : email
[DEBUG] 2021-05-11 14:02:01.908 [main] MetamodelGraphWalker - Visiting attribute path : firstName
[DEBUG] 2021-05-11 14:02:01.908 [main] MetamodelGraphWalker - Visiting attribute path : lastName
[DEBUG] 2021-05-11 14:02:01.908 [main] MetamodelGraphWalker - Visiting attribute path : password
[DEBUG] 2021-05-11 14:02:01.908 [main] MetamodelGraphWalker - Visiting attribute path : userName
[DEBUG] 2021-05-11 14:02:01.912 [main] FetchStyleLoadPlanBuildingAssociationVisitationStrategy - Building LoadPlan...
[DEBUG] 2021-05-11 14:02:01.921 [main] LoadQueryJoinAndFetchProcessor - processing queryspace <gen:0>
[DEBUG] 2021-05-11 14:02:01.928 [main] LoadPlanTreePrinter - LoadPlan(entity=edu.matc.entity.User)
    - Returns
       - EntityReturnImpl(entity=edu.matc.entity.User, querySpaceUid=<gen:0>, path=edu.matc.entity.User)
    - QuerySpaces
       - EntityQuerySpaceImpl(uid=<gen:0>, entity=edu.matc.entity.User)
          - SQL table alias mapping - user0_
          - alias suffix - 0_
          - suffixed key columns - {id1_2_0_}

[DEBUG] 2021-05-11 14:02:01.930 [main] EntityLoader - Static select for entity edu.matc.entity.User [NONE]: select user0_.id as id1_2_0_, user0_.birthdate as birthdat2_2_0_, user0_.email as email3_2_0_, user0_.first_name as first_na4_2_0_, user0_.last_name as last_nam5_2_0_, user0_.password as password6_2_0_, user0_.username as username7_2_0_ from user user0_ where user0_.id=?
[DEBUG] 2021-05-11 14:02:01.930 [main] QuerySpacesImpl - Adding QuerySpace : uid = <gen:0> -> org.hibernate.loader.plan.build.internal.spaces.EntityQuerySpaceImpl@5a08b084]
[DEBUG] 2021-05-11 14:02:01.930 [main] MetamodelGraphWalker - Visiting attribute path : birthdate
[DEBUG] 2021-05-11 14:02:01.930 [main] MetamodelGraphWalker - Visiting attribute path : email
[DEBUG] 2021-05-11 14:02:01.930 [main] MetamodelGraphWalker - Visiting attribute path : firstName
[DEBUG] 2021-05-11 14:02:01.930 [main] MetamodelGraphWalker - Visiting attribute path : lastName
[DEBUG] 2021-05-11 14:02:01.930 [main] MetamodelGraphWalker - Visiting attribute path : password
[DEBUG] 2021-05-11 14:02:01.930 [main] MetamodelGraphWalker - Visiting attribute path : userName
[DEBUG] 2021-05-11 14:02:01.930 [main] FetchStyleLoadPlanBuildingAssociationVisitationStrategy - Building LoadPlan...
[DEBUG] 2021-05-11 14:02:01.930 [main] LoadQueryJoinAndFetchProcessor - processing queryspace <gen:0>
[DEBUG] 2021-05-11 14:02:01.930 [main] LoadPlanTreePrinter - LoadPlan(entity=edu.matc.entity.User)
    - Returns
       - EntityReturnImpl(entity=edu.matc.entity.User, querySpaceUid=<gen:0>, path=edu.matc.entity.User)
    - QuerySpaces
       - EntityQuerySpaceImpl(uid=<gen:0>, entity=edu.matc.entity.User)
          - SQL table alias mapping - user0_
          - alias suffix - 0_
          - suffixed key columns - {id1_2_0_}

[DEBUG] 2021-05-11 14:02:01.930 [main] EntityLoader - Static select for entity edu.matc.entity.User [READ]: select user0_.id as id1_2_0_, user0_.birthdate as birthdat2_2_0_, user0_.email as email3_2_0_, user0_.first_name as first_na4_2_0_, user0_.last_name as last_nam5_2_0_, user0_.password as password6_2_0_, user0_.username as username7_2_0_ from user user0_ where user0_.id=?
[DEBUG] 2021-05-11 14:02:01.941 [main] Loader - Static select for action ACTION_MERGE on entity edu.matc.entity.User: select user0_.id as id1_2_0_, user0_.birthdate as birthdat2_2_0_, user0_.email as email3_2_0_, user0_.first_name as first_na4_2_0_, user0_.last_name as last_nam5_2_0_, user0_.password as password6_2_0_, user0_.username as username7_2_0_ from user user0_ where user0_.id=?
[DEBUG] 2021-05-11 14:02:01.946 [main] Loader - Static select for action ACTION_REFRESH on entity edu.matc.entity.User: select user0_.id as id1_2_0_, user0_.birthdate as birthdat2_2_0_, user0_.email as email3_2_0_, user0_.first_name as first_na4_2_0_, user0_.last_name as last_nam5_2_0_, user0_.password as password6_2_0_, user0_.username as username7_2_0_ from user user0_ where user0_.id=?
[DEBUG] 2021-05-11 14:02:01.946 [main] AbstractEntityPersister - Static SQL for entity: edu.matc.entity.Category
[DEBUG] 2021-05-11 14:02:01.946 [main] AbstractEntityPersister -  Version select: select id from category where id =?
[DEBUG] 2021-05-11 14:02:01.946 [main] AbstractEntityPersister -  Snapshot select: select category_.id, category_.category_description as category2_0_, category_.category_name as category3_0_, category_.color as color4_0_, category_.user_id as user_id5_0_ from category category_ where category_.id=?
[DEBUG] 2021-05-11 14:02:01.946 [main] AbstractEntityPersister -  Insert 0: insert into category (category_description, category_name, color, user_id, id) values (?, ?, ?, ?, ?)
[DEBUG] 2021-05-11 14:02:01.946 [main] AbstractEntityPersister -  Update 0: update category set category_description=?, category_name=?, color=?, user_id=? where id=?
[DEBUG] 2021-05-11 14:02:01.946 [main] AbstractEntityPersister -  Delete 0: delete from category where id=?
[DEBUG] 2021-05-11 14:02:01.946 [main] AbstractEntityPersister -  Identity insert: insert into category (category_description, category_name, color, user_id) values (?, ?, ?, ?)
[DEBUG] 2021-05-11 14:02:01.946 [main] QuerySpacesImpl - Adding QuerySpace : uid = <gen:0> -> org.hibernate.loader.plan.build.internal.spaces.EntityQuerySpaceImpl@ee21292]
[DEBUG] 2021-05-11 14:02:01.946 [main] MetamodelGraphWalker - Visiting attribute path : categoryDescription
[DEBUG] 2021-05-11 14:02:01.946 [main] MetamodelGraphWalker - Visiting attribute path : categoryName
[DEBUG] 2021-05-11 14:02:01.946 [main] MetamodelGraphWalker - Visiting attribute path : color
[DEBUG] 2021-05-11 14:02:01.948 [main] MetamodelGraphWalker - Visiting attribute path : userId
[DEBUG] 2021-05-11 14:02:01.950 [main] QuerySpacesImpl - Adding QuerySpace : uid = <gen:1> -> org.hibernate.loader.plan.build.internal.spaces.EntityQuerySpaceImpl@420a8042]
[DEBUG] 2021-05-11 14:02:01.956 [main] MetamodelGraphWalker - Visiting attribute path : userId.birthdate
[DEBUG] 2021-05-11 14:02:01.957 [main] MetamodelGraphWalker - Visiting attribute path : userId.email
[DEBUG] 2021-05-11 14:02:01.957 [main] MetamodelGraphWalker - Visiting attribute path : userId.firstName
[DEBUG] 2021-05-11 14:02:01.957 [main] MetamodelGraphWalker - Visiting attribute path : userId.lastName
[DEBUG] 2021-05-11 14:02:01.957 [main] MetamodelGraphWalker - Visiting attribute path : userId.password
[DEBUG] 2021-05-11 14:02:01.957 [main] MetamodelGraphWalker - Visiting attribute path : userId.userName
[DEBUG] 2021-05-11 14:02:01.957 [main] FetchStyleLoadPlanBuildingAssociationVisitationStrategy - Building LoadPlan...
[DEBUG] 2021-05-11 14:02:01.957 [main] LoadQueryJoinAndFetchProcessor - processing queryspace <gen:0>
[DEBUG] 2021-05-11 14:02:01.958 [main] LoadPlanTreePrinter - LoadPlan(entity=edu.matc.entity.Category)
    - Returns
       - EntityReturnImpl(entity=edu.matc.entity.Category, querySpaceUid=<gen:0>, path=edu.matc.entity.Category)
          - EntityAttributeFetchImpl(entity=edu.matc.entity.User, querySpaceUid=<gen:1>, path=edu.matc.entity.Category.userId)
    - QuerySpaces
       - EntityQuerySpaceImpl(uid=<gen:0>, entity=edu.matc.entity.Category)
          - SQL table alias mapping - category0_
          - alias suffix - 0_
          - suffixed key columns - {id1_0_0_}
          - JOIN (JoinDefinedByMetadata(userId)) : <gen:0> -> <gen:1>
             - EntityQuerySpaceImpl(uid=<gen:1>, entity=edu.matc.entity.User)
                - SQL table alias mapping - user1_
                - alias suffix - 1_
                - suffixed key columns - {id1_2_1_}

[DEBUG] 2021-05-11 14:02:01.958 [main] EntityLoader - Static select for entity edu.matc.entity.Category [NONE]: select category0_.id as id1_0_0_, category0_.category_description as category2_0_0_, category0_.category_name as category3_0_0_, category0_.color as color4_0_0_, category0_.user_id as user_id5_0_0_, user1_.id as id1_2_1_, user1_.birthdate as birthdat2_2_1_, user1_.email as email3_2_1_, user1_.first_name as first_na4_2_1_, user1_.last_name as last_nam5_2_1_, user1_.password as password6_2_1_, user1_.username as username7_2_1_ from category category0_ left outer join user user1_ on category0_.user_id=user1_.id where category0_.id=?
[DEBUG] 2021-05-11 14:02:01.959 [main] QuerySpacesImpl - Adding QuerySpace : uid = <gen:0> -> org.hibernate.loader.plan.build.internal.spaces.EntityQuerySpaceImpl@58833798]
[DEBUG] 2021-05-11 14:02:01.959 [main] MetamodelGraphWalker - Visiting attribute path : categoryDescription
[DEBUG] 2021-05-11 14:02:01.959 [main] MetamodelGraphWalker - Visiting attribute path : categoryName
[DEBUG] 2021-05-11 14:02:01.959 [main] MetamodelGraphWalker - Visiting attribute path : color
[DEBUG] 2021-05-11 14:02:01.959 [main] MetamodelGraphWalker - Visiting attribute path : userId
[DEBUG] 2021-05-11 14:02:01.959 [main] QuerySpacesImpl - Adding QuerySpace : uid = <gen:1> -> org.hibernate.loader.plan.build.internal.spaces.EntityQuerySpaceImpl@4d464510]
[DEBUG] 2021-05-11 14:02:01.960 [main] MetamodelGraphWalker - Visiting attribute path : userId.birthdate
[DEBUG] 2021-05-11 14:02:01.960 [main] MetamodelGraphWalker - Visiting attribute path : userId.email
[DEBUG] 2021-05-11 14:02:01.960 [main] MetamodelGraphWalker - Visiting attribute path : userId.firstName
[DEBUG] 2021-05-11 14:02:01.960 [main] MetamodelGraphWalker - Visiting attribute path : userId.lastName
[DEBUG] 2021-05-11 14:02:01.960 [main] MetamodelGraphWalker - Visiting attribute path : userId.password
[DEBUG] 2021-05-11 14:02:01.960 [main] MetamodelGraphWalker - Visiting attribute path : userId.userName
[DEBUG] 2021-05-11 14:02:01.960 [main] FetchStyleLoadPlanBuildingAssociationVisitationStrategy - Building LoadPlan...
[DEBUG] 2021-05-11 14:02:01.960 [main] LoadQueryJoinAndFetchProcessor - processing queryspace <gen:0>
[DEBUG] 2021-05-11 14:02:01.960 [main] LoadPlanTreePrinter - LoadPlan(entity=edu.matc.entity.Category)
    - Returns
       - EntityReturnImpl(entity=edu.matc.entity.Category, querySpaceUid=<gen:0>, path=edu.matc.entity.Category)
          - EntityAttributeFetchImpl(entity=edu.matc.entity.User, querySpaceUid=<gen:1>, path=edu.matc.entity.Category.userId)
    - QuerySpaces
       - EntityQuerySpaceImpl(uid=<gen:0>, entity=edu.matc.entity.Category)
          - SQL table alias mapping - category0_
          - alias suffix - 0_
          - suffixed key columns - {id1_0_0_}
          - JOIN (JoinDefinedByMetadata(userId)) : <gen:0> -> <gen:1>
             - EntityQuerySpaceImpl(uid=<gen:1>, entity=edu.matc.entity.User)
                - SQL table alias mapping - user1_
                - alias suffix - 1_
                - suffixed key columns - {id1_2_1_}

[DEBUG] 2021-05-11 14:02:01.960 [main] EntityLoader - Static select for entity edu.matc.entity.Category [READ]: select category0_.id as id1_0_0_, category0_.category_description as category2_0_0_, category0_.category_name as category3_0_0_, category0_.color as color4_0_0_, category0_.user_id as user_id5_0_0_, user1_.id as id1_2_1_, user1_.birthdate as birthdat2_2_1_, user1_.email as email3_2_1_, user1_.first_name as first_na4_2_1_, user1_.last_name as last_nam5_2_1_, user1_.password as password6_2_1_, user1_.username as username7_2_1_ from category category0_ left outer join user user1_ on category0_.user_id=user1_.id where category0_.id=?
[DEBUG] 2021-05-11 14:02:01.960 [main] Loader - Static select for action ACTION_MERGE on entity edu.matc.entity.Category: select category0_.id as id1_0_0_, category0_.category_description as category2_0_0_, category0_.category_name as category3_0_0_, category0_.color as color4_0_0_, category0_.user_id as user_id5_0_0_ from category category0_ where category0_.id=?
[DEBUG] 2021-05-11 14:02:01.960 [main] Loader - Static select for action ACTION_REFRESH on entity edu.matc.entity.Category: select category0_.id as id1_0_0_, category0_.category_description as category2_0_0_, category0_.category_name as category3_0_0_, category0_.color as color4_0_0_, category0_.user_id as user_id5_0_0_ from category category0_ where category0_.id=?
[DEBUG] 2021-05-11 14:02:01.961 [main] AbstractEntityPersister - Static SQL for entity: edu.matc.entity.Entry
[DEBUG] 2021-05-11 14:02:01.961 [main] AbstractEntityPersister -  Version select: select id from entry where id =?
[DEBUG] 2021-05-11 14:02:01.961 [main] AbstractEntityPersister -  Snapshot select: select entry_.id, entry_.category_id as category6_1_, entry_.date as date2_1_, entry_.entry_name as entry_na3_1_, entry_.entry_type as entry_ty4_1_, entry_.user_id as user_id7_1_, entry_.value as value5_1_ from entry entry_ where entry_.id=?
[DEBUG] 2021-05-11 14:02:01.961 [main] AbstractEntityPersister -  Insert 0: insert into entry (category_id, date, entry_name, entry_type, user_id, value, id) values (?, ?, ?, ?, ?, ?, ?)
[DEBUG] 2021-05-11 14:02:01.961 [main] AbstractEntityPersister -  Update 0: update entry set category_id=?, date=?, entry_name=?, entry_type=?, user_id=?, value=? where id=?
[DEBUG] 2021-05-11 14:02:01.961 [main] AbstractEntityPersister -  Delete 0: delete from entry where id=?
[DEBUG] 2021-05-11 14:02:01.961 [main] AbstractEntityPersister -  Identity insert: insert into entry (category_id, date, entry_name, entry_type, user_id, value) values (?, ?, ?, ?, ?, ?)
[DEBUG] 2021-05-11 14:02:01.961 [main] QuerySpacesImpl - Adding QuerySpace : uid = <gen:0> -> org.hibernate.loader.plan.build.internal.spaces.EntityQuerySpaceImpl@2519026b]
[DEBUG] 2021-05-11 14:02:01.961 [main] MetamodelGraphWalker - Visiting attribute path : categoryId
[DEBUG] 2021-05-11 14:02:01.961 [main] QuerySpacesImpl - Adding QuerySpace : uid = <gen:1> -> org.hibernate.loader.plan.build.internal.spaces.EntityQuerySpaceImpl@401c4250]
[DEBUG] 2021-05-11 14:02:01.961 [main] MetamodelGraphWalker - Visiting attribute path : categoryId.categoryDescription
[DEBUG] 2021-05-11 14:02:01.961 [main] MetamodelGraphWalker - Visiting attribute path : categoryId.categoryName
[DEBUG] 2021-05-11 14:02:01.961 [main] MetamodelGraphWalker - Visiting attribute path : categoryId.color
[DEBUG] 2021-05-11 14:02:01.961 [main] MetamodelGraphWalker - Visiting attribute path : categoryId.userId
[DEBUG] 2021-05-11 14:02:01.961 [main] QuerySpacesImpl - Adding QuerySpace : uid = <gen:2> -> org.hibernate.loader.plan.build.internal.spaces.EntityQuerySpaceImpl@77724cbe]
[DEBUG] 2021-05-11 14:02:01.965 [main] MetamodelGraphWalker - Visiting attribute path : categoryId.userId.birthdate
[DEBUG] 2021-05-11 14:02:01.965 [main] MetamodelGraphWalker - Visiting attribute path : categoryId.userId.email
[DEBUG] 2021-05-11 14:02:01.965 [main] MetamodelGraphWalker - Visiting attribute path : categoryId.userId.firstName
[DEBUG] 2021-05-11 14:02:01.965 [main] MetamodelGraphWalker - Visiting attribute path : categoryId.userId.lastName
[DEBUG] 2021-05-11 14:02:01.965 [main] MetamodelGraphWalker - Visiting attribute path : categoryId.userId.password
[DEBUG] 2021-05-11 14:02:01.965 [main] MetamodelGraphWalker - Visiting attribute path : categoryId.userId.userName
[DEBUG] 2021-05-11 14:02:01.965 [main] MetamodelGraphWalker - Visiting attribute path : date
[DEBUG] 2021-05-11 14:02:01.965 [main] MetamodelGraphWalker - Visiting attribute path : entryName
[DEBUG] 2021-05-11 14:02:01.965 [main] MetamodelGraphWalker - Visiting attribute path : entryType
[DEBUG] 2021-05-11 14:02:01.965 [main] MetamodelGraphWalker - Visiting attribute path : userId
[DEBUG] 2021-05-11 14:02:01.965 [main] QuerySpacesImpl - Adding QuerySpace : uid = <gen:3> -> org.hibernate.loader.plan.build.internal.spaces.EntityQuerySpaceImpl@570ba13]
[DEBUG] 2021-05-11 14:02:01.965 [main] MetamodelGraphWalker - Visiting attribute path : userId.birthdate
[DEBUG] 2021-05-11 14:02:01.965 [main] MetamodelGraphWalker - Visiting attribute path : userId.email
[DEBUG] 2021-05-11 14:02:01.965 [main] MetamodelGraphWalker - Visiting attribute path : userId.firstName
[DEBUG] 2021-05-11 14:02:01.965 [main] MetamodelGraphWalker - Visiting attribute path : userId.lastName
[DEBUG] 2021-05-11 14:02:01.965 [main] MetamodelGraphWalker - Visiting attribute path : userId.password
[DEBUG] 2021-05-11 14:02:01.965 [main] MetamodelGraphWalker - Visiting attribute path : userId.userName
[DEBUG] 2021-05-11 14:02:01.965 [main] MetamodelGraphWalker - Visiting attribute path : value
[DEBUG] 2021-05-11 14:02:01.966 [main] FetchStyleLoadPlanBuildingAssociationVisitationStrategy - Building LoadPlan...
[DEBUG] 2021-05-11 14:02:01.966 [main] LoadQueryJoinAndFetchProcessor - processing queryspace <gen:0>
[DEBUG] 2021-05-11 14:02:01.967 [main] LoadPlanTreePrinter - LoadPlan(entity=edu.matc.entity.Entry)
    - Returns
       - EntityReturnImpl(entity=edu.matc.entity.Entry, querySpaceUid=<gen:0>, path=edu.matc.entity.Entry)
          - EntityAttributeFetchImpl(entity=edu.matc.entity.Category, querySpaceUid=<gen:1>, path=edu.matc.entity.Entry.categoryId)
             - EntityAttributeFetchImpl(entity=edu.matc.entity.User, querySpaceUid=<gen:2>, path=edu.matc.entity.Entry.categoryId.userId)
          - EntityAttributeFetchImpl(entity=edu.matc.entity.User, querySpaceUid=<gen:3>, path=edu.matc.entity.Entry.userId)
    - QuerySpaces
       - EntityQuerySpaceImpl(uid=<gen:0>, entity=edu.matc.entity.Entry)
          - SQL table alias mapping - entry0_
          - alias suffix - 0_
          - suffixed key columns - {id1_1_0_}
          - JOIN (JoinDefinedByMetadata(categoryId)) : <gen:0> -> <gen:1>
             - EntityQuerySpaceImpl(uid=<gen:1>, entity=edu.matc.entity.Category)
                - SQL table alias mapping - category1_
                - alias suffix - 1_
                - suffixed key columns - {id1_0_1_}
                - JOIN (JoinDefinedByMetadata(userId)) : <gen:1> -> <gen:2>
                   - EntityQuerySpaceImpl(uid=<gen:2>, entity=edu.matc.entity.User)
                      - SQL table alias mapping - user2_
                      - alias suffix - 2_
                      - suffixed key columns - {id1_2_2_}
          - JOIN (JoinDefinedByMetadata(userId)) : <gen:0> -> <gen:3>
             - EntityQuerySpaceImpl(uid=<gen:3>, entity=edu.matc.entity.User)
                - SQL table alias mapping - user3_
                - alias suffix - 3_
                - suffixed key columns - {id1_2_3_}

[DEBUG] 2021-05-11 14:02:01.967 [main] EntityLoader - Static select for entity edu.matc.entity.Entry [NONE]: select entry0_.id as id1_1_0_, entry0_.category_id as category6_1_0_, entry0_.date as date2_1_0_, entry0_.entry_name as entry_na3_1_0_, entry0_.entry_type as entry_ty4_1_0_, entry0_.user_id as user_id7_1_0_, entry0_.value as value5_1_0_, category1_.id as id1_0_1_, category1_.category_description as category2_0_1_, category1_.category_name as category3_0_1_, category1_.color as color4_0_1_, category1_.user_id as user_id5_0_1_, user2_.id as id1_2_2_, user2_.birthdate as birthdat2_2_2_, user2_.email as email3_2_2_, user2_.first_name as first_na4_2_2_, user2_.last_name as last_nam5_2_2_, user2_.password as password6_2_2_, user2_.username as username7_2_2_, user3_.id as id1_2_3_, user3_.birthdate as birthdat2_2_3_, user3_.email as email3_2_3_, user3_.first_name as first_na4_2_3_, user3_.last_name as last_nam5_2_3_, user3_.password as password6_2_3_, user3_.username as username7_2_3_ from entry entry0_ left outer join category category1_ on entry0_.category_id=category1_.id left outer join user user2_ on category1_.user_id=user2_.id left outer join user user3_ on entry0_.user_id=user3_.id where entry0_.id=?
[DEBUG] 2021-05-11 14:02:01.967 [main] QuerySpacesImpl - Adding QuerySpace : uid = <gen:0> -> org.hibernate.loader.plan.build.internal.spaces.EntityQuerySpaceImpl@525b1b70]
[DEBUG] 2021-05-11 14:02:01.967 [main] MetamodelGraphWalker - Visiting attribute path : categoryId
[DEBUG] 2021-05-11 14:02:01.967 [main] QuerySpacesImpl - Adding QuerySpace : uid = <gen:1> -> org.hibernate.loader.plan.build.internal.spaces.EntityQuerySpaceImpl@16f0ec18]
[DEBUG] 2021-05-11 14:02:01.967 [main] MetamodelGraphWalker - Visiting attribute path : categoryId.categoryDescription
[DEBUG] 2021-05-11 14:02:01.967 [main] MetamodelGraphWalker - Visiting attribute path : categoryId.categoryName
[DEBUG] 2021-05-11 14:02:01.967 [main] MetamodelGraphWalker - Visiting attribute path : categoryId.color
[DEBUG] 2021-05-11 14:02:01.967 [main] MetamodelGraphWalker - Visiting attribute path : categoryId.userId
[DEBUG] 2021-05-11 14:02:01.967 [main] QuerySpacesImpl - Adding QuerySpace : uid = <gen:2> -> org.hibernate.loader.plan.build.internal.spaces.EntityQuerySpaceImpl@661d6bb6]
[DEBUG] 2021-05-11 14:02:01.969 [main] MetamodelGraphWalker - Visiting attribute path : categoryId.userId.birthdate
[DEBUG] 2021-05-11 14:02:01.969 [main] MetamodelGraphWalker - Visiting attribute path : categoryId.userId.email
[DEBUG] 2021-05-11 14:02:01.969 [main] MetamodelGraphWalker - Visiting attribute path : categoryId.userId.firstName
[DEBUG] 2021-05-11 14:02:01.969 [main] MetamodelGraphWalker - Visiting attribute path : categoryId.userId.lastName
[DEBUG] 2021-05-11 14:02:01.969 [main] MetamodelGraphWalker - Visiting attribute path : categoryId.userId.password
[DEBUG] 2021-05-11 14:02:01.969 [main] MetamodelGraphWalker - Visiting attribute path : categoryId.userId.userName
[DEBUG] 2021-05-11 14:02:01.969 [main] MetamodelGraphWalker - Visiting attribute path : date
[DEBUG] 2021-05-11 14:02:01.969 [main] MetamodelGraphWalker - Visiting attribute path : entryName
[DEBUG] 2021-05-11 14:02:01.969 [main] MetamodelGraphWalker - Visiting attribute path : entryType
[DEBUG] 2021-05-11 14:02:01.969 [main] MetamodelGraphWalker - Visiting attribute path : userId
[DEBUG] 2021-05-11 14:02:01.970 [main] QuerySpacesImpl - Adding QuerySpace : uid = <gen:3> -> org.hibernate.loader.plan.build.internal.spaces.EntityQuerySpaceImpl@623e0631]
[DEBUG] 2021-05-11 14:02:01.970 [main] MetamodelGraphWalker - Visiting attribute path : userId.birthdate
[DEBUG] 2021-05-11 14:02:01.970 [main] MetamodelGraphWalker - Visiting attribute path : userId.email
[DEBUG] 2021-05-11 14:02:01.970 [main] MetamodelGraphWalker - Visiting attribute path : userId.firstName
[DEBUG] 2021-05-11 14:02:01.970 [main] MetamodelGraphWalker - Visiting attribute path : userId.lastName
[DEBUG] 2021-05-11 14:02:01.970 [main] MetamodelGraphWalker - Visiting attribute path : userId.password
[DEBUG] 2021-05-11 14:02:01.970 [main] MetamodelGraphWalker - Visiting attribute path : userId.userName
[DEBUG] 2021-05-11 14:02:01.970 [main] MetamodelGraphWalker - Visiting attribute path : value
[DEBUG] 2021-05-11 14:02:01.970 [main] FetchStyleLoadPlanBuildingAssociationVisitationStrategy - Building LoadPlan...
[DEBUG] 2021-05-11 14:02:01.970 [main] LoadQueryJoinAndFetchProcessor - processing queryspace <gen:0>
[DEBUG] 2021-05-11 14:02:01.971 [main] LoadPlanTreePrinter - LoadPlan(entity=edu.matc.entity.Entry)
    - Returns
       - EntityReturnImpl(entity=edu.matc.entity.Entry, querySpaceUid=<gen:0>, path=edu.matc.entity.Entry)
          - EntityAttributeFetchImpl(entity=edu.matc.entity.Category, querySpaceUid=<gen:1>, path=edu.matc.entity.Entry.categoryId)
             - EntityAttributeFetchImpl(entity=edu.matc.entity.User, querySpaceUid=<gen:2>, path=edu.matc.entity.Entry.categoryId.userId)
          - EntityAttributeFetchImpl(entity=edu.matc.entity.User, querySpaceUid=<gen:3>, path=edu.matc.entity.Entry.userId)
    - QuerySpaces
       - EntityQuerySpaceImpl(uid=<gen:0>, entity=edu.matc.entity.Entry)
          - SQL table alias mapping - entry0_
          - alias suffix - 0_
          - suffixed key columns - {id1_1_0_}
          - JOIN (JoinDefinedByMetadata(categoryId)) : <gen:0> -> <gen:1>
             - EntityQuerySpaceImpl(uid=<gen:1>, entity=edu.matc.entity.Category)
                - SQL table alias mapping - category1_
                - alias suffix - 1_
                - suffixed key columns - {id1_0_1_}
                - JOIN (JoinDefinedByMetadata(userId)) : <gen:1> -> <gen:2>
                   - EntityQuerySpaceImpl(uid=<gen:2>, entity=edu.matc.entity.User)
                      - SQL table alias mapping - user2_
                      - alias suffix - 2_
                      - suffixed key columns - {id1_2_2_}
          - JOIN (JoinDefinedByMetadata(userId)) : <gen:0> -> <gen:3>
             - EntityQuerySpaceImpl(uid=<gen:3>, entity=edu.matc.entity.User)
                - SQL table alias mapping - user3_
                - alias suffix - 3_
                - suffixed key columns - {id1_2_3_}

[DEBUG] 2021-05-11 14:02:01.971 [main] EntityLoader - Static select for entity edu.matc.entity.Entry [READ]: select entry0_.id as id1_1_0_, entry0_.category_id as category6_1_0_, entry0_.date as date2_1_0_, entry0_.entry_name as entry_na3_1_0_, entry0_.entry_type as entry_ty4_1_0_, entry0_.user_id as user_id7_1_0_, entry0_.value as value5_1_0_, category1_.id as id1_0_1_, category1_.category_description as category2_0_1_, category1_.category_name as category3_0_1_, category1_.color as color4_0_1_, category1_.user_id as user_id5_0_1_, user2_.id as id1_2_2_, user2_.birthdate as birthdat2_2_2_, user2_.email as email3_2_2_, user2_.first_name as first_na4_2_2_, user2_.last_name as last_nam5_2_2_, user2_.password as password6_2_2_, user2_.username as username7_2_2_, user3_.id as id1_2_3_, user3_.birthdate as birthdat2_2_3_, user3_.email as email3_2_3_, user3_.first_name as first_na4_2_3_, user3_.last_name as last_nam5_2_3_, user3_.password as password6_2_3_, user3_.username as username7_2_3_ from entry entry0_ left outer join category category1_ on entry0_.category_id=category1_.id left outer join user user2_ on category1_.user_id=user2_.id left outer join user user3_ on entry0_.user_id=user3_.id where entry0_.id=?
[DEBUG] 2021-05-11 14:02:01.971 [main] Loader - Static select for action ACTION_MERGE on entity edu.matc.entity.Entry: select entry0_.id as id1_1_0_, entry0_.category_id as category6_1_0_, entry0_.date as date2_1_0_, entry0_.entry_name as entry_na3_1_0_, entry0_.entry_type as entry_ty4_1_0_, entry0_.user_id as user_id7_1_0_, entry0_.value as value5_1_0_ from entry entry0_ where entry0_.id=?
[DEBUG] 2021-05-11 14:02:01.973 [main] Loader - Static select for action ACTION_REFRESH on entity edu.matc.entity.Entry: select entry0_.id as id1_1_0_, entry0_.category_id as category6_1_0_, entry0_.date as date2_1_0_, entry0_.entry_name as entry_na3_1_0_, entry0_.entry_type as entry_ty4_1_0_, entry0_.user_id as user_id7_1_0_, entry0_.value as value5_1_0_ from entry entry0_ where entry0_.id=?
[DEBUG] 2021-05-11 14:02:02.000 [main] SchemaManagementToolCoordinator - No actions specified; doing nothing
[DEBUG] 2021-05-11 14:02:02.000 [main] JtaPlatformInitiator - No JtaPlatform was specified, checking resolver
[DEBUG] 2021-05-11 14:02:02.001 [main] JtaPlatformResolverInitiator - No JtaPlatformResolver was specified, using default [org.hibernate.engine.transaction.jta.platform.internal.StandardJtaPlatformResolver]
[DEBUG] 2021-05-11 14:02:02.007 [main] StandardJtaPlatformResolver - Could not resolve JtaPlatform, using default [org.hibernate.engine.transaction.jta.platform.internal.NoJtaPlatform]
[INFO ] 2021-05-11 14:02:02.008 [main] JtaPlatformInitiator - HHH000490: Using JtaPlatform implementation: [org.hibernate.engine.transaction.jta.platform.internal.NoJtaPlatform]
[DEBUG] 2021-05-11 14:02:02.008 [main] NamedQueryRepository - Checking 0 named HQL queries
[DEBUG] 2021-05-11 14:02:02.008 [main] NamedQueryRepository - Checking 0 named SQL queries
[DEBUG] 2021-05-11 14:02:02.014 [main] SessionFactoryRegistry - Initializing SessionFactoryRegistry : org.hibernate.internal.SessionFactoryRegistry@498a612d
[DEBUG] 2021-05-11 14:02:02.015 [main] SessionFactoryRegistry - Registering SessionFactory: 3fc4d534-3a14-4674-91e1-ae533a27ebe9 (<unnamed>)
[DEBUG] 2021-05-11 14:02:02.016 [main] SessionFactoryRegistry - Not binding SessionFactory to JNDI, no JNDI name configured
[DEBUG] 2021-05-11 14:02:02.083 [main] StatisticsInitiator - Statistics initialized [enabled=false]
[DEBUG] 2021-05-11 14:02:02.097 [main] SQL - select user0_.id as id1_2_0_, user0_.birthdate as birthdat2_2_0_, user0_.email as email3_2_0_, user0_.first_name as first_na4_2_0_, user0_.last_name as last_nam5_2_0_, user0_.password as password6_2_0_, user0_.username as username7_2_0_ from user user0_ where user0_.id=?
[DEBUG] 2021-05-11 14:02:02.123 [main] ResultSetProcessorImpl - Starting ResultSet row #0
[DEBUG] 2021-05-11 14:02:02.124 [main] EntityReferenceInitializerImpl - On call to EntityIdentifierReaderImpl#resolve, EntityKey was already known; should only happen on root returns with an optional identifier specified
[DEBUG] 2021-05-11 14:02:02.129 [main] TwoPhaseLoad - Resolving attributes for [edu.matc.entity.User#1]
[DEBUG] 2021-05-11 14:02:02.129 [main] TwoPhaseLoad - Processing attribute `birthdate` : value = 1987-03-21
[DEBUG] 2021-05-11 14:02:02.132 [main] TwoPhaseLoad - Attribute (`birthdate`)  - enhanced for lazy-loading? - false
[DEBUG] 2021-05-11 14:02:02.132 [main] TwoPhaseLoad - Processing attribute `email` : value = kingjones999@gmail.com
[DEBUG] 2021-05-11 14:02:02.132 [main] TwoPhaseLoad - Attribute (`email`)  - enhanced for lazy-loading? - false
[DEBUG] 2021-05-11 14:02:02.132 [main] TwoPhaseLoad - Processing attribute `firstName` : value = Mike
[DEBUG] 2021-05-11 14:02:02.132 [main] TwoPhaseLoad - Attribute (`firstName`)  - enhanced for lazy-loading? - false
[DEBUG] 2021-05-11 14:02:02.132 [main] TwoPhaseLoad - Processing attribute `lastName` : value = Jones
[DEBUG] 2021-05-11 14:02:02.132 [main] TwoPhaseLoad - Attribute (`lastName`)  - enhanced for lazy-loading? - false
[DEBUG] 2021-05-11 14:02:02.132 [main] TwoPhaseLoad - Processing attribute `password` : value = yoyojojo123
[DEBUG] 2021-05-11 14:02:02.132 [main] TwoPhaseLoad - Attribute (`password`)  - enhanced for lazy-loading? - false
[DEBUG] 2021-05-11 14:02:02.132 [main] TwoPhaseLoad - Processing attribute `userName` : value = mikeyjones123
[DEBUG] 2021-05-11 14:02:02.132 [main] TwoPhaseLoad - Attribute (`userName`)  - enhanced for lazy-loading? - false
[DEBUG] 2021-05-11 14:02:02.133 [main] TwoPhaseLoad - Done materializing entity [edu.matc.entity.User#1]
[DEBUG] 2021-05-11 14:02:02.133 [main] ResourceRegistryStandardImpl - HHH000387: ResultSet's statement was not registered
[DEBUG] 2021-05-11 14:02:02.133 [main] AbstractLoadPlanBasedEntityLoader - Done entity load : edu.matc.entity.User#1
[DEBUG] 2021-05-11 14:02:02.134 [main] LogicalConnectionManagedImpl - Initiating JDBC connection release from afterTransaction
[DEBUG] 2021-05-11 14:02:02.139 [main] TransactionImpl - On TransactionImpl creation, JpaCompliance#isJpaTransactionComplianceEnabled == false
[DEBUG] 2021-05-11 14:02:02.139 [main] TransactionImpl - begin
[DEBUG] 2021-05-11 14:02:02.153 [main] ActionQueue - Executing identity-insert immediately
[DEBUG] 2021-05-11 14:02:02.155 [main] SQL - insert into category (category_description, category_name, color, user_id) values (?, ?, ?, ?)
[DEBUG] 2021-05-11 14:02:02.158 [main] IdentifierGeneratorHelper - Natively generated identity: 15
[DEBUG] 2021-05-11 14:02:02.160 [main] ResourceRegistryStandardImpl - HHH000387: ResultSet's statement was not registered
[DEBUG] 2021-05-11 14:02:02.160 [main] TransactionImpl - committing
[DEBUG] 2021-05-11 14:02:02.161 [main] AbstractFlushingEventListener - Processing flush-time cascades
[DEBUG] 2021-05-11 14:02:02.161 [main] AbstractFlushingEventListener - Dirty checking collections
[DEBUG] 2021-05-11 14:02:02.166 [main] AbstractFlushingEventListener - Flushed: 0 insertions, 0 updates, 0 deletions to 1 objects
[DEBUG] 2021-05-11 14:02:02.167 [main] AbstractFlushingEventListener - Flushed: 0 (re)creations, 0 updates, 0 removals to 0 collections
[DEBUG] 2021-05-11 14:02:02.167 [main] EntityPrinter - Listing entities:
[DEBUG] 2021-05-11 14:02:02.168 [main] EntityPrinter - edu.matc.entity.Category{color=Red, id=15, categoryName=asdf, userId=edu.matc.entity.User#1, categoryDescription=asdf}
[DEBUG] 2021-05-11 14:02:02.171 [main] LogicalConnectionManagedImpl - Initiating JDBC connection release from afterTransaction
[DEBUG] 2021-05-11 14:02:02.171 [main] LogicalConnectionManagedImpl - Initiating JDBC connection release from afterTransaction
[DEBUG] 2021-05-11 14:02:02.171 [main] SQL - select category0_.id as id1_0_0_, category0_.category_description as category2_0_0_, category0_.category_name as category3_0_0_, category0_.color as color4_0_0_, category0_.user_id as user_id5_0_0_, user1_.id as id1_2_1_, user1_.birthdate as birthdat2_2_1_, user1_.email as email3_2_1_, user1_.first_name as first_na4_2_1_, user1_.last_name as last_nam5_2_1_, user1_.password as password6_2_1_, user1_.username as username7_2_1_ from category category0_ left outer join user user1_ on category0_.user_id=user1_.id where category0_.id=?
[DEBUG] 2021-05-11 14:02:02.173 [main] ResourceRegistryStandardImpl - HHH000387: ResultSet's statement was not registered
[DEBUG] 2021-05-11 14:02:02.173 [main] AbstractLoadPlanBasedEntityLoader - Done entity load : edu.matc.entity.Category#0
[DEBUG] 2021-05-11 14:02:02.173 [main] LogicalConnectionManagedImpl - Initiating JDBC connection release from afterTransaction
