[DEBUG] 2021-04-29 19:37:17.095 [http-nio-8080-exec-5] PropertiesLoader - Retrieving users profile information.
[DEBUG] 2021-04-29 19:38:47.083 [http-nio-8080-exec-5] PropertiesLoader - Retrieving users profile information.
[DEBUG] 2021-04-29 19:51:56.469 [http-nio-8080-exec-6] PropertiesLoader - Retrieving users profile information.
[DEBUG] 2021-04-29 19:53:41.127 [http-nio-8080-exec-5] PropertiesLoader - Retrieving users profile information.
[DEBUG] 2021-04-29 19:53:46.235 [http-nio-8080-exec-6] PropertiesLoader - Retrieving users profile information.
[DEBUG] 2021-04-29 20:01:30.616 [http-nio-8080-exec-4] PropertiesLoader - Retrieving user entries.
[DEBUG] 2021-04-29 20:33:45.151 [http-nio-8080-exec-5] PropertiesLoader - Retrieving users profile information.
[DEBUG] 2021-04-29 20:33:47.216 [http-nio-8080-exec-6] PropertiesLoader - Retrieving user entries.
[DEBUG] 2021-04-29 20:36:45.138 [http-nio-8080-exec-6] PropertiesLoader - Retrieving users profile information.
[DEBUG] 2021-04-29 20:36:46.114 [http-nio-8080-exec-7] PropertiesLoader - Retrieving user entries.
[DEBUG] 2021-04-29 20:40:40.199 [http-nio-8080-exec-6] PropertiesLoader - Retrieving user entries.
[DEBUG] 2021-04-29 20:40:48.160 [http-nio-8080-exec-10] PropertiesLoader - Retrieving user entries.
[DEBUG] 2021-04-29 20:44:50.719 [http-nio-8080-exec-4] PropertiesLoader - Retrieving user entries.
[DEBUG] 2021-04-30 03:30:04.569 [http-nio-8080-exec-5] PropertiesLoader - Retrieving user entries.
[DEBUG] 2021-04-30 03:30:11.846 [http-nio-8080-exec-6] PropertiesLoader - Retrieving users profile information.
[DEBUG] 2021-04-30 03:30:13.832 [http-nio-8080-exec-8] PropertiesLoader - Retrieving users profile information.
[DEBUG] 2021-04-30 03:42:34.125 [http-nio-8080-exec-4] PropertiesLoader - Retrieving user entries.
[DEBUG] 2021-04-30 03:42:35.966 [http-nio-8080-exec-5] PropertiesLoader - Retrieving user categories.
[DEBUG] 2021-04-30 03:45:56.960 [http-nio-8080-exec-5] PropertiesLoader - Retrieving user entries.
[DEBUG] 2021-04-30 03:45:58.687 [http-nio-8080-exec-6] PropertiesLoader - Retrieving user categories.
[DEBUG] 2021-04-30 03:52:54.096 [http-nio-8080-exec-5] PropertiesLoader - Retrieving user entries.
[DEBUG] 2021-04-30 03:52:55.678 [http-nio-8080-exec-6] PropertiesLoader - Retrieving user categories.
[DEBUG] 2021-04-30 03:56:30.981 [http-nio-8080-exec-4] PropertiesLoader - Retrieving user entries.
[DEBUG] 2021-04-30 03:56:35.387 [http-nio-8080-exec-5] PropertiesLoader - Retrieving user categories.
[DEBUG] 2021-04-30 04:48:28.082 [http-nio-8080-exec-7] PropertiesLoader - Retrieving user entries.
[DEBUG] 2021-04-30 04:48:29.715 [http-nio-8080-exec-8] PropertiesLoader - Retrieving user categories.
[DEBUG] 2021-04-30 05:08:42.587 [http-nio-8080-exec-6] PropertiesLoader - Retrieving user entries.
[DEBUG] 2021-04-30 05:08:49.202 [http-nio-8080-exec-7] PropertiesLoader - Retrieving user categories.
[ERROR] 2021-04-30 05:33:22.845 [main] Database - java.lang.NullPointerException
[ERROR] 2021-04-30 05:34:36.098 [main] Database - java.lang.NullPointerException
[ERROR] 2021-04-30 05:59:22.163 [main] Database - java.lang.NullPointerException
[ERROR] 2021-04-30 06:01:02.896 [main] Database - java.lang.NullPointerException
[ERROR] 2021-04-30 06:01:18.619 [main] Database - java.lang.NullPointerException
[ERROR] 2021-04-30 06:16:50.229 [main] Database - java.lang.NullPointerException
[DEBUG] 2021-04-30 06:17:52.279 [http-nio-8080-exec-6] PropertiesLoader - Retrieving user entries.
[DEBUG] 2021-04-30 06:17:53.650 [http-nio-8080-exec-7] PropertiesLoader - Retrieving user categories.
[DEBUG] 2021-04-30 06:30:17.927 [http-nio-8080-exec-7] PropertiesLoader - Retrieving user entries.
[DEBUG] 2021-04-30 06:30:19.556 [http-nio-8080-exec-9] PropertiesLoader - Retrieving user categories.
[DEBUG] 2021-04-30 06:40:20.576 [http-nio-8080-exec-5] SignUp - User{id=0, username='mikeyjones123', password='yoyojojo123', firstName='Mister', lastName='Tester', birthdate='2021-01-01'} user added.
[DEBUG] 2021-04-30 06:40:24.242 [http-nio-8080-exec-5] SignUp - Unable to add User{id=0, username='mikeyjones123', password='yoyojojo123', firstName='Mister', lastName='Tester', birthdate='2021-01-01'} by username/email.
[DEBUG] 2021-04-30 06:41:45.000 [http-nio-8080-exec-10] SignUp - User{id=0, username='asdf', password='asdf', firstName='asdf', lastName='asdf', birthdate='2021-01-01'} user added.
[DEBUG] 2021-04-30 06:41:45.068 [http-nio-8080-exec-10] SignUp - Unable to add User{id=36, username='asdf', password='asdf', firstName='asdf', lastName='asdf', birthdate='2021-01-01'} by username/email.
[DEBUG] 2021-04-30 06:47:37.242 [http-nio-8080-exec-3] SignUp - User{id=0, username='mikeyjones123', password='yoyojojo123', firstName='Beta', lastName='Tester', birthdate='2021-01-01'} user added.
[DEBUG] 2021-04-30 06:55:23.172 [http-nio-8080-exec-3] SignUp - User{id=0, username='mikeyjones123', password='yoyojojo123', firstName='Mister', lastName='Tester', birthdate='0001-01-01'} user added.
[DEBUG] 2021-04-30 06:55:27.083 [http-nio-8080-exec-3] SignUp - Unable to add User{id=0, username='mikeyjones123', password='yoyojojo123', firstName='Mister', lastName='Tester', birthdate='0001-01-01'} by username/email.
[DEBUG] 2021-04-30 06:56:17.852 [http-nio-8080-exec-8] SignUp - User{id=0, username='33423', password='123', firstName='324', lastName='324', birthdate='0001-01-01'} user added.
[DEBUG] 2021-04-30 06:56:17.884 [http-nio-8080-exec-8] SignUp - Unable to add User{id=0, username='33423', password='123', firstName='324', lastName='324', birthdate='0001-01-01'} by username/email.
[DEBUG] 2021-04-30 07:08:09.827 [http-nio-8080-exec-7] SignUp - Unable to add User{id=0, username='mikeyjones123', password='yoyojojo123', firstName='Lo', lastName='Li', birthdate='0001-01-01'} by username/email.
[DEBUG] 2021-04-30 07:08:35.514 [http-nio-8080-exec-10] SignUp - Unable to add User{id=0, username='123', password='123', firstName='123', lastName='123', birthdate='0001-01-01'} by username/email.
[DEBUG] 2021-04-30 07:09:05.532 [http-nio-8080-exec-4] SignUp - User{id=44, username='shadowman', password='sm', firstName='Shadow', lastName='Man', birthdate='0001-01-01'} user added.
[DEBUG] 2021-04-30 07:09:23.043 [http-nio-8080-exec-7] PropertiesLoader - Retrieving user entries.
[DEBUG] 2021-04-30 07:09:24.411 [http-nio-8080-exec-9] PropertiesLoader - Retrieving users profile information.
[DEBUG] 2021-04-30 07:09:50.923 [http-nio-8080-exec-3] PropertiesLoader - Retrieving user entries.
[DEBUG] 2021-04-30 07:10:00.184 [http-nio-8080-exec-4] PropertiesLoader - Retrieving user entries.
[DEBUG] 2021-04-30 07:10:07.595 [http-nio-8080-exec-5] PropertiesLoader - Retrieving user categories.
