[DEBUG] 2021-03-29 02:49:27.753 [http-nio-8080-exec-4] IntegratorServiceImpl - Adding Integrator [org.hibernate.cfg.beanvalidation.BeanValidationIntegrator].
[DEBUG] 2021-03-29 02:49:27.762 [http-nio-8080-exec-4] IntegratorServiceImpl - Adding Integrator [org.hibernate.secure.spi.JaccIntegrator].
[DEBUG] 2021-03-29 02:49:27.773 [http-nio-8080-exec-4] IntegratorServiceImpl - Adding Integrator [org.hibernate.cache.internal.CollectionCacheInvalidator].
[INFO ] 2021-03-29 02:49:27.902 [http-nio-8080-exec-4] Version - HHH000412: Hibernate Core {5.4.4.Final}
[DEBUG] 2021-03-29 02:49:27.906 [http-nio-8080-exec-4] Environment - HHH000206: hibernate.properties not found
[DEBUG] 2021-03-29 02:49:28.079 [http-nio-8080-exec-4] LocalXmlResourceResolver - Interpreting public/system identifier : [-//Hibernate/Hibernate Configuration DTD//EN] - [http://www.hibernate.org/dtd/hibernate-configuration-3.0.dtd]
[DEBUG] 2021-03-29 02:49:28.079 [http-nio-8080-exec-4] LocalXmlResourceResolver - Recognized hibernate-configuration identifier; attempting to resolve on classpath under org/hibernate/
[DEBUG] 2021-03-29 02:49:28.114 [http-nio-8080-exec-4] JaxbCfgProcessor - cfg.xml document did not define namespaces; wrapping in custom event reader to introduce namespace information
[DEBUG] 2021-03-29 02:49:28.618 [http-nio-8080-exec-4] ServiceBinding - Overriding existing service binding [org.hibernate.secure.spi.JaccService]
[DEBUG] 2021-03-29 02:49:28.660 [http-nio-8080-exec-4] RegionFactoryInitiator - Cannot default RegionFactory based on registered strategies as `[]` RegionFactory strategies were registered
[DEBUG] 2021-03-29 02:49:28.662 [http-nio-8080-exec-4] RegionFactoryInitiator - Cache region factory : org.hibernate.cache.internal.NoCachingRegionFactory
[INFO ] 2021-03-29 02:49:28.712 [http-nio-8080-exec-4] Version - HCANN000001: Hibernate Commons Annotations {5.1.0.Final}
[DEBUG] 2021-03-29 02:49:28.795 [http-nio-8080-exec-4] BasicTypeRegistry - Adding type registration boolean -> org.hibernate.type.BooleanType@639525bc
[DEBUG] 2021-03-29 02:49:28.798 [http-nio-8080-exec-4] BasicTypeRegistry - Adding type registration boolean -> org.hibernate.type.BooleanType@639525bc
[DEBUG] 2021-03-29 02:49:28.798 [http-nio-8080-exec-4] BasicTypeRegistry - Adding type registration java.lang.Boolean -> org.hibernate.type.BooleanType@639525bc
[DEBUG] 2021-03-29 02:49:28.799 [http-nio-8080-exec-4] BasicTypeRegistry - Adding type registration numeric_boolean -> org.hibernate.type.NumericBooleanType@24a0e58f
[DEBUG] 2021-03-29 02:49:28.799 [http-nio-8080-exec-4] BasicTypeRegistry - Adding type registration true_false -> org.hibernate.type.TrueFalseType@36425b75
[DEBUG] 2021-03-29 02:49:28.799 [http-nio-8080-exec-4] BasicTypeRegistry - Adding type registration yes_no -> org.hibernate.type.YesNoType@3727fb22
[DEBUG] 2021-03-29 02:49:28.800 [http-nio-8080-exec-4] BasicTypeRegistry - Adding type registration byte -> org.hibernate.type.ByteType@5f4badd6
[DEBUG] 2021-03-29 02:49:28.800 [http-nio-8080-exec-4] BasicTypeRegistry - Adding type registration byte -> org.hibernate.type.ByteType@5f4badd6
[DEBUG] 2021-03-29 02:49:28.803 [http-nio-8080-exec-4] BasicTypeRegistry - Adding type registration java.lang.Byte -> org.hibernate.type.ByteType@5f4badd6
[DEBUG] 2021-03-29 02:49:28.804 [http-nio-8080-exec-4] BasicTypeRegistry - Adding type registration character -> org.hibernate.type.CharacterType@1066a54a
[DEBUG] 2021-03-29 02:49:28.804 [http-nio-8080-exec-4] BasicTypeRegistry - Adding type registration char -> org.hibernate.type.CharacterType@1066a54a
[DEBUG] 2021-03-29 02:49:28.805 [http-nio-8080-exec-4] BasicTypeRegistry - Adding type registration java.lang.Character -> org.hibernate.type.CharacterType@1066a54a
[DEBUG] 2021-03-29 02:49:28.809 [http-nio-8080-exec-4] BasicTypeRegistry - Adding type registration short -> org.hibernate.type.ShortType@43dbb0a8
[DEBUG] 2021-03-29 02:49:28.810 [http-nio-8080-exec-4] BasicTypeRegistry - Adding type registration short -> org.hibernate.type.ShortType@43dbb0a8
[DEBUG] 2021-03-29 02:49:28.810 [http-nio-8080-exec-4] BasicTypeRegistry - Adding type registration java.lang.Short -> org.hibernate.type.ShortType@43dbb0a8
[DEBUG] 2021-03-29 02:49:28.812 [http-nio-8080-exec-4] BasicTypeRegistry - Adding type registration integer -> org.hibernate.type.IntegerType@cef0cbe
[DEBUG] 2021-03-29 02:49:28.812 [http-nio-8080-exec-4] BasicTypeRegistry - Adding type registration int -> org.hibernate.type.IntegerType@cef0cbe
[DEBUG] 2021-03-29 02:49:28.812 [http-nio-8080-exec-4] BasicTypeRegistry - Adding type registration java.lang.Integer -> org.hibernate.type.IntegerType@cef0cbe
[DEBUG] 2021-03-29 02:49:28.813 [http-nio-8080-exec-4] BasicTypeRegistry - Adding type registration long -> org.hibernate.type.LongType@2963ed4a
[DEBUG] 2021-03-29 02:49:28.814 [http-nio-8080-exec-4] BasicTypeRegistry - Adding type registration long -> org.hibernate.type.LongType@2963ed4a
[DEBUG] 2021-03-29 02:49:28.814 [http-nio-8080-exec-4] BasicTypeRegistry - Adding type registration java.lang.Long -> org.hibernate.type.LongType@2963ed4a
[DEBUG] 2021-03-29 02:49:28.814 [http-nio-8080-exec-4] BasicTypeRegistry - Adding type registration float -> org.hibernate.type.FloatType@2e517a92
[DEBUG] 2021-03-29 02:49:28.814 [http-nio-8080-exec-4] BasicTypeRegistry - Adding type registration float -> org.hibernate.type.FloatType@2e517a92
[DEBUG] 2021-03-29 02:49:28.814 [http-nio-8080-exec-4] BasicTypeRegistry - Adding type registration java.lang.Float -> org.hibernate.type.FloatType@2e517a92
[DEBUG] 2021-03-29 02:49:28.815 [http-nio-8080-exec-4] BasicTypeRegistry - Adding type registration double -> org.hibernate.type.DoubleType@192df39a
[DEBUG] 2021-03-29 02:49:28.815 [http-nio-8080-exec-4] BasicTypeRegistry - Adding type registration double -> org.hibernate.type.DoubleType@192df39a
[DEBUG] 2021-03-29 02:49:28.819 [http-nio-8080-exec-4] BasicTypeRegistry - Adding type registration java.lang.Double -> org.hibernate.type.DoubleType@192df39a
[DEBUG] 2021-03-29 02:49:28.819 [http-nio-8080-exec-4] BasicTypeRegistry - Adding type registration big_decimal -> org.hibernate.type.BigDecimalType@2f017930
[DEBUG] 2021-03-29 02:49:28.819 [http-nio-8080-exec-4] BasicTypeRegistry - Adding type registration java.math.BigDecimal -> org.hibernate.type.BigDecimalType@2f017930
[DEBUG] 2021-03-29 02:49:28.823 [http-nio-8080-exec-4] BasicTypeRegistry - Adding type registration big_integer -> org.hibernate.type.BigIntegerType@676bdb78
[DEBUG] 2021-03-29 02:49:28.823 [http-nio-8080-exec-4] BasicTypeRegistry - Adding type registration java.math.BigInteger -> org.hibernate.type.BigIntegerType@676bdb78
[DEBUG] 2021-03-29 02:49:28.824 [http-nio-8080-exec-4] BasicTypeRegistry - Adding type registration string -> org.hibernate.type.StringType@e2acff4
[DEBUG] 2021-03-29 02:49:28.824 [http-nio-8080-exec-4] BasicTypeRegistry - Adding type registration java.lang.String -> org.hibernate.type.StringType@e2acff4
[DEBUG] 2021-03-29 02:49:28.824 [http-nio-8080-exec-4] BasicTypeRegistry - Adding type registration nstring -> org.hibernate.type.StringNVarcharType@6e9f6ae7
[DEBUG] 2021-03-29 02:49:28.829 [http-nio-8080-exec-4] BasicTypeRegistry - Adding type registration ncharacter -> org.hibernate.type.CharacterNCharType@456cb3d3
[DEBUG] 2021-03-29 02:49:28.829 [http-nio-8080-exec-4] BasicTypeRegistry - Adding type registration url -> org.hibernate.type.UrlType@29a7a57d
[DEBUG] 2021-03-29 02:49:28.829 [http-nio-8080-exec-4] BasicTypeRegistry - Adding type registration java.net.URL -> org.hibernate.type.UrlType@29a7a57d
[DEBUG] 2021-03-29 02:49:28.832 [http-nio-8080-exec-4] BasicTypeRegistry - Adding type registration Duration -> org.hibernate.type.DurationType@464d69c8
[DEBUG] 2021-03-29 02:49:28.834 [http-nio-8080-exec-4] BasicTypeRegistry - Adding type registration java.time.Duration -> org.hibernate.type.DurationType@464d69c8
[DEBUG] 2021-03-29 02:49:28.842 [http-nio-8080-exec-4] BasicTypeRegistry - Adding type registration Instant -> org.hibernate.type.InstantType@16648a81
[DEBUG] 2021-03-29 02:49:28.844 [http-nio-8080-exec-4] BasicTypeRegistry - Adding type registration java.time.Instant -> org.hibernate.type.InstantType@16648a81
[DEBUG] 2021-03-29 02:49:28.845 [http-nio-8080-exec-4] BasicTypeRegistry - Adding type registration LocalDateTime -> org.hibernate.type.LocalDateTimeType@31376a85
[DEBUG] 2021-03-29 02:49:28.846 [http-nio-8080-exec-4] BasicTypeRegistry - Adding type registration java.time.LocalDateTime -> org.hibernate.type.LocalDateTimeType@31376a85
[DEBUG] 2021-03-29 02:49:28.849 [http-nio-8080-exec-4] BasicTypeRegistry - Adding type registration LocalDate -> org.hibernate.type.LocalDateType@2930397f
[DEBUG] 2021-03-29 02:49:28.849 [http-nio-8080-exec-4] BasicTypeRegistry - Adding type registration java.time.LocalDate -> org.hibernate.type.LocalDateType@2930397f
[DEBUG] 2021-03-29 02:49:28.854 [http-nio-8080-exec-4] BasicTypeRegistry - Adding type registration LocalTime -> org.hibernate.type.LocalTimeType@4a7459e5
[DEBUG] 2021-03-29 02:49:28.854 [http-nio-8080-exec-4] BasicTypeRegistry - Adding type registration java.time.LocalTime -> org.hibernate.type.LocalTimeType@4a7459e5
[DEBUG] 2021-03-29 02:49:28.856 [http-nio-8080-exec-4] BasicTypeRegistry - Adding type registration OffsetDateTime -> org.hibernate.type.OffsetDateTimeType@3aadd417
[DEBUG] 2021-03-29 02:49:28.856 [http-nio-8080-exec-4] BasicTypeRegistry - Adding type registration java.time.OffsetDateTime -> org.hibernate.type.OffsetDateTimeType@3aadd417
[DEBUG] 2021-03-29 02:49:28.857 [http-nio-8080-exec-4] BasicTypeRegistry - Adding type registration OffsetTime -> org.hibernate.type.OffsetTimeType@414afdc5
[DEBUG] 2021-03-29 02:49:28.857 [http-nio-8080-exec-4] BasicTypeRegistry - Adding type registration java.time.OffsetTime -> org.hibernate.type.OffsetTimeType@414afdc5
[DEBUG] 2021-03-29 02:49:28.858 [http-nio-8080-exec-4] BasicTypeRegistry - Adding type registration ZonedDateTime -> org.hibernate.type.ZonedDateTimeType@48ddb545
[DEBUG] 2021-03-29 02:49:28.858 [http-nio-8080-exec-4] BasicTypeRegistry - Adding type registration java.time.ZonedDateTime -> org.hibernate.type.ZonedDateTimeType@48ddb545
[DEBUG] 2021-03-29 02:49:28.859 [http-nio-8080-exec-4] BasicTypeRegistry - Adding type registration date -> org.hibernate.type.DateType@4ebf77ab
[DEBUG] 2021-03-29 02:49:28.859 [http-nio-8080-exec-4] BasicTypeRegistry - Adding type registration java.sql.Date -> org.hibernate.type.DateType@4ebf77ab
[DEBUG] 2021-03-29 02:49:28.860 [http-nio-8080-exec-4] BasicTypeRegistry - Adding type registration time -> org.hibernate.type.TimeType@59f79760
[DEBUG] 2021-03-29 02:49:28.860 [http-nio-8080-exec-4] BasicTypeRegistry - Adding type registration java.sql.Time -> org.hibernate.type.TimeType@59f79760
[DEBUG] 2021-03-29 02:49:28.863 [http-nio-8080-exec-4] BasicTypeRegistry - Adding type registration timestamp -> org.hibernate.type.TimestampType@6db2199c
[DEBUG] 2021-03-29 02:49:28.863 [http-nio-8080-exec-4] BasicTypeRegistry - Adding type registration java.sql.Timestamp -> org.hibernate.type.TimestampType@6db2199c
[DEBUG] 2021-03-29 02:49:28.863 [http-nio-8080-exec-4] BasicTypeRegistry - Adding type registration java.util.Date -> org.hibernate.type.TimestampType@6db2199c
[DEBUG] 2021-03-29 02:49:28.864 [http-nio-8080-exec-4] BasicTypeRegistry - Adding type registration dbtimestamp -> org.hibernate.type.DbTimestampType@4a0ac728
[DEBUG] 2021-03-29 02:49:28.865 [http-nio-8080-exec-4] BasicTypeRegistry - Adding type registration calendar -> org.hibernate.type.CalendarType@70603c1c
[DEBUG] 2021-03-29 02:49:28.865 [http-nio-8080-exec-4] BasicTypeRegistry - Adding type registration java.util.Calendar -> org.hibernate.type.CalendarType@70603c1c
[DEBUG] 2021-03-29 02:49:28.866 [http-nio-8080-exec-4] BasicTypeRegistry - Adding type registration java.util.GregorianCalendar -> org.hibernate.type.CalendarType@70603c1c
[DEBUG] 2021-03-29 02:49:28.867 [http-nio-8080-exec-4] BasicTypeRegistry - Adding type registration calendar_date -> org.hibernate.type.CalendarDateType@48d9036a
[DEBUG] 2021-03-29 02:49:28.867 [http-nio-8080-exec-4] BasicTypeRegistry - Adding type registration locale -> org.hibernate.type.LocaleType@7b47cc6d
[DEBUG] 2021-03-29 02:49:28.867 [http-nio-8080-exec-4] BasicTypeRegistry - Adding type registration java.util.Locale -> org.hibernate.type.LocaleType@7b47cc6d
[DEBUG] 2021-03-29 02:49:28.868 [http-nio-8080-exec-4] BasicTypeRegistry - Adding type registration currency -> org.hibernate.type.CurrencyType@10432c49
[DEBUG] 2021-03-29 02:49:28.868 [http-nio-8080-exec-4] BasicTypeRegistry - Adding type registration java.util.Currency -> org.hibernate.type.CurrencyType@10432c49
[DEBUG] 2021-03-29 02:49:28.869 [http-nio-8080-exec-4] BasicTypeRegistry - Adding type registration timezone -> org.hibernate.type.TimeZoneType@1757de56
[DEBUG] 2021-03-29 02:49:28.869 [http-nio-8080-exec-4] BasicTypeRegistry - Adding type registration java.util.TimeZone -> org.hibernate.type.TimeZoneType@1757de56
[DEBUG] 2021-03-29 02:49:28.870 [http-nio-8080-exec-4] BasicTypeRegistry - Adding type registration class -> org.hibernate.type.ClassType@43c4eaf
[DEBUG] 2021-03-29 02:49:28.870 [http-nio-8080-exec-4] BasicTypeRegistry - Adding type registration java.lang.Class -> org.hibernate.type.ClassType@43c4eaf
[DEBUG] 2021-03-29 02:49:28.870 [http-nio-8080-exec-4] BasicTypeRegistry - Adding type registration uuid-binary -> org.hibernate.type.UUIDBinaryType@1d988686
[DEBUG] 2021-03-29 02:49:28.870 [http-nio-8080-exec-4] BasicTypeRegistry - Adding type registration java.util.UUID -> org.hibernate.type.UUIDBinaryType@1d988686
[DEBUG] 2021-03-29 02:49:28.870 [http-nio-8080-exec-4] BasicTypeRegistry - Adding type registration uuid-char -> org.hibernate.type.UUIDCharType@6595ed8f
[DEBUG] 2021-03-29 02:49:28.872 [http-nio-8080-exec-4] BasicTypeRegistry - Adding type registration binary -> org.hibernate.type.BinaryType@3af6312
[DEBUG] 2021-03-29 02:49:28.872 [http-nio-8080-exec-4] BasicTypeRegistry - Adding type registration byte[] -> org.hibernate.type.BinaryType@3af6312
[DEBUG] 2021-03-29 02:49:28.873 [http-nio-8080-exec-4] BasicTypeRegistry - Adding type registration [B -> org.hibernate.type.BinaryType@3af6312
[DEBUG] 2021-03-29 02:49:28.873 [http-nio-8080-exec-4] BasicTypeRegistry - Adding type registration wrapper-binary -> org.hibernate.type.WrapperBinaryType@3f7a303b
[DEBUG] 2021-03-29 02:49:28.874 [http-nio-8080-exec-4] BasicTypeRegistry - Adding type registration Byte[] -> org.hibernate.type.WrapperBinaryType@3f7a303b
[DEBUG] 2021-03-29 02:49:28.874 [http-nio-8080-exec-4] BasicTypeRegistry - Adding type registration [Ljava.lang.Byte; -> org.hibernate.type.WrapperBinaryType@3f7a303b
[DEBUG] 2021-03-29 02:49:28.875 [http-nio-8080-exec-4] BasicTypeRegistry - Adding type registration row_version -> org.hibernate.type.RowVersionType@6b0198a3
[DEBUG] 2021-03-29 02:49:28.875 [http-nio-8080-exec-4] BasicTypeRegistry - Adding type registration image -> org.hibernate.type.ImageType@69c8a91c
[DEBUG] 2021-03-29 02:49:28.876 [http-nio-8080-exec-4] BasicTypeRegistry - Adding type registration characters -> org.hibernate.type.CharArrayType@1c9fbc5b
[DEBUG] 2021-03-29 02:49:28.877 [http-nio-8080-exec-4] BasicTypeRegistry - Adding type registration char[] -> org.hibernate.type.CharArrayType@1c9fbc5b
[DEBUG] 2021-03-29 02:49:28.877 [http-nio-8080-exec-4] BasicTypeRegistry - Adding type registration [C -> org.hibernate.type.CharArrayType@1c9fbc5b
[DEBUG] 2021-03-29 02:49:28.877 [http-nio-8080-exec-4] BasicTypeRegistry - Adding type registration wrapper-characters -> org.hibernate.type.CharacterArrayType@69ee3224
[DEBUG] 2021-03-29 02:49:28.877 [http-nio-8080-exec-4] BasicTypeRegistry - Adding type registration [Ljava.lang.Character; -> org.hibernate.type.CharacterArrayType@69ee3224
[DEBUG] 2021-03-29 02:49:28.877 [http-nio-8080-exec-4] BasicTypeRegistry - Adding type registration Character[] -> org.hibernate.type.CharacterArrayType@69ee3224
[DEBUG] 2021-03-29 02:49:28.878 [http-nio-8080-exec-4] BasicTypeRegistry - Adding type registration text -> org.hibernate.type.TextType@350d9d22
[DEBUG] 2021-03-29 02:49:28.878 [http-nio-8080-exec-4] BasicTypeRegistry - Adding type registration ntext -> org.hibernate.type.NTextType@60ef6127
[DEBUG] 2021-03-29 02:49:28.879 [http-nio-8080-exec-4] BasicTypeRegistry - Adding type registration blob -> org.hibernate.type.BlobType@7de0f0a8
[DEBUG] 2021-03-29 02:49:28.879 [http-nio-8080-exec-4] BasicTypeRegistry - Adding type registration java.sql.Blob -> org.hibernate.type.BlobType@7de0f0a8
[DEBUG] 2021-03-29 02:49:28.879 [http-nio-8080-exec-4] BasicTypeRegistry - Adding type registration materialized_blob -> org.hibernate.type.MaterializedBlobType@34b76865
[DEBUG] 2021-03-29 02:49:28.880 [http-nio-8080-exec-4] BasicTypeRegistry - Adding type registration clob -> org.hibernate.type.ClobType@5accc014
[DEBUG] 2021-03-29 02:49:28.880 [http-nio-8080-exec-4] BasicTypeRegistry - Adding type registration java.sql.Clob -> org.hibernate.type.ClobType@5accc014
[DEBUG] 2021-03-29 02:49:28.881 [http-nio-8080-exec-4] BasicTypeRegistry - Adding type registration nclob -> org.hibernate.type.NClobType@6261eae2
[DEBUG] 2021-03-29 02:49:28.881 [http-nio-8080-exec-4] BasicTypeRegistry - Adding type registration java.sql.NClob -> org.hibernate.type.NClobType@6261eae2
[DEBUG] 2021-03-29 02:49:28.882 [http-nio-8080-exec-4] BasicTypeRegistry - Adding type registration materialized_clob -> org.hibernate.type.MaterializedClobType@16e90ca1
[DEBUG] 2021-03-29 02:49:28.882 [http-nio-8080-exec-4] BasicTypeRegistry - Adding type registration materialized_nclob -> org.hibernate.type.MaterializedNClobType@27384f21
[DEBUG] 2021-03-29 02:49:28.884 [http-nio-8080-exec-4] BasicTypeRegistry - Adding type registration serializable -> org.hibernate.type.SerializableType@2455df84
[DEBUG] 2021-03-29 02:49:28.895 [http-nio-8080-exec-4] BasicTypeRegistry - Adding type registration object -> org.hibernate.type.ObjectType@50e5a4de
[DEBUG] 2021-03-29 02:49:28.896 [http-nio-8080-exec-4] BasicTypeRegistry - Adding type registration java.lang.Object -> org.hibernate.type.ObjectType@50e5a4de
[DEBUG] 2021-03-29 02:49:28.897 [http-nio-8080-exec-4] BasicTypeRegistry - Adding type registration imm_date -> org.hibernate.type.AdaptedImmutableType@f6dacd7
[DEBUG] 2021-03-29 02:49:28.897 [http-nio-8080-exec-4] BasicTypeRegistry - Adding type registration imm_time -> org.hibernate.type.AdaptedImmutableType@326da4e
[DEBUG] 2021-03-29 02:49:28.897 [http-nio-8080-exec-4] BasicTypeRegistry - Adding type registration imm_timestamp -> org.hibernate.type.AdaptedImmutableType@11b0a0c5
[DEBUG] 2021-03-29 02:49:28.897 [http-nio-8080-exec-4] BasicTypeRegistry - Adding type registration imm_dbtimestamp -> org.hibernate.type.AdaptedImmutableType@7a20d4f9
[DEBUG] 2021-03-29 02:49:28.897 [http-nio-8080-exec-4] BasicTypeRegistry - Adding type registration imm_calendar -> org.hibernate.type.AdaptedImmutableType@1849d47e
[DEBUG] 2021-03-29 02:49:28.903 [http-nio-8080-exec-4] BasicTypeRegistry - Adding type registration imm_calendar_date -> org.hibernate.type.AdaptedImmutableType@2d089993
[DEBUG] 2021-03-29 02:49:28.904 [http-nio-8080-exec-4] BasicTypeRegistry - Adding type registration imm_binary -> org.hibernate.type.AdaptedImmutableType@392aa27f
[DEBUG] 2021-03-29 02:49:28.904 [http-nio-8080-exec-4] BasicTypeRegistry - Adding type registration imm_serializable -> org.hibernate.type.AdaptedImmutableType@45512ebf
[DEBUG] 2021-03-29 02:49:28.939 [http-nio-8080-exec-4] DefaultIdentifierGeneratorFactory - Registering IdentifierGenerator strategy [uuid2] -> [org.hibernate.id.UUIDGenerator]
[DEBUG] 2021-03-29 02:49:28.944 [http-nio-8080-exec-4] DefaultIdentifierGeneratorFactory - Registering IdentifierGenerator strategy [guid] -> [org.hibernate.id.GUIDGenerator]
[DEBUG] 2021-03-29 02:49:28.945 [http-nio-8080-exec-4] DefaultIdentifierGeneratorFactory - Registering IdentifierGenerator strategy [uuid] -> [org.hibernate.id.UUIDHexGenerator]
[DEBUG] 2021-03-29 02:49:28.945 [http-nio-8080-exec-4] DefaultIdentifierGeneratorFactory - Registering IdentifierGenerator strategy [uuid.hex] -> [org.hibernate.id.UUIDHexGenerator]
[DEBUG] 2021-03-29 02:49:28.947 [http-nio-8080-exec-4] DefaultIdentifierGeneratorFactory - Registering IdentifierGenerator strategy [assigned] -> [org.hibernate.id.Assigned]
[DEBUG] 2021-03-29 02:49:28.948 [http-nio-8080-exec-4] DefaultIdentifierGeneratorFactory - Registering IdentifierGenerator strategy [identity] -> [org.hibernate.id.IdentityGenerator]
[DEBUG] 2021-03-29 02:49:28.948 [http-nio-8080-exec-4] DefaultIdentifierGeneratorFactory - Registering IdentifierGenerator strategy [select] -> [org.hibernate.id.SelectGenerator]
[DEBUG] 2021-03-29 02:49:28.949 [http-nio-8080-exec-4] DefaultIdentifierGeneratorFactory - Registering IdentifierGenerator strategy [sequence] -> [org.hibernate.id.enhanced.SequenceStyleGenerator]
[DEBUG] 2021-03-29 02:49:28.950 [http-nio-8080-exec-4] DefaultIdentifierGeneratorFactory - Registering IdentifierGenerator strategy [seqhilo] -> [org.hibernate.id.SequenceHiLoGenerator]
[DEBUG] 2021-03-29 02:49:28.950 [http-nio-8080-exec-4] DefaultIdentifierGeneratorFactory - Registering IdentifierGenerator strategy [increment] -> [org.hibernate.id.IncrementGenerator]
[DEBUG] 2021-03-29 02:49:28.951 [http-nio-8080-exec-4] DefaultIdentifierGeneratorFactory - Registering IdentifierGenerator strategy [foreign] -> [org.hibernate.id.ForeignGenerator]
[DEBUG] 2021-03-29 02:49:28.951 [http-nio-8080-exec-4] DefaultIdentifierGeneratorFactory - Registering IdentifierGenerator strategy [sequence-identity] -> [org.hibernate.id.SequenceIdentityGenerator]
[DEBUG] 2021-03-29 02:49:28.951 [http-nio-8080-exec-4] DefaultIdentifierGeneratorFactory - Registering IdentifierGenerator strategy [enhanced-sequence] -> [org.hibernate.id.enhanced.SequenceStyleGenerator]
[DEBUG] 2021-03-29 02:49:28.952 [http-nio-8080-exec-4] DefaultIdentifierGeneratorFactory - Registering IdentifierGenerator strategy [enhanced-table] -> [org.hibernate.id.enhanced.TableGenerator]
[INFO ] 2021-03-29 02:49:28.969 [http-nio-8080-exec-4] C3P0ConnectionProvider - HHH010002: C3P0 using driver: com.mysql.cj.jdbc.Driver at URL: jdbc:mysql://localhost:3306/budget_tracker
[INFO ] 2021-03-29 02:49:28.969 [http-nio-8080-exec-4] C3P0ConnectionProvider - HHH10001001: Connection properties: {password=****, user=root}
[INFO ] 2021-03-29 02:49:28.969 [http-nio-8080-exec-4] C3P0ConnectionProvider - HHH10001003: Autocommit mode: false
[INFO ] 2021-03-29 02:49:29.256 [http-nio-8080-exec-4] C3P0ConnectionProvider - HHH10001007: JDBC isolation level: <unknown>
[WARN ] 2021-03-29 02:50:00.565 [http-nio-8080-exec-4] JdbcEnvironmentInitiator - HHH000342: Could not obtain connection to query metadata : Connections could not be acquired from the underlying database!
