[DEBUG] 2021-02-23 17:27:08.345 [main] IntegratorServiceImpl - Adding Integrator [org.hibernate.cfg.beanvalidation.BeanValidationIntegrator].
[DEBUG] 2021-02-23 17:27:08.348 [main] IntegratorServiceImpl - Adding Integrator [org.hibernate.secure.spi.JaccIntegrator].
[DEBUG] 2021-02-23 17:27:08.354 [main] IntegratorServiceImpl - Adding Integrator [org.hibernate.cache.internal.CollectionCacheInvalidator].
[INFO ] 2021-02-23 17:27:08.504 [main] Version - HHH000412: Hibernate Core {5.4.4.Final}
[DEBUG] 2021-02-23 17:27:08.506 [main] Environment - HHH000206: hibernate.properties not found
[DEBUG] 2021-02-23 17:27:08.804 [main] LocalXmlResourceResolver - Interpreting public/system identifier : [-//Hibernate/Hibernate Configuration DTD//EN] - [http://www.hibernate.org/dtd/hibernate-configuration-3.0.dtd]
[DEBUG] 2021-02-23 17:27:08.809 [main] LocalXmlResourceResolver - Recognized hibernate-configuration identifier; attempting to resolve on classpath under org/hibernate/
[DEBUG] 2021-02-23 17:27:08.828 [main] JaxbCfgProcessor - cfg.xml document did not define namespaces; wrapping in custom event reader to introduce namespace information
[DEBUG] 2021-02-23 17:27:09.356 [main] ServiceBinding - Overriding existing service binding [org.hibernate.secure.spi.JaccService]
[DEBUG] 2021-02-23 17:27:09.402 [main] RegionFactoryInitiator - Cannot default RegionFactory based on registered strategies as `[]` RegionFactory strategies were registered
[DEBUG] 2021-02-23 17:27:09.403 [main] RegionFactoryInitiator - Cache region factory : org.hibernate.cache.internal.NoCachingRegionFactory
[INFO ] 2021-02-23 17:27:09.437 [main] Version - HCANN000001: Hibernate Commons Annotations {5.1.0.Final}
[DEBUG] 2021-02-23 17:27:09.473 [main] BasicTypeRegistry - Adding type registration boolean -> org.hibernate.type.BooleanType@c3fa05a
[DEBUG] 2021-02-23 17:27:09.474 [main] BasicTypeRegistry - Adding type registration boolean -> org.hibernate.type.BooleanType@c3fa05a
[DEBUG] 2021-02-23 17:27:09.474 [main] BasicTypeRegistry - Adding type registration java.lang.Boolean -> org.hibernate.type.BooleanType@c3fa05a
[DEBUG] 2021-02-23 17:27:09.474 [main] BasicTypeRegistry - Adding type registration numeric_boolean -> org.hibernate.type.NumericBooleanType@4905c46b
[DEBUG] 2021-02-23 17:27:09.475 [main] BasicTypeRegistry - Adding type registration true_false -> org.hibernate.type.TrueFalseType@2b87581
[DEBUG] 2021-02-23 17:27:09.475 [main] BasicTypeRegistry - Adding type registration yes_no -> org.hibernate.type.YesNoType@286b39c2
[DEBUG] 2021-02-23 17:27:09.475 [main] BasicTypeRegistry - Adding type registration byte -> org.hibernate.type.ByteType@2c779e5
[DEBUG] 2021-02-23 17:27:09.475 [main] BasicTypeRegistry - Adding type registration byte -> org.hibernate.type.ByteType@2c779e5
[DEBUG] 2021-02-23 17:27:09.478 [main] BasicTypeRegistry - Adding type registration java.lang.Byte -> org.hibernate.type.ByteType@2c779e5
[DEBUG] 2021-02-23 17:27:09.479 [main] BasicTypeRegistry - Adding type registration character -> org.hibernate.type.CharacterType@5328a9c1
[DEBUG] 2021-02-23 17:27:09.479 [main] BasicTypeRegistry - Adding type registration char -> org.hibernate.type.CharacterType@5328a9c1
[DEBUG] 2021-02-23 17:27:09.479 [main] BasicTypeRegistry - Adding type registration java.lang.Character -> org.hibernate.type.CharacterType@5328a9c1
[DEBUG] 2021-02-23 17:27:09.480 [main] BasicTypeRegistry - Adding type registration short -> org.hibernate.type.ShortType@16fe9c29
[DEBUG] 2021-02-23 17:27:09.480 [main] BasicTypeRegistry - Adding type registration short -> org.hibernate.type.ShortType@16fe9c29
[DEBUG] 2021-02-23 17:27:09.480 [main] BasicTypeRegistry - Adding type registration java.lang.Short -> org.hibernate.type.ShortType@16fe9c29
[DEBUG] 2021-02-23 17:27:09.480 [main] BasicTypeRegistry - Adding type registration integer -> org.hibernate.type.IntegerType@4d4960c8
[DEBUG] 2021-02-23 17:27:09.480 [main] BasicTypeRegistry - Adding type registration int -> org.hibernate.type.IntegerType@4d4960c8
[DEBUG] 2021-02-23 17:27:09.480 [main] BasicTypeRegistry - Adding type registration java.lang.Integer -> org.hibernate.type.IntegerType@4d4960c8
[DEBUG] 2021-02-23 17:27:09.482 [main] BasicTypeRegistry - Adding type registration long -> org.hibernate.type.LongType@6ce90bc5
[DEBUG] 2021-02-23 17:27:09.483 [main] BasicTypeRegistry - Adding type registration long -> org.hibernate.type.LongType@6ce90bc5
[DEBUG] 2021-02-23 17:27:09.483 [main] BasicTypeRegistry - Adding type registration java.lang.Long -> org.hibernate.type.LongType@6ce90bc5
[DEBUG] 2021-02-23 17:27:09.483 [main] BasicTypeRegistry - Adding type registration float -> org.hibernate.type.FloatType@27f1bbe0
[DEBUG] 2021-02-23 17:27:09.483 [main] BasicTypeRegistry - Adding type registration float -> org.hibernate.type.FloatType@27f1bbe0
[DEBUG] 2021-02-23 17:27:09.484 [main] BasicTypeRegistry - Adding type registration java.lang.Float -> org.hibernate.type.FloatType@27f1bbe0
[DEBUG] 2021-02-23 17:27:09.484 [main] BasicTypeRegistry - Adding type registration double -> org.hibernate.type.DoubleType@7c28c1
[DEBUG] 2021-02-23 17:27:09.484 [main] BasicTypeRegistry - Adding type registration double -> org.hibernate.type.DoubleType@7c28c1
[DEBUG] 2021-02-23 17:27:09.485 [main] BasicTypeRegistry - Adding type registration java.lang.Double -> org.hibernate.type.DoubleType@7c28c1
[DEBUG] 2021-02-23 17:27:09.485 [main] BasicTypeRegistry - Adding type registration big_decimal -> org.hibernate.type.BigDecimalType@5b3f3ba0
[DEBUG] 2021-02-23 17:27:09.486 [main] BasicTypeRegistry - Adding type registration java.math.BigDecimal -> org.hibernate.type.BigDecimalType@5b3f3ba0
[DEBUG] 2021-02-23 17:27:09.486 [main] BasicTypeRegistry - Adding type registration big_integer -> org.hibernate.type.BigIntegerType@5eeedb60
[DEBUG] 2021-02-23 17:27:09.488 [main] BasicTypeRegistry - Adding type registration java.math.BigInteger -> org.hibernate.type.BigIntegerType@5eeedb60
[DEBUG] 2021-02-23 17:27:09.488 [main] BasicTypeRegistry - Adding type registration string -> org.hibernate.type.StringType@2b9b7f1f
[DEBUG] 2021-02-23 17:27:09.488 [main] BasicTypeRegistry - Adding type registration java.lang.String -> org.hibernate.type.StringType@2b9b7f1f
[DEBUG] 2021-02-23 17:27:09.489 [main] BasicTypeRegistry - Adding type registration nstring -> org.hibernate.type.StringNVarcharType@19593091
[DEBUG] 2021-02-23 17:27:09.489 [main] BasicTypeRegistry - Adding type registration ncharacter -> org.hibernate.type.CharacterNCharType@5e742e4
[DEBUG] 2021-02-23 17:27:09.489 [main] BasicTypeRegistry - Adding type registration url -> org.hibernate.type.UrlType@1dab9dd6
[DEBUG] 2021-02-23 17:27:09.489 [main] BasicTypeRegistry - Adding type registration java.net.URL -> org.hibernate.type.UrlType@1dab9dd6
[DEBUG] 2021-02-23 17:27:09.490 [main] BasicTypeRegistry - Adding type registration Duration -> org.hibernate.type.DurationType@2f879bab
[DEBUG] 2021-02-23 17:27:09.490 [main] BasicTypeRegistry - Adding type registration java.time.Duration -> org.hibernate.type.DurationType@2f879bab
[DEBUG] 2021-02-23 17:27:09.492 [main] BasicTypeRegistry - Adding type registration Instant -> org.hibernate.type.InstantType@37a64f9d
[DEBUG] 2021-02-23 17:27:09.492 [main] BasicTypeRegistry - Adding type registration java.time.Instant -> org.hibernate.type.InstantType@37a64f9d
[DEBUG] 2021-02-23 17:27:09.493 [main] BasicTypeRegistry - Adding type registration LocalDateTime -> org.hibernate.type.LocalDateTimeType@21f9277b
[DEBUG] 2021-02-23 17:27:09.493 [main] BasicTypeRegistry - Adding type registration java.time.LocalDateTime -> org.hibernate.type.LocalDateTimeType@21f9277b
[DEBUG] 2021-02-23 17:27:09.499 [main] BasicTypeRegistry - Adding type registration LocalDate -> org.hibernate.type.LocalDateType@1d782abe
[DEBUG] 2021-02-23 17:27:09.499 [main] BasicTypeRegistry - Adding type registration java.time.LocalDate -> org.hibernate.type.LocalDateType@1d782abe
[DEBUG] 2021-02-23 17:27:09.500 [main] BasicTypeRegistry - Adding type registration LocalTime -> org.hibernate.type.LocalTimeType@66bfd864
[DEBUG] 2021-02-23 17:27:09.500 [main] BasicTypeRegistry - Adding type registration java.time.LocalTime -> org.hibernate.type.LocalTimeType@66bfd864
[DEBUG] 2021-02-23 17:27:09.501 [main] BasicTypeRegistry - Adding type registration OffsetDateTime -> org.hibernate.type.OffsetDateTimeType@5486887b
[DEBUG] 2021-02-23 17:27:09.501 [main] BasicTypeRegistry - Adding type registration java.time.OffsetDateTime -> org.hibernate.type.OffsetDateTimeType@5486887b
[DEBUG] 2021-02-23 17:27:09.502 [main] BasicTypeRegistry - Adding type registration OffsetTime -> org.hibernate.type.OffsetTimeType@4d33940d
[DEBUG] 2021-02-23 17:27:09.502 [main] BasicTypeRegistry - Adding type registration java.time.OffsetTime -> org.hibernate.type.OffsetTimeType@4d33940d
[DEBUG] 2021-02-23 17:27:09.503 [main] BasicTypeRegistry - Adding type registration ZonedDateTime -> org.hibernate.type.ZonedDateTimeType@7051777c
[DEBUG] 2021-02-23 17:27:09.503 [main] BasicTypeRegistry - Adding type registration java.time.ZonedDateTime -> org.hibernate.type.ZonedDateTimeType@7051777c
[DEBUG] 2021-02-23 17:27:09.504 [main] BasicTypeRegistry - Adding type registration date -> org.hibernate.type.DateType@71178a52
[DEBUG] 2021-02-23 17:27:09.504 [main] BasicTypeRegistry - Adding type registration java.sql.Date -> org.hibernate.type.DateType@71178a52
[DEBUG] 2021-02-23 17:27:09.504 [main] BasicTypeRegistry - Adding type registration time -> org.hibernate.type.TimeType@29be7749
[DEBUG] 2021-02-23 17:27:09.505 [main] BasicTypeRegistry - Adding type registration java.sql.Time -> org.hibernate.type.TimeType@29be7749
[DEBUG] 2021-02-23 17:27:09.505 [main] BasicTypeRegistry - Adding type registration timestamp -> org.hibernate.type.TimestampType@78411116
[DEBUG] 2021-02-23 17:27:09.505 [main] BasicTypeRegistry - Adding type registration java.sql.Timestamp -> org.hibernate.type.TimestampType@78411116
[DEBUG] 2021-02-23 17:27:09.505 [main] BasicTypeRegistry - Adding type registration java.util.Date -> org.hibernate.type.TimestampType@78411116
[DEBUG] 2021-02-23 17:27:09.506 [main] BasicTypeRegistry - Adding type registration dbtimestamp -> org.hibernate.type.DbTimestampType@1e63d216
[DEBUG] 2021-02-23 17:27:09.506 [main] BasicTypeRegistry - Adding type registration calendar -> org.hibernate.type.CalendarType@35f8a9d3
[DEBUG] 2021-02-23 17:27:09.507 [main] BasicTypeRegistry - Adding type registration java.util.Calendar -> org.hibernate.type.CalendarType@35f8a9d3
[DEBUG] 2021-02-23 17:27:09.507 [main] BasicTypeRegistry - Adding type registration java.util.GregorianCalendar -> org.hibernate.type.CalendarType@35f8a9d3
[DEBUG] 2021-02-23 17:27:09.507 [main] BasicTypeRegistry - Adding type registration calendar_date -> org.hibernate.type.CalendarDateType@a50ae65
[DEBUG] 2021-02-23 17:27:09.508 [main] BasicTypeRegistry - Adding type registration locale -> org.hibernate.type.LocaleType@1473b8c0
[DEBUG] 2021-02-23 17:27:09.508 [main] BasicTypeRegistry - Adding type registration java.util.Locale -> org.hibernate.type.LocaleType@1473b8c0
[DEBUG] 2021-02-23 17:27:09.511 [main] BasicTypeRegistry - Adding type registration currency -> org.hibernate.type.CurrencyType@33abde31
[DEBUG] 2021-02-23 17:27:09.511 [main] BasicTypeRegistry - Adding type registration java.util.Currency -> org.hibernate.type.CurrencyType@33abde31
[DEBUG] 2021-02-23 17:27:09.512 [main] BasicTypeRegistry - Adding type registration timezone -> org.hibernate.type.TimeZoneType@b558294
[DEBUG] 2021-02-23 17:27:09.512 [main] BasicTypeRegistry - Adding type registration java.util.TimeZone -> org.hibernate.type.TimeZoneType@b558294
[DEBUG] 2021-02-23 17:27:09.512 [main] BasicTypeRegistry - Adding type registration class -> org.hibernate.type.ClassType@3bcd426c
[DEBUG] 2021-02-23 17:27:09.512 [main] BasicTypeRegistry - Adding type registration java.lang.Class -> org.hibernate.type.ClassType@3bcd426c
[DEBUG] 2021-02-23 17:27:09.513 [main] BasicTypeRegistry - Adding type registration uuid-binary -> org.hibernate.type.UUIDBinaryType@160396db
[DEBUG] 2021-02-23 17:27:09.513 [main] BasicTypeRegistry - Adding type registration java.util.UUID -> org.hibernate.type.UUIDBinaryType@160396db
[DEBUG] 2021-02-23 17:27:09.513 [main] BasicTypeRegistry - Adding type registration uuid-char -> org.hibernate.type.UUIDCharType@65cc8228
[DEBUG] 2021-02-23 17:27:09.514 [main] BasicTypeRegistry - Adding type registration binary -> org.hibernate.type.BinaryType@368d5c00
[DEBUG] 2021-02-23 17:27:09.514 [main] BasicTypeRegistry - Adding type registration byte[] -> org.hibernate.type.BinaryType@368d5c00
[DEBUG] 2021-02-23 17:27:09.514 [main] BasicTypeRegistry - Adding type registration [B -> org.hibernate.type.BinaryType@368d5c00
[DEBUG] 2021-02-23 17:27:09.515 [main] BasicTypeRegistry - Adding type registration wrapper-binary -> org.hibernate.type.WrapperBinaryType@43826ec
[DEBUG] 2021-02-23 17:27:09.515 [main] BasicTypeRegistry - Adding type registration Byte[] -> org.hibernate.type.WrapperBinaryType@43826ec
[DEBUG] 2021-02-23 17:27:09.515 [main] BasicTypeRegistry - Adding type registration [Ljava.lang.Byte; -> org.hibernate.type.WrapperBinaryType@43826ec
[DEBUG] 2021-02-23 17:27:09.515 [main] BasicTypeRegistry - Adding type registration row_version -> org.hibernate.type.RowVersionType@11a7ba62
[DEBUG] 2021-02-23 17:27:09.516 [main] BasicTypeRegistry - Adding type registration image -> org.hibernate.type.ImageType@4c0884e8
[DEBUG] 2021-02-23 17:27:09.516 [main] BasicTypeRegistry - Adding type registration characters -> org.hibernate.type.CharArrayType@7cedfa63
[DEBUG] 2021-02-23 17:27:09.516 [main] BasicTypeRegistry - Adding type registration char[] -> org.hibernate.type.CharArrayType@7cedfa63
[DEBUG] 2021-02-23 17:27:09.516 [main] BasicTypeRegistry - Adding type registration [C -> org.hibernate.type.CharArrayType@7cedfa63
[DEBUG] 2021-02-23 17:27:09.517 [main] BasicTypeRegistry - Adding type registration wrapper-characters -> org.hibernate.type.CharacterArrayType@4443ef6f
[DEBUG] 2021-02-23 17:27:09.517 [main] BasicTypeRegistry - Adding type registration [Ljava.lang.Character; -> org.hibernate.type.CharacterArrayType@4443ef6f
[DEBUG] 2021-02-23 17:27:09.517 [main] BasicTypeRegistry - Adding type registration Character[] -> org.hibernate.type.CharacterArrayType@4443ef6f
[DEBUG] 2021-02-23 17:27:09.517 [main] BasicTypeRegistry - Adding type registration text -> org.hibernate.type.TextType@7068f7ca
[DEBUG] 2021-02-23 17:27:09.517 [main] BasicTypeRegistry - Adding type registration ntext -> org.hibernate.type.NTextType@75b3673
[DEBUG] 2021-02-23 17:27:09.518 [main] BasicTypeRegistry - Adding type registration blob -> org.hibernate.type.BlobType@a7f0ab6
[DEBUG] 2021-02-23 17:27:09.518 [main] BasicTypeRegistry - Adding type registration java.sql.Blob -> org.hibernate.type.BlobType@a7f0ab6
[DEBUG] 2021-02-23 17:27:09.518 [main] BasicTypeRegistry - Adding type registration materialized_blob -> org.hibernate.type.MaterializedBlobType@425d5d46
[DEBUG] 2021-02-23 17:27:09.519 [main] BasicTypeRegistry - Adding type registration clob -> org.hibernate.type.ClobType@76954a33
[DEBUG] 2021-02-23 17:27:09.520 [main] BasicTypeRegistry - Adding type registration java.sql.Clob -> org.hibernate.type.ClobType@76954a33
[DEBUG] 2021-02-23 17:27:09.520 [main] BasicTypeRegistry - Adding type registration nclob -> org.hibernate.type.NClobType@44c5a16f
[DEBUG] 2021-02-23 17:27:09.520 [main] BasicTypeRegistry - Adding type registration java.sql.NClob -> org.hibernate.type.NClobType@44c5a16f
[DEBUG] 2021-02-23 17:27:09.522 [main] BasicTypeRegistry - Adding type registration materialized_clob -> org.hibernate.type.MaterializedClobType@489543a6
[DEBUG] 2021-02-23 17:27:09.523 [main] BasicTypeRegistry - Adding type registration materialized_nclob -> org.hibernate.type.MaterializedNClobType@3c89bb12
[DEBUG] 2021-02-23 17:27:09.526 [main] BasicTypeRegistry - Adding type registration serializable -> org.hibernate.type.SerializableType@47f08b81
[DEBUG] 2021-02-23 17:27:09.548 [main] BasicTypeRegistry - Adding type registration object -> org.hibernate.type.ObjectType@6f952d6c
[DEBUG] 2021-02-23 17:27:09.549 [main] BasicTypeRegistry - Adding type registration java.lang.Object -> org.hibernate.type.ObjectType@6f952d6c
[DEBUG] 2021-02-23 17:27:09.549 [main] BasicTypeRegistry - Adding type registration imm_date -> org.hibernate.type.AdaptedImmutableType@4c98a6d5
[DEBUG] 2021-02-23 17:27:09.549 [main] BasicTypeRegistry - Adding type registration imm_time -> org.hibernate.type.AdaptedImmutableType@392a04e7
[DEBUG] 2021-02-23 17:27:09.549 [main] BasicTypeRegistry - Adding type registration imm_timestamp -> org.hibernate.type.AdaptedImmutableType@7f02251
[DEBUG] 2021-02-23 17:27:09.549 [main] BasicTypeRegistry - Adding type registration imm_dbtimestamp -> org.hibernate.type.AdaptedImmutableType@dffa30b
[DEBUG] 2021-02-23 17:27:09.549 [main] BasicTypeRegistry - Adding type registration imm_calendar -> org.hibernate.type.AdaptedImmutableType@4d8126f
[DEBUG] 2021-02-23 17:27:09.549 [main] BasicTypeRegistry - Adding type registration imm_calendar_date -> org.hibernate.type.AdaptedImmutableType@6d3c232f
[DEBUG] 2021-02-23 17:27:09.549 [main] BasicTypeRegistry - Adding type registration imm_binary -> org.hibernate.type.AdaptedImmutableType@6b587673
[DEBUG] 2021-02-23 17:27:09.549 [main] BasicTypeRegistry - Adding type registration imm_serializable -> org.hibernate.type.AdaptedImmutableType@1bcf67e8
[DEBUG] 2021-02-23 17:27:09.584 [main] DefaultIdentifierGeneratorFactory - Registering IdentifierGenerator strategy [uuid2] -> [org.hibernate.id.UUIDGenerator]
[DEBUG] 2021-02-23 17:27:09.584 [main] DefaultIdentifierGeneratorFactory - Registering IdentifierGenerator strategy [guid] -> [org.hibernate.id.GUIDGenerator]
[DEBUG] 2021-02-23 17:27:09.585 [main] DefaultIdentifierGeneratorFactory - Registering IdentifierGenerator strategy [uuid] -> [org.hibernate.id.UUIDHexGenerator]
[DEBUG] 2021-02-23 17:27:09.586 [main] DefaultIdentifierGeneratorFactory - Registering IdentifierGenerator strategy [uuid.hex] -> [org.hibernate.id.UUIDHexGenerator]
[DEBUG] 2021-02-23 17:27:09.586 [main] DefaultIdentifierGeneratorFactory - Registering IdentifierGenerator strategy [assigned] -> [org.hibernate.id.Assigned]
[DEBUG] 2021-02-23 17:27:09.586 [main] DefaultIdentifierGeneratorFactory - Registering IdentifierGenerator strategy [identity] -> [org.hibernate.id.IdentityGenerator]
[DEBUG] 2021-02-23 17:27:09.587 [main] DefaultIdentifierGeneratorFactory - Registering IdentifierGenerator strategy [select] -> [org.hibernate.id.SelectGenerator]
[DEBUG] 2021-02-23 17:27:09.587 [main] DefaultIdentifierGeneratorFactory - Registering IdentifierGenerator strategy [sequence] -> [org.hibernate.id.enhanced.SequenceStyleGenerator]
[DEBUG] 2021-02-23 17:27:09.587 [main] DefaultIdentifierGeneratorFactory - Registering IdentifierGenerator strategy [seqhilo] -> [org.hibernate.id.SequenceHiLoGenerator]
[DEBUG] 2021-02-23 17:27:09.588 [main] DefaultIdentifierGeneratorFactory - Registering IdentifierGenerator strategy [increment] -> [org.hibernate.id.IncrementGenerator]
[DEBUG] 2021-02-23 17:27:09.590 [main] DefaultIdentifierGeneratorFactory - Registering IdentifierGenerator strategy [foreign] -> [org.hibernate.id.ForeignGenerator]
[DEBUG] 2021-02-23 17:27:09.590 [main] DefaultIdentifierGeneratorFactory - Registering IdentifierGenerator strategy [sequence-identity] -> [org.hibernate.id.SequenceIdentityGenerator]
[DEBUG] 2021-02-23 17:27:09.590 [main] DefaultIdentifierGeneratorFactory - Registering IdentifierGenerator strategy [enhanced-sequence] -> [org.hibernate.id.enhanced.SequenceStyleGenerator]
[DEBUG] 2021-02-23 17:27:09.591 [main] DefaultIdentifierGeneratorFactory - Registering IdentifierGenerator strategy [enhanced-table] -> [org.hibernate.id.enhanced.TableGenerator]
[INFO ] 2021-02-23 17:27:09.594 [main] C3P0ConnectionProvider - HHH010002: C3P0 using driver: com.mysql.cj.jdbc.Driver at URL: jdbc:mysql://localhost:3306/budget_tracker
[INFO ] 2021-02-23 17:27:09.594 [main] C3P0ConnectionProvider - HHH10001001: Connection properties: {password=****, user=root}
[INFO ] 2021-02-23 17:27:09.594 [main] C3P0ConnectionProvider - HHH10001003: Autocommit mode: false
[INFO ] 2021-02-23 17:27:09.733 [main] C3P0ConnectionProvider - HHH10001007: JDBC isolation level: <unknown>
[DEBUG] 2021-02-23 17:27:10.265 [main] JdbcEnvironmentInitiator - Database ->
       name : MySQL
    version : 8.0.22
      major : 8
      minor : 0
[DEBUG] 2021-02-23 17:27:10.273 [main] JdbcEnvironmentInitiator - Driver ->
       name : MySQL Connector/J
    version : mysql-connector-java-8.0.16 (Revision: 34cbc6bc61f72836e26327537a432d6db7c77de6)
      major : 8
      minor : 0
[DEBUG] 2021-02-23 17:27:10.273 [main] JdbcEnvironmentInitiator - JDBC version : 4.2
[INFO ] 2021-02-23 17:27:10.317 [main] Dialect - HHH000400: Using dialect: org.hibernate.dialect.MySQL8Dialect
[DEBUG] 2021-02-23 17:27:10.335 [main] IdentifierHelperBuilder - JDBC driver metadata reported database stores quoted identifiers in more than one case
[DEBUG] 2021-02-23 17:27:10.361 [main] IdentifierHelperBuilder - IdentifierCaseStrategy for both quoted and unquoted identifiers was set to the same strategy [MIXED]; that will likely lead to problems in schema update and validation if using quoted identifiers
[DEBUG] 2021-02-23 17:27:10.418 [main] Namespace - Created database namespace [logicalName=Name{catalog=null, schema=null}, physicalName=Name{catalog=null, schema=null}]
[DEBUG] 2021-02-23 17:27:10.423 [main] TypeConfiguration$Scope - Scoping TypeConfiguration [org.hibernate.type.spi.TypeConfiguration@7be71476] to MetadataBuildingContext [org.hibernate.boot.internal.MetadataBuildingContextRootImpl@5cb5bb88]
[DEBUG] 2021-02-23 17:27:10.486 [main] AnnotationBinder - Binding entity from annotated class: edu.matc.entity.Category
[DEBUG] 2021-02-23 17:27:10.499 [main] Ejb3Column - Binding column: Ejb3DiscriminatorColumn{logicalColumnName'DTYPE', discriminatorTypeName='string'}
[DEBUG] 2021-02-23 17:27:10.504 [main] EntityBinder - Import with entity name Category
[DEBUG] 2021-02-23 17:27:10.505 [main] EntityBinder - Bind entity edu.matc.entity.Category on table category
[DEBUG] 2021-02-23 17:27:10.523 [main] Ejb3Column - Binding column: Ejb3Column{table=org.hibernate.mapping.Table(category), mappingColumn=id, insertable=true, updatable=true, unique=false}
[DEBUG] 2021-02-23 17:27:10.524 [main] PropertyBinder - MetadataSourceProcessor property id with lazy=false
[DEBUG] 2021-02-23 17:27:10.525 [main] AbstractPropertyHolder - Attempting to locate auto-apply AttributeConverter for property [edu.matc.entity.Category:id]
[DEBUG] 2021-02-23 17:27:10.526 [main] SimpleValueBinder - building SimpleValue for id
[DEBUG] 2021-02-23 17:27:10.527 [main] PropertyBinder - Building property id
[DEBUG] 2021-02-23 17:27:10.529 [main] BinderHelper - #makeIdGenerator(org.hibernate.mapping.SimpleValue([org.hibernate.mapping.Column(id)]), id, org.hibernate.id.enhanced.SequenceStyleGenerator, native, ...)
[DEBUG] 2021-02-23 17:27:10.529 [main] Ejb3Column - Binding column: Ejb3Column{table=org.hibernate.mapping.Table(category), mappingColumn=category_description, insertable=true, updatable=true, unique=false}
[DEBUG] 2021-02-23 17:27:10.530 [main] PropertyBinder - MetadataSourceProcessor property categoryDescription with lazy=false
[DEBUG] 2021-02-23 17:27:10.530 [main] AbstractPropertyHolder - Attempting to locate auto-apply AttributeConverter for property [edu.matc.entity.Category:categoryDescription]
[DEBUG] 2021-02-23 17:27:10.530 [main] SimpleValueBinder - building SimpleValue for categoryDescription
[DEBUG] 2021-02-23 17:27:10.530 [main] PropertyBinder - Building property categoryDescription
[DEBUG] 2021-02-23 17:27:10.533 [main] Ejb3Column - Binding column: Ejb3Column{table=org.hibernate.mapping.Table(category), mappingColumn=category_name, insertable=true, updatable=true, unique=false}
[DEBUG] 2021-02-23 17:27:10.533 [main] PropertyBinder - MetadataSourceProcessor property categoryName with lazy=false
[DEBUG] 2021-02-23 17:27:10.533 [main] AbstractPropertyHolder - Attempting to locate auto-apply AttributeConverter for property [edu.matc.entity.Category:categoryName]
[DEBUG] 2021-02-23 17:27:10.533 [main] SimpleValueBinder - building SimpleValue for categoryName
[DEBUG] 2021-02-23 17:27:10.533 [main] PropertyBinder - Building property categoryName
[DEBUG] 2021-02-23 17:27:10.534 [main] Ejb3Column - Binding column: Ejb3Column{table=org.hibernate.mapping.Table(category), mappingColumn=color, insertable=true, updatable=true, unique=false}
[DEBUG] 2021-02-23 17:27:10.534 [main] PropertyBinder - MetadataSourceProcessor property color with lazy=false
[DEBUG] 2021-02-23 17:27:10.535 [main] AbstractPropertyHolder - Attempting to locate auto-apply AttributeConverter for property [edu.matc.entity.Category:color]
[DEBUG] 2021-02-23 17:27:10.535 [main] SimpleValueBinder - building SimpleValue for color
[DEBUG] 2021-02-23 17:27:10.535 [main] PropertyBinder - Building property color
[DEBUG] 2021-02-23 17:27:10.536 [main] AnnotationBinder - Binding entity from annotated class: edu.matc.entity.Entry
[DEBUG] 2021-02-23 17:27:10.536 [main] Ejb3Column - Binding column: Ejb3DiscriminatorColumn{logicalColumnName'DTYPE', discriminatorTypeName='string'}
[DEBUG] 2021-02-23 17:27:10.536 [main] EntityBinder - Import with entity name Entry
[DEBUG] 2021-02-23 17:27:10.536 [main] EntityBinder - Bind entity edu.matc.entity.Entry on table entry
[DEBUG] 2021-02-23 17:27:10.541 [main] Ejb3Column - Binding column: Ejb3Column{table=org.hibernate.mapping.Table(entry), mappingColumn=id, insertable=true, updatable=true, unique=false}
[DEBUG] 2021-02-23 17:27:10.541 [main] PropertyBinder - MetadataSourceProcessor property id with lazy=false
[DEBUG] 2021-02-23 17:27:10.541 [main] AbstractPropertyHolder - Attempting to locate auto-apply AttributeConverter for property [edu.matc.entity.Entry:id]
[DEBUG] 2021-02-23 17:27:10.542 [main] SimpleValueBinder - building SimpleValue for id
[DEBUG] 2021-02-23 17:27:10.542 [main] PropertyBinder - Building property id
[DEBUG] 2021-02-23 17:27:10.543 [main] BinderHelper - #makeIdGenerator(org.hibernate.mapping.SimpleValue([org.hibernate.mapping.Column(id)]), id, org.hibernate.id.enhanced.SequenceStyleGenerator, native, ...)
[DEBUG] 2021-02-23 17:27:10.543 [main] Ejb3Column - Binding column: Ejb3JoinColumn{logicalColumnName='category_id', referencedColumn='id', mappedBy=''}
[DEBUG] 2021-02-23 17:27:10.544 [main] Ejb3Column - Binding column: Ejb3Column{table=org.hibernate.mapping.Table(entry), mappingColumn=categoryId, insertable=true, updatable=true, unique=false}
[DEBUG] 2021-02-23 17:27:10.547 [main] PropertyBinder - Building property categoryId
[DEBUG] 2021-02-23 17:27:10.549 [main] Ejb3Column - Binding column: Ejb3Column{table=org.hibernate.mapping.Table(entry), mappingColumn=date, insertable=true, updatable=true, unique=false}
[DEBUG] 2021-02-23 17:27:10.549 [main] PropertyBinder - MetadataSourceProcessor property date with lazy=false
[DEBUG] 2021-02-23 17:27:10.553 [main] AbstractPropertyHolder - Attempting to locate auto-apply AttributeConverter for property [edu.matc.entity.Entry:date]
[DEBUG] 2021-02-23 17:27:10.553 [main] SimpleValueBinder - building SimpleValue for date
[DEBUG] 2021-02-23 17:27:10.553 [main] PropertyBinder - Building property date
[DEBUG] 2021-02-23 17:27:10.553 [main] Ejb3Column - Binding column: Ejb3Column{table=org.hibernate.mapping.Table(entry), mappingColumn=entry_name, insertable=true, updatable=true, unique=false}
[DEBUG] 2021-02-23 17:27:10.553 [main] PropertyBinder - MetadataSourceProcessor property entryName with lazy=false
[DEBUG] 2021-02-23 17:27:10.553 [main] AbstractPropertyHolder - Attempting to locate auto-apply AttributeConverter for property [edu.matc.entity.Entry:entryName]
[DEBUG] 2021-02-23 17:27:10.554 [main] SimpleValueBinder - building SimpleValue for entryName
[DEBUG] 2021-02-23 17:27:10.554 [main] PropertyBinder - Building property entryName
[DEBUG] 2021-02-23 17:27:10.554 [main] Ejb3Column - Binding column: Ejb3Column{table=org.hibernate.mapping.Table(entry), mappingColumn=entry_type, insertable=true, updatable=true, unique=false}
[DEBUG] 2021-02-23 17:27:10.555 [main] PropertyBinder - MetadataSourceProcessor property entryType with lazy=false
[DEBUG] 2021-02-23 17:27:10.555 [main] AbstractPropertyHolder - Attempting to locate auto-apply AttributeConverter for property [edu.matc.entity.Entry:entryType]
[DEBUG] 2021-02-23 17:27:10.555 [main] SimpleValueBinder - building SimpleValue for entryType
[DEBUG] 2021-02-23 17:27:10.555 [main] PropertyBinder - Building property entryType
[DEBUG] 2021-02-23 17:27:10.555 [main] Ejb3Column - Binding column: Ejb3JoinColumn{logicalColumnName='user_id', referencedColumn='id', mappedBy=''}
[DEBUG] 2021-02-23 17:27:10.555 [main] Ejb3Column - Binding column: Ejb3Column{table=org.hibernate.mapping.Table(entry), mappingColumn=userId, insertable=true, updatable=true, unique=false}
[DEBUG] 2021-02-23 17:27:10.556 [main] PropertyBinder - Building property userId
[DEBUG] 2021-02-23 17:27:10.556 [main] Ejb3Column - Binding column: Ejb3Column{table=org.hibernate.mapping.Table(entry), mappingColumn=value, insertable=true, updatable=true, unique=false}
[DEBUG] 2021-02-23 17:27:10.556 [main] PropertyBinder - MetadataSourceProcessor property value with lazy=false
[DEBUG] 2021-02-23 17:27:10.556 [main] AbstractPropertyHolder - Attempting to locate auto-apply AttributeConverter for property [edu.matc.entity.Entry:value]
[DEBUG] 2021-02-23 17:27:10.556 [main] SimpleValueBinder - building SimpleValue for value
[DEBUG] 2021-02-23 17:27:10.556 [main] PropertyBinder - Building property value
[DEBUG] 2021-02-23 17:27:10.556 [main] AnnotationBinder - Binding entity from annotated class: edu.matc.entity.User
[DEBUG] 2021-02-23 17:27:10.556 [main] Ejb3Column - Binding column: Ejb3DiscriminatorColumn{logicalColumnName'DTYPE', discriminatorTypeName='string'}
[DEBUG] 2021-02-23 17:27:10.556 [main] EntityBinder - Import with entity name User
[DEBUG] 2021-02-23 17:27:10.557 [main] EntityBinder - Bind entity edu.matc.entity.User on table user
[DEBUG] 2021-02-23 17:27:10.557 [main] Ejb3Column - Binding column: Ejb3Column{table=org.hibernate.mapping.Table(user), mappingColumn=id, insertable=true, updatable=true, unique=false}
[DEBUG] 2021-02-23 17:27:10.557 [main] PropertyBinder - MetadataSourceProcessor property id with lazy=false
[DEBUG] 2021-02-23 17:27:10.557 [main] AbstractPropertyHolder - Attempting to locate auto-apply AttributeConverter for property [edu.matc.entity.User:id]
[DEBUG] 2021-02-23 17:27:10.557 [main] SimpleValueBinder - building SimpleValue for id
[DEBUG] 2021-02-23 17:27:10.557 [main] PropertyBinder - Building property id
[DEBUG] 2021-02-23 17:27:10.557 [main] BinderHelper - #makeIdGenerator(org.hibernate.mapping.SimpleValue([org.hibernate.mapping.Column(id)]), id, org.hibernate.id.enhanced.SequenceStyleGenerator, native, ...)
[DEBUG] 2021-02-23 17:27:10.557 [main] Ejb3Column - Binding column: Ejb3Column{table=org.hibernate.mapping.Table(user), mappingColumn=birthdate, insertable=true, updatable=true, unique=false}
[DEBUG] 2021-02-23 17:27:10.557 [main] PropertyBinder - MetadataSourceProcessor property birthdate with lazy=false
[DEBUG] 2021-02-23 17:27:10.557 [main] AbstractPropertyHolder - Attempting to locate auto-apply AttributeConverter for property [edu.matc.entity.User:birthdate]
[DEBUG] 2021-02-23 17:27:10.557 [main] SimpleValueBinder - building SimpleValue for birthdate
[DEBUG] 2021-02-23 17:27:10.558 [main] PropertyBinder - Building property birthdate
[DEBUG] 2021-02-23 17:27:10.558 [main] Ejb3Column - Binding column: Ejb3Column{table=org.hibernate.mapping.Table(user), mappingColumn=email, insertable=true, updatable=true, unique=false}
[DEBUG] 2021-02-23 17:27:10.558 [main] PropertyBinder - MetadataSourceProcessor property email with lazy=false
[DEBUG] 2021-02-23 17:27:10.558 [main] AbstractPropertyHolder - Attempting to locate auto-apply AttributeConverter for property [edu.matc.entity.User:email]
[DEBUG] 2021-02-23 17:27:10.558 [main] SimpleValueBinder - building SimpleValue for email
[DEBUG] 2021-02-23 17:27:10.558 [main] PropertyBinder - Building property email
[DEBUG] 2021-02-23 17:27:10.558 [main] Ejb3Column - Binding column: Ejb3Column{table=org.hibernate.mapping.Table(user), mappingColumn=first_name, insertable=true, updatable=true, unique=false}
[DEBUG] 2021-02-23 17:27:10.561 [main] PropertyBinder - MetadataSourceProcessor property firstName with lazy=false
[DEBUG] 2021-02-23 17:27:10.561 [main] AbstractPropertyHolder - Attempting to locate auto-apply AttributeConverter for property [edu.matc.entity.User:firstName]
[DEBUG] 2021-02-23 17:27:10.561 [main] SimpleValueBinder - building SimpleValue for firstName
[DEBUG] 2021-02-23 17:27:10.561 [main] PropertyBinder - Building property firstName
[DEBUG] 2021-02-23 17:27:10.561 [main] Ejb3Column - Binding column: Ejb3Column{table=org.hibernate.mapping.Table(user), mappingColumn=last_name, insertable=true, updatable=true, unique=false}
[DEBUG] 2021-02-23 17:27:10.561 [main] PropertyBinder - MetadataSourceProcessor property lastName with lazy=false
[DEBUG] 2021-02-23 17:27:10.562 [main] AbstractPropertyHolder - Attempting to locate auto-apply AttributeConverter for property [edu.matc.entity.User:lastName]
[DEBUG] 2021-02-23 17:27:10.562 [main] SimpleValueBinder - building SimpleValue for lastName
[DEBUG] 2021-02-23 17:27:10.562 [main] PropertyBinder - Building property lastName
[DEBUG] 2021-02-23 17:27:10.562 [main] Ejb3Column - Binding column: Ejb3Column{table=org.hibernate.mapping.Table(user), mappingColumn=password, insertable=true, updatable=true, unique=false}
[DEBUG] 2021-02-23 17:27:10.562 [main] PropertyBinder - MetadataSourceProcessor property password with lazy=false
[DEBUG] 2021-02-23 17:27:10.562 [main] AbstractPropertyHolder - Attempting to locate auto-apply AttributeConverter for property [edu.matc.entity.User:password]
[DEBUG] 2021-02-23 17:27:10.562 [main] SimpleValueBinder - building SimpleValue for password
[DEBUG] 2021-02-23 17:27:10.565 [main] PropertyBinder - Building property password
[DEBUG] 2021-02-23 17:27:10.565 [main] Ejb3Column - Binding column: Ejb3Column{table=org.hibernate.mapping.Table(user), mappingColumn=username, insertable=true, updatable=true, unique=false}
[DEBUG] 2021-02-23 17:27:10.565 [main] PropertyBinder - MetadataSourceProcessor property username with lazy=false
[DEBUG] 2021-02-23 17:27:10.565 [main] AbstractPropertyHolder - Attempting to locate auto-apply AttributeConverter for property [edu.matc.entity.User:username]
[DEBUG] 2021-02-23 17:27:10.565 [main] SimpleValueBinder - building SimpleValue for username
[DEBUG] 2021-02-23 17:27:10.565 [main] PropertyBinder - Building property username
[DEBUG] 2021-02-23 17:27:10.566 [main] SimpleValueBinder - Starting fillSimpleValue for id
[DEBUG] 2021-02-23 17:27:10.566 [main] SimpleValueBinder - Starting fillSimpleValue for categoryDescription
[DEBUG] 2021-02-23 17:27:10.566 [main] SimpleValueBinder - Starting fillSimpleValue for categoryName
[DEBUG] 2021-02-23 17:27:10.566 [main] SimpleValueBinder - Starting fillSimpleValue for color
[DEBUG] 2021-02-23 17:27:10.566 [main] SimpleValueBinder - Starting fillSimpleValue for id
[DEBUG] 2021-02-23 17:27:10.566 [main] SimpleValueBinder - Starting fillSimpleValue for date
[DEBUG] 2021-02-23 17:27:10.566 [main] SimpleValueBinder - Starting fillSimpleValue for entryName
[DEBUG] 2021-02-23 17:27:10.566 [main] SimpleValueBinder - Starting fillSimpleValue for entryType
[DEBUG] 2021-02-23 17:27:10.566 [main] SimpleValueBinder - Starting fillSimpleValue for value
[DEBUG] 2021-02-23 17:27:10.566 [main] SimpleValueBinder - Starting fillSimpleValue for id
[DEBUG] 2021-02-23 17:27:10.566 [main] SimpleValueBinder - Starting fillSimpleValue for birthdate
[DEBUG] 2021-02-23 17:27:10.566 [main] SimpleValueBinder - Starting fillSimpleValue for email
[DEBUG] 2021-02-23 17:27:10.566 [main] SimpleValueBinder - Starting fillSimpleValue for firstName
[DEBUG] 2021-02-23 17:27:10.566 [main] SimpleValueBinder - Starting fillSimpleValue for lastName
[DEBUG] 2021-02-23 17:27:10.566 [main] SimpleValueBinder - Starting fillSimpleValue for password
[DEBUG] 2021-02-23 17:27:10.566 [main] SimpleValueBinder - Starting fillSimpleValue for username
[DEBUG] 2021-02-23 17:27:10.572 [main] PrimaryKey - Forcing column [id] to be non-null as it is part of the primary key for table [category]
[DEBUG] 2021-02-23 17:27:10.572 [main] PrimaryKey - Forcing column [id] to be non-null as it is part of the primary key for table [entry]
[DEBUG] 2021-02-23 17:27:10.572 [main] PrimaryKey - Forcing column [id] to be non-null as it is part of the primary key for table [user]
[DEBUG] 2021-02-23 17:27:10.572 [main] InFlightMetadataCollectorImpl - Resolving reference to class: edu.matc.entity.Category
[DEBUG] 2021-02-23 17:27:10.573 [main] InFlightMetadataCollectorImpl - Resolving reference to class: edu.matc.entity.User
[DEBUG] 2021-02-23 17:27:10.578 [main] InFlightMetadataCollectorImpl - Resolving reference to class: edu.matc.entity.Category
[DEBUG] 2021-02-23 17:27:10.578 [main] InFlightMetadataCollectorImpl - Resolving reference to class: edu.matc.entity.User
[DEBUG] 2021-02-23 17:27:10.605 [main] SessionFactoryImpl - Building session factory
[DEBUG] 2021-02-23 17:27:10.610 [main] Settings - SessionFactory name : null
[DEBUG] 2021-02-23 17:27:10.610 [main] Settings - Automatic flush during beforeCompletion(): enabled
[DEBUG] 2021-02-23 17:27:10.610 [main] Settings - Automatic session close at end of transaction: disabled
[DEBUG] 2021-02-23 17:27:10.610 [main] Settings - Statistics: disabled
[DEBUG] 2021-02-23 17:27:10.610 [main] Settings - Deleted entity synthetic identifier rollback: disabled
[DEBUG] 2021-02-23 17:27:10.611 [main] Settings - Default entity-mode: pojo
[DEBUG] 2021-02-23 17:27:10.611 [main] Settings - Check Nullability in Core (should be disabled when Bean Validation is on): enabled
[DEBUG] 2021-02-23 17:27:10.611 [main] Settings - Allow initialization of lazy state outside session : disabled
[DEBUG] 2021-02-23 17:27:10.611 [main] Settings - Using BatchFetchStyle : LEGACY
[DEBUG] 2021-02-23 17:27:10.611 [main] Settings - Default batch fetch size: -1
[DEBUG] 2021-02-23 17:27:10.611 [main] Settings - Maximum outer join fetch depth: 2
[DEBUG] 2021-02-23 17:27:10.611 [main] Settings - Default null ordering: NONE
[DEBUG] 2021-02-23 17:27:10.611 [main] Settings - Order SQL updates by primary key: disabled
[DEBUG] 2021-02-23 17:27:10.611 [main] Settings - Order SQL inserts for batching: disabled
[DEBUG] 2021-02-23 17:27:10.611 [main] Settings - multi-tenancy strategy : NONE
[DEBUG] 2021-02-23 17:27:10.611 [main] Settings - JTA Track by Thread: enabled
[DEBUG] 2021-02-23 17:27:10.611 [main] Settings - Query language substitutions: {}
[DEBUG] 2021-02-23 17:27:10.611 [main] Settings - Named query checking : enabled
[DEBUG] 2021-02-23 17:27:10.611 [main] Settings - Second-level cache: disabled
[DEBUG] 2021-02-23 17:27:10.611 [main] Settings - Second-level query cache: disabled
[DEBUG] 2021-02-23 17:27:10.611 [main] Settings - Second-level query cache factory: null
[DEBUG] 2021-02-23 17:27:10.611 [main] Settings - Second-level cache region prefix: null
[DEBUG] 2021-02-23 17:27:10.611 [main] Settings - Optimize second-level cache for minimal puts: disabled
[DEBUG] 2021-02-23 17:27:10.611 [main] Settings - Structured second-level cache entries: disabled
[DEBUG] 2021-02-23 17:27:10.611 [main] Settings - Second-level cache direct-reference entries: disabled
[DEBUG] 2021-02-23 17:27:10.611 [main] Settings - Automatic eviction of collection cache: disabled
[DEBUG] 2021-02-23 17:27:10.611 [main] Settings - JDBC batch size: 15
[DEBUG] 2021-02-23 17:27:10.611 [main] Settings - JDBC batch updates for versioned data: enabled
[DEBUG] 2021-02-23 17:27:10.611 [main] Settings - Scrollable result sets: enabled
[DEBUG] 2021-02-23 17:27:10.611 [main] Settings - Wrap result sets: disabled
[DEBUG] 2021-02-23 17:27:10.611 [main] Settings - JDBC3 getGeneratedKeys(): enabled
[DEBUG] 2021-02-23 17:27:10.611 [main] Settings - JDBC result set fetch size: null
[DEBUG] 2021-02-23 17:27:10.611 [main] Settings - Connection release mode: AFTER_TRANSACTION
[DEBUG] 2021-02-23 17:27:10.611 [main] Settings - Generate SQL with comments: disabled
[DEBUG] 2021-02-23 17:27:10.611 [main] Settings - JPA compliance - query : 
[DEBUG] 2021-02-23 17:27:10.611 [main] Settings - JPA compliance - closed-handling : 
[DEBUG] 2021-02-23 17:27:10.611 [main] Settings - JPA compliance - lists : 
[DEBUG] 2021-02-23 17:27:10.611 [main] Settings - JPA compliance - transactions : 
[INFO ] 2021-02-23 17:27:10.654 [main] beans - HHH10005002: No explicit CDI BeanManager reference was passed to Hibernate, but CDI is available on the Hibernate ClassLoader.
[DEBUG] 2021-02-23 17:27:10.675 [main] SessionFactoryImpl - Session factory constructed with filter configurations : {}
[DEBUG] 2021-02-23 17:27:10.675 [main] SessionFactoryImpl - Instantiating session factory with properties: {sun.desktop=gnome, awt.toolkit=sun.awt.X11.XToolkit, java.specification.version=11, sun.cpu.isalist=, hibernate.c3p0.idle_test_period=3000, sun.jnu.encoding=UTF-8, hibernate.c3p0.min_size=5, java.class.path=/home/student/intellij/lib/idea_rt.jar:/home/student/intellij/plugins/junit/lib/junit5-rt.jar:/home/student/intellij/plugins/junit/lib/junit-rt.jar:/home/student/IdeaProjects/budgetTracker/target/test-classes:/home/student/IdeaProjects/budgetTracker/target/classes:/home/student/.m2/repository/junit/junit/4.12/junit-4.12.jar:/home/student/.m2/repository/org/hamcrest/hamcrest-core/1.3/hamcrest-core-1.3.jar:/home/student/.m2/repository/org/hibernate/hibernate-core/5.4.4.Final/hibernate-core-5.4.4.Final.jar:/home/student/.m2/repository/org/jboss/logging/jboss-logging/3.3.2.Final/jboss-logging-3.3.2.Final.jar:/home/student/.m2/repository/javax/persistence/javax.persistence-api/2.2/javax.persistence-api-2.2.jar:/home/student/.m2/repository/org/javassist/javassist/3.24.0-GA/javassist-3.24.0-GA.jar:/home/student/.m2/repository/net/bytebuddy/byte-buddy/1.9.11/byte-buddy-1.9.11.jar:/home/student/.m2/repository/antlr/antlr/2.7.7/antlr-2.7.7.jar:/home/student/.m2/repository/org/jboss/spec/javax/transaction/jboss-transaction-api_1.2_spec/1.1.1.Final/jboss-transaction-api_1.2_spec-1.1.1.Final.jar:/home/student/.m2/repository/org/jboss/jandex/2.0.5.Final/jandex-2.0.5.Final.jar:/home/student/.m2/repository/com/fasterxml/classmate/1.3.4/classmate-1.3.4.jar:/home/student/.m2/repository/javax/activation/javax.activation-api/1.2.0/javax.activation-api-1.2.0.jar:/home/student/.m2/repository/org/dom4j/dom4j/2.1.1/dom4j-2.1.1.jar:/home/student/.m2/repository/org/hibernate/common/hibernate-commons-annotations/5.1.0.Final/hibernate-commons-annotations-5.1.0.Final.jar:/home/student/.m2/repository/javax/xml/bind/jaxb-api/2.3.1/jaxb-api-2.3.1.jar:/home/student/.m2/repository/org/glassfish/jaxb/jaxb-runtime/2.3.1/jaxb-runtime-2.3.1.jar:/home/student/.m2/repository/org/glassfish/jaxb/txw2/2.3.1/txw2-2.3.1.jar:/home/student/.m2/repository/com/sun/istack/istack-commons-runtime/3.0.7/istack-commons-runtime-3.0.7.jar:/home/student/.m2/repository/org/jvnet/staxex/stax-ex/1.8/stax-ex-1.8.jar:/home/student/.m2/repository/com/sun/xml/fastinfoset/FastInfoset/1.2.15/FastInfoset-1.2.15.jar:/home/student/.m2/repository/org/hibernate/hibernate-c3p0/5.4.4.Final/hibernate-c3p0-5.4.4.Final.jar:/home/student/.m2/repository/com/mchange/c3p0/0.9.5.3/c3p0-0.9.5.3.jar:/home/student/.m2/repository/com/mchange/mchange-commons-java/0.2.15/mchange-commons-java-0.2.15.jar:/home/student/.m2/repository/org/apache/logging/log4j/log4j-api/2.10.0/log4j-api-2.10.0.jar:/home/student/.m2/repository/org/apache/logging/log4j/log4j-core/2.10.0/log4j-core-2.10.0.jar:/home/student/.m2/repository/javax/javaee-web-api/7.0/javaee-web-api-7.0.jar:/home/student/.m2/repository/org/junit/platform/junit-platform-runner/1.0.0/junit-platform-runner-1.0.0.jar:/home/student/.m2/repository/org/apiguardian/apiguardian-api/1.0.0/apiguardian-api-1.0.0.jar:/home/student/.m2/repository/org/junit/platform/junit-platform-launcher/1.0.0/junit-platform-launcher-1.0.0.jar:/home/student/.m2/repository/org/junit/platform/junit-platform-suite-api/1.0.0/junit-platform-suite-api-1.0.0.jar:/home/student/.m2/repository/org/junit/vintage/junit-vintage-engine/4.12.0/junit-vintage-engine-4.12.0.jar:/home/student/.m2/repository/org/junit/platform/junit-platform-engine/1.0.0/junit-platform-engine-1.0.0.jar:/home/student/.m2/repository/org/junit/jupiter/junit-jupiter-engine/5.0.0/junit-jupiter-engine-5.0.0.jar:/home/student/.m2/repository/jstl/jstl/1.2/jstl-1.2.jar:/home/student/.m2/repository/mysql/mysql-connector-java/8.0.16/mysql-connector-java-8.0.16.jar:/home/student/.m2/repository/com/google/protobuf/protobuf-java/3.6.1/protobuf-java-3.6.1.jar:/home/student/.m2/repository/org/junit/jupiter/junit-jupiter-api/5.0.0/junit-jupiter-api-5.0.0.jar:/home/student/.m2/repository/org/opentest4j/opentest4j/1.0.0/opentest4j-1.0.0.jar:/home/student/.m2/repository/org/junit/platform/junit-platform-commons/1.0.0/junit-platform-commons-1.0.0.jar, java.vm.vendor=Ubuntu, sun.arch.data.model=64, idea.test.cyclic.buffer.size=1048576, java.vendor.url=https://ubuntu.com/, user.timezone=America/Chicago, os.name=Linux, java.vm.specification.version=11, sun.java.launcher=SUN_STANDARD, user.country=US, sun.boot.library.path=/usr/lib/jvm/java-11-openjdk-amd64/lib, sun.java.command=com.intellij.rt.junit.JUnitStarter -ideVersion5 -junit5 edu.matc.persistence.EntryDaoTest,getAllEntry, jdk.debug=release, sun.cpu.endian=little, user.home=/home/student, hibernate.c3p0.max_statements=50, user.language=en, java.specification.vendor=Oracle Corporation, java.version.date=2021-01-19, java.home=/usr/lib/jvm/java-11-openjdk-amd64, file.separator=/, java.vm.compressedOopsMode=Zero based, line.separator=
, hibernate.c3p0.timeout=300, java.specification.name=Java Platform API Specification, java.vm.specification.vendor=Oracle Corporation, java.awt.graphicsenv=sun.awt.X11GraphicsEnvironment, connection.password=student, sun.management.compiler=HotSpot 64-Bit Tiered Compilers, hibernate.c3p0.max_size=20, java.runtime.version=11.0.10+9-Ubuntu-0ubuntu1.20.04, user.name=student, path.separator=:, hibernate.connection.username=****, os.version=5.4.0-65-generic, java.runtime.name=OpenJDK Runtime Environment, hibernate.connection.url=jdbc:mysql://localhost:3306/budget_tracker, file.encoding=UTF-8, java.vm.name=OpenJDK 64-Bit Server VM, hibernate.connection.driver_class=com.mysql.cj.jdbc.Driver, java.vendor.url.bug=https://bugs.launchpad.net/ubuntu/+source/openjdk-lts, java.io.tmpdir=/tmp, java.version=11.0.10, user.dir=/home/student/IdeaProjects/budgetTracker, os.arch=amd64, connection.username=root, java.vm.specification.name=Java Virtual Machine Specification, java.awt.printerjob=sun.print.PSPrinterJob, hibernate.connection.password=****, sun.os.patch.level=unknown, connection.driver_class=com.mysql.cj.jdbc.Driver, hibernate.boot.CfgXmlAccessService.key=org.hibernate.boot.cfgxml.spi.LoadedConfig@7e7f3cfd, java.library.path=/usr/java/packages/lib:/usr/lib/x86_64-linux-gnu/jni:/lib/x86_64-linux-gnu:/usr/lib/x86_64-linux-gnu:/usr/lib/jni:/lib:/usr/lib, java.vendor=Ubuntu, java.vm.info=mixed mode, sharing, java.vm.version=11.0.10+9-Ubuntu-0ubuntu1.20.04, hibernate.bytecode.use_reflection_optimizer=false, sun.io.unicode.encoding=UnicodeLittle, connection.url=jdbc:mysql://localhost:3306/budget_tracker, java.class.version=55.0}
[DEBUG] 2021-02-23 17:27:10.693 [main] TypeSafeActivator - Unable to acquire Bean Validation ValidatorFactory, skipping activation
[DEBUG] 2021-02-23 17:27:10.693 [main] JaccIntegrator - Skipping JACC integration as it was not enabled
[DEBUG] 2021-02-23 17:27:10.698 [main] SessionFactoryImpl - Instantiated session factory
[DEBUG] 2021-02-23 17:27:10.698 [main] TypeConfiguration$Scope - Scoping TypeConfiguration [org.hibernate.type.spi.TypeConfiguration@7be71476] to SessionFactoryImpl [org.hibernate.internal.SessionFactoryImpl@5854a18]
[DEBUG] 2021-02-23 17:27:10.796 [main] ClassLoaderAccessImpl - Not known whether passed class name [edu.matc.entity.User] is safe
[DEBUG] 2021-02-23 17:27:10.796 [main] ClassLoaderAccessImpl - No temp ClassLoader provided; using live ClassLoader for loading potentially unsafe class : edu.matc.entity.User
[DEBUG] 2021-02-23 17:27:10.815 [main] ClassLoaderAccessImpl - Not known whether passed class name [edu.matc.entity.User] is safe
[DEBUG] 2021-02-23 17:27:10.815 [main] ClassLoaderAccessImpl - No temp ClassLoader provided; using live ClassLoader for loading potentially unsafe class : edu.matc.entity.User
[DEBUG] 2021-02-23 17:27:10.981 [main] ClassLoaderAccessImpl - Not known whether passed class name [edu.matc.entity.Category] is safe
[DEBUG] 2021-02-23 17:27:10.981 [main] ClassLoaderAccessImpl - No temp ClassLoader provided; using live ClassLoader for loading potentially unsafe class : edu.matc.entity.Category
[DEBUG] 2021-02-23 17:27:10.981 [main] ClassLoaderAccessImpl - Not known whether passed class name [edu.matc.entity.Category] is safe
[DEBUG] 2021-02-23 17:27:10.981 [main] ClassLoaderAccessImpl - No temp ClassLoader provided; using live ClassLoader for loading potentially unsafe class : edu.matc.entity.Category
[DEBUG] 2021-02-23 17:27:11.003 [main] ClassLoaderAccessImpl - Not known whether passed class name [edu.matc.entity.Entry] is safe
[DEBUG] 2021-02-23 17:27:11.003 [main] ClassLoaderAccessImpl - No temp ClassLoader provided; using live ClassLoader for loading potentially unsafe class : edu.matc.entity.Entry
[DEBUG] 2021-02-23 17:27:11.004 [main] ClassLoaderAccessImpl - Not known whether passed class name [edu.matc.entity.Entry] is safe
[DEBUG] 2021-02-23 17:27:11.004 [main] ClassLoaderAccessImpl - No temp ClassLoader provided; using live ClassLoader for loading potentially unsafe class : edu.matc.entity.Entry
[DEBUG] 2021-02-23 17:27:11.036 [main] AbstractEntityPersister - Static SQL for entity: edu.matc.entity.User
[DEBUG] 2021-02-23 17:27:11.036 [main] AbstractEntityPersister -  Version select: select id from user where id =?
[DEBUG] 2021-02-23 17:27:11.036 [main] AbstractEntityPersister -  Snapshot select: select user_.id, user_.birthdate as birthdat2_2_, user_.email as email3_2_, user_.first_name as first_na4_2_, user_.last_name as last_nam5_2_, user_.password as password6_2_, user_.username as username7_2_ from user user_ where user_.id=?
[DEBUG] 2021-02-23 17:27:11.036 [main] AbstractEntityPersister -  Insert 0: insert into user (birthdate, email, first_name, last_name, password, username, id) values (?, ?, ?, ?, ?, ?, ?)
[DEBUG] 2021-02-23 17:27:11.036 [main] AbstractEntityPersister -  Update 0: update user set birthdate=?, email=?, first_name=?, last_name=?, password=?, username=? where id=?
[DEBUG] 2021-02-23 17:27:11.036 [main] AbstractEntityPersister -  Delete 0: delete from user where id=?
[DEBUG] 2021-02-23 17:27:11.040 [main] AbstractEntityPersister -  Identity insert: insert into user (birthdate, email, first_name, last_name, password, username) values (?, ?, ?, ?, ?, ?)
[DEBUG] 2021-02-23 17:27:11.053 [main] QuerySpacesImpl - Adding QuerySpace : uid = <gen:0> -> org.hibernate.loader.plan.build.internal.spaces.EntityQuerySpaceImpl@799f916e]
[DEBUG] 2021-02-23 17:27:11.058 [main] MetamodelGraphWalker - Visiting attribute path : birthdate
[DEBUG] 2021-02-23 17:27:11.058 [main] MetamodelGraphWalker - Visiting attribute path : email
[DEBUG] 2021-02-23 17:27:11.058 [main] MetamodelGraphWalker - Visiting attribute path : firstName
[DEBUG] 2021-02-23 17:27:11.058 [main] MetamodelGraphWalker - Visiting attribute path : lastName
[DEBUG] 2021-02-23 17:27:11.058 [main] MetamodelGraphWalker - Visiting attribute path : password
[DEBUG] 2021-02-23 17:27:11.058 [main] MetamodelGraphWalker - Visiting attribute path : username
[DEBUG] 2021-02-23 17:27:11.058 [main] FetchStyleLoadPlanBuildingAssociationVisitationStrategy - Building LoadPlan...
[DEBUG] 2021-02-23 17:27:11.069 [main] LoadQueryJoinAndFetchProcessor - processing queryspace <gen:0>
[DEBUG] 2021-02-23 17:27:11.076 [main] LoadPlanTreePrinter - LoadPlan(entity=edu.matc.entity.User)
    - Returns
       - EntityReturnImpl(entity=edu.matc.entity.User, querySpaceUid=<gen:0>, path=edu.matc.entity.User)
    - QuerySpaces
       - EntityQuerySpaceImpl(uid=<gen:0>, entity=edu.matc.entity.User)
          - SQL table alias mapping - user0_
          - alias suffix - 0_
          - suffixed key columns - {id1_2_0_}

[DEBUG] 2021-02-23 17:27:11.081 [main] EntityLoader - Static select for entity edu.matc.entity.User [NONE]: select user0_.id as id1_2_0_, user0_.birthdate as birthdat2_2_0_, user0_.email as email3_2_0_, user0_.first_name as first_na4_2_0_, user0_.last_name as last_nam5_2_0_, user0_.password as password6_2_0_, user0_.username as username7_2_0_ from user user0_ where user0_.id=?
[DEBUG] 2021-02-23 17:27:11.081 [main] QuerySpacesImpl - Adding QuerySpace : uid = <gen:0> -> org.hibernate.loader.plan.build.internal.spaces.EntityQuerySpaceImpl@3663d0ba]
[DEBUG] 2021-02-23 17:27:11.082 [main] MetamodelGraphWalker - Visiting attribute path : birthdate
[DEBUG] 2021-02-23 17:27:11.082 [main] MetamodelGraphWalker - Visiting attribute path : email
[DEBUG] 2021-02-23 17:27:11.082 [main] MetamodelGraphWalker - Visiting attribute path : firstName
[DEBUG] 2021-02-23 17:27:11.082 [main] MetamodelGraphWalker - Visiting attribute path : lastName
[DEBUG] 2021-02-23 17:27:11.082 [main] MetamodelGraphWalker - Visiting attribute path : password
[DEBUG] 2021-02-23 17:27:11.082 [main] MetamodelGraphWalker - Visiting attribute path : username
[DEBUG] 2021-02-23 17:27:11.082 [main] FetchStyleLoadPlanBuildingAssociationVisitationStrategy - Building LoadPlan...
[DEBUG] 2021-02-23 17:27:11.082 [main] LoadQueryJoinAndFetchProcessor - processing queryspace <gen:0>
[DEBUG] 2021-02-23 17:27:11.084 [main] LoadPlanTreePrinter - LoadPlan(entity=edu.matc.entity.User)
    - Returns
       - EntityReturnImpl(entity=edu.matc.entity.User, querySpaceUid=<gen:0>, path=edu.matc.entity.User)
    - QuerySpaces
       - EntityQuerySpaceImpl(uid=<gen:0>, entity=edu.matc.entity.User)
          - SQL table alias mapping - user0_
          - alias suffix - 0_
          - suffixed key columns - {id1_2_0_}

[DEBUG] 2021-02-23 17:27:11.084 [main] EntityLoader - Static select for entity edu.matc.entity.User [READ]: select user0_.id as id1_2_0_, user0_.birthdate as birthdat2_2_0_, user0_.email as email3_2_0_, user0_.first_name as first_na4_2_0_, user0_.last_name as last_nam5_2_0_, user0_.password as password6_2_0_, user0_.username as username7_2_0_ from user user0_ where user0_.id=?
[DEBUG] 2021-02-23 17:27:11.097 [main] Loader - Static select for action ACTION_MERGE on entity edu.matc.entity.User: select user0_.id as id1_2_0_, user0_.birthdate as birthdat2_2_0_, user0_.email as email3_2_0_, user0_.first_name as first_na4_2_0_, user0_.last_name as last_nam5_2_0_, user0_.password as password6_2_0_, user0_.username as username7_2_0_ from user user0_ where user0_.id=?
[DEBUG] 2021-02-23 17:27:11.098 [main] Loader - Static select for action ACTION_REFRESH on entity edu.matc.entity.User: select user0_.id as id1_2_0_, user0_.birthdate as birthdat2_2_0_, user0_.email as email3_2_0_, user0_.first_name as first_na4_2_0_, user0_.last_name as last_nam5_2_0_, user0_.password as password6_2_0_, user0_.username as username7_2_0_ from user user0_ where user0_.id=?
[DEBUG] 2021-02-23 17:27:11.098 [main] AbstractEntityPersister - Static SQL for entity: edu.matc.entity.Category
[DEBUG] 2021-02-23 17:27:11.098 [main] AbstractEntityPersister -  Version select: select id from category where id =?
[DEBUG] 2021-02-23 17:27:11.098 [main] AbstractEntityPersister -  Snapshot select: select category_.id, category_.category_description as category2_0_, category_.category_name as category3_0_, category_.color as color4_0_ from category category_ where category_.id=?
[DEBUG] 2021-02-23 17:27:11.098 [main] AbstractEntityPersister -  Insert 0: insert into category (category_description, category_name, color, id) values (?, ?, ?, ?)
[DEBUG] 2021-02-23 17:27:11.098 [main] AbstractEntityPersister -  Update 0: update category set category_description=?, category_name=?, color=? where id=?
[DEBUG] 2021-02-23 17:27:11.098 [main] AbstractEntityPersister -  Delete 0: delete from category where id=?
[DEBUG] 2021-02-23 17:27:11.098 [main] AbstractEntityPersister -  Identity insert: insert into category (category_description, category_name, color) values (?, ?, ?)
[DEBUG] 2021-02-23 17:27:11.098 [main] QuerySpacesImpl - Adding QuerySpace : uid = <gen:0> -> org.hibernate.loader.plan.build.internal.spaces.EntityQuerySpaceImpl@cde8c6c]
[DEBUG] 2021-02-23 17:27:11.098 [main] MetamodelGraphWalker - Visiting attribute path : categoryDescription
[DEBUG] 2021-02-23 17:27:11.098 [main] MetamodelGraphWalker - Visiting attribute path : categoryName
[DEBUG] 2021-02-23 17:27:11.098 [main] MetamodelGraphWalker - Visiting attribute path : color
[DEBUG] 2021-02-23 17:27:11.098 [main] FetchStyleLoadPlanBuildingAssociationVisitationStrategy - Building LoadPlan...
[DEBUG] 2021-02-23 17:27:11.099 [main] LoadQueryJoinAndFetchProcessor - processing queryspace <gen:0>
[DEBUG] 2021-02-23 17:27:11.100 [main] LoadPlanTreePrinter - LoadPlan(entity=edu.matc.entity.Category)
    - Returns
       - EntityReturnImpl(entity=edu.matc.entity.Category, querySpaceUid=<gen:0>, path=edu.matc.entity.Category)
    - QuerySpaces
       - EntityQuerySpaceImpl(uid=<gen:0>, entity=edu.matc.entity.Category)
          - SQL table alias mapping - category0_
          - alias suffix - 0_
          - suffixed key columns - {id1_0_0_}

[DEBUG] 2021-02-23 17:27:11.100 [main] EntityLoader - Static select for entity edu.matc.entity.Category [NONE]: select category0_.id as id1_0_0_, category0_.category_description as category2_0_0_, category0_.category_name as category3_0_0_, category0_.color as color4_0_0_ from category category0_ where category0_.id=?
[DEBUG] 2021-02-23 17:27:11.100 [main] QuerySpacesImpl - Adding QuerySpace : uid = <gen:0> -> org.hibernate.loader.plan.build.internal.spaces.EntityQuerySpaceImpl@3592c1c4]
[DEBUG] 2021-02-23 17:27:11.100 [main] MetamodelGraphWalker - Visiting attribute path : categoryDescription
[DEBUG] 2021-02-23 17:27:11.101 [main] MetamodelGraphWalker - Visiting attribute path : categoryName
[DEBUG] 2021-02-23 17:27:11.101 [main] MetamodelGraphWalker - Visiting attribute path : color
[DEBUG] 2021-02-23 17:27:11.102 [main] FetchStyleLoadPlanBuildingAssociationVisitationStrategy - Building LoadPlan...
[DEBUG] 2021-02-23 17:27:11.102 [main] LoadQueryJoinAndFetchProcessor - processing queryspace <gen:0>
[DEBUG] 2021-02-23 17:27:11.103 [main] LoadPlanTreePrinter - LoadPlan(entity=edu.matc.entity.Category)
    - Returns
       - EntityReturnImpl(entity=edu.matc.entity.Category, querySpaceUid=<gen:0>, path=edu.matc.entity.Category)
    - QuerySpaces
       - EntityQuerySpaceImpl(uid=<gen:0>, entity=edu.matc.entity.Category)
          - SQL table alias mapping - category0_
          - alias suffix - 0_
          - suffixed key columns - {id1_0_0_}

[DEBUG] 2021-02-23 17:27:11.103 [main] EntityLoader - Static select for entity edu.matc.entity.Category [READ]: select category0_.id as id1_0_0_, category0_.category_description as category2_0_0_, category0_.category_name as category3_0_0_, category0_.color as color4_0_0_ from category category0_ where category0_.id=?
[DEBUG] 2021-02-23 17:27:11.103 [main] Loader - Static select for action ACTION_MERGE on entity edu.matc.entity.Category: select category0_.id as id1_0_0_, category0_.category_description as category2_0_0_, category0_.category_name as category3_0_0_, category0_.color as color4_0_0_ from category category0_ where category0_.id=?
[DEBUG] 2021-02-23 17:27:11.103 [main] Loader - Static select for action ACTION_REFRESH on entity edu.matc.entity.Category: select category0_.id as id1_0_0_, category0_.category_description as category2_0_0_, category0_.category_name as category3_0_0_, category0_.color as color4_0_0_ from category category0_ where category0_.id=?
[DEBUG] 2021-02-23 17:27:11.103 [main] AbstractEntityPersister - Static SQL for entity: edu.matc.entity.Entry
[DEBUG] 2021-02-23 17:27:11.103 [main] AbstractEntityPersister -  Version select: select id from entry where id =?
[DEBUG] 2021-02-23 17:27:11.103 [main] AbstractEntityPersister -  Snapshot select: select entry_.id, entry_.category_id as category6_1_, entry_.date as date2_1_, entry_.entry_name as entry_na3_1_, entry_.entry_type as entry_ty4_1_, entry_.user_id as user_id7_1_, entry_.value as value5_1_ from entry entry_ where entry_.id=?
[DEBUG] 2021-02-23 17:27:11.103 [main] AbstractEntityPersister -  Insert 0: insert into entry (category_id, date, entry_name, entry_type, user_id, value, id) values (?, ?, ?, ?, ?, ?, ?)
[DEBUG] 2021-02-23 17:27:11.103 [main] AbstractEntityPersister -  Update 0: update entry set category_id=?, date=?, entry_name=?, entry_type=?, user_id=?, value=? where id=?
[DEBUG] 2021-02-23 17:27:11.103 [main] AbstractEntityPersister -  Delete 0: delete from entry where id=?
[DEBUG] 2021-02-23 17:27:11.103 [main] AbstractEntityPersister -  Identity insert: insert into entry (category_id, date, entry_name, entry_type, user_id, value) values (?, ?, ?, ?, ?, ?)
[DEBUG] 2021-02-23 17:27:11.103 [main] QuerySpacesImpl - Adding QuerySpace : uid = <gen:0> -> org.hibernate.loader.plan.build.internal.spaces.EntityQuerySpaceImpl@4aeb0e2b]
[DEBUG] 2021-02-23 17:27:11.103 [main] MetamodelGraphWalker - Visiting attribute path : categoryId
[DEBUG] 2021-02-23 17:27:11.105 [main] QuerySpacesImpl - Adding QuerySpace : uid = <gen:1> -> org.hibernate.loader.plan.build.internal.spaces.EntityQuerySpaceImpl@1c61eda5]
[DEBUG] 2021-02-23 17:27:11.105 [main] MetamodelGraphWalker - Visiting attribute path : categoryId.categoryDescription
[DEBUG] 2021-02-23 17:27:11.105 [main] MetamodelGraphWalker - Visiting attribute path : categoryId.categoryName
[DEBUG] 2021-02-23 17:27:11.105 [main] MetamodelGraphWalker - Visiting attribute path : categoryId.color
[DEBUG] 2021-02-23 17:27:11.105 [main] MetamodelGraphWalker - Visiting attribute path : date
[DEBUG] 2021-02-23 17:27:11.105 [main] MetamodelGraphWalker - Visiting attribute path : entryName
[DEBUG] 2021-02-23 17:27:11.113 [main] MetamodelGraphWalker - Visiting attribute path : entryType
[DEBUG] 2021-02-23 17:27:11.113 [main] MetamodelGraphWalker - Visiting attribute path : userId
[DEBUG] 2021-02-23 17:27:11.114 [main] QuerySpacesImpl - Adding QuerySpace : uid = <gen:2> -> org.hibernate.loader.plan.build.internal.spaces.EntityQuerySpaceImpl@3e046e39]
[DEBUG] 2021-02-23 17:27:11.114 [main] MetamodelGraphWalker - Visiting attribute path : userId.birthdate
[DEBUG] 2021-02-23 17:27:11.114 [main] MetamodelGraphWalker - Visiting attribute path : userId.email
[DEBUG] 2021-02-23 17:27:11.114 [main] MetamodelGraphWalker - Visiting attribute path : userId.firstName
[DEBUG] 2021-02-23 17:27:11.114 [main] MetamodelGraphWalker - Visiting attribute path : userId.lastName
[DEBUG] 2021-02-23 17:27:11.114 [main] MetamodelGraphWalker - Visiting attribute path : userId.password
[DEBUG] 2021-02-23 17:27:11.114 [main] MetamodelGraphWalker - Visiting attribute path : userId.username
[DEBUG] 2021-02-23 17:27:11.114 [main] MetamodelGraphWalker - Visiting attribute path : value
[DEBUG] 2021-02-23 17:27:11.114 [main] FetchStyleLoadPlanBuildingAssociationVisitationStrategy - Building LoadPlan...
[DEBUG] 2021-02-23 17:27:11.114 [main] LoadQueryJoinAndFetchProcessor - processing queryspace <gen:0>
[DEBUG] 2021-02-23 17:27:11.115 [main] LoadPlanTreePrinter - LoadPlan(entity=edu.matc.entity.Entry)
    - Returns
       - EntityReturnImpl(entity=edu.matc.entity.Entry, querySpaceUid=<gen:0>, path=edu.matc.entity.Entry)
          - EntityAttributeFetchImpl(entity=edu.matc.entity.Category, querySpaceUid=<gen:1>, path=edu.matc.entity.Entry.categoryId)
          - EntityAttributeFetchImpl(entity=edu.matc.entity.User, querySpaceUid=<gen:2>, path=edu.matc.entity.Entry.userId)
    - QuerySpaces
       - EntityQuerySpaceImpl(uid=<gen:0>, entity=edu.matc.entity.Entry)
          - SQL table alias mapping - entry0_
          - alias suffix - 0_
          - suffixed key columns - {id1_1_0_}
          - JOIN (JoinDefinedByMetadata(categoryId)) : <gen:0> -> <gen:1>
             - EntityQuerySpaceImpl(uid=<gen:1>, entity=edu.matc.entity.Category)
                - SQL table alias mapping - category1_
                - alias suffix - 1_
                - suffixed key columns - {id1_0_1_}
          - JOIN (JoinDefinedByMetadata(userId)) : <gen:0> -> <gen:2>
             - EntityQuerySpaceImpl(uid=<gen:2>, entity=edu.matc.entity.User)
                - SQL table alias mapping - user2_
                - alias suffix - 2_
                - suffixed key columns - {id1_2_2_}

[DEBUG] 2021-02-23 17:27:11.115 [main] EntityLoader - Static select for entity edu.matc.entity.Entry [NONE]: select entry0_.id as id1_1_0_, entry0_.category_id as category6_1_0_, entry0_.date as date2_1_0_, entry0_.entry_name as entry_na3_1_0_, entry0_.entry_type as entry_ty4_1_0_, entry0_.user_id as user_id7_1_0_, entry0_.value as value5_1_0_, category1_.id as id1_0_1_, category1_.category_description as category2_0_1_, category1_.category_name as category3_0_1_, category1_.color as color4_0_1_, user2_.id as id1_2_2_, user2_.birthdate as birthdat2_2_2_, user2_.email as email3_2_2_, user2_.first_name as first_na4_2_2_, user2_.last_name as last_nam5_2_2_, user2_.password as password6_2_2_, user2_.username as username7_2_2_ from entry entry0_ left outer join category category1_ on entry0_.category_id=category1_.id left outer join user user2_ on entry0_.user_id=user2_.id where entry0_.id=?
[DEBUG] 2021-02-23 17:27:11.115 [main] QuerySpacesImpl - Adding QuerySpace : uid = <gen:0> -> org.hibernate.loader.plan.build.internal.spaces.EntityQuerySpaceImpl@5382184b]
[DEBUG] 2021-02-23 17:27:11.115 [main] MetamodelGraphWalker - Visiting attribute path : categoryId
[DEBUG] 2021-02-23 17:27:11.115 [main] QuerySpacesImpl - Adding QuerySpace : uid = <gen:1> -> org.hibernate.loader.plan.build.internal.spaces.EntityQuerySpaceImpl@2213639b]
[DEBUG] 2021-02-23 17:27:11.116 [main] MetamodelGraphWalker - Visiting attribute path : categoryId.categoryDescription
[DEBUG] 2021-02-23 17:27:11.116 [main] MetamodelGraphWalker - Visiting attribute path : categoryId.categoryName
[DEBUG] 2021-02-23 17:27:11.116 [main] MetamodelGraphWalker - Visiting attribute path : categoryId.color
[DEBUG] 2021-02-23 17:27:11.116 [main] MetamodelGraphWalker - Visiting attribute path : date
[DEBUG] 2021-02-23 17:27:11.116 [main] MetamodelGraphWalker - Visiting attribute path : entryName
[DEBUG] 2021-02-23 17:27:11.116 [main] MetamodelGraphWalker - Visiting attribute path : entryType
[DEBUG] 2021-02-23 17:27:11.116 [main] MetamodelGraphWalker - Visiting attribute path : userId
[DEBUG] 2021-02-23 17:27:11.116 [main] QuerySpacesImpl - Adding QuerySpace : uid = <gen:2> -> org.hibernate.loader.plan.build.internal.spaces.EntityQuerySpaceImpl@6f25bf88]
[DEBUG] 2021-02-23 17:27:11.116 [main] MetamodelGraphWalker - Visiting attribute path : userId.birthdate
[DEBUG] 2021-02-23 17:27:11.116 [main] MetamodelGraphWalker - Visiting attribute path : userId.email
[DEBUG] 2021-02-23 17:27:11.116 [main] MetamodelGraphWalker - Visiting attribute path : userId.firstName
[DEBUG] 2021-02-23 17:27:11.116 [main] MetamodelGraphWalker - Visiting attribute path : userId.lastName
[DEBUG] 2021-02-23 17:27:11.116 [main] MetamodelGraphWalker - Visiting attribute path : userId.password
[DEBUG] 2021-02-23 17:27:11.116 [main] MetamodelGraphWalker - Visiting attribute path : userId.username
[DEBUG] 2021-02-23 17:27:11.116 [main] MetamodelGraphWalker - Visiting attribute path : value
[DEBUG] 2021-02-23 17:27:11.116 [main] FetchStyleLoadPlanBuildingAssociationVisitationStrategy - Building LoadPlan...
[DEBUG] 2021-02-23 17:27:11.116 [main] LoadQueryJoinAndFetchProcessor - processing queryspace <gen:0>
[DEBUG] 2021-02-23 17:27:11.117 [main] LoadPlanTreePrinter - LoadPlan(entity=edu.matc.entity.Entry)
    - Returns
       - EntityReturnImpl(entity=edu.matc.entity.Entry, querySpaceUid=<gen:0>, path=edu.matc.entity.Entry)
          - EntityAttributeFetchImpl(entity=edu.matc.entity.Category, querySpaceUid=<gen:1>, path=edu.matc.entity.Entry.categoryId)
          - EntityAttributeFetchImpl(entity=edu.matc.entity.User, querySpaceUid=<gen:2>, path=edu.matc.entity.Entry.userId)
    - QuerySpaces
       - EntityQuerySpaceImpl(uid=<gen:0>, entity=edu.matc.entity.Entry)
          - SQL table alias mapping - entry0_
          - alias suffix - 0_
          - suffixed key columns - {id1_1_0_}
          - JOIN (JoinDefinedByMetadata(categoryId)) : <gen:0> -> <gen:1>
             - EntityQuerySpaceImpl(uid=<gen:1>, entity=edu.matc.entity.Category)
                - SQL table alias mapping - category1_
                - alias suffix - 1_
                - suffixed key columns - {id1_0_1_}
          - JOIN (JoinDefinedByMetadata(userId)) : <gen:0> -> <gen:2>
             - EntityQuerySpaceImpl(uid=<gen:2>, entity=edu.matc.entity.User)
                - SQL table alias mapping - user2_
                - alias suffix - 2_
                - suffixed key columns - {id1_2_2_}

[DEBUG] 2021-02-23 17:27:11.117 [main] EntityLoader - Static select for entity edu.matc.entity.Entry [READ]: select entry0_.id as id1_1_0_, entry0_.category_id as category6_1_0_, entry0_.date as date2_1_0_, entry0_.entry_name as entry_na3_1_0_, entry0_.entry_type as entry_ty4_1_0_, entry0_.user_id as user_id7_1_0_, entry0_.value as value5_1_0_, category1_.id as id1_0_1_, category1_.category_description as category2_0_1_, category1_.category_name as category3_0_1_, category1_.color as color4_0_1_, user2_.id as id1_2_2_, user2_.birthdate as birthdat2_2_2_, user2_.email as email3_2_2_, user2_.first_name as first_na4_2_2_, user2_.last_name as last_nam5_2_2_, user2_.password as password6_2_2_, user2_.username as username7_2_2_ from entry entry0_ left outer join category category1_ on entry0_.category_id=category1_.id left outer join user user2_ on entry0_.user_id=user2_.id where entry0_.id=?
[DEBUG] 2021-02-23 17:27:11.117 [main] Loader - Static select for action ACTION_MERGE on entity edu.matc.entity.Entry: select entry0_.id as id1_1_0_, entry0_.category_id as category6_1_0_, entry0_.date as date2_1_0_, entry0_.entry_name as entry_na3_1_0_, entry0_.entry_type as entry_ty4_1_0_, entry0_.user_id as user_id7_1_0_, entry0_.value as value5_1_0_ from entry entry0_ where entry0_.id=?
[DEBUG] 2021-02-23 17:27:11.117 [main] Loader - Static select for action ACTION_REFRESH on entity edu.matc.entity.Entry: select entry0_.id as id1_1_0_, entry0_.category_id as category6_1_0_, entry0_.date as date2_1_0_, entry0_.entry_name as entry_na3_1_0_, entry0_.entry_type as entry_ty4_1_0_, entry0_.user_id as user_id7_1_0_, entry0_.value as value5_1_0_ from entry entry0_ where entry0_.id=?
[DEBUG] 2021-02-23 17:27:11.141 [main] SchemaManagementToolCoordinator - No actions specified; doing nothing
[DEBUG] 2021-02-23 17:27:11.141 [main] JtaPlatformInitiator - No JtaPlatform was specified, checking resolver
[DEBUG] 2021-02-23 17:27:11.141 [main] JtaPlatformResolverInitiator - No JtaPlatformResolver was specified, using default [org.hibernate.engine.transaction.jta.platform.internal.StandardJtaPlatformResolver]
[DEBUG] 2021-02-23 17:27:11.147 [main] StandardJtaPlatformResolver - Could not resolve JtaPlatform, using default [org.hibernate.engine.transaction.jta.platform.internal.NoJtaPlatform]
[INFO ] 2021-02-23 17:27:11.147 [main] JtaPlatformInitiator - HHH000490: Using JtaPlatform implementation: [org.hibernate.engine.transaction.jta.platform.internal.NoJtaPlatform]
[DEBUG] 2021-02-23 17:27:11.148 [main] NamedQueryRepository - Checking 0 named HQL queries
[DEBUG] 2021-02-23 17:27:11.148 [main] NamedQueryRepository - Checking 0 named SQL queries
[DEBUG] 2021-02-23 17:27:11.149 [main] SessionFactoryRegistry - Initializing SessionFactoryRegistry : org.hibernate.internal.SessionFactoryRegistry@7fdd43cd
[DEBUG] 2021-02-23 17:27:11.158 [main] SessionFactoryRegistry - Registering SessionFactory: b0aad802-b986-4ca5-a149-137e870265a5 (<unnamed>)
[DEBUG] 2021-02-23 17:27:11.158 [main] SessionFactoryRegistry - Not binding SessionFactory to JNDI, no JNDI name configured
[DEBUG] 2021-02-23 17:27:11.271 [main] StatisticsInitiator - Statistics initialized [enabled=false]
[DEBUG] 2021-02-23 17:27:11.290 [main] SQL - select entry0_.id as id1_1_0_, entry0_.category_id as category6_1_0_, entry0_.date as date2_1_0_, entry0_.entry_name as entry_na3_1_0_, entry0_.entry_type as entry_ty4_1_0_, entry0_.user_id as user_id7_1_0_, entry0_.value as value5_1_0_, category1_.id as id1_0_1_, category1_.category_description as category2_0_1_, category1_.category_name as category3_0_1_, category1_.color as color4_0_1_, user2_.id as id1_2_2_, user2_.birthdate as birthdat2_2_2_, user2_.email as email3_2_2_, user2_.first_name as first_na4_2_2_, user2_.last_name as last_nam5_2_2_, user2_.password as password6_2_2_, user2_.username as username7_2_2_ from entry entry0_ left outer join category category1_ on entry0_.category_id=category1_.id left outer join user user2_ on entry0_.user_id=user2_.id where entry0_.id=?
[DEBUG] 2021-02-23 17:27:11.321 [main] ResultSetProcessorImpl - Starting ResultSet row #0
[DEBUG] 2021-02-23 17:27:11.325 [main] EntityReferenceInitializerImpl - On call to EntityIdentifierReaderImpl#resolve, EntityKey was already known; should only happen on root returns with an optional identifier specified
[DEBUG] 2021-02-23 17:27:11.344 [main] TwoPhaseLoad - Resolving attributes for [edu.matc.entity.Entry#1]
[DEBUG] 2021-02-23 17:27:11.345 [main] TwoPhaseLoad - Processing attribute `categoryId` : value = 1
[DEBUG] 2021-02-23 17:27:11.345 [main] TwoPhaseLoad - Attribute (`categoryId`)  - enhanced for lazy-loading? - false
[DEBUG] 2021-02-23 17:27:11.345 [main] TwoPhaseLoad - Processing attribute `date` : value = 2021-02-23
[DEBUG] 2021-02-23 17:27:11.345 [main] TwoPhaseLoad - Attribute (`date`)  - enhanced for lazy-loading? - false
[DEBUG] 2021-02-23 17:27:11.345 [main] TwoPhaseLoad - Processing attribute `entryName` : value = Walmart - Pizzas
[DEBUG] 2021-02-23 17:27:11.346 [main] TwoPhaseLoad - Attribute (`entryName`)  - enhanced for lazy-loading? - false
[DEBUG] 2021-02-23 17:27:11.346 [main] TwoPhaseLoad - Processing attribute `entryType` : value = Expense
[DEBUG] 2021-02-23 17:27:11.346 [main] TwoPhaseLoad - Attribute (`entryType`)  - enhanced for lazy-loading? - false
[DEBUG] 2021-02-23 17:27:11.346 [main] TwoPhaseLoad - Processing attribute `userId` : value = 1
[DEBUG] 2021-02-23 17:27:11.346 [main] TwoPhaseLoad - Attribute (`userId`)  - enhanced for lazy-loading? - false
[DEBUG] 2021-02-23 17:27:11.346 [main] TwoPhaseLoad - Processing attribute `value` : value = 10.5
[DEBUG] 2021-02-23 17:27:11.346 [main] TwoPhaseLoad - Attribute (`value`)  - enhanced for lazy-loading? - false
[DEBUG] 2021-02-23 17:27:11.350 [main] TwoPhaseLoad - Done materializing entity [edu.matc.entity.Entry#1]
[DEBUG] 2021-02-23 17:27:11.350 [main] TwoPhaseLoad - Resolving attributes for [edu.matc.entity.Category#1]
[DEBUG] 2021-02-23 17:27:11.350 [main] TwoPhaseLoad - Processing attribute `categoryDescription` : value = Dining out
[DEBUG] 2021-02-23 17:27:11.350 [main] TwoPhaseLoad - Attribute (`categoryDescription`)  - enhanced for lazy-loading? - false
[DEBUG] 2021-02-23 17:27:11.350 [main] TwoPhaseLoad - Processing attribute `categoryName` : value = Food - Dine Out
[DEBUG] 2021-02-23 17:27:11.350 [main] TwoPhaseLoad - Attribute (`categoryName`)  - enhanced for lazy-loading? - false
[DEBUG] 2021-02-23 17:27:11.350 [main] TwoPhaseLoad - Processing attribute `color` : value = #FFFFFF
[DEBUG] 2021-02-23 17:27:11.350 [main] TwoPhaseLoad - Attribute (`color`)  - enhanced for lazy-loading? - false
[DEBUG] 2021-02-23 17:27:11.351 [main] TwoPhaseLoad - Done materializing entity [edu.matc.entity.Category#1]
[DEBUG] 2021-02-23 17:27:11.351 [main] TwoPhaseLoad - Resolving attributes for [edu.matc.entity.User#1]
[DEBUG] 2021-02-23 17:27:11.351 [main] TwoPhaseLoad - Processing attribute `birthdate` : value = 1987-03-21
[DEBUG] 2021-02-23 17:27:11.351 [main] TwoPhaseLoad - Attribute (`birthdate`)  - enhanced for lazy-loading? - false
[DEBUG] 2021-02-23 17:27:11.351 [main] TwoPhaseLoad - Processing attribute `email` : value = kingjones999@gmail.com
[DEBUG] 2021-02-23 17:27:11.351 [main] TwoPhaseLoad - Attribute (`email`)  - enhanced for lazy-loading? - false
[DEBUG] 2021-02-23 17:27:11.351 [main] TwoPhaseLoad - Processing attribute `firstName` : value = Mike
[DEBUG] 2021-02-23 17:27:11.351 [main] TwoPhaseLoad - Attribute (`firstName`)  - enhanced for lazy-loading? - false
[DEBUG] 2021-02-23 17:27:11.351 [main] TwoPhaseLoad - Processing attribute `lastName` : value = Jones
[DEBUG] 2021-02-23 17:27:11.351 [main] TwoPhaseLoad - Attribute (`lastName`)  - enhanced for lazy-loading? - false
[DEBUG] 2021-02-23 17:27:11.351 [main] TwoPhaseLoad - Processing attribute `password` : value = yoyojojo123
[DEBUG] 2021-02-23 17:27:11.351 [main] TwoPhaseLoad - Attribute (`password`)  - enhanced for lazy-loading? - false
[DEBUG] 2021-02-23 17:27:11.351 [main] TwoPhaseLoad - Processing attribute `username` : value = mikeyjones123
[DEBUG] 2021-02-23 17:27:11.351 [main] TwoPhaseLoad - Attribute (`username`)  - enhanced for lazy-loading? - false
[DEBUG] 2021-02-23 17:27:11.352 [main] TwoPhaseLoad - Done materializing entity [edu.matc.entity.User#1]
[DEBUG] 2021-02-23 17:27:11.352 [main] ResourceRegistryStandardImpl - HHH000387: ResultSet's statement was not registered
[DEBUG] 2021-02-23 17:27:11.353 [main] AbstractLoadPlanBasedEntityLoader - Done entity load : edu.matc.entity.Entry#1
[DEBUG] 2021-02-23 17:27:11.353 [main] LogicalConnectionManagedImpl - Initiating JDBC connection release from afterTransaction
