[DEBUG] 2021-05-11 14:00:33.339 [main] IntegratorServiceImpl - Adding Integrator [org.hibernate.cfg.beanvalidation.BeanValidationIntegrator].
[DEBUG] 2021-05-11 14:00:33.342 [main] IntegratorServiceImpl - Adding Integrator [org.hibernate.secure.spi.JaccIntegrator].
[DEBUG] 2021-05-11 14:00:33.353 [main] IntegratorServiceImpl - Adding Integrator [org.hibernate.cache.internal.CollectionCacheInvalidator].
[INFO ] 2021-05-11 14:00:33.507 [main] Version - HHH000412: Hibernate Core {5.4.4.Final}
[DEBUG] 2021-05-11 14:00:33.511 [main] Environment - HHH000206: hibernate.properties not found
[DEBUG] 2021-05-11 14:00:33.876 [main] LocalXmlResourceResolver - Interpreting public/system identifier : [-//Hibernate/Hibernate Configuration DTD//EN] - [http://www.hibernate.org/dtd/hibernate-configuration-3.0.dtd]
[DEBUG] 2021-05-11 14:00:33.883 [main] LocalXmlResourceResolver - Recognized hibernate-configuration identifier; attempting to resolve on classpath under org/hibernate/
[DEBUG] 2021-05-11 14:00:33.891 [main] JaxbCfgProcessor - cfg.xml document did not define namespaces; wrapping in custom event reader to introduce namespace information
[DEBUG] 2021-05-11 14:00:34.482 [main] ServiceBinding - Overriding existing service binding [org.hibernate.secure.spi.JaccService]
[DEBUG] 2021-05-11 14:00:34.508 [main] RegionFactoryInitiator - Cannot default RegionFactory based on registered strategies as `[]` RegionFactory strategies were registered
[DEBUG] 2021-05-11 14:00:34.510 [main] RegionFactoryInitiator - Cache region factory : org.hibernate.cache.internal.NoCachingRegionFactory
[INFO ] 2021-05-11 14:00:34.531 [main] Version - HCANN000001: Hibernate Commons Annotations {5.1.0.Final}
[DEBUG] 2021-05-11 14:00:34.557 [main] BasicTypeRegistry - Adding type registration boolean -> org.hibernate.type.BooleanType@488b50ec
[DEBUG] 2021-05-11 14:00:34.557 [main] BasicTypeRegistry - Adding type registration boolean -> org.hibernate.type.BooleanType@488b50ec
[DEBUG] 2021-05-11 14:00:34.557 [main] BasicTypeRegistry - Adding type registration java.lang.Boolean -> org.hibernate.type.BooleanType@488b50ec
[DEBUG] 2021-05-11 14:00:34.557 [main] BasicTypeRegistry - Adding type registration numeric_boolean -> org.hibernate.type.NumericBooleanType@25b865b5
[DEBUG] 2021-05-11 14:00:34.558 [main] BasicTypeRegistry - Adding type registration true_false -> org.hibernate.type.TrueFalseType@bdecc21
[DEBUG] 2021-05-11 14:00:34.558 [main] BasicTypeRegistry - Adding type registration yes_no -> org.hibernate.type.YesNoType@5d58c727
[DEBUG] 2021-05-11 14:00:34.559 [main] BasicTypeRegistry - Adding type registration byte -> org.hibernate.type.ByteType@22fba58c
[DEBUG] 2021-05-11 14:00:34.559 [main] BasicTypeRegistry - Adding type registration byte -> org.hibernate.type.ByteType@22fba58c
[DEBUG] 2021-05-11 14:00:34.560 [main] BasicTypeRegistry - Adding type registration java.lang.Byte -> org.hibernate.type.ByteType@22fba58c
[DEBUG] 2021-05-11 14:00:34.560 [main] BasicTypeRegistry - Adding type registration character -> org.hibernate.type.CharacterType@6079cf5
[DEBUG] 2021-05-11 14:00:34.561 [main] BasicTypeRegistry - Adding type registration char -> org.hibernate.type.CharacterType@6079cf5
[DEBUG] 2021-05-11 14:00:34.561 [main] BasicTypeRegistry - Adding type registration java.lang.Character -> org.hibernate.type.CharacterType@6079cf5
[DEBUG] 2021-05-11 14:00:34.561 [main] BasicTypeRegistry - Adding type registration short -> org.hibernate.type.ShortType@189b5fb1
[DEBUG] 2021-05-11 14:00:34.561 [main] BasicTypeRegistry - Adding type registration short -> org.hibernate.type.ShortType@189b5fb1
[DEBUG] 2021-05-11 14:00:34.561 [main] BasicTypeRegistry - Adding type registration java.lang.Short -> org.hibernate.type.ShortType@189b5fb1
[DEBUG] 2021-05-11 14:00:34.562 [main] BasicTypeRegistry - Adding type registration integer -> org.hibernate.type.IntegerType@1c025cb
[DEBUG] 2021-05-11 14:00:34.562 [main] BasicTypeRegistry - Adding type registration int -> org.hibernate.type.IntegerType@1c025cb
[DEBUG] 2021-05-11 14:00:34.562 [main] BasicTypeRegistry - Adding type registration java.lang.Integer -> org.hibernate.type.IntegerType@1c025cb
[DEBUG] 2021-05-11 14:00:34.562 [main] BasicTypeRegistry - Adding type registration long -> org.hibernate.type.LongType@512d4583
[DEBUG] 2021-05-11 14:00:34.563 [main] BasicTypeRegistry - Adding type registration long -> org.hibernate.type.LongType@512d4583
[DEBUG] 2021-05-11 14:00:34.563 [main] BasicTypeRegistry - Adding type registration java.lang.Long -> org.hibernate.type.LongType@512d4583
[DEBUG] 2021-05-11 14:00:34.563 [main] BasicTypeRegistry - Adding type registration float -> org.hibernate.type.FloatType@64f555e7
[DEBUG] 2021-05-11 14:00:34.564 [main] BasicTypeRegistry - Adding type registration float -> org.hibernate.type.FloatType@64f555e7
[DEBUG] 2021-05-11 14:00:34.564 [main] BasicTypeRegistry - Adding type registration java.lang.Float -> org.hibernate.type.FloatType@64f555e7
[DEBUG] 2021-05-11 14:00:34.564 [main] BasicTypeRegistry - Adding type registration double -> org.hibernate.type.DoubleType@2687f956
[DEBUG] 2021-05-11 14:00:34.564 [main] BasicTypeRegistry - Adding type registration double -> org.hibernate.type.DoubleType@2687f956
[DEBUG] 2021-05-11 14:00:34.565 [main] BasicTypeRegistry - Adding type registration java.lang.Double -> org.hibernate.type.DoubleType@2687f956
[DEBUG] 2021-05-11 14:00:34.565 [main] BasicTypeRegistry - Adding type registration big_decimal -> org.hibernate.type.BigDecimalType@10ec523c
[DEBUG] 2021-05-11 14:00:34.565 [main] BasicTypeRegistry - Adding type registration java.math.BigDecimal -> org.hibernate.type.BigDecimalType@10ec523c
[DEBUG] 2021-05-11 14:00:34.568 [main] BasicTypeRegistry - Adding type registration big_integer -> org.hibernate.type.BigIntegerType@1e63d216
[DEBUG] 2021-05-11 14:00:34.568 [main] BasicTypeRegistry - Adding type registration java.math.BigInteger -> org.hibernate.type.BigIntegerType@1e63d216
[DEBUG] 2021-05-11 14:00:34.568 [main] BasicTypeRegistry - Adding type registration string -> org.hibernate.type.StringType@4e38d975
[DEBUG] 2021-05-11 14:00:34.568 [main] BasicTypeRegistry - Adding type registration java.lang.String -> org.hibernate.type.StringType@4e38d975
[DEBUG] 2021-05-11 14:00:34.569 [main] BasicTypeRegistry - Adding type registration nstring -> org.hibernate.type.StringNVarcharType@63e5e5b4
[DEBUG] 2021-05-11 14:00:34.569 [main] BasicTypeRegistry - Adding type registration ncharacter -> org.hibernate.type.CharacterNCharType@5e840abf
[DEBUG] 2021-05-11 14:00:34.570 [main] BasicTypeRegistry - Adding type registration url -> org.hibernate.type.UrlType@749f539e
[DEBUG] 2021-05-11 14:00:34.570 [main] BasicTypeRegistry - Adding type registration java.net.URL -> org.hibernate.type.UrlType@749f539e
[DEBUG] 2021-05-11 14:00:34.570 [main] BasicTypeRegistry - Adding type registration Duration -> org.hibernate.type.DurationType@273842a6
[DEBUG] 2021-05-11 14:00:34.570 [main] BasicTypeRegistry - Adding type registration java.time.Duration -> org.hibernate.type.DurationType@273842a6
[DEBUG] 2021-05-11 14:00:34.573 [main] BasicTypeRegistry - Adding type registration Instant -> org.hibernate.type.InstantType@76911385
[DEBUG] 2021-05-11 14:00:34.573 [main] BasicTypeRegistry - Adding type registration java.time.Instant -> org.hibernate.type.InstantType@76911385
[DEBUG] 2021-05-11 14:00:34.573 [main] BasicTypeRegistry - Adding type registration LocalDateTime -> org.hibernate.type.LocalDateTimeType@53093491
[DEBUG] 2021-05-11 14:00:34.574 [main] BasicTypeRegistry - Adding type registration java.time.LocalDateTime -> org.hibernate.type.LocalDateTimeType@53093491
[DEBUG] 2021-05-11 14:00:34.574 [main] BasicTypeRegistry - Adding type registration LocalDate -> org.hibernate.type.LocalDateType@368d5c00
[DEBUG] 2021-05-11 14:00:34.574 [main] BasicTypeRegistry - Adding type registration java.time.LocalDate -> org.hibernate.type.LocalDateType@368d5c00
[DEBUG] 2021-05-11 14:00:34.575 [main] BasicTypeRegistry - Adding type registration LocalTime -> org.hibernate.type.LocalTimeType@43826ec
[DEBUG] 2021-05-11 14:00:34.575 [main] BasicTypeRegistry - Adding type registration java.time.LocalTime -> org.hibernate.type.LocalTimeType@43826ec
[DEBUG] 2021-05-11 14:00:34.575 [main] BasicTypeRegistry - Adding type registration OffsetDateTime -> org.hibernate.type.OffsetDateTimeType@11a7ba62
[DEBUG] 2021-05-11 14:00:34.576 [main] BasicTypeRegistry - Adding type registration java.time.OffsetDateTime -> org.hibernate.type.OffsetDateTimeType@11a7ba62
[DEBUG] 2021-05-11 14:00:34.581 [main] BasicTypeRegistry - Adding type registration OffsetTime -> org.hibernate.type.OffsetTimeType@73877e19
[DEBUG] 2021-05-11 14:00:34.581 [main] BasicTypeRegistry - Adding type registration java.time.OffsetTime -> org.hibernate.type.OffsetTimeType@73877e19
[DEBUG] 2021-05-11 14:00:34.582 [main] BasicTypeRegistry - Adding type registration ZonedDateTime -> org.hibernate.type.ZonedDateTimeType@5d235104
[DEBUG] 2021-05-11 14:00:34.582 [main] BasicTypeRegistry - Adding type registration java.time.ZonedDateTime -> org.hibernate.type.ZonedDateTimeType@5d235104
[DEBUG] 2021-05-11 14:00:34.583 [main] BasicTypeRegistry - Adding type registration date -> org.hibernate.type.DateType@303a5119
[DEBUG] 2021-05-11 14:00:34.583 [main] BasicTypeRegistry - Adding type registration java.sql.Date -> org.hibernate.type.DateType@303a5119
[DEBUG] 2021-05-11 14:00:34.583 [main] BasicTypeRegistry - Adding type registration time -> org.hibernate.type.TimeType@12db3386
[DEBUG] 2021-05-11 14:00:34.584 [main] BasicTypeRegistry - Adding type registration java.sql.Time -> org.hibernate.type.TimeType@12db3386
[DEBUG] 2021-05-11 14:00:34.584 [main] BasicTypeRegistry - Adding type registration timestamp -> org.hibernate.type.TimestampType@198ef2ce
[DEBUG] 2021-05-11 14:00:34.584 [main] BasicTypeRegistry - Adding type registration java.sql.Timestamp -> org.hibernate.type.TimestampType@198ef2ce
[DEBUG] 2021-05-11 14:00:34.584 [main] BasicTypeRegistry - Adding type registration java.util.Date -> org.hibernate.type.TimestampType@198ef2ce
[DEBUG] 2021-05-11 14:00:34.585 [main] BasicTypeRegistry - Adding type registration dbtimestamp -> org.hibernate.type.DbTimestampType@14151bc5
[DEBUG] 2021-05-11 14:00:34.588 [main] BasicTypeRegistry - Adding type registration calendar -> org.hibernate.type.CalendarType@27f74733
[DEBUG] 2021-05-11 14:00:34.588 [main] BasicTypeRegistry - Adding type registration java.util.Calendar -> org.hibernate.type.CalendarType@27f74733
[DEBUG] 2021-05-11 14:00:34.588 [main] BasicTypeRegistry - Adding type registration java.util.GregorianCalendar -> org.hibernate.type.CalendarType@27f74733
[DEBUG] 2021-05-11 14:00:34.589 [main] BasicTypeRegistry - Adding type registration calendar_date -> org.hibernate.type.CalendarDateType@4bee18dc
[DEBUG] 2021-05-11 14:00:34.589 [main] BasicTypeRegistry - Adding type registration locale -> org.hibernate.type.LocaleType@6272c96f
[DEBUG] 2021-05-11 14:00:34.589 [main] BasicTypeRegistry - Adding type registration java.util.Locale -> org.hibernate.type.LocaleType@6272c96f
[DEBUG] 2021-05-11 14:00:34.590 [main] BasicTypeRegistry - Adding type registration currency -> org.hibernate.type.CurrencyType@8a62297
[DEBUG] 2021-05-11 14:00:34.591 [main] BasicTypeRegistry - Adding type registration java.util.Currency -> org.hibernate.type.CurrencyType@8a62297
[DEBUG] 2021-05-11 14:00:34.591 [main] BasicTypeRegistry - Adding type registration timezone -> org.hibernate.type.TimeZoneType@b9dfc5a
[DEBUG] 2021-05-11 14:00:34.591 [main] BasicTypeRegistry - Adding type registration java.util.TimeZone -> org.hibernate.type.TimeZoneType@b9dfc5a
[DEBUG] 2021-05-11 14:00:34.595 [main] BasicTypeRegistry - Adding type registration class -> org.hibernate.type.ClassType@614aeccc
[DEBUG] 2021-05-11 14:00:34.595 [main] BasicTypeRegistry - Adding type registration java.lang.Class -> org.hibernate.type.ClassType@614aeccc
[DEBUG] 2021-05-11 14:00:34.596 [main] BasicTypeRegistry - Adding type registration uuid-binary -> org.hibernate.type.UUIDBinaryType@7dd00705
[DEBUG] 2021-05-11 14:00:34.596 [main] BasicTypeRegistry - Adding type registration java.util.UUID -> org.hibernate.type.UUIDBinaryType@7dd00705
[DEBUG] 2021-05-11 14:00:34.596 [main] BasicTypeRegistry - Adding type registration uuid-char -> org.hibernate.type.UUIDCharType@4784013e
[DEBUG] 2021-05-11 14:00:34.597 [main] BasicTypeRegistry - Adding type registration binary -> org.hibernate.type.BinaryType@dffa30b
[DEBUG] 2021-05-11 14:00:34.597 [main] BasicTypeRegistry - Adding type registration byte[] -> org.hibernate.type.BinaryType@dffa30b
[DEBUG] 2021-05-11 14:00:34.598 [main] BasicTypeRegistry - Adding type registration [B -> org.hibernate.type.BinaryType@dffa30b
[DEBUG] 2021-05-11 14:00:34.598 [main] BasicTypeRegistry - Adding type registration wrapper-binary -> org.hibernate.type.WrapperBinaryType@7b2a3ff8
[DEBUG] 2021-05-11 14:00:34.599 [main] BasicTypeRegistry - Adding type registration Byte[] -> org.hibernate.type.WrapperBinaryType@7b2a3ff8
[DEBUG] 2021-05-11 14:00:34.599 [main] BasicTypeRegistry - Adding type registration [Ljava.lang.Byte; -> org.hibernate.type.WrapperBinaryType@7b2a3ff8
[DEBUG] 2021-05-11 14:00:34.599 [main] BasicTypeRegistry - Adding type registration row_version -> org.hibernate.type.RowVersionType@383790cf
[DEBUG] 2021-05-11 14:00:34.600 [main] BasicTypeRegistry - Adding type registration image -> org.hibernate.type.ImageType@878537d
[DEBUG] 2021-05-11 14:00:34.601 [main] BasicTypeRegistry - Adding type registration characters -> org.hibernate.type.CharArrayType@30331109
[DEBUG] 2021-05-11 14:00:34.601 [main] BasicTypeRegistry - Adding type registration char[] -> org.hibernate.type.CharArrayType@30331109
[DEBUG] 2021-05-11 14:00:34.601 [main] BasicTypeRegistry - Adding type registration [C -> org.hibernate.type.CharArrayType@30331109
[DEBUG] 2021-05-11 14:00:34.601 [main] BasicTypeRegistry - Adding type registration wrapper-characters -> org.hibernate.type.CharacterArrayType@40ee0a22
[DEBUG] 2021-05-11 14:00:34.601 [main] BasicTypeRegistry - Adding type registration [Ljava.lang.Character; -> org.hibernate.type.CharacterArrayType@40ee0a22
[DEBUG] 2021-05-11 14:00:34.601 [main] BasicTypeRegistry - Adding type registration Character[] -> org.hibernate.type.CharacterArrayType@40ee0a22
[DEBUG] 2021-05-11 14:00:34.601 [main] BasicTypeRegistry - Adding type registration text -> org.hibernate.type.TextType@57540fd0
[DEBUG] 2021-05-11 14:00:34.602 [main] BasicTypeRegistry - Adding type registration ntext -> org.hibernate.type.NTextType@1542af63
[DEBUG] 2021-05-11 14:00:34.602 [main] BasicTypeRegistry - Adding type registration blob -> org.hibernate.type.BlobType@67001148
[DEBUG] 2021-05-11 14:00:34.602 [main] BasicTypeRegistry - Adding type registration java.sql.Blob -> org.hibernate.type.BlobType@67001148
[DEBUG] 2021-05-11 14:00:34.606 [main] BasicTypeRegistry - Adding type registration materialized_blob -> org.hibernate.type.MaterializedBlobType@64030b91
[DEBUG] 2021-05-11 14:00:34.607 [main] BasicTypeRegistry - Adding type registration clob -> org.hibernate.type.ClobType@773c0293
[DEBUG] 2021-05-11 14:00:34.607 [main] BasicTypeRegistry - Adding type registration java.sql.Clob -> org.hibernate.type.ClobType@773c0293
[DEBUG] 2021-05-11 14:00:34.609 [main] BasicTypeRegistry - Adding type registration nclob -> org.hibernate.type.NClobType@7df60067
[DEBUG] 2021-05-11 14:00:34.610 [main] BasicTypeRegistry - Adding type registration java.sql.NClob -> org.hibernate.type.NClobType@7df60067
[DEBUG] 2021-05-11 14:00:34.610 [main] BasicTypeRegistry - Adding type registration materialized_clob -> org.hibernate.type.MaterializedClobType@319854f0
[DEBUG] 2021-05-11 14:00:34.611 [main] BasicTypeRegistry - Adding type registration materialized_nclob -> org.hibernate.type.MaterializedNClobType@4af46df3
[DEBUG] 2021-05-11 14:00:34.612 [main] BasicTypeRegistry - Adding type registration serializable -> org.hibernate.type.SerializableType@4a55a6e8
[DEBUG] 2021-05-11 14:00:34.633 [main] BasicTypeRegistry - Adding type registration object -> org.hibernate.type.ObjectType@3e850122
[DEBUG] 2021-05-11 14:00:34.633 [main] BasicTypeRegistry - Adding type registration java.lang.Object -> org.hibernate.type.ObjectType@3e850122
[DEBUG] 2021-05-11 14:00:34.634 [main] BasicTypeRegistry - Adding type registration imm_date -> org.hibernate.type.AdaptedImmutableType@4cdd2c73
[DEBUG] 2021-05-11 14:00:34.634 [main] BasicTypeRegistry - Adding type registration imm_time -> org.hibernate.type.AdaptedImmutableType@4abf3f0
[DEBUG] 2021-05-11 14:00:34.634 [main] BasicTypeRegistry - Adding type registration imm_timestamp -> org.hibernate.type.AdaptedImmutableType@4e4c3a38
[DEBUG] 2021-05-11 14:00:34.634 [main] BasicTypeRegistry - Adding type registration imm_dbtimestamp -> org.hibernate.type.AdaptedImmutableType@293cde83
[DEBUG] 2021-05-11 14:00:34.634 [main] BasicTypeRegistry - Adding type registration imm_calendar -> org.hibernate.type.AdaptedImmutableType@c27d163
[DEBUG] 2021-05-11 14:00:34.634 [main] BasicTypeRegistry - Adding type registration imm_calendar_date -> org.hibernate.type.AdaptedImmutableType@57c88764
[DEBUG] 2021-05-11 14:00:34.634 [main] BasicTypeRegistry - Adding type registration imm_binary -> org.hibernate.type.AdaptedImmutableType@78faea5f
[DEBUG] 2021-05-11 14:00:34.634 [main] BasicTypeRegistry - Adding type registration imm_serializable -> org.hibernate.type.AdaptedImmutableType@37fdfb05
[DEBUG] 2021-05-11 14:00:34.662 [main] DefaultIdentifierGeneratorFactory - Registering IdentifierGenerator strategy [uuid2] -> [org.hibernate.id.UUIDGenerator]
[DEBUG] 2021-05-11 14:00:34.663 [main] DefaultIdentifierGeneratorFactory - Registering IdentifierGenerator strategy [guid] -> [org.hibernate.id.GUIDGenerator]
[DEBUG] 2021-05-11 14:00:34.663 [main] DefaultIdentifierGeneratorFactory - Registering IdentifierGenerator strategy [uuid] -> [org.hibernate.id.UUIDHexGenerator]
[DEBUG] 2021-05-11 14:00:34.664 [main] DefaultIdentifierGeneratorFactory - Registering IdentifierGenerator strategy [uuid.hex] -> [org.hibernate.id.UUIDHexGenerator]
[DEBUG] 2021-05-11 14:00:34.664 [main] DefaultIdentifierGeneratorFactory - Registering IdentifierGenerator strategy [assigned] -> [org.hibernate.id.Assigned]
[DEBUG] 2021-05-11 14:00:34.665 [main] DefaultIdentifierGeneratorFactory - Registering IdentifierGenerator strategy [identity] -> [org.hibernate.id.IdentityGenerator]
[DEBUG] 2021-05-11 14:00:34.665 [main] DefaultIdentifierGeneratorFactory - Registering IdentifierGenerator strategy [select] -> [org.hibernate.id.SelectGenerator]
[DEBUG] 2021-05-11 14:00:34.669 [main] DefaultIdentifierGeneratorFactory - Registering IdentifierGenerator strategy [sequence] -> [org.hibernate.id.enhanced.SequenceStyleGenerator]
[DEBUG] 2021-05-11 14:00:34.669 [main] DefaultIdentifierGeneratorFactory - Registering IdentifierGenerator strategy [seqhilo] -> [org.hibernate.id.SequenceHiLoGenerator]
[DEBUG] 2021-05-11 14:00:34.670 [main] DefaultIdentifierGeneratorFactory - Registering IdentifierGenerator strategy [increment] -> [org.hibernate.id.IncrementGenerator]
[DEBUG] 2021-05-11 14:00:34.670 [main] DefaultIdentifierGeneratorFactory - Registering IdentifierGenerator strategy [foreign] -> [org.hibernate.id.ForeignGenerator]
[DEBUG] 2021-05-11 14:00:34.670 [main] DefaultIdentifierGeneratorFactory - Registering IdentifierGenerator strategy [sequence-identity] -> [org.hibernate.id.SequenceIdentityGenerator]
[DEBUG] 2021-05-11 14:00:34.670 [main] DefaultIdentifierGeneratorFactory - Registering IdentifierGenerator strategy [enhanced-sequence] -> [org.hibernate.id.enhanced.SequenceStyleGenerator]
[DEBUG] 2021-05-11 14:00:34.671 [main] DefaultIdentifierGeneratorFactory - Registering IdentifierGenerator strategy [enhanced-table] -> [org.hibernate.id.enhanced.TableGenerator]
[INFO ] 2021-05-11 14:00:34.674 [main] C3P0ConnectionProvider - HHH010002: C3P0 using driver: com.mysql.cj.jdbc.Driver at URL: jdbc:mysql://localhost:3306/budget_tracker
[INFO ] 2021-05-11 14:00:34.674 [main] C3P0ConnectionProvider - HHH10001001: Connection properties: {password=****, user=root}
[INFO ] 2021-05-11 14:00:34.674 [main] C3P0ConnectionProvider - HHH10001003: Autocommit mode: false
[INFO ] 2021-05-11 14:00:34.819 [main] C3P0ConnectionProvider - HHH10001007: JDBC isolation level: <unknown>
[DEBUG] 2021-05-11 14:00:35.371 [main] JdbcEnvironmentInitiator - Database ->
       name : MySQL
    version : 8.0.22
      major : 8
      minor : 0
[DEBUG] 2021-05-11 14:00:35.371 [main] JdbcEnvironmentInitiator - Driver ->
       name : MySQL Connector/J
    version : mysql-connector-java-8.0.16 (Revision: 34cbc6bc61f72836e26327537a432d6db7c77de6)
      major : 8
      minor : 0
[DEBUG] 2021-05-11 14:00:35.371 [main] JdbcEnvironmentInitiator - JDBC version : 4.2
[INFO ] 2021-05-11 14:00:35.412 [main] Dialect - HHH000400: Using dialect: org.hibernate.dialect.MySQL8Dialect
[DEBUG] 2021-05-11 14:00:35.448 [main] IdentifierHelperBuilder - JDBC driver metadata reported database stores quoted identifiers in more than one case
[DEBUG] 2021-05-11 14:00:35.474 [main] IdentifierHelperBuilder - IdentifierCaseStrategy for both quoted and unquoted identifiers was set to the same strategy [MIXED]; that will likely lead to problems in schema update and validation if using quoted identifiers
[DEBUG] 2021-05-11 14:00:35.519 [main] Namespace - Created database namespace [logicalName=Name{catalog=null, schema=null}, physicalName=Name{catalog=null, schema=null}]
[DEBUG] 2021-05-11 14:00:35.524 [main] TypeConfiguration$Scope - Scoping TypeConfiguration [org.hibernate.type.spi.TypeConfiguration@7a7cc52c] to MetadataBuildingContext [org.hibernate.boot.internal.MetadataBuildingContextRootImpl@5853495b]
[DEBUG] 2021-05-11 14:00:35.570 [main] AnnotationBinder - Binding entity from annotated class: edu.matc.entity.Category
[DEBUG] 2021-05-11 14:00:35.588 [main] Ejb3Column - Binding column: Ejb3DiscriminatorColumn{logicalColumnName'DTYPE', discriminatorTypeName='string'}
[DEBUG] 2021-05-11 14:00:35.595 [main] EntityBinder - Import with entity name Category
[DEBUG] 2021-05-11 14:00:35.596 [main] EntityBinder - Bind entity edu.matc.entity.Category on table category
[DEBUG] 2021-05-11 14:00:35.618 [main] Ejb3Column - Binding column: Ejb3Column{table=org.hibernate.mapping.Table(category), mappingColumn=id, insertable=true, updatable=true, unique=false}
[DEBUG] 2021-05-11 14:00:35.625 [main] PropertyBinder - MetadataSourceProcessor property id with lazy=false
[DEBUG] 2021-05-11 14:00:35.626 [main] AbstractPropertyHolder - Attempting to locate auto-apply AttributeConverter for property [edu.matc.entity.Category:id]
[DEBUG] 2021-05-11 14:00:35.628 [main] SimpleValueBinder - building SimpleValue for id
[DEBUG] 2021-05-11 14:00:35.633 [main] PropertyBinder - Building property id
[DEBUG] 2021-05-11 14:00:35.635 [main] BinderHelper - #makeIdGenerator(org.hibernate.mapping.SimpleValue([org.hibernate.mapping.Column(id)]), id, org.hibernate.id.enhanced.SequenceStyleGenerator, native, ...)
[DEBUG] 2021-05-11 14:00:35.636 [main] Ejb3Column - Binding column: Ejb3Column{table=org.hibernate.mapping.Table(category), mappingColumn=category_description, insertable=true, updatable=true, unique=false}
[DEBUG] 2021-05-11 14:00:35.640 [main] PropertyBinder - MetadataSourceProcessor property categoryDescription with lazy=false
[DEBUG] 2021-05-11 14:00:35.640 [main] AbstractPropertyHolder - Attempting to locate auto-apply AttributeConverter for property [edu.matc.entity.Category:categoryDescription]
[DEBUG] 2021-05-11 14:00:35.640 [main] SimpleValueBinder - building SimpleValue for categoryDescription
[DEBUG] 2021-05-11 14:00:35.641 [main] PropertyBinder - Building property categoryDescription
[DEBUG] 2021-05-11 14:00:35.641 [main] Ejb3Column - Binding column: Ejb3Column{table=org.hibernate.mapping.Table(category), mappingColumn=category_name, insertable=true, updatable=true, unique=false}
[DEBUG] 2021-05-11 14:00:35.641 [main] PropertyBinder - MetadataSourceProcessor property categoryName with lazy=false
[DEBUG] 2021-05-11 14:00:35.641 [main] AbstractPropertyHolder - Attempting to locate auto-apply AttributeConverter for property [edu.matc.entity.Category:categoryName]
[DEBUG] 2021-05-11 14:00:35.641 [main] SimpleValueBinder - building SimpleValue for categoryName
[DEBUG] 2021-05-11 14:00:35.646 [main] PropertyBinder - Building property categoryName
[DEBUG] 2021-05-11 14:00:35.647 [main] Ejb3Column - Binding column: Ejb3Column{table=org.hibernate.mapping.Table(category), mappingColumn=color, insertable=true, updatable=true, unique=false}
[DEBUG] 2021-05-11 14:00:35.647 [main] PropertyBinder - MetadataSourceProcessor property color with lazy=false
[DEBUG] 2021-05-11 14:00:35.648 [main] AbstractPropertyHolder - Attempting to locate auto-apply AttributeConverter for property [edu.matc.entity.Category:color]
[DEBUG] 2021-05-11 14:00:35.650 [main] SimpleValueBinder - building SimpleValue for color
[DEBUG] 2021-05-11 14:00:35.650 [main] PropertyBinder - Building property color
[DEBUG] 2021-05-11 14:00:35.651 [main] Ejb3Column - Binding column: Ejb3JoinColumn{logicalColumnName='user_id', referencedColumn='id', mappedBy=''}
[DEBUG] 2021-05-11 14:00:35.651 [main] Ejb3Column - Binding column: Ejb3Column{table=org.hibernate.mapping.Table(category), mappingColumn=userId, insertable=true, updatable=true, unique=false}
[DEBUG] 2021-05-11 14:00:35.657 [main] PropertyBinder - Building property userId
[DEBUG] 2021-05-11 14:00:35.658 [main] AnnotationBinder - Binding entity from annotated class: edu.matc.entity.Entry
[DEBUG] 2021-05-11 14:00:35.658 [main] Ejb3Column - Binding column: Ejb3DiscriminatorColumn{logicalColumnName'DTYPE', discriminatorTypeName='string'}
[DEBUG] 2021-05-11 14:00:35.658 [main] EntityBinder - Import with entity name Entry
[DEBUG] 2021-05-11 14:00:35.658 [main] EntityBinder - Bind entity edu.matc.entity.Entry on table entry
[DEBUG] 2021-05-11 14:00:35.661 [main] Ejb3Column - Binding column: Ejb3Column{table=org.hibernate.mapping.Table(entry), mappingColumn=id, insertable=true, updatable=true, unique=false}
[DEBUG] 2021-05-11 14:00:35.662 [main] PropertyBinder - MetadataSourceProcessor property id with lazy=false
[DEBUG] 2021-05-11 14:00:35.662 [main] AbstractPropertyHolder - Attempting to locate auto-apply AttributeConverter for property [edu.matc.entity.Entry:id]
[DEBUG] 2021-05-11 14:00:35.662 [main] SimpleValueBinder - building SimpleValue for id
[DEBUG] 2021-05-11 14:00:35.662 [main] PropertyBinder - Building property id
[DEBUG] 2021-05-11 14:00:35.662 [main] BinderHelper - #makeIdGenerator(org.hibernate.mapping.SimpleValue([org.hibernate.mapping.Column(id)]), id, org.hibernate.id.enhanced.SequenceStyleGenerator, native, ...)
[DEBUG] 2021-05-11 14:00:35.662 [main] Ejb3Column - Binding column: Ejb3JoinColumn{logicalColumnName='category_id', referencedColumn='id', mappedBy=''}
[DEBUG] 2021-05-11 14:00:35.662 [main] Ejb3Column - Binding column: Ejb3Column{table=org.hibernate.mapping.Table(entry), mappingColumn=categoryId, insertable=true, updatable=true, unique=false}
[DEBUG] 2021-05-11 14:00:35.662 [main] PropertyBinder - Building property categoryId
[DEBUG] 2021-05-11 14:00:35.662 [main] Ejb3Column - Binding column: Ejb3Column{table=org.hibernate.mapping.Table(entry), mappingColumn=date, insertable=true, updatable=true, unique=false}
[DEBUG] 2021-05-11 14:00:35.663 [main] PropertyBinder - MetadataSourceProcessor property date with lazy=false
[DEBUG] 2021-05-11 14:00:35.663 [main] AbstractPropertyHolder - Attempting to locate auto-apply AttributeConverter for property [edu.matc.entity.Entry:date]
[DEBUG] 2021-05-11 14:00:35.663 [main] SimpleValueBinder - building SimpleValue for date
[DEBUG] 2021-05-11 14:00:35.663 [main] PropertyBinder - Building property date
[DEBUG] 2021-05-11 14:00:35.664 [main] Ejb3Column - Binding column: Ejb3Column{table=org.hibernate.mapping.Table(entry), mappingColumn=entry_name, insertable=true, updatable=true, unique=false}
[DEBUG] 2021-05-11 14:00:35.665 [main] PropertyBinder - MetadataSourceProcessor property entryName with lazy=false
[DEBUG] 2021-05-11 14:00:35.665 [main] AbstractPropertyHolder - Attempting to locate auto-apply AttributeConverter for property [edu.matc.entity.Entry:entryName]
[DEBUG] 2021-05-11 14:00:35.665 [main] SimpleValueBinder - building SimpleValue for entryName
[DEBUG] 2021-05-11 14:00:35.665 [main] PropertyBinder - Building property entryName
[DEBUG] 2021-05-11 14:00:35.665 [main] Ejb3Column - Binding column: Ejb3Column{table=org.hibernate.mapping.Table(entry), mappingColumn=entry_type, insertable=true, updatable=true, unique=false}
[DEBUG] 2021-05-11 14:00:35.665 [main] PropertyBinder - MetadataSourceProcessor property entryType with lazy=false
[DEBUG] 2021-05-11 14:00:35.665 [main] AbstractPropertyHolder - Attempting to locate auto-apply AttributeConverter for property [edu.matc.entity.Entry:entryType]
[DEBUG] 2021-05-11 14:00:35.665 [main] SimpleValueBinder - building SimpleValue for entryType
[DEBUG] 2021-05-11 14:00:35.665 [main] PropertyBinder - Building property entryType
[DEBUG] 2021-05-11 14:00:35.666 [main] Ejb3Column - Binding column: Ejb3JoinColumn{logicalColumnName='user_id', referencedColumn='id', mappedBy=''}
[DEBUG] 2021-05-11 14:00:35.666 [main] Ejb3Column - Binding column: Ejb3Column{table=org.hibernate.mapping.Table(entry), mappingColumn=userId, insertable=true, updatable=true, unique=false}
[DEBUG] 2021-05-11 14:00:35.666 [main] PropertyBinder - Building property userId
[DEBUG] 2021-05-11 14:00:35.667 [main] Ejb3Column - Binding column: Ejb3Column{table=org.hibernate.mapping.Table(entry), mappingColumn=value, insertable=true, updatable=true, unique=false}
[DEBUG] 2021-05-11 14:00:35.667 [main] PropertyBinder - MetadataSourceProcessor property value with lazy=false
[DEBUG] 2021-05-11 14:00:35.667 [main] AbstractPropertyHolder - Attempting to locate auto-apply AttributeConverter for property [edu.matc.entity.Entry:value]
[DEBUG] 2021-05-11 14:00:35.667 [main] SimpleValueBinder - building SimpleValue for value
[DEBUG] 2021-05-11 14:00:35.667 [main] PropertyBinder - Building property value
[DEBUG] 2021-05-11 14:00:35.667 [main] AnnotationBinder - Binding entity from annotated class: edu.matc.entity.User
[DEBUG] 2021-05-11 14:00:35.668 [main] Ejb3Column - Binding column: Ejb3DiscriminatorColumn{logicalColumnName'DTYPE', discriminatorTypeName='string'}
[DEBUG] 2021-05-11 14:00:35.668 [main] EntityBinder - Import with entity name User
[DEBUG] 2021-05-11 14:00:35.668 [main] EntityBinder - Bind entity edu.matc.entity.User on table user
[DEBUG] 2021-05-11 14:00:35.670 [main] Ejb3Column - Binding column: Ejb3Column{table=org.hibernate.mapping.Table(user), mappingColumn=id, insertable=true, updatable=true, unique=false}
[DEBUG] 2021-05-11 14:00:35.670 [main] PropertyBinder - MetadataSourceProcessor property id with lazy=false
[DEBUG] 2021-05-11 14:00:35.670 [main] AbstractPropertyHolder - Attempting to locate auto-apply AttributeConverter for property [edu.matc.entity.User:id]
[DEBUG] 2021-05-11 14:00:35.670 [main] SimpleValueBinder - building SimpleValue for id
[DEBUG] 2021-05-11 14:00:35.671 [main] PropertyBinder - Building property id
[DEBUG] 2021-05-11 14:00:35.671 [main] BinderHelper - #makeIdGenerator(org.hibernate.mapping.SimpleValue([org.hibernate.mapping.Column(id)]), id, org.hibernate.id.enhanced.SequenceStyleGenerator, native, ...)
[DEBUG] 2021-05-11 14:00:35.674 [main] Ejb3Column - Binding column: Ejb3Column{table=org.hibernate.mapping.Table(user), mappingColumn=birthdate, insertable=true, updatable=true, unique=false}
[DEBUG] 2021-05-11 14:00:35.674 [main] PropertyBinder - MetadataSourceProcessor property birthdate with lazy=false
[DEBUG] 2021-05-11 14:00:35.675 [main] AbstractPropertyHolder - Attempting to locate auto-apply AttributeConverter for property [edu.matc.entity.User:birthdate]
[DEBUG] 2021-05-11 14:00:35.675 [main] SimpleValueBinder - building SimpleValue for birthdate
[DEBUG] 2021-05-11 14:00:35.675 [main] PropertyBinder - Building property birthdate
[DEBUG] 2021-05-11 14:00:35.675 [main] Ejb3Column - Binding column: Ejb3Column{table=org.hibernate.mapping.Table(user), mappingColumn=email, insertable=true, updatable=true, unique=false}
[DEBUG] 2021-05-11 14:00:35.675 [main] PropertyBinder - MetadataSourceProcessor property email with lazy=false
[DEBUG] 2021-05-11 14:00:35.675 [main] AbstractPropertyHolder - Attempting to locate auto-apply AttributeConverter for property [edu.matc.entity.User:email]
[DEBUG] 2021-05-11 14:00:35.675 [main] SimpleValueBinder - building SimpleValue for email
[DEBUG] 2021-05-11 14:00:35.675 [main] PropertyBinder - Building property email
[DEBUG] 2021-05-11 14:00:35.675 [main] Ejb3Column - Binding column: Ejb3Column{table=org.hibernate.mapping.Table(user), mappingColumn=first_name, insertable=true, updatable=true, unique=false}
[DEBUG] 2021-05-11 14:00:35.675 [main] PropertyBinder - MetadataSourceProcessor property firstName with lazy=false
[DEBUG] 2021-05-11 14:00:35.675 [main] AbstractPropertyHolder - Attempting to locate auto-apply AttributeConverter for property [edu.matc.entity.User:firstName]
[DEBUG] 2021-05-11 14:00:35.675 [main] SimpleValueBinder - building SimpleValue for firstName
[DEBUG] 2021-05-11 14:00:35.675 [main] PropertyBinder - Building property firstName
[DEBUG] 2021-05-11 14:00:35.675 [main] Ejb3Column - Binding column: Ejb3Column{table=org.hibernate.mapping.Table(user), mappingColumn=last_name, insertable=true, updatable=true, unique=false}
[DEBUG] 2021-05-11 14:00:35.675 [main] PropertyBinder - MetadataSourceProcessor property lastName with lazy=false
[DEBUG] 2021-05-11 14:00:35.676 [main] AbstractPropertyHolder - Attempting to locate auto-apply AttributeConverter for property [edu.matc.entity.User:lastName]
[DEBUG] 2021-05-11 14:00:35.676 [main] SimpleValueBinder - building SimpleValue for lastName
[DEBUG] 2021-05-11 14:00:35.676 [main] PropertyBinder - Building property lastName
[DEBUG] 2021-05-11 14:00:35.676 [main] Ejb3Column - Binding column: Ejb3Column{table=org.hibernate.mapping.Table(user), mappingColumn=password, insertable=true, updatable=true, unique=false}
[DEBUG] 2021-05-11 14:00:35.676 [main] PropertyBinder - MetadataSourceProcessor property password with lazy=false
[DEBUG] 2021-05-11 14:00:35.676 [main] AbstractPropertyHolder - Attempting to locate auto-apply AttributeConverter for property [edu.matc.entity.User:password]
[DEBUG] 2021-05-11 14:00:35.676 [main] SimpleValueBinder - building SimpleValue for password
[DEBUG] 2021-05-11 14:00:35.676 [main] PropertyBinder - Building property password
[DEBUG] 2021-05-11 14:00:35.676 [main] Ejb3Column - Binding column: Ejb3Column{table=org.hibernate.mapping.Table(user), mappingColumn=username, insertable=true, updatable=true, unique=false}
[DEBUG] 2021-05-11 14:00:35.676 [main] PropertyBinder - MetadataSourceProcessor property userName with lazy=false
[DEBUG] 2021-05-11 14:00:35.676 [main] AbstractPropertyHolder - Attempting to locate auto-apply AttributeConverter for property [edu.matc.entity.User:userName]
[DEBUG] 2021-05-11 14:00:35.677 [main] SimpleValueBinder - building SimpleValue for userName
[DEBUG] 2021-05-11 14:00:35.678 [main] PropertyBinder - Building property userName
[DEBUG] 2021-05-11 14:00:35.681 [main] SimpleValueBinder - Starting fillSimpleValue for id
[DEBUG] 2021-05-11 14:00:35.681 [main] SimpleValueBinder - Starting fillSimpleValue for categoryDescription
[DEBUG] 2021-05-11 14:00:35.681 [main] SimpleValueBinder - Starting fillSimpleValue for categoryName
[DEBUG] 2021-05-11 14:00:35.681 [main] SimpleValueBinder - Starting fillSimpleValue for color
[DEBUG] 2021-05-11 14:00:35.681 [main] SimpleValueBinder - Starting fillSimpleValue for id
[DEBUG] 2021-05-11 14:00:35.681 [main] SimpleValueBinder - Starting fillSimpleValue for date
[DEBUG] 2021-05-11 14:00:35.681 [main] SimpleValueBinder - Starting fillSimpleValue for entryName
[DEBUG] 2021-05-11 14:00:35.681 [main] SimpleValueBinder - Starting fillSimpleValue for entryType
[DEBUG] 2021-05-11 14:00:35.681 [main] SimpleValueBinder - Starting fillSimpleValue for value
[DEBUG] 2021-05-11 14:00:35.681 [main] SimpleValueBinder - Starting fillSimpleValue for id
[DEBUG] 2021-05-11 14:00:35.681 [main] SimpleValueBinder - Starting fillSimpleValue for birthdate
[DEBUG] 2021-05-11 14:00:35.681 [main] SimpleValueBinder - Starting fillSimpleValue for email
[DEBUG] 2021-05-11 14:00:35.681 [main] SimpleValueBinder - Starting fillSimpleValue for firstName
[DEBUG] 2021-05-11 14:00:35.681 [main] SimpleValueBinder - Starting fillSimpleValue for lastName
[DEBUG] 2021-05-11 14:00:35.681 [main] SimpleValueBinder - Starting fillSimpleValue for password
[DEBUG] 2021-05-11 14:00:35.681 [main] SimpleValueBinder - Starting fillSimpleValue for userName
[DEBUG] 2021-05-11 14:00:35.687 [main] PrimaryKey - Forcing column [id] to be non-null as it is part of the primary key for table [category]
[DEBUG] 2021-05-11 14:00:35.687 [main] PrimaryKey - Forcing column [id] to be non-null as it is part of the primary key for table [entry]
[DEBUG] 2021-05-11 14:00:35.688 [main] PrimaryKey - Forcing column [id] to be non-null as it is part of the primary key for table [user]
[DEBUG] 2021-05-11 14:00:35.688 [main] InFlightMetadataCollectorImpl - Resolving reference to class: edu.matc.entity.User
[DEBUG] 2021-05-11 14:00:35.690 [main] InFlightMetadataCollectorImpl - Resolving reference to class: edu.matc.entity.Category
[DEBUG] 2021-05-11 14:00:35.690 [main] InFlightMetadataCollectorImpl - Resolving reference to class: edu.matc.entity.User
[DEBUG] 2021-05-11 14:00:35.695 [main] InFlightMetadataCollectorImpl - Resolving reference to class: edu.matc.entity.User
[DEBUG] 2021-05-11 14:00:35.695 [main] InFlightMetadataCollectorImpl - Resolving reference to class: edu.matc.entity.Category
[DEBUG] 2021-05-11 14:00:35.695 [main] InFlightMetadataCollectorImpl - Resolving reference to class: edu.matc.entity.User
[DEBUG] 2021-05-11 14:00:35.713 [main] SessionFactoryImpl - Building session factory
[DEBUG] 2021-05-11 14:00:35.714 [main] Settings - SessionFactory name : null
[DEBUG] 2021-05-11 14:00:35.714 [main] Settings - Automatic flush during beforeCompletion(): enabled
[DEBUG] 2021-05-11 14:00:35.714 [main] Settings - Automatic session close at end of transaction: disabled
[DEBUG] 2021-05-11 14:00:35.714 [main] Settings - Statistics: disabled
[DEBUG] 2021-05-11 14:00:35.714 [main] Settings - Deleted entity synthetic identifier rollback: disabled
[DEBUG] 2021-05-11 14:00:35.714 [main] Settings - Default entity-mode: pojo
[DEBUG] 2021-05-11 14:00:35.715 [main] Settings - Check Nullability in Core (should be disabled when Bean Validation is on): enabled
[DEBUG] 2021-05-11 14:00:35.715 [main] Settings - Allow initialization of lazy state outside session : disabled
[DEBUG] 2021-05-11 14:00:35.715 [main] Settings - Using BatchFetchStyle : LEGACY
[DEBUG] 2021-05-11 14:00:35.716 [main] Settings - Default batch fetch size: -1
[DEBUG] 2021-05-11 14:00:35.716 [main] Settings - Maximum outer join fetch depth: 2
[DEBUG] 2021-05-11 14:00:35.716 [main] Settings - Default null ordering: NONE
[DEBUG] 2021-05-11 14:00:35.716 [main] Settings - Order SQL updates by primary key: disabled
[DEBUG] 2021-05-11 14:00:35.722 [main] Settings - Order SQL inserts for batching: disabled
[DEBUG] 2021-05-11 14:00:35.722 [main] Settings - multi-tenancy strategy : NONE
[DEBUG] 2021-05-11 14:00:35.722 [main] Settings - JTA Track by Thread: enabled
[DEBUG] 2021-05-11 14:00:35.722 [main] Settings - Query language substitutions: {}
[DEBUG] 2021-05-11 14:00:35.722 [main] Settings - Named query checking : enabled
[DEBUG] 2021-05-11 14:00:35.722 [main] Settings - Second-level cache: disabled
[DEBUG] 2021-05-11 14:00:35.722 [main] Settings - Second-level query cache: disabled
[DEBUG] 2021-05-11 14:00:35.723 [main] Settings - Second-level query cache factory: null
[DEBUG] 2021-05-11 14:00:35.723 [main] Settings - Second-level cache region prefix: null
[DEBUG] 2021-05-11 14:00:35.723 [main] Settings - Optimize second-level cache for minimal puts: disabled
[DEBUG] 2021-05-11 14:00:35.723 [main] Settings - Structured second-level cache entries: disabled
[DEBUG] 2021-05-11 14:00:35.723 [main] Settings - Second-level cache direct-reference entries: disabled
[DEBUG] 2021-05-11 14:00:35.723 [main] Settings - Automatic eviction of collection cache: disabled
[DEBUG] 2021-05-11 14:00:35.723 [main] Settings - JDBC batch size: 15
[DEBUG] 2021-05-11 14:00:35.723 [main] Settings - JDBC batch updates for versioned data: enabled
[DEBUG] 2021-05-11 14:00:35.723 [main] Settings - Scrollable result sets: enabled
[DEBUG] 2021-05-11 14:00:35.723 [main] Settings - Wrap result sets: disabled
[DEBUG] 2021-05-11 14:00:35.723 [main] Settings - JDBC3 getGeneratedKeys(): enabled
[DEBUG] 2021-05-11 14:00:35.723 [main] Settings - JDBC result set fetch size: null
[DEBUG] 2021-05-11 14:00:35.723 [main] Settings - Connection release mode: AFTER_TRANSACTION
[DEBUG] 2021-05-11 14:00:35.723 [main] Settings - Generate SQL with comments: disabled
[DEBUG] 2021-05-11 14:00:35.723 [main] Settings - JPA compliance - query : 
[DEBUG] 2021-05-11 14:00:35.723 [main] Settings - JPA compliance - closed-handling : 
[DEBUG] 2021-05-11 14:00:35.723 [main] Settings - JPA compliance - lists : 
[DEBUG] 2021-05-11 14:00:35.723 [main] Settings - JPA compliance - transactions : 
[INFO ] 2021-05-11 14:00:35.755 [main] beans - HHH10005002: No explicit CDI BeanManager reference was passed to Hibernate, but CDI is available on the Hibernate ClassLoader.
[DEBUG] 2021-05-11 14:00:35.782 [main] SessionFactoryImpl - Session factory constructed with filter configurations : {}
[DEBUG] 2021-05-11 14:00:35.782 [main] SessionFactoryImpl - Instantiating session factory with properties: {sun.desktop=gnome, awt.toolkit=sun.awt.X11.XToolkit, java.specification.version=11, sun.cpu.isalist=, hibernate.c3p0.idle_test_period=3000, sun.jnu.encoding=UTF-8, hibernate.c3p0.min_size=5, java.class.path=/home/student/intellij/lib/idea_rt.jar:/home/student/intellij/plugins/junit/lib/junit5-rt.jar:/home/student/intellij/plugins/junit/lib/junit-rt.jar:/home/student/IdeaProjects/budgetTracker/target/test-classes:/home/student/IdeaProjects/budgetTracker/target/classes:/home/student/.m2/repository/junit/junit/4.12/junit-4.12.jar:/home/student/.m2/repository/org/hamcrest/hamcrest-core/1.3/hamcrest-core-1.3.jar:/home/student/.m2/repository/org/hibernate/hibernate-core/5.4.4.Final/hibernate-core-5.4.4.Final.jar:/home/student/.m2/repository/org/jboss/logging/jboss-logging/3.3.2.Final/jboss-logging-3.3.2.Final.jar:/home/student/.m2/repository/javax/persistence/javax.persistence-api/2.2/javax.persistence-api-2.2.jar:/home/student/.m2/repository/org/javassist/javassist/3.24.0-GA/javassist-3.24.0-GA.jar:/home/student/.m2/repository/net/bytebuddy/byte-buddy/1.9.11/byte-buddy-1.9.11.jar:/home/student/.m2/repository/antlr/antlr/2.7.7/antlr-2.7.7.jar:/home/student/.m2/repository/org/jboss/spec/javax/transaction/jboss-transaction-api_1.2_spec/1.1.1.Final/jboss-transaction-api_1.2_spec-1.1.1.Final.jar:/home/student/.m2/repository/org/jboss/jandex/2.0.5.Final/jandex-2.0.5.Final.jar:/home/student/.m2/repository/com/fasterxml/classmate/1.3.4/classmate-1.3.4.jar:/home/student/.m2/repository/javax/activation/javax.activation-api/1.2.0/javax.activation-api-1.2.0.jar:/home/student/.m2/repository/org/dom4j/dom4j/2.1.1/dom4j-2.1.1.jar:/home/student/.m2/repository/org/hibernate/common/hibernate-commons-annotations/5.1.0.Final/hibernate-commons-annotations-5.1.0.Final.jar:/home/student/.m2/repository/javax/xml/bind/jaxb-api/2.3.1/jaxb-api-2.3.1.jar:/home/student/.m2/repository/org/glassfish/jaxb/jaxb-runtime/2.3.1/jaxb-runtime-2.3.1.jar:/home/student/.m2/repository/org/glassfish/jaxb/txw2/2.3.1/txw2-2.3.1.jar:/home/student/.m2/repository/com/sun/istack/istack-commons-runtime/3.0.7/istack-commons-runtime-3.0.7.jar:/home/student/.m2/repository/org/jvnet/staxex/stax-ex/1.8/stax-ex-1.8.jar:/home/student/.m2/repository/com/sun/xml/fastinfoset/FastInfoset/1.2.15/FastInfoset-1.2.15.jar:/home/student/.m2/repository/org/hibernate/hibernate-c3p0/5.4.4.Final/hibernate-c3p0-5.4.4.Final.jar:/home/student/.m2/repository/com/mchange/c3p0/0.9.5.3/c3p0-0.9.5.3.jar:/home/student/.m2/repository/com/mchange/mchange-commons-java/0.2.15/mchange-commons-java-0.2.15.jar:/home/student/.m2/repository/org/apache/logging/log4j/log4j-api/2.10.0/log4j-api-2.10.0.jar:/home/student/.m2/repository/org/apache/logging/log4j/log4j-core/2.10.0/log4j-core-2.10.0.jar:/home/student/.m2/repository/javax/javaee-web-api/7.0/javaee-web-api-7.0.jar:/home/student/.m2/repository/org/junit/platform/junit-platform-runner/1.0.0/junit-platform-runner-1.0.0.jar:/home/student/.m2/repository/org/apiguardian/apiguardian-api/1.0.0/apiguardian-api-1.0.0.jar:/home/student/.m2/repository/org/junit/platform/junit-platform-launcher/1.0.0/junit-platform-launcher-1.0.0.jar:/home/student/.m2/repository/org/junit/platform/junit-platform-suite-api/1.0.0/junit-platform-suite-api-1.0.0.jar:/home/student/.m2/repository/org/junit/vintage/junit-vintage-engine/4.12.0/junit-vintage-engine-4.12.0.jar:/home/student/.m2/repository/org/junit/platform/junit-platform-engine/1.0.0/junit-platform-engine-1.0.0.jar:/home/student/.m2/repository/org/junit/jupiter/junit-jupiter-engine/5.0.0/junit-jupiter-engine-5.0.0.jar:/home/student/.m2/repository/jstl/jstl/1.2/jstl-1.2.jar:/home/student/.m2/repository/mysql/mysql-connector-java/8.0.16/mysql-connector-java-8.0.16.jar:/home/student/.m2/repository/com/google/protobuf/protobuf-java/3.6.1/protobuf-java-3.6.1.jar:/home/student/.m2/repository/org/junit/jupiter/junit-jupiter-api/5.0.0/junit-jupiter-api-5.0.0.jar:/home/student/.m2/repository/org/opentest4j/opentest4j/1.0.0/opentest4j-1.0.0.jar:/home/student/.m2/repository/org/junit/platform/junit-platform-commons/1.0.0/junit-platform-commons-1.0.0.jar:/home/student/.m2/repository/org/glassfish/jersey/core/jersey-client/2.29.1/jersey-client-2.29.1.jar:/home/student/.m2/repository/jakarta/ws/rs/jakarta.ws.rs-api/2.1.6/jakarta.ws.rs-api-2.1.6.jar:/home/student/.m2/repository/org/glassfish/jersey/core/jersey-common/2.29.1/jersey-common-2.29.1.jar:/home/student/.m2/repository/jakarta/annotation/jakarta.annotation-api/1.3.5/jakarta.annotation-api-1.3.5.jar:/home/student/.m2/repository/org/glassfish/hk2/osgi-resource-locator/1.0.3/osgi-resource-locator-1.0.3.jar:/home/student/.m2/repository/com/sun/activation/jakarta.activation/1.2.1/jakarta.activation-1.2.1.jar:/home/student/.m2/repository/org/glassfish/hk2/external/jakarta.inject/2.6.1/jakarta.inject-2.6.1.jar:/home/student/.m2/repository/org/glassfish/jersey/inject/jersey-hk2/2.29.1/jersey-hk2-2.29.1.jar:/home/student/.m2/repository/org/glassfish/hk2/hk2-locator/2.6.1/hk2-locator-2.6.1.jar:/home/student/.m2/repository/org/glassfish/hk2/external/aopalliance-repackaged/2.6.1/aopalliance-repackaged-2.6.1.jar:/home/student/.m2/repository/org/glassfish/hk2/hk2-api/2.6.1/hk2-api-2.6.1.jar:/home/student/.m2/repository/org/glassfish/hk2/hk2-utils/2.6.1/hk2-utils-2.6.1.jar:/home/student/.m2/repository/com/fasterxml/jackson/core/jackson-core/2.10.0/jackson-core-2.10.0.jar:/home/student/.m2/repository/com/fasterxml/jackson/core/jackson-annotations/2.10.0/jackson-annotations-2.10.0.jar:/home/student/.m2/repository/com/fasterxml/jackson/core/jackson-databind/2.10.0/jackson-databind-2.10.0.jar:/home/student/.m2/repository/com/google/apis/google-api-services-driveactivity/v2-rev20210319-1.31.0/google-api-services-driveactivity-v2-rev20210319-1.31.0.jar:/home/student/.m2/repository/com/google/api-client/google-api-client/1.31.4/google-api-client-1.31.4.jar:/home/student/.m2/repository/com/google/oauth-client/google-oauth-client/1.31.5/google-oauth-client-1.31.5.jar:/home/student/.m2/repository/com/google/http-client/google-http-client-gson/1.39.2/google-http-client-gson-1.39.2.jar:/home/student/.m2/repository/com/google/code/gson/gson/2.8.6/gson-2.8.6.jar:/home/student/.m2/repository/com/google/guava/guava/30.1.1-android/guava-30.1.1-android.jar:/home/student/.m2/repository/com/google/guava/failureaccess/1.0.1/failureaccess-1.0.1.jar:/home/student/.m2/repository/com/google/guava/listenablefuture/9999.0-empty-to-avoid-conflict-with-guava/listenablefuture-9999.0-empty-to-avoid-conflict-with-guava.jar:/home/student/.m2/repository/com/google/code/findbugs/jsr305/3.0.2/jsr305-3.0.2.jar:/home/student/.m2/repository/org/checkerframework/checker-compat-qual/2.5.5/checker-compat-qual-2.5.5.jar:/home/student/.m2/repository/com/google/errorprone/error_prone_annotations/2.5.1/error_prone_annotations-2.5.1.jar:/home/student/.m2/repository/com/google/j2objc/j2objc-annotations/1.3/j2objc-annotations-1.3.jar:/home/student/.m2/repository/com/google/http-client/google-http-client-apache-v2/1.39.2/google-http-client-apache-v2-1.39.2.jar:/home/student/.m2/repository/org/apache/httpcomponents/httpcore/4.4.14/httpcore-4.4.14.jar:/home/student/.m2/repository/org/apache/httpcomponents/httpclient/4.5.13/httpclient-4.5.13.jar:/home/student/.m2/repository/commons-logging/commons-logging/1.2/commons-logging-1.2.jar:/home/student/.m2/repository/commons-codec/commons-codec/1.11/commons-codec-1.11.jar:/home/student/.m2/repository/com/google/http-client/google-http-client/1.39.2/google-http-client-1.39.2.jar:/home/student/.m2/repository/io/opencensus/opencensus-api/0.28.0/opencensus-api-0.28.0.jar:/home/student/.m2/repository/io/grpc/grpc-context/1.27.2/grpc-context-1.27.2.jar:/home/student/.m2/repository/io/opencensus/opencensus-contrib-http-util/0.28.0/opencensus-contrib-http-util-0.28.0.jar:/home/student/.m2/repository/com/google/apis/google-api-services-drive/v2-rev20210419-1.31.0/google-api-services-drive-v2-rev20210419-1.31.0.jar:/home/student/.m2/repository/com/google/oauth-client/google-oauth-client-jetty/1.31.0/google-oauth-client-jetty-1.31.0.jar:/home/student/.m2/repository/com/google/oauth-client/google-oauth-client-java6/1.31.0/google-oauth-client-java6-1.31.0.jar:/home/student/.m2/repository/com/google/api-client/google-api-client-jackson2/1.31.0/google-api-client-jackson2-1.31.0.jar:/home/student/.m2/repository/com/google/http-client/google-http-client-jackson2/1.38.0/google-http-client-jackson2-1.38.0.jar, java.vm.vendor=Ubuntu, sun.arch.data.model=64, idea.test.cyclic.buffer.size=1048576, java.vendor.url=https://ubuntu.com/, user.timezone=America/Chicago, os.name=Linux, java.vm.specification.version=11, sun.java.launcher=SUN_STANDARD, user.country=US, sun.boot.library.path=/usr/lib/jvm/java-11-openjdk-amd64/lib, sun.java.command=com.intellij.rt.junit.JUnitStarter -ideVersion5 -junit5 edu.matc.persistence.CategoryDaoTest,insertSuccess, jdk.debug=release, sun.cpu.endian=little, user.home=/home/student, hibernate.c3p0.max_statements=50, user.language=en, java.specification.vendor=Oracle Corporation, java.version.date=2021-04-20, java.home=/usr/lib/jvm/java-11-openjdk-amd64, file.separator=/, java.vm.compressedOopsMode=Zero based, line.separator=
, hibernate.c3p0.timeout=300, java.specification.name=Java Platform API Specification, java.vm.specification.vendor=Oracle Corporation, java.awt.graphicsenv=sun.awt.X11GraphicsEnvironment, connection.password=student, sun.management.compiler=HotSpot 64-Bit Tiered Compilers, hibernate.c3p0.max_size=20, java.runtime.version=11.0.11+9-Ubuntu-0ubuntu2.20.04, user.name=student, path.separator=:, hibernate.connection.username=****, os.version=5.4.0-72-generic, java.runtime.name=OpenJDK Runtime Environment, hibernate.connection.url=jdbc:mysql://localhost:3306/budget_tracker, file.encoding=UTF-8, java.vm.name=OpenJDK 64-Bit Server VM, hibernate.connection.driver_class=com.mysql.cj.jdbc.Driver, java.vendor.url.bug=https://bugs.launchpad.net/ubuntu/+source/openjdk-lts, java.io.tmpdir=/tmp, java.version=11.0.11, user.dir=/home/student/IdeaProjects/budgetTracker, os.arch=amd64, connection.username=root, java.vm.specification.name=Java Virtual Machine Specification, java.awt.printerjob=sun.print.PSPrinterJob, hibernate.connection.password=****, sun.os.patch.level=unknown, connection.driver_class=com.mysql.cj.jdbc.Driver, hibernate.boot.CfgXmlAccessService.key=org.hibernate.boot.cfgxml.spi.LoadedConfig@4779aae6, java.library.path=/usr/java/packages/lib:/usr/lib/x86_64-linux-gnu/jni:/lib/x86_64-linux-gnu:/usr/lib/x86_64-linux-gnu:/usr/lib/jni:/lib:/usr/lib, java.vendor=Ubuntu, java.vm.info=mixed mode, sharing, java.vm.version=11.0.11+9-Ubuntu-0ubuntu2.20.04, hibernate.bytecode.use_reflection_optimizer=false, sun.io.unicode.encoding=UnicodeLittle, connection.url=jdbc:mysql://localhost:3306/budget_tracker, java.class.version=55.0}
[DEBUG] 2021-05-11 14:00:35.799 [main] TypeSafeActivator - Unable to acquire Bean Validation ValidatorFactory, skipping activation
[DEBUG] 2021-05-11 14:00:35.799 [main] JaccIntegrator - Skipping JACC integration as it was not enabled
[DEBUG] 2021-05-11 14:00:35.800 [main] SessionFactoryImpl - Instantiated session factory
[DEBUG] 2021-05-11 14:00:35.800 [main] TypeConfiguration$Scope - Scoping TypeConfiguration [org.hibernate.type.spi.TypeConfiguration@7a7cc52c] to SessionFactoryImpl [org.hibernate.internal.SessionFactoryImpl@107bfcb2]
[DEBUG] 2021-05-11 14:00:35.915 [main] ClassLoaderAccessImpl - Not known whether passed class name [edu.matc.entity.User] is safe
[DEBUG] 2021-05-11 14:00:35.915 [main] ClassLoaderAccessImpl - No temp ClassLoader provided; using live ClassLoader for loading potentially unsafe class : edu.matc.entity.User
[DEBUG] 2021-05-11 14:00:35.931 [main] ClassLoaderAccessImpl - Not known whether passed class name [edu.matc.entity.User] is safe
[DEBUG] 2021-05-11 14:00:35.932 [main] ClassLoaderAccessImpl - No temp ClassLoader provided; using live ClassLoader for loading potentially unsafe class : edu.matc.entity.User
[DEBUG] 2021-05-11 14:00:36.100 [main] ClassLoaderAccessImpl - Not known whether passed class name [edu.matc.entity.Category] is safe
[DEBUG] 2021-05-11 14:00:36.100 [main] ClassLoaderAccessImpl - No temp ClassLoader provided; using live ClassLoader for loading potentially unsafe class : edu.matc.entity.Category
[DEBUG] 2021-05-11 14:00:36.101 [main] ClassLoaderAccessImpl - Not known whether passed class name [edu.matc.entity.Category] is safe
[DEBUG] 2021-05-11 14:00:36.101 [main] ClassLoaderAccessImpl - No temp ClassLoader provided; using live ClassLoader for loading potentially unsafe class : edu.matc.entity.Category
[DEBUG] 2021-05-11 14:00:36.129 [main] ClassLoaderAccessImpl - Not known whether passed class name [edu.matc.entity.Entry] is safe
[DEBUG] 2021-05-11 14:00:36.131 [main] ClassLoaderAccessImpl - No temp ClassLoader provided; using live ClassLoader for loading potentially unsafe class : edu.matc.entity.Entry
[DEBUG] 2021-05-11 14:00:36.131 [main] ClassLoaderAccessImpl - Not known whether passed class name [edu.matc.entity.Entry] is safe
[DEBUG] 2021-05-11 14:00:36.131 [main] ClassLoaderAccessImpl - No temp ClassLoader provided; using live ClassLoader for loading potentially unsafe class : edu.matc.entity.Entry
[DEBUG] 2021-05-11 14:00:36.184 [main] AbstractEntityPersister - Static SQL for entity: edu.matc.entity.User
[DEBUG] 2021-05-11 14:00:36.184 [main] AbstractEntityPersister -  Version select: select id from user where id =?
[DEBUG] 2021-05-11 14:00:36.184 [main] AbstractEntityPersister -  Snapshot select: select user_.id, user_.birthdate as birthdat2_2_, user_.email as email3_2_, user_.first_name as first_na4_2_, user_.last_name as last_nam5_2_, user_.password as password6_2_, user_.username as username7_2_ from user user_ where user_.id=?
[DEBUG] 2021-05-11 14:00:36.190 [main] AbstractEntityPersister -  Insert 0: insert into user (birthdate, email, first_name, last_name, password, username, id) values (?, ?, ?, ?, ?, ?, ?)
[DEBUG] 2021-05-11 14:00:36.190 [main] AbstractEntityPersister -  Update 0: update user set birthdate=?, email=?, first_name=?, last_name=?, password=?, username=? where id=?
[DEBUG] 2021-05-11 14:00:36.190 [main] AbstractEntityPersister -  Delete 0: delete from user where id=?
[DEBUG] 2021-05-11 14:00:36.190 [main] AbstractEntityPersister -  Identity insert: insert into user (birthdate, email, first_name, last_name, password, username) values (?, ?, ?, ?, ?, ?)
[DEBUG] 2021-05-11 14:00:36.207 [main] QuerySpacesImpl - Adding QuerySpace : uid = <gen:0> -> org.hibernate.loader.plan.build.internal.spaces.EntityQuerySpaceImpl@11d86b9d]
[DEBUG] 2021-05-11 14:00:36.208 [main] MetamodelGraphWalker - Visiting attribute path : birthdate
[DEBUG] 2021-05-11 14:00:36.208 [main] MetamodelGraphWalker - Visiting attribute path : email
[DEBUG] 2021-05-11 14:00:36.208 [main] MetamodelGraphWalker - Visiting attribute path : firstName
[DEBUG] 2021-05-11 14:00:36.208 [main] MetamodelGraphWalker - Visiting attribute path : lastName
[DEBUG] 2021-05-11 14:00:36.208 [main] MetamodelGraphWalker - Visiting attribute path : password
[DEBUG] 2021-05-11 14:00:36.208 [main] MetamodelGraphWalker - Visiting attribute path : userName
[DEBUG] 2021-05-11 14:00:36.213 [main] FetchStyleLoadPlanBuildingAssociationVisitationStrategy - Building LoadPlan...
[DEBUG] 2021-05-11 14:00:36.224 [main] LoadQueryJoinAndFetchProcessor - processing queryspace <gen:0>
[DEBUG] 2021-05-11 14:00:36.226 [main] LoadPlanTreePrinter - LoadPlan(entity=edu.matc.entity.User)
    - Returns
       - EntityReturnImpl(entity=edu.matc.entity.User, querySpaceUid=<gen:0>, path=edu.matc.entity.User)
    - QuerySpaces
       - EntityQuerySpaceImpl(uid=<gen:0>, entity=edu.matc.entity.User)
          - SQL table alias mapping - user0_
          - alias suffix - 0_
          - suffixed key columns - {id1_2_0_}

[DEBUG] 2021-05-11 14:00:36.227 [main] EntityLoader - Static select for entity edu.matc.entity.User [NONE]: select user0_.id as id1_2_0_, user0_.birthdate as birthdat2_2_0_, user0_.email as email3_2_0_, user0_.first_name as first_na4_2_0_, user0_.last_name as last_nam5_2_0_, user0_.password as password6_2_0_, user0_.username as username7_2_0_ from user user0_ where user0_.id=?
[DEBUG] 2021-05-11 14:00:36.228 [main] QuerySpacesImpl - Adding QuerySpace : uid = <gen:0> -> org.hibernate.loader.plan.build.internal.spaces.EntityQuerySpaceImpl@4a9a878]
[DEBUG] 2021-05-11 14:00:36.228 [main] MetamodelGraphWalker - Visiting attribute path : birthdate
[DEBUG] 2021-05-11 14:00:36.228 [main] MetamodelGraphWalker - Visiting attribute path : email
[DEBUG] 2021-05-11 14:00:36.228 [main] MetamodelGraphWalker - Visiting attribute path : firstName
[DEBUG] 2021-05-11 14:00:36.228 [main] MetamodelGraphWalker - Visiting attribute path : lastName
[DEBUG] 2021-05-11 14:00:36.228 [main] MetamodelGraphWalker - Visiting attribute path : password
[DEBUG] 2021-05-11 14:00:36.228 [main] MetamodelGraphWalker - Visiting attribute path : userName
[DEBUG] 2021-05-11 14:00:36.228 [main] FetchStyleLoadPlanBuildingAssociationVisitationStrategy - Building LoadPlan...
[DEBUG] 2021-05-11 14:00:36.231 [main] LoadQueryJoinAndFetchProcessor - processing queryspace <gen:0>
[DEBUG] 2021-05-11 14:00:36.231 [main] LoadPlanTreePrinter - LoadPlan(entity=edu.matc.entity.User)
    - Returns
       - EntityReturnImpl(entity=edu.matc.entity.User, querySpaceUid=<gen:0>, path=edu.matc.entity.User)
    - QuerySpaces
       - EntityQuerySpaceImpl(uid=<gen:0>, entity=edu.matc.entity.User)
          - SQL table alias mapping - user0_
          - alias suffix - 0_
          - suffixed key columns - {id1_2_0_}

[DEBUG] 2021-05-11 14:00:36.231 [main] EntityLoader - Static select for entity edu.matc.entity.User [READ]: select user0_.id as id1_2_0_, user0_.birthdate as birthdat2_2_0_, user0_.email as email3_2_0_, user0_.first_name as first_na4_2_0_, user0_.last_name as last_nam5_2_0_, user0_.password as password6_2_0_, user0_.username as username7_2_0_ from user user0_ where user0_.id=?
[DEBUG] 2021-05-11 14:00:36.243 [main] Loader - Static select for action ACTION_MERGE on entity edu.matc.entity.User: select user0_.id as id1_2_0_, user0_.birthdate as birthdat2_2_0_, user0_.email as email3_2_0_, user0_.first_name as first_na4_2_0_, user0_.last_name as last_nam5_2_0_, user0_.password as password6_2_0_, user0_.username as username7_2_0_ from user user0_ where user0_.id=?
[DEBUG] 2021-05-11 14:00:36.243 [main] Loader - Static select for action ACTION_REFRESH on entity edu.matc.entity.User: select user0_.id as id1_2_0_, user0_.birthdate as birthdat2_2_0_, user0_.email as email3_2_0_, user0_.first_name as first_na4_2_0_, user0_.last_name as last_nam5_2_0_, user0_.password as password6_2_0_, user0_.username as username7_2_0_ from user user0_ where user0_.id=?
[DEBUG] 2021-05-11 14:00:36.243 [main] AbstractEntityPersister - Static SQL for entity: edu.matc.entity.Category
[DEBUG] 2021-05-11 14:00:36.243 [main] AbstractEntityPersister -  Version select: select id from category where id =?
[DEBUG] 2021-05-11 14:00:36.243 [main] AbstractEntityPersister -  Snapshot select: select category_.id, category_.category_description as category2_0_, category_.category_name as category3_0_, category_.color as color4_0_, category_.user_id as user_id5_0_ from category category_ where category_.id=?
[DEBUG] 2021-05-11 14:00:36.243 [main] AbstractEntityPersister -  Insert 0: insert into category (category_description, category_name, color, user_id, id) values (?, ?, ?, ?, ?)
[DEBUG] 2021-05-11 14:00:36.243 [main] AbstractEntityPersister -  Update 0: update category set category_description=?, category_name=?, color=?, user_id=? where id=?
[DEBUG] 2021-05-11 14:00:36.243 [main] AbstractEntityPersister -  Delete 0: delete from category where id=?
[DEBUG] 2021-05-11 14:00:36.243 [main] AbstractEntityPersister -  Identity insert: insert into category (category_description, category_name, color, user_id) values (?, ?, ?, ?)
[DEBUG] 2021-05-11 14:00:36.243 [main] QuerySpacesImpl - Adding QuerySpace : uid = <gen:0> -> org.hibernate.loader.plan.build.internal.spaces.EntityQuerySpaceImpl@7f73ce28]
[DEBUG] 2021-05-11 14:00:36.243 [main] MetamodelGraphWalker - Visiting attribute path : categoryDescription
[DEBUG] 2021-05-11 14:00:36.243 [main] MetamodelGraphWalker - Visiting attribute path : categoryName
[DEBUG] 2021-05-11 14:00:36.244 [main] MetamodelGraphWalker - Visiting attribute path : color
[DEBUG] 2021-05-11 14:00:36.245 [main] MetamodelGraphWalker - Visiting attribute path : userId
[DEBUG] 2021-05-11 14:00:36.247 [main] QuerySpacesImpl - Adding QuerySpace : uid = <gen:1> -> org.hibernate.loader.plan.build.internal.spaces.EntityQuerySpaceImpl@faea4da]
[DEBUG] 2021-05-11 14:00:36.253 [main] MetamodelGraphWalker - Visiting attribute path : userId.birthdate
[DEBUG] 2021-05-11 14:00:36.254 [main] MetamodelGraphWalker - Visiting attribute path : userId.email
[DEBUG] 2021-05-11 14:00:36.254 [main] MetamodelGraphWalker - Visiting attribute path : userId.firstName
[DEBUG] 2021-05-11 14:00:36.254 [main] MetamodelGraphWalker - Visiting attribute path : userId.lastName
[DEBUG] 2021-05-11 14:00:36.254 [main] MetamodelGraphWalker - Visiting attribute path : userId.password
[DEBUG] 2021-05-11 14:00:36.254 [main] MetamodelGraphWalker - Visiting attribute path : userId.userName
[DEBUG] 2021-05-11 14:00:36.254 [main] FetchStyleLoadPlanBuildingAssociationVisitationStrategy - Building LoadPlan...
[DEBUG] 2021-05-11 14:00:36.254 [main] LoadQueryJoinAndFetchProcessor - processing queryspace <gen:0>
[DEBUG] 2021-05-11 14:00:36.257 [main] LoadPlanTreePrinter - LoadPlan(entity=edu.matc.entity.Category)
    - Returns
       - EntityReturnImpl(entity=edu.matc.entity.Category, querySpaceUid=<gen:0>, path=edu.matc.entity.Category)
          - EntityAttributeFetchImpl(entity=edu.matc.entity.User, querySpaceUid=<gen:1>, path=edu.matc.entity.Category.userId)
    - QuerySpaces
       - EntityQuerySpaceImpl(uid=<gen:0>, entity=edu.matc.entity.Category)
          - SQL table alias mapping - category0_
          - alias suffix - 0_
          - suffixed key columns - {id1_0_0_}
          - JOIN (JoinDefinedByMetadata(userId)) : <gen:0> -> <gen:1>
             - EntityQuerySpaceImpl(uid=<gen:1>, entity=edu.matc.entity.User)
                - SQL table alias mapping - user1_
                - alias suffix - 1_
                - suffixed key columns - {id1_2_1_}

[DEBUG] 2021-05-11 14:00:36.258 [main] EntityLoader - Static select for entity edu.matc.entity.Category [NONE]: select category0_.id as id1_0_0_, category0_.category_description as category2_0_0_, category0_.category_name as category3_0_0_, category0_.color as color4_0_0_, category0_.user_id as user_id5_0_0_, user1_.id as id1_2_1_, user1_.birthdate as birthdat2_2_1_, user1_.email as email3_2_1_, user1_.first_name as first_na4_2_1_, user1_.last_name as last_nam5_2_1_, user1_.password as password6_2_1_, user1_.username as username7_2_1_ from category category0_ left outer join user user1_ on category0_.user_id=user1_.id where category0_.id=?
[DEBUG] 2021-05-11 14:00:36.258 [main] QuerySpacesImpl - Adding QuerySpace : uid = <gen:0> -> org.hibernate.loader.plan.build.internal.spaces.EntityQuerySpaceImpl@64e7d698]
[DEBUG] 2021-05-11 14:00:36.258 [main] MetamodelGraphWalker - Visiting attribute path : categoryDescription
[DEBUG] 2021-05-11 14:00:36.258 [main] MetamodelGraphWalker - Visiting attribute path : categoryName
[DEBUG] 2021-05-11 14:00:36.258 [main] MetamodelGraphWalker - Visiting attribute path : color
[DEBUG] 2021-05-11 14:00:36.258 [main] MetamodelGraphWalker - Visiting attribute path : userId
[DEBUG] 2021-05-11 14:00:36.258 [main] QuerySpacesImpl - Adding QuerySpace : uid = <gen:1> -> org.hibernate.loader.plan.build.internal.spaces.EntityQuerySpaceImpl@3f8dfe74]
[DEBUG] 2021-05-11 14:00:36.258 [main] MetamodelGraphWalker - Visiting attribute path : userId.birthdate
[DEBUG] 2021-05-11 14:00:36.258 [main] MetamodelGraphWalker - Visiting attribute path : userId.email
[DEBUG] 2021-05-11 14:00:36.258 [main] MetamodelGraphWalker - Visiting attribute path : userId.firstName
[DEBUG] 2021-05-11 14:00:36.258 [main] MetamodelGraphWalker - Visiting attribute path : userId.lastName
[DEBUG] 2021-05-11 14:00:36.258 [main] MetamodelGraphWalker - Visiting attribute path : userId.password
[DEBUG] 2021-05-11 14:00:36.258 [main] MetamodelGraphWalker - Visiting attribute path : userId.userName
[DEBUG] 2021-05-11 14:00:36.258 [main] FetchStyleLoadPlanBuildingAssociationVisitationStrategy - Building LoadPlan...
[DEBUG] 2021-05-11 14:00:36.258 [main] LoadQueryJoinAndFetchProcessor - processing queryspace <gen:0>
[DEBUG] 2021-05-11 14:00:36.258 [main] LoadPlanTreePrinter - LoadPlan(entity=edu.matc.entity.Category)
    - Returns
       - EntityReturnImpl(entity=edu.matc.entity.Category, querySpaceUid=<gen:0>, path=edu.matc.entity.Category)
          - EntityAttributeFetchImpl(entity=edu.matc.entity.User, querySpaceUid=<gen:1>, path=edu.matc.entity.Category.userId)
    - QuerySpaces
       - EntityQuerySpaceImpl(uid=<gen:0>, entity=edu.matc.entity.Category)
          - SQL table alias mapping - category0_
          - alias suffix - 0_
          - suffixed key columns - {id1_0_0_}
          - JOIN (JoinDefinedByMetadata(userId)) : <gen:0> -> <gen:1>
             - EntityQuerySpaceImpl(uid=<gen:1>, entity=edu.matc.entity.User)
                - SQL table alias mapping - user1_
                - alias suffix - 1_
                - suffixed key columns - {id1_2_1_}

[DEBUG] 2021-05-11 14:00:36.258 [main] EntityLoader - Static select for entity edu.matc.entity.Category [READ]: select category0_.id as id1_0_0_, category0_.category_description as category2_0_0_, category0_.category_name as category3_0_0_, category0_.color as color4_0_0_, category0_.user_id as user_id5_0_0_, user1_.id as id1_2_1_, user1_.birthdate as birthdat2_2_1_, user1_.email as email3_2_1_, user1_.first_name as first_na4_2_1_, user1_.last_name as last_nam5_2_1_, user1_.password as password6_2_1_, user1_.username as username7_2_1_ from category category0_ left outer join user user1_ on category0_.user_id=user1_.id where category0_.id=?
[DEBUG] 2021-05-11 14:00:36.258 [main] Loader - Static select for action ACTION_MERGE on entity edu.matc.entity.Category: select category0_.id as id1_0_0_, category0_.category_description as category2_0_0_, category0_.category_name as category3_0_0_, category0_.color as color4_0_0_, category0_.user_id as user_id5_0_0_ from category category0_ where category0_.id=?
[DEBUG] 2021-05-11 14:00:36.259 [main] Loader - Static select for action ACTION_REFRESH on entity edu.matc.entity.Category: select category0_.id as id1_0_0_, category0_.category_description as category2_0_0_, category0_.category_name as category3_0_0_, category0_.color as color4_0_0_, category0_.user_id as user_id5_0_0_ from category category0_ where category0_.id=?
[DEBUG] 2021-05-11 14:00:36.259 [main] AbstractEntityPersister - Static SQL for entity: edu.matc.entity.Entry
[DEBUG] 2021-05-11 14:00:36.259 [main] AbstractEntityPersister -  Version select: select id from entry where id =?
[DEBUG] 2021-05-11 14:00:36.259 [main] AbstractEntityPersister -  Snapshot select: select entry_.id, entry_.category_id as category6_1_, entry_.date as date2_1_, entry_.entry_name as entry_na3_1_, entry_.entry_type as entry_ty4_1_, entry_.user_id as user_id7_1_, entry_.value as value5_1_ from entry entry_ where entry_.id=?
[DEBUG] 2021-05-11 14:00:36.259 [main] AbstractEntityPersister -  Insert 0: insert into entry (category_id, date, entry_name, entry_type, user_id, value, id) values (?, ?, ?, ?, ?, ?, ?)
[DEBUG] 2021-05-11 14:00:36.259 [main] AbstractEntityPersister -  Update 0: update entry set category_id=?, date=?, entry_name=?, entry_type=?, user_id=?, value=? where id=?
[DEBUG] 2021-05-11 14:00:36.266 [main] AbstractEntityPersister -  Delete 0: delete from entry where id=?
[DEBUG] 2021-05-11 14:00:36.266 [main] AbstractEntityPersister -  Identity insert: insert into entry (category_id, date, entry_name, entry_type, user_id, value) values (?, ?, ?, ?, ?, ?)
[DEBUG] 2021-05-11 14:00:36.266 [main] QuerySpacesImpl - Adding QuerySpace : uid = <gen:0> -> org.hibernate.loader.plan.build.internal.spaces.EntityQuerySpaceImpl@1a950fdd]
[DEBUG] 2021-05-11 14:00:36.266 [main] MetamodelGraphWalker - Visiting attribute path : categoryId
[DEBUG] 2021-05-11 14:00:36.266 [main] QuerySpacesImpl - Adding QuerySpace : uid = <gen:1> -> org.hibernate.loader.plan.build.internal.spaces.EntityQuerySpaceImpl@27dc627a]
[DEBUG] 2021-05-11 14:00:36.267 [main] MetamodelGraphWalker - Visiting attribute path : categoryId.categoryDescription
[DEBUG] 2021-05-11 14:00:36.267 [main] MetamodelGraphWalker - Visiting attribute path : categoryId.categoryName
[DEBUG] 2021-05-11 14:00:36.267 [main] MetamodelGraphWalker - Visiting attribute path : categoryId.color
[DEBUG] 2021-05-11 14:00:36.267 [main] MetamodelGraphWalker - Visiting attribute path : categoryId.userId
[DEBUG] 2021-05-11 14:00:36.267 [main] QuerySpacesImpl - Adding QuerySpace : uid = <gen:2> -> org.hibernate.loader.plan.build.internal.spaces.EntityQuerySpaceImpl@37a9b687]
[DEBUG] 2021-05-11 14:00:36.267 [main] MetamodelGraphWalker - Visiting attribute path : categoryId.userId.birthdate
[DEBUG] 2021-05-11 14:00:36.267 [main] MetamodelGraphWalker - Visiting attribute path : categoryId.userId.email
[DEBUG] 2021-05-11 14:00:36.267 [main] MetamodelGraphWalker - Visiting attribute path : categoryId.userId.firstName
[DEBUG] 2021-05-11 14:00:36.267 [main] MetamodelGraphWalker - Visiting attribute path : categoryId.userId.lastName
[DEBUG] 2021-05-11 14:00:36.267 [main] MetamodelGraphWalker - Visiting attribute path : categoryId.userId.password
[DEBUG] 2021-05-11 14:00:36.267 [main] MetamodelGraphWalker - Visiting attribute path : categoryId.userId.userName
[DEBUG] 2021-05-11 14:00:36.267 [main] MetamodelGraphWalker - Visiting attribute path : date
[DEBUG] 2021-05-11 14:00:36.267 [main] MetamodelGraphWalker - Visiting attribute path : entryName
[DEBUG] 2021-05-11 14:00:36.267 [main] MetamodelGraphWalker - Visiting attribute path : entryType
[DEBUG] 2021-05-11 14:00:36.268 [main] MetamodelGraphWalker - Visiting attribute path : userId
[DEBUG] 2021-05-11 14:00:36.268 [main] QuerySpacesImpl - Adding QuerySpace : uid = <gen:3> -> org.hibernate.loader.plan.build.internal.spaces.EntityQuerySpaceImpl@16d07cf3]
[DEBUG] 2021-05-11 14:00:36.268 [main] MetamodelGraphWalker - Visiting attribute path : userId.birthdate
[DEBUG] 2021-05-11 14:00:36.268 [main] MetamodelGraphWalker - Visiting attribute path : userId.email
[DEBUG] 2021-05-11 14:00:36.268 [main] MetamodelGraphWalker - Visiting attribute path : userId.firstName
[DEBUG] 2021-05-11 14:00:36.268 [main] MetamodelGraphWalker - Visiting attribute path : userId.lastName
[DEBUG] 2021-05-11 14:00:36.268 [main] MetamodelGraphWalker - Visiting attribute path : userId.password
[DEBUG] 2021-05-11 14:00:36.268 [main] MetamodelGraphWalker - Visiting attribute path : userId.userName
[DEBUG] 2021-05-11 14:00:36.268 [main] MetamodelGraphWalker - Visiting attribute path : value
[DEBUG] 2021-05-11 14:00:36.268 [main] FetchStyleLoadPlanBuildingAssociationVisitationStrategy - Building LoadPlan...
[DEBUG] 2021-05-11 14:00:36.268 [main] LoadQueryJoinAndFetchProcessor - processing queryspace <gen:0>
[DEBUG] 2021-05-11 14:00:36.269 [main] LoadPlanTreePrinter - LoadPlan(entity=edu.matc.entity.Entry)
    - Returns
       - EntityReturnImpl(entity=edu.matc.entity.Entry, querySpaceUid=<gen:0>, path=edu.matc.entity.Entry)
          - EntityAttributeFetchImpl(entity=edu.matc.entity.Category, querySpaceUid=<gen:1>, path=edu.matc.entity.Entry.categoryId)
             - EntityAttributeFetchImpl(entity=edu.matc.entity.User, querySpaceUid=<gen:2>, path=edu.matc.entity.Entry.categoryId.userId)
          - EntityAttributeFetchImpl(entity=edu.matc.entity.User, querySpaceUid=<gen:3>, path=edu.matc.entity.Entry.userId)
    - QuerySpaces
       - EntityQuerySpaceImpl(uid=<gen:0>, entity=edu.matc.entity.Entry)
          - SQL table alias mapping - entry0_
          - alias suffix - 0_
          - suffixed key columns - {id1_1_0_}
          - JOIN (JoinDefinedByMetadata(categoryId)) : <gen:0> -> <gen:1>
             - EntityQuerySpaceImpl(uid=<gen:1>, entity=edu.matc.entity.Category)
                - SQL table alias mapping - category1_
                - alias suffix - 1_
                - suffixed key columns - {id1_0_1_}
                - JOIN (JoinDefinedByMetadata(userId)) : <gen:1> -> <gen:2>
                   - EntityQuerySpaceImpl(uid=<gen:2>, entity=edu.matc.entity.User)
                      - SQL table alias mapping - user2_
                      - alias suffix - 2_
                      - suffixed key columns - {id1_2_2_}
          - JOIN (JoinDefinedByMetadata(userId)) : <gen:0> -> <gen:3>
             - EntityQuerySpaceImpl(uid=<gen:3>, entity=edu.matc.entity.User)
                - SQL table alias mapping - user3_
                - alias suffix - 3_
                - suffixed key columns - {id1_2_3_}

[DEBUG] 2021-05-11 14:00:36.269 [main] EntityLoader - Static select for entity edu.matc.entity.Entry [NONE]: select entry0_.id as id1_1_0_, entry0_.category_id as category6_1_0_, entry0_.date as date2_1_0_, entry0_.entry_name as entry_na3_1_0_, entry0_.entry_type as entry_ty4_1_0_, entry0_.user_id as user_id7_1_0_, entry0_.value as value5_1_0_, category1_.id as id1_0_1_, category1_.category_description as category2_0_1_, category1_.category_name as category3_0_1_, category1_.color as color4_0_1_, category1_.user_id as user_id5_0_1_, user2_.id as id1_2_2_, user2_.birthdate as birthdat2_2_2_, user2_.email as email3_2_2_, user2_.first_name as first_na4_2_2_, user2_.last_name as last_nam5_2_2_, user2_.password as password6_2_2_, user2_.username as username7_2_2_, user3_.id as id1_2_3_, user3_.birthdate as birthdat2_2_3_, user3_.email as email3_2_3_, user3_.first_name as first_na4_2_3_, user3_.last_name as last_nam5_2_3_, user3_.password as password6_2_3_, user3_.username as username7_2_3_ from entry entry0_ left outer join category category1_ on entry0_.category_id=category1_.id left outer join user user2_ on category1_.user_id=user2_.id left outer join user user3_ on entry0_.user_id=user3_.id where entry0_.id=?
[DEBUG] 2021-05-11 14:00:36.269 [main] QuerySpacesImpl - Adding QuerySpace : uid = <gen:0> -> org.hibernate.loader.plan.build.internal.spaces.EntityQuerySpaceImpl@6c977dcf]
[DEBUG] 2021-05-11 14:00:36.269 [main] MetamodelGraphWalker - Visiting attribute path : categoryId
[DEBUG] 2021-05-11 14:00:36.269 [main] QuerySpacesImpl - Adding QuerySpace : uid = <gen:1> -> org.hibernate.loader.plan.build.internal.spaces.EntityQuerySpaceImpl@733fb462]
[DEBUG] 2021-05-11 14:00:36.269 [main] MetamodelGraphWalker - Visiting attribute path : categoryId.categoryDescription
[DEBUG] 2021-05-11 14:00:36.269 [main] MetamodelGraphWalker - Visiting attribute path : categoryId.categoryName
[DEBUG] 2021-05-11 14:00:36.269 [main] MetamodelGraphWalker - Visiting attribute path : categoryId.color
[DEBUG] 2021-05-11 14:00:36.269 [main] MetamodelGraphWalker - Visiting attribute path : categoryId.userId
[DEBUG] 2021-05-11 14:00:36.269 [main] QuerySpacesImpl - Adding QuerySpace : uid = <gen:2> -> org.hibernate.loader.plan.build.internal.spaces.EntityQuerySpaceImpl@359066bc]
[DEBUG] 2021-05-11 14:00:36.269 [main] MetamodelGraphWalker - Visiting attribute path : categoryId.userId.birthdate
[DEBUG] 2021-05-11 14:00:36.269 [main] MetamodelGraphWalker - Visiting attribute path : categoryId.userId.email
[DEBUG] 2021-05-11 14:00:36.269 [main] MetamodelGraphWalker - Visiting attribute path : categoryId.userId.firstName
[DEBUG] 2021-05-11 14:00:36.270 [main] MetamodelGraphWalker - Visiting attribute path : categoryId.userId.lastName
[DEBUG] 2021-05-11 14:00:36.270 [main] MetamodelGraphWalker - Visiting attribute path : categoryId.userId.password
[DEBUG] 2021-05-11 14:00:36.270 [main] MetamodelGraphWalker - Visiting attribute path : categoryId.userId.userName
[DEBUG] 2021-05-11 14:00:36.270 [main] MetamodelGraphWalker - Visiting attribute path : date
[DEBUG] 2021-05-11 14:00:36.270 [main] MetamodelGraphWalker - Visiting attribute path : entryName
[DEBUG] 2021-05-11 14:00:36.270 [main] MetamodelGraphWalker - Visiting attribute path : entryType
[DEBUG] 2021-05-11 14:00:36.270 [main] MetamodelGraphWalker - Visiting attribute path : userId
[DEBUG] 2021-05-11 14:00:36.270 [main] QuerySpacesImpl - Adding QuerySpace : uid = <gen:3> -> org.hibernate.loader.plan.build.internal.spaces.EntityQuerySpaceImpl@364fd4ae]
[DEBUG] 2021-05-11 14:00:36.270 [main] MetamodelGraphWalker - Visiting attribute path : userId.birthdate
[DEBUG] 2021-05-11 14:00:36.270 [main] MetamodelGraphWalker - Visiting attribute path : userId.email
[DEBUG] 2021-05-11 14:00:36.270 [main] MetamodelGraphWalker - Visiting attribute path : userId.firstName
[DEBUG] 2021-05-11 14:00:36.270 [main] MetamodelGraphWalker - Visiting attribute path : userId.lastName
[DEBUG] 2021-05-11 14:00:36.270 [main] MetamodelGraphWalker - Visiting attribute path : userId.password
[DEBUG] 2021-05-11 14:00:36.270 [main] MetamodelGraphWalker - Visiting attribute path : userId.userName
[DEBUG] 2021-05-11 14:00:36.270 [main] MetamodelGraphWalker - Visiting attribute path : value
[DEBUG] 2021-05-11 14:00:36.270 [main] FetchStyleLoadPlanBuildingAssociationVisitationStrategy - Building LoadPlan...
[DEBUG] 2021-05-11 14:00:36.270 [main] LoadQueryJoinAndFetchProcessor - processing queryspace <gen:0>
[DEBUG] 2021-05-11 14:00:36.271 [main] LoadPlanTreePrinter - LoadPlan(entity=edu.matc.entity.Entry)
    - Returns
       - EntityReturnImpl(entity=edu.matc.entity.Entry, querySpaceUid=<gen:0>, path=edu.matc.entity.Entry)
          - EntityAttributeFetchImpl(entity=edu.matc.entity.Category, querySpaceUid=<gen:1>, path=edu.matc.entity.Entry.categoryId)
             - EntityAttributeFetchImpl(entity=edu.matc.entity.User, querySpaceUid=<gen:2>, path=edu.matc.entity.Entry.categoryId.userId)
          - EntityAttributeFetchImpl(entity=edu.matc.entity.User, querySpaceUid=<gen:3>, path=edu.matc.entity.Entry.userId)
    - QuerySpaces
       - EntityQuerySpaceImpl(uid=<gen:0>, entity=edu.matc.entity.Entry)
          - SQL table alias mapping - entry0_
          - alias suffix - 0_
          - suffixed key columns - {id1_1_0_}
          - JOIN (JoinDefinedByMetadata(categoryId)) : <gen:0> -> <gen:1>
             - EntityQuerySpaceImpl(uid=<gen:1>, entity=edu.matc.entity.Category)
                - SQL table alias mapping - category1_
                - alias suffix - 1_
                - suffixed key columns - {id1_0_1_}
                - JOIN (JoinDefinedByMetadata(userId)) : <gen:1> -> <gen:2>
                   - EntityQuerySpaceImpl(uid=<gen:2>, entity=edu.matc.entity.User)
                      - SQL table alias mapping - user2_
                      - alias suffix - 2_
                      - suffixed key columns - {id1_2_2_}
          - JOIN (JoinDefinedByMetadata(userId)) : <gen:0> -> <gen:3>
             - EntityQuerySpaceImpl(uid=<gen:3>, entity=edu.matc.entity.User)
                - SQL table alias mapping - user3_
                - alias suffix - 3_
                - suffixed key columns - {id1_2_3_}

[DEBUG] 2021-05-11 14:00:36.271 [main] EntityLoader - Static select for entity edu.matc.entity.Entry [READ]: select entry0_.id as id1_1_0_, entry0_.category_id as category6_1_0_, entry0_.date as date2_1_0_, entry0_.entry_name as entry_na3_1_0_, entry0_.entry_type as entry_ty4_1_0_, entry0_.user_id as user_id7_1_0_, entry0_.value as value5_1_0_, category1_.id as id1_0_1_, category1_.category_description as category2_0_1_, category1_.category_name as category3_0_1_, category1_.color as color4_0_1_, category1_.user_id as user_id5_0_1_, user2_.id as id1_2_2_, user2_.birthdate as birthdat2_2_2_, user2_.email as email3_2_2_, user2_.first_name as first_na4_2_2_, user2_.last_name as last_nam5_2_2_, user2_.password as password6_2_2_, user2_.username as username7_2_2_, user3_.id as id1_2_3_, user3_.birthdate as birthdat2_2_3_, user3_.email as email3_2_3_, user3_.first_name as first_na4_2_3_, user3_.last_name as last_nam5_2_3_, user3_.password as password6_2_3_, user3_.username as username7_2_3_ from entry entry0_ left outer join category category1_ on entry0_.category_id=category1_.id left outer join user user2_ on category1_.user_id=user2_.id left outer join user user3_ on entry0_.user_id=user3_.id where entry0_.id=?
[DEBUG] 2021-05-11 14:00:36.271 [main] Loader - Static select for action ACTION_MERGE on entity edu.matc.entity.Entry: select entry0_.id as id1_1_0_, entry0_.category_id as category6_1_0_, entry0_.date as date2_1_0_, entry0_.entry_name as entry_na3_1_0_, entry0_.entry_type as entry_ty4_1_0_, entry0_.user_id as user_id7_1_0_, entry0_.value as value5_1_0_ from entry entry0_ where entry0_.id=?
[DEBUG] 2021-05-11 14:00:36.273 [main] Loader - Static select for action ACTION_REFRESH on entity edu.matc.entity.Entry: select entry0_.id as id1_1_0_, entry0_.category_id as category6_1_0_, entry0_.date as date2_1_0_, entry0_.entry_name as entry_na3_1_0_, entry0_.entry_type as entry_ty4_1_0_, entry0_.user_id as user_id7_1_0_, entry0_.value as value5_1_0_ from entry entry0_ where entry0_.id=?
[DEBUG] 2021-05-11 14:00:36.310 [main] SchemaManagementToolCoordinator - No actions specified; doing nothing
[DEBUG] 2021-05-11 14:00:36.310 [main] JtaPlatformInitiator - No JtaPlatform was specified, checking resolver
[DEBUG] 2021-05-11 14:00:36.310 [main] JtaPlatformResolverInitiator - No JtaPlatformResolver was specified, using default [org.hibernate.engine.transaction.jta.platform.internal.StandardJtaPlatformResolver]
[DEBUG] 2021-05-11 14:00:36.318 [main] StandardJtaPlatformResolver - Could not resolve JtaPlatform, using default [org.hibernate.engine.transaction.jta.platform.internal.NoJtaPlatform]
[INFO ] 2021-05-11 14:00:36.319 [main] JtaPlatformInitiator - HHH000490: Using JtaPlatform implementation: [org.hibernate.engine.transaction.jta.platform.internal.NoJtaPlatform]
[DEBUG] 2021-05-11 14:00:36.319 [main] NamedQueryRepository - Checking 0 named HQL queries
[DEBUG] 2021-05-11 14:00:36.319 [main] NamedQueryRepository - Checking 0 named SQL queries
[DEBUG] 2021-05-11 14:00:36.320 [main] SessionFactoryRegistry - Initializing SessionFactoryRegistry : org.hibernate.internal.SessionFactoryRegistry@1578b8ec
[DEBUG] 2021-05-11 14:00:36.322 [main] SessionFactoryRegistry - Registering SessionFactory: 4d0ed7f8-4570-4039-9dc4-d363844e4fbe (<unnamed>)
[DEBUG] 2021-05-11 14:00:36.323 [main] SessionFactoryRegistry - Not binding SessionFactory to JNDI, no JNDI name configured
[DEBUG] 2021-05-11 14:00:36.397 [main] StatisticsInitiator - Statistics initialized [enabled=false]
[DEBUG] 2021-05-11 14:00:36.412 [main] TransactionImpl - On TransactionImpl creation, JpaCompliance#isJpaTransactionComplianceEnabled == false
[DEBUG] 2021-05-11 14:00:36.412 [main] TransactionImpl - begin
[DEBUG] 2021-05-11 14:00:36.425 [main] ActionQueue - Executing identity-insert immediately
[DEBUG] 2021-05-11 14:00:36.432 [main] SQL - insert into category (category_description, category_name, color, user_id) values (?, ?, ?, ?)
[DEBUG] 2021-05-11 14:00:36.467 [main] SqlExceptionHelper - could not execute statement [n/a]
java.sql.SQLIntegrityConstraintViolationException: Column 'user_id' cannot be null
	at com.mysql.cj.jdbc.exceptions.SQLError.createSQLException(SQLError.java:117) ~[mysql-connector-java-8.0.16.jar:8.0.16]
	at com.mysql.cj.jdbc.exceptions.SQLError.createSQLException(SQLError.java:97) ~[mysql-connector-java-8.0.16.jar:8.0.16]
	at com.mysql.cj.jdbc.exceptions.SQLExceptionsMapping.translateException(SQLExceptionsMapping.java:122) ~[mysql-connector-java-8.0.16.jar:8.0.16]
	at com.mysql.cj.jdbc.ClientPreparedStatement.executeInternal(ClientPreparedStatement.java:955) ~[mysql-connector-java-8.0.16.jar:8.0.16]
	at com.mysql.cj.jdbc.ClientPreparedStatement.executeUpdateInternal(ClientPreparedStatement.java:1094) ~[mysql-connector-java-8.0.16.jar:8.0.16]
	at com.mysql.cj.jdbc.ClientPreparedStatement.executeUpdateInternal(ClientPreparedStatement.java:1042) ~[mysql-connector-java-8.0.16.jar:8.0.16]
	at com.mysql.cj.jdbc.ClientPreparedStatement.executeLargeUpdate(ClientPreparedStatement.java:1345) ~[mysql-connector-java-8.0.16.jar:8.0.16]
	at com.mysql.cj.jdbc.ClientPreparedStatement.executeUpdate(ClientPreparedStatement.java:1027) ~[mysql-connector-java-8.0.16.jar:8.0.16]
	at com.mchange.v2.c3p0.impl.NewProxyPreparedStatement.executeUpdate(NewProxyPreparedStatement.java:410) ~[c3p0-0.9.5.3.jar:0.9.5.3]
	at org.hibernate.engine.jdbc.internal.ResultSetReturnImpl.executeUpdate(ResultSetReturnImpl.java:175) [hibernate-core-5.4.4.Final.jar:5.4.4.Final]
	at org.hibernate.dialect.identity.GetGeneratedKeysDelegate.executeAndExtract(GetGeneratedKeysDelegate.java:57) [hibernate-core-5.4.4.Final.jar:5.4.4.Final]
	at org.hibernate.id.insert.AbstractReturningDelegate.performInsert(AbstractReturningDelegate.java:43) [hibernate-core-5.4.4.Final.jar:5.4.4.Final]
	at org.hibernate.persister.entity.AbstractEntityPersister.insert(AbstractEntityPersister.java:3112) [hibernate-core-5.4.4.Final.jar:5.4.4.Final]
	at org.hibernate.persister.entity.AbstractEntityPersister.insert(AbstractEntityPersister.java:3705) [hibernate-core-5.4.4.Final.jar:5.4.4.Final]
	at org.hibernate.action.internal.EntityIdentityInsertAction.execute(EntityIdentityInsertAction.java:84) [hibernate-core-5.4.4.Final.jar:5.4.4.Final]
	at org.hibernate.engine.spi.ActionQueue.execute(ActionQueue.java:645) [hibernate-core-5.4.4.Final.jar:5.4.4.Final]
	at org.hibernate.engine.spi.ActionQueue.addResolvedEntityInsertAction(ActionQueue.java:282) [hibernate-core-5.4.4.Final.jar:5.4.4.Final]
	at org.hibernate.engine.spi.ActionQueue.addInsertAction(ActionQueue.java:263) [hibernate-core-5.4.4.Final.jar:5.4.4.Final]
	at org.hibernate.engine.spi.ActionQueue.addAction(ActionQueue.java:317) [hibernate-core-5.4.4.Final.jar:5.4.4.Final]
	at org.hibernate.event.internal.AbstractSaveEventListener.addInsertAction(AbstractSaveEventListener.java:335) [hibernate-core-5.4.4.Final.jar:5.4.4.Final]
	at org.hibernate.event.internal.AbstractSaveEventListener.performSaveOrReplicate(AbstractSaveEventListener.java:292) [hibernate-core-5.4.4.Final.jar:5.4.4.Final]
	at org.hibernate.event.internal.AbstractSaveEventListener.performSave(AbstractSaveEventListener.java:198) [hibernate-core-5.4.4.Final.jar:5.4.4.Final]
	at org.hibernate.event.internal.AbstractSaveEventListener.saveWithGeneratedId(AbstractSaveEventListener.java:128) [hibernate-core-5.4.4.Final.jar:5.4.4.Final]
	at org.hibernate.event.internal.DefaultSaveOrUpdateEventListener.saveWithGeneratedOrRequestedId(DefaultSaveOrUpdateEventListener.java:193) [hibernate-core-5.4.4.Final.jar:5.4.4.Final]
	at org.hibernate.event.internal.DefaultSaveEventListener.saveWithGeneratedOrRequestedId(DefaultSaveEventListener.java:38) [hibernate-core-5.4.4.Final.jar:5.4.4.Final]
	at org.hibernate.event.internal.DefaultSaveOrUpdateEventListener.entityIsTransient(DefaultSaveOrUpdateEventListener.java:178) [hibernate-core-5.4.4.Final.jar:5.4.4.Final]
	at org.hibernate.event.internal.DefaultSaveEventListener.performSaveOrUpdate(DefaultSaveEventListener.java:32) [hibernate-core-5.4.4.Final.jar:5.4.4.Final]
	at org.hibernate.event.internal.DefaultSaveOrUpdateEventListener.onSaveOrUpdate(DefaultSaveOrUpdateEventListener.java:75) [hibernate-core-5.4.4.Final.jar:5.4.4.Final]
	at org.hibernate.internal.SessionImpl.fireSave(SessionImpl.java:697) [hibernate-core-5.4.4.Final.jar:5.4.4.Final]
	at org.hibernate.internal.SessionImpl.save(SessionImpl.java:689) [hibernate-core-5.4.4.Final.jar:5.4.4.Final]
	at org.hibernate.internal.SessionImpl.save(SessionImpl.java:684) [hibernate-core-5.4.4.Final.jar:5.4.4.Final]
	at edu.matc.persistence.GenericDao.insert(GenericDao.java:97) [classes/:?]
	at edu.matc.persistence.CategoryDaoTest.insertSuccess(CategoryDaoTest.java:49) [test-classes/:?]
	at jdk.internal.reflect.NativeMethodAccessorImpl.invoke0(Native Method) ~[?:?]
	at jdk.internal.reflect.NativeMethodAccessorImpl.invoke(NativeMethodAccessorImpl.java:62) ~[?:?]
	at jdk.internal.reflect.DelegatingMethodAccessorImpl.invoke(DelegatingMethodAccessorImpl.java:43) ~[?:?]
	at java.lang.reflect.Method.invoke(Method.java:566) ~[?:?]
	at org.junit.platform.commons.util.ReflectionUtils.invokeMethod(ReflectionUtils.java:389) [junit-platform-commons-1.0.0.jar:1.0.0]
	at org.junit.jupiter.engine.execution.ExecutableInvoker.invoke(ExecutableInvoker.java:115) [junit-jupiter-engine-5.0.0.jar:5.0.0]
	at org.junit.jupiter.engine.descriptor.TestMethodTestDescriptor.lambda$invokeTestMethod$6(TestMethodTestDescriptor.java:167) [junit-jupiter-engine-5.0.0.jar:5.0.0]
	at org.junit.jupiter.engine.execution.ThrowableCollector.execute(ThrowableCollector.java:40) [junit-jupiter-engine-5.0.0.jar:5.0.0]
	at org.junit.jupiter.engine.descriptor.TestMethodTestDescriptor.invokeTestMethod(TestMethodTestDescriptor.java:163) [junit-jupiter-engine-5.0.0.jar:5.0.0]
	at org.junit.jupiter.engine.descriptor.TestMethodTestDescriptor.execute(TestMethodTestDescriptor.java:110) [junit-jupiter-engine-5.0.0.jar:5.0.0]
	at org.junit.jupiter.engine.descriptor.TestMethodTestDescriptor.execute(TestMethodTestDescriptor.java:57) [junit-jupiter-engine-5.0.0.jar:5.0.0]
	at org.junit.platform.engine.support.hierarchical.HierarchicalTestExecutor.lambda$execute$3(HierarchicalTestExecutor.java:83) [junit-platform-engine-1.0.0.jar:1.0.0]
	at org.junit.platform.engine.support.hierarchical.SingleTestExecutor.executeSafely(SingleTestExecutor.java:66) [junit-platform-engine-1.0.0.jar:1.0.0]
	at org.junit.platform.engine.support.hierarchical.HierarchicalTestExecutor.execute(HierarchicalTestExecutor.java:77) [junit-platform-engine-1.0.0.jar:1.0.0]
	at org.junit.platform.engine.support.hierarchical.HierarchicalTestExecutor.lambda$null$2(HierarchicalTestExecutor.java:92) [junit-platform-engine-1.0.0.jar:1.0.0]
	at java.util.stream.ForEachOps$ForEachOp$OfRef.accept(ForEachOps.java:183) [?:?]
	at java.util.stream.ReferencePipeline$2$1.accept(ReferencePipeline.java:177) [?:?]
	at java.util.Iterator.forEachRemaining(Iterator.java:133) [?:?]
	at java.util.Spliterators$IteratorSpliterator.forEachRemaining(Spliterators.java:1801) [?:?]
	at java.util.stream.AbstractPipeline.copyInto(AbstractPipeline.java:484) [?:?]
	at java.util.stream.AbstractPipeline.wrapAndCopyInto(AbstractPipeline.java:474) [?:?]
	at java.util.stream.ForEachOps$ForEachOp.evaluateSequential(ForEachOps.java:150) [?:?]
	at java.util.stream.ForEachOps$ForEachOp$OfRef.evaluateSequential(ForEachOps.java:173) [?:?]
	at java.util.stream.AbstractPipeline.evaluate(AbstractPipeline.java:234) [?:?]
	at java.util.stream.ReferencePipeline.forEach(ReferencePipeline.java:497) [?:?]
	at org.junit.platform.engine.support.hierarchical.HierarchicalTestExecutor.lambda$execute$3(HierarchicalTestExecutor.java:92) [junit-platform-engine-1.0.0.jar:1.0.0]
	at org.junit.platform.engine.support.hierarchical.SingleTestExecutor.executeSafely(SingleTestExecutor.java:66) [junit-platform-engine-1.0.0.jar:1.0.0]
	at org.junit.platform.engine.support.hierarchical.HierarchicalTestExecutor.execute(HierarchicalTestExecutor.java:77) [junit-platform-engine-1.0.0.jar:1.0.0]
	at org.junit.platform.engine.support.hierarchical.HierarchicalTestExecutor.lambda$null$2(HierarchicalTestExecutor.java:92) [junit-platform-engine-1.0.0.jar:1.0.0]
	at java.util.stream.ForEachOps$ForEachOp$OfRef.accept(ForEachOps.java:183) [?:?]
	at java.util.stream.ReferencePipeline$2$1.accept(ReferencePipeline.java:177) [?:?]
	at java.util.Iterator.forEachRemaining(Iterator.java:133) [?:?]
	at java.util.Spliterators$IteratorSpliterator.forEachRemaining(Spliterators.java:1801) [?:?]
	at java.util.stream.AbstractPipeline.copyInto(AbstractPipeline.java:484) [?:?]
	at java.util.stream.AbstractPipeline.wrapAndCopyInto(AbstractPipeline.java:474) [?:?]
	at java.util.stream.ForEachOps$ForEachOp.evaluateSequential(ForEachOps.java:150) [?:?]
	at java.util.stream.ForEachOps$ForEachOp$OfRef.evaluateSequential(ForEachOps.java:173) [?:?]
	at java.util.stream.AbstractPipeline.evaluate(AbstractPipeline.java:234) [?:?]
	at java.util.stream.ReferencePipeline.forEach(ReferencePipeline.java:497) [?:?]
	at org.junit.platform.engine.support.hierarchical.HierarchicalTestExecutor.lambda$execute$3(HierarchicalTestExecutor.java:92) [junit-platform-engine-1.0.0.jar:1.0.0]
	at org.junit.platform.engine.support.hierarchical.SingleTestExecutor.executeSafely(SingleTestExecutor.java:66) [junit-platform-engine-1.0.0.jar:1.0.0]
	at org.junit.platform.engine.support.hierarchical.HierarchicalTestExecutor.execute(HierarchicalTestExecutor.java:77) [junit-platform-engine-1.0.0.jar:1.0.0]
	at org.junit.platform.engine.support.hierarchical.HierarchicalTestExecutor.execute(HierarchicalTestExecutor.java:51) [junit-platform-engine-1.0.0.jar:1.0.0]
	at org.junit.platform.engine.support.hierarchical.HierarchicalTestEngine.execute(HierarchicalTestEngine.java:43) [junit-platform-engine-1.0.0.jar:1.0.0]
	at org.junit.platform.launcher.core.DefaultLauncher.execute(DefaultLauncher.java:170) [junit-platform-launcher-1.0.0.jar:1.0.0]
	at org.junit.platform.launcher.core.DefaultLauncher.execute(DefaultLauncher.java:154) [junit-platform-launcher-1.0.0.jar:1.0.0]
	at org.junit.platform.launcher.core.DefaultLauncher.execute(DefaultLauncher.java:90) [junit-platform-launcher-1.0.0.jar:1.0.0]
	at com.intellij.junit5.JUnit5IdeaTestRunner.startRunnerWithArgs(JUnit5IdeaTestRunner.java:71) [junit5-rt.jar:?]
	at com.intellij.rt.junit.IdeaTestRunner$Repeater.startRunnerWithArgs(IdeaTestRunner.java:33) [junit-rt.jar:?]
	at com.intellij.rt.junit.JUnitStarter.prepareStreamsAndStart(JUnitStarter.java:220) [junit-rt.jar:?]
	at com.intellij.rt.junit.JUnitStarter.main(JUnitStarter.java:53) [junit-rt.jar:?]
[WARN ] 2021-05-11 14:00:36.477 [main] SqlExceptionHelper - SQL Error: 1048, SQLState: 23000
[ERROR] 2021-05-11 14:00:36.477 [main] SqlExceptionHelper - Column 'user_id' cannot be null
