[DEBUG] 2021-04-14 15:49:22.701 [main] IntegratorServiceImpl - Adding Integrator [org.hibernate.cfg.beanvalidation.BeanValidationIntegrator].
[DEBUG] 2021-04-14 15:49:22.704 [main] IntegratorServiceImpl - Adding Integrator [org.hibernate.secure.spi.JaccIntegrator].
[DEBUG] 2021-04-14 15:49:22.709 [main] IntegratorServiceImpl - Adding Integrator [org.hibernate.cache.internal.CollectionCacheInvalidator].
[INFO ] 2021-04-14 15:49:22.778 [main] Version - HHH000412: Hibernate Core {5.4.4.Final}
[DEBUG] 2021-04-14 15:49:22.780 [main] Environment - HHH000206: hibernate.properties not found
[DEBUG] 2021-04-14 15:49:22.951 [main] LocalXmlResourceResolver - Interpreting public/system identifier : [-//Hibernate/Hibernate Configuration DTD//EN] - [http://www.hibernate.org/dtd/hibernate-configuration-3.0.dtd]
[DEBUG] 2021-04-14 15:49:22.953 [main] LocalXmlResourceResolver - Recognized hibernate-configuration identifier; attempting to resolve on classpath under org/hibernate/
[DEBUG] 2021-04-14 15:49:22.962 [main] JaxbCfgProcessor - cfg.xml document did not define namespaces; wrapping in custom event reader to introduce namespace information
[DEBUG] 2021-04-14 15:49:23.212 [main] ServiceBinding - Overriding existing service binding [org.hibernate.secure.spi.JaccService]
[DEBUG] 2021-04-14 15:49:23.235 [main] RegionFactoryInitiator - Cannot default RegionFactory based on registered strategies as `[]` RegionFactory strategies were registered
[DEBUG] 2021-04-14 15:49:23.235 [main] RegionFactoryInitiator - Cache region factory : org.hibernate.cache.internal.NoCachingRegionFactory
[INFO ] 2021-04-14 15:49:23.255 [main] Version - HCANN000001: Hibernate Commons Annotations {5.1.0.Final}
[DEBUG] 2021-04-14 15:49:23.286 [main] BasicTypeRegistry - Adding type registration boolean -> org.hibernate.type.BooleanType@11b377c5
[DEBUG] 2021-04-14 15:49:23.286 [main] BasicTypeRegistry - Adding type registration boolean -> org.hibernate.type.BooleanType@11b377c5
[DEBUG] 2021-04-14 15:49:23.287 [main] BasicTypeRegistry - Adding type registration java.lang.Boolean -> org.hibernate.type.BooleanType@11b377c5
[DEBUG] 2021-04-14 15:49:23.287 [main] BasicTypeRegistry - Adding type registration numeric_boolean -> org.hibernate.type.NumericBooleanType@702c436b
[DEBUG] 2021-04-14 15:49:23.287 [main] BasicTypeRegistry - Adding type registration true_false -> org.hibernate.type.TrueFalseType@31d6f3fe
[DEBUG] 2021-04-14 15:49:23.287 [main] BasicTypeRegistry - Adding type registration yes_no -> org.hibernate.type.YesNoType@31ff6309
[DEBUG] 2021-04-14 15:49:23.288 [main] BasicTypeRegistry - Adding type registration byte -> org.hibernate.type.ByteType@e4b6f47
[DEBUG] 2021-04-14 15:49:23.288 [main] BasicTypeRegistry - Adding type registration byte -> org.hibernate.type.ByteType@e4b6f47
[DEBUG] 2021-04-14 15:49:23.289 [main] BasicTypeRegistry - Adding type registration java.lang.Byte -> org.hibernate.type.ByteType@e4b6f47
[DEBUG] 2021-04-14 15:49:23.289 [main] BasicTypeRegistry - Adding type registration character -> org.hibernate.type.CharacterType@173797f0
[DEBUG] 2021-04-14 15:49:23.292 [main] BasicTypeRegistry - Adding type registration char -> org.hibernate.type.CharacterType@173797f0
[DEBUG] 2021-04-14 15:49:23.292 [main] BasicTypeRegistry - Adding type registration java.lang.Character -> org.hibernate.type.CharacterType@173797f0
[DEBUG] 2021-04-14 15:49:23.293 [main] BasicTypeRegistry - Adding type registration short -> org.hibernate.type.ShortType@33d53216
[DEBUG] 2021-04-14 15:49:23.293 [main] BasicTypeRegistry - Adding type registration short -> org.hibernate.type.ShortType@33d53216
[DEBUG] 2021-04-14 15:49:23.293 [main] BasicTypeRegistry - Adding type registration java.lang.Short -> org.hibernate.type.ShortType@33d53216
[DEBUG] 2021-04-14 15:49:23.294 [main] BasicTypeRegistry - Adding type registration integer -> org.hibernate.type.IntegerType@1d0a61c8
[DEBUG] 2021-04-14 15:49:23.294 [main] BasicTypeRegistry - Adding type registration int -> org.hibernate.type.IntegerType@1d0a61c8
[DEBUG] 2021-04-14 15:49:23.294 [main] BasicTypeRegistry - Adding type registration java.lang.Integer -> org.hibernate.type.IntegerType@1d0a61c8
[DEBUG] 2021-04-14 15:49:23.296 [main] BasicTypeRegistry - Adding type registration long -> org.hibernate.type.LongType@47fbc56
[DEBUG] 2021-04-14 15:49:23.296 [main] BasicTypeRegistry - Adding type registration long -> org.hibernate.type.LongType@47fbc56
[DEBUG] 2021-04-14 15:49:23.297 [main] BasicTypeRegistry - Adding type registration java.lang.Long -> org.hibernate.type.LongType@47fbc56
[DEBUG] 2021-04-14 15:49:23.297 [main] BasicTypeRegistry - Adding type registration float -> org.hibernate.type.FloatType@64f16277
[DEBUG] 2021-04-14 15:49:23.297 [main] BasicTypeRegistry - Adding type registration float -> org.hibernate.type.FloatType@64f16277
[DEBUG] 2021-04-14 15:49:23.297 [main] BasicTypeRegistry - Adding type registration java.lang.Float -> org.hibernate.type.FloatType@64f16277
[DEBUG] 2021-04-14 15:49:23.298 [main] BasicTypeRegistry - Adding type registration double -> org.hibernate.type.DoubleType@26d96e5
[DEBUG] 2021-04-14 15:49:23.298 [main] BasicTypeRegistry - Adding type registration double -> org.hibernate.type.DoubleType@26d96e5
[DEBUG] 2021-04-14 15:49:23.305 [main] BasicTypeRegistry - Adding type registration java.lang.Double -> org.hibernate.type.DoubleType@26d96e5
[DEBUG] 2021-04-14 15:49:23.306 [main] BasicTypeRegistry - Adding type registration big_decimal -> org.hibernate.type.BigDecimalType@38af1bf6
[DEBUG] 2021-04-14 15:49:23.306 [main] BasicTypeRegistry - Adding type registration java.math.BigDecimal -> org.hibernate.type.BigDecimalType@38af1bf6
[DEBUG] 2021-04-14 15:49:23.306 [main] BasicTypeRegistry - Adding type registration big_integer -> org.hibernate.type.BigIntegerType@7f08caf
[DEBUG] 2021-04-14 15:49:23.306 [main] BasicTypeRegistry - Adding type registration java.math.BigInteger -> org.hibernate.type.BigIntegerType@7f08caf
[DEBUG] 2021-04-14 15:49:23.307 [main] BasicTypeRegistry - Adding type registration string -> org.hibernate.type.StringType@72725ee1
[DEBUG] 2021-04-14 15:49:23.307 [main] BasicTypeRegistry - Adding type registration java.lang.String -> org.hibernate.type.StringType@72725ee1
[DEBUG] 2021-04-14 15:49:23.307 [main] BasicTypeRegistry - Adding type registration nstring -> org.hibernate.type.StringNVarcharType@5ac6c4f2
[DEBUG] 2021-04-14 15:49:23.307 [main] BasicTypeRegistry - Adding type registration ncharacter -> org.hibernate.type.CharacterNCharType@4893b344
[DEBUG] 2021-04-14 15:49:23.308 [main] BasicTypeRegistry - Adding type registration url -> org.hibernate.type.UrlType@51b35e4e
[DEBUG] 2021-04-14 15:49:23.308 [main] BasicTypeRegistry - Adding type registration java.net.URL -> org.hibernate.type.UrlType@51b35e4e
[DEBUG] 2021-04-14 15:49:23.308 [main] BasicTypeRegistry - Adding type registration Duration -> org.hibernate.type.DurationType@62db0521
[DEBUG] 2021-04-14 15:49:23.308 [main] BasicTypeRegistry - Adding type registration java.time.Duration -> org.hibernate.type.DurationType@62db0521
[DEBUG] 2021-04-14 15:49:23.311 [main] BasicTypeRegistry - Adding type registration Instant -> org.hibernate.type.InstantType@36fc05ff
[DEBUG] 2021-04-14 15:49:23.311 [main] BasicTypeRegistry - Adding type registration java.time.Instant -> org.hibernate.type.InstantType@36fc05ff
[DEBUG] 2021-04-14 15:49:23.312 [main] BasicTypeRegistry - Adding type registration LocalDateTime -> org.hibernate.type.LocalDateTimeType@21ac5eb4
[DEBUG] 2021-04-14 15:49:23.313 [main] BasicTypeRegistry - Adding type registration java.time.LocalDateTime -> org.hibernate.type.LocalDateTimeType@21ac5eb4
[DEBUG] 2021-04-14 15:49:23.313 [main] BasicTypeRegistry - Adding type registration LocalDate -> org.hibernate.type.LocalDateType@2a685eba
[DEBUG] 2021-04-14 15:49:23.313 [main] BasicTypeRegistry - Adding type registration java.time.LocalDate -> org.hibernate.type.LocalDateType@2a685eba
[DEBUG] 2021-04-14 15:49:23.316 [main] BasicTypeRegistry - Adding type registration LocalTime -> org.hibernate.type.LocalTimeType@77d680e6
[DEBUG] 2021-04-14 15:49:23.316 [main] BasicTypeRegistry - Adding type registration java.time.LocalTime -> org.hibernate.type.LocalTimeType@77d680e6
[DEBUG] 2021-04-14 15:49:23.317 [main] BasicTypeRegistry - Adding type registration OffsetDateTime -> org.hibernate.type.OffsetDateTimeType@37b57b54
[DEBUG] 2021-04-14 15:49:23.317 [main] BasicTypeRegistry - Adding type registration java.time.OffsetDateTime -> org.hibernate.type.OffsetDateTimeType@37b57b54
[DEBUG] 2021-04-14 15:49:23.318 [main] BasicTypeRegistry - Adding type registration OffsetTime -> org.hibernate.type.OffsetTimeType@5580d62f
[DEBUG] 2021-04-14 15:49:23.321 [main] BasicTypeRegistry - Adding type registration java.time.OffsetTime -> org.hibernate.type.OffsetTimeType@5580d62f
[DEBUG] 2021-04-14 15:49:23.321 [main] BasicTypeRegistry - Adding type registration ZonedDateTime -> org.hibernate.type.ZonedDateTimeType@2c58dcb1
[DEBUG] 2021-04-14 15:49:23.321 [main] BasicTypeRegistry - Adding type registration java.time.ZonedDateTime -> org.hibernate.type.ZonedDateTimeType@2c58dcb1
[DEBUG] 2021-04-14 15:49:23.322 [main] BasicTypeRegistry - Adding type registration date -> org.hibernate.type.DateType@3f92a84e
[DEBUG] 2021-04-14 15:49:23.322 [main] BasicTypeRegistry - Adding type registration java.sql.Date -> org.hibernate.type.DateType@3f92a84e
[DEBUG] 2021-04-14 15:49:23.323 [main] BasicTypeRegistry - Adding type registration time -> org.hibernate.type.TimeType@499ef98e
[DEBUG] 2021-04-14 15:49:23.323 [main] BasicTypeRegistry - Adding type registration java.sql.Time -> org.hibernate.type.TimeType@499ef98e
[DEBUG] 2021-04-14 15:49:23.323 [main] BasicTypeRegistry - Adding type registration timestamp -> org.hibernate.type.TimestampType@341672e
[DEBUG] 2021-04-14 15:49:23.323 [main] BasicTypeRegistry - Adding type registration java.sql.Timestamp -> org.hibernate.type.TimestampType@341672e
[DEBUG] 2021-04-14 15:49:23.323 [main] BasicTypeRegistry - Adding type registration java.util.Date -> org.hibernate.type.TimestampType@341672e
[DEBUG] 2021-04-14 15:49:23.330 [main] BasicTypeRegistry - Adding type registration dbtimestamp -> org.hibernate.type.DbTimestampType@66c38e51
[DEBUG] 2021-04-14 15:49:23.330 [main] BasicTypeRegistry - Adding type registration calendar -> org.hibernate.type.CalendarType@764cba
[DEBUG] 2021-04-14 15:49:23.330 [main] BasicTypeRegistry - Adding type registration java.util.Calendar -> org.hibernate.type.CalendarType@764cba
[DEBUG] 2021-04-14 15:49:23.331 [main] BasicTypeRegistry - Adding type registration java.util.GregorianCalendar -> org.hibernate.type.CalendarType@764cba
[DEBUG] 2021-04-14 15:49:23.331 [main] BasicTypeRegistry - Adding type registration calendar_date -> org.hibernate.type.CalendarDateType@1a87b51
[DEBUG] 2021-04-14 15:49:23.332 [main] BasicTypeRegistry - Adding type registration locale -> org.hibernate.type.LocaleType@11b455e5
[DEBUG] 2021-04-14 15:49:23.332 [main] BasicTypeRegistry - Adding type registration java.util.Locale -> org.hibernate.type.LocaleType@11b455e5
[DEBUG] 2021-04-14 15:49:23.333 [main] BasicTypeRegistry - Adding type registration currency -> org.hibernate.type.CurrencyType@64524dd
[DEBUG] 2021-04-14 15:49:23.333 [main] BasicTypeRegistry - Adding type registration java.util.Currency -> org.hibernate.type.CurrencyType@64524dd
[DEBUG] 2021-04-14 15:49:23.333 [main] BasicTypeRegistry - Adding type registration timezone -> org.hibernate.type.TimeZoneType@70f822e
[DEBUG] 2021-04-14 15:49:23.333 [main] BasicTypeRegistry - Adding type registration java.util.TimeZone -> org.hibernate.type.TimeZoneType@70f822e
[DEBUG] 2021-04-14 15:49:23.333 [main] BasicTypeRegistry - Adding type registration class -> org.hibernate.type.ClassType@1aa6e3c0
[DEBUG] 2021-04-14 15:49:23.334 [main] BasicTypeRegistry - Adding type registration java.lang.Class -> org.hibernate.type.ClassType@1aa6e3c0
[DEBUG] 2021-04-14 15:49:23.334 [main] BasicTypeRegistry - Adding type registration uuid-binary -> org.hibernate.type.UUIDBinaryType@2caa5d7c
[DEBUG] 2021-04-14 15:49:23.334 [main] BasicTypeRegistry - Adding type registration java.util.UUID -> org.hibernate.type.UUIDBinaryType@2caa5d7c
[DEBUG] 2021-04-14 15:49:23.334 [main] BasicTypeRegistry - Adding type registration uuid-char -> org.hibernate.type.UUIDCharType@38fc5554
[DEBUG] 2021-04-14 15:49:23.335 [main] BasicTypeRegistry - Adding type registration binary -> org.hibernate.type.BinaryType@222afc67
[DEBUG] 2021-04-14 15:49:23.335 [main] BasicTypeRegistry - Adding type registration byte[] -> org.hibernate.type.BinaryType@222afc67
[DEBUG] 2021-04-14 15:49:23.335 [main] BasicTypeRegistry - Adding type registration [B -> org.hibernate.type.BinaryType@222afc67
[DEBUG] 2021-04-14 15:49:23.335 [main] BasicTypeRegistry - Adding type registration wrapper-binary -> org.hibernate.type.WrapperBinaryType@3ae9d1e2
[DEBUG] 2021-04-14 15:49:23.337 [main] BasicTypeRegistry - Adding type registration Byte[] -> org.hibernate.type.WrapperBinaryType@3ae9d1e2
[DEBUG] 2021-04-14 15:49:23.337 [main] BasicTypeRegistry - Adding type registration [Ljava.lang.Byte; -> org.hibernate.type.WrapperBinaryType@3ae9d1e2
[DEBUG] 2021-04-14 15:49:23.337 [main] BasicTypeRegistry - Adding type registration row_version -> org.hibernate.type.RowVersionType@2e060819
[DEBUG] 2021-04-14 15:49:23.341 [main] BasicTypeRegistry - Adding type registration image -> org.hibernate.type.ImageType@63411512
[DEBUG] 2021-04-14 15:49:23.342 [main] BasicTypeRegistry - Adding type registration characters -> org.hibernate.type.CharArrayType@5d5160e6
[DEBUG] 2021-04-14 15:49:23.342 [main] BasicTypeRegistry - Adding type registration char[] -> org.hibernate.type.CharArrayType@5d5160e6
[DEBUG] 2021-04-14 15:49:23.342 [main] BasicTypeRegistry - Adding type registration [C -> org.hibernate.type.CharArrayType@5d5160e6
[DEBUG] 2021-04-14 15:49:23.342 [main] BasicTypeRegistry - Adding type registration wrapper-characters -> org.hibernate.type.CharacterArrayType@59901c4d
[DEBUG] 2021-04-14 15:49:23.342 [main] BasicTypeRegistry - Adding type registration [Ljava.lang.Character; -> org.hibernate.type.CharacterArrayType@59901c4d
[DEBUG] 2021-04-14 15:49:23.343 [main] BasicTypeRegistry - Adding type registration Character[] -> org.hibernate.type.CharacterArrayType@59901c4d
[DEBUG] 2021-04-14 15:49:23.343 [main] BasicTypeRegistry - Adding type registration text -> org.hibernate.type.TextType@602ae7b6
[DEBUG] 2021-04-14 15:49:23.343 [main] BasicTypeRegistry - Adding type registration ntext -> org.hibernate.type.NTextType@700f518a
[DEBUG] 2021-04-14 15:49:23.344 [main] BasicTypeRegistry - Adding type registration blob -> org.hibernate.type.BlobType@ef1695a
[DEBUG] 2021-04-14 15:49:23.344 [main] BasicTypeRegistry - Adding type registration java.sql.Blob -> org.hibernate.type.BlobType@ef1695a
[DEBUG] 2021-04-14 15:49:23.344 [main] BasicTypeRegistry - Adding type registration materialized_blob -> org.hibernate.type.MaterializedBlobType@7139bd31
[DEBUG] 2021-04-14 15:49:23.344 [main] BasicTypeRegistry - Adding type registration clob -> org.hibernate.type.ClobType@6778aea6
[DEBUG] 2021-04-14 15:49:23.344 [main] BasicTypeRegistry - Adding type registration java.sql.Clob -> org.hibernate.type.ClobType@6778aea6
[DEBUG] 2021-04-14 15:49:23.345 [main] BasicTypeRegistry - Adding type registration nclob -> org.hibernate.type.NClobType@53a9fcfd
[DEBUG] 2021-04-14 15:49:23.345 [main] BasicTypeRegistry - Adding type registration java.sql.NClob -> org.hibernate.type.NClobType@53a9fcfd
[DEBUG] 2021-04-14 15:49:23.346 [main] BasicTypeRegistry - Adding type registration materialized_clob -> org.hibernate.type.MaterializedClobType@84487f4
[DEBUG] 2021-04-14 15:49:23.346 [main] BasicTypeRegistry - Adding type registration materialized_nclob -> org.hibernate.type.MaterializedNClobType@1290c49
[DEBUG] 2021-04-14 15:49:23.350 [main] BasicTypeRegistry - Adding type registration serializable -> org.hibernate.type.SerializableType@1d75e7af
[DEBUG] 2021-04-14 15:49:23.351 [main] BasicTypeRegistry - Adding type registration object -> org.hibernate.type.ObjectType@2ab0702e
[DEBUG] 2021-04-14 15:49:23.351 [main] BasicTypeRegistry - Adding type registration java.lang.Object -> org.hibernate.type.ObjectType@2ab0702e
[DEBUG] 2021-04-14 15:49:23.351 [main] BasicTypeRegistry - Adding type registration imm_date -> org.hibernate.type.AdaptedImmutableType@3936df72
[DEBUG] 2021-04-14 15:49:23.351 [main] BasicTypeRegistry - Adding type registration imm_time -> org.hibernate.type.AdaptedImmutableType@e8e0dec
[DEBUG] 2021-04-14 15:49:23.354 [main] BasicTypeRegistry - Adding type registration imm_timestamp -> org.hibernate.type.AdaptedImmutableType@12d1f1d4
[DEBUG] 2021-04-14 15:49:23.354 [main] BasicTypeRegistry - Adding type registration imm_dbtimestamp -> org.hibernate.type.AdaptedImmutableType@75fa1be3
[DEBUG] 2021-04-14 15:49:23.354 [main] BasicTypeRegistry - Adding type registration imm_calendar -> org.hibernate.type.AdaptedImmutableType@7a389761
[DEBUG] 2021-04-14 15:49:23.354 [main] BasicTypeRegistry - Adding type registration imm_calendar_date -> org.hibernate.type.AdaptedImmutableType@42714a7
[DEBUG] 2021-04-14 15:49:23.354 [main] BasicTypeRegistry - Adding type registration imm_binary -> org.hibernate.type.AdaptedImmutableType@19650aa6
[DEBUG] 2021-04-14 15:49:23.354 [main] BasicTypeRegistry - Adding type registration imm_serializable -> org.hibernate.type.AdaptedImmutableType@3ce53f6a
[DEBUG] 2021-04-14 15:49:23.382 [main] DefaultIdentifierGeneratorFactory - Registering IdentifierGenerator strategy [uuid2] -> [org.hibernate.id.UUIDGenerator]
[DEBUG] 2021-04-14 15:49:23.382 [main] DefaultIdentifierGeneratorFactory - Registering IdentifierGenerator strategy [guid] -> [org.hibernate.id.GUIDGenerator]
[DEBUG] 2021-04-14 15:49:23.383 [main] DefaultIdentifierGeneratorFactory - Registering IdentifierGenerator strategy [uuid] -> [org.hibernate.id.UUIDHexGenerator]
[DEBUG] 2021-04-14 15:49:23.385 [main] DefaultIdentifierGeneratorFactory - Registering IdentifierGenerator strategy [uuid.hex] -> [org.hibernate.id.UUIDHexGenerator]
[DEBUG] 2021-04-14 15:49:23.385 [main] DefaultIdentifierGeneratorFactory - Registering IdentifierGenerator strategy [assigned] -> [org.hibernate.id.Assigned]
[DEBUG] 2021-04-14 15:49:23.389 [main] DefaultIdentifierGeneratorFactory - Registering IdentifierGenerator strategy [identity] -> [org.hibernate.id.IdentityGenerator]
[DEBUG] 2021-04-14 15:49:23.389 [main] DefaultIdentifierGeneratorFactory - Registering IdentifierGenerator strategy [select] -> [org.hibernate.id.SelectGenerator]
[DEBUG] 2021-04-14 15:49:23.390 [main] DefaultIdentifierGeneratorFactory - Registering IdentifierGenerator strategy [sequence] -> [org.hibernate.id.enhanced.SequenceStyleGenerator]
[DEBUG] 2021-04-14 15:49:23.391 [main] DefaultIdentifierGeneratorFactory - Registering IdentifierGenerator strategy [seqhilo] -> [org.hibernate.id.SequenceHiLoGenerator]
[DEBUG] 2021-04-14 15:49:23.391 [main] DefaultIdentifierGeneratorFactory - Registering IdentifierGenerator strategy [increment] -> [org.hibernate.id.IncrementGenerator]
[DEBUG] 2021-04-14 15:49:23.391 [main] DefaultIdentifierGeneratorFactory - Registering IdentifierGenerator strategy [foreign] -> [org.hibernate.id.ForeignGenerator]
[DEBUG] 2021-04-14 15:49:23.391 [main] DefaultIdentifierGeneratorFactory - Registering IdentifierGenerator strategy [sequence-identity] -> [org.hibernate.id.SequenceIdentityGenerator]
[DEBUG] 2021-04-14 15:49:23.391 [main] DefaultIdentifierGeneratorFactory - Registering IdentifierGenerator strategy [enhanced-sequence] -> [org.hibernate.id.enhanced.SequenceStyleGenerator]
[DEBUG] 2021-04-14 15:49:23.392 [main] DefaultIdentifierGeneratorFactory - Registering IdentifierGenerator strategy [enhanced-table] -> [org.hibernate.id.enhanced.TableGenerator]
[INFO ] 2021-04-14 15:49:23.400 [main] C3P0ConnectionProvider - HHH010002: C3P0 using driver: com.mysql.cj.jdbc.Driver at URL: jdbc:mysql://localhost:3306/budget_tracker
[INFO ] 2021-04-14 15:49:23.401 [main] C3P0ConnectionProvider - HHH10001001: Connection properties: {password=****, user=root}
[INFO ] 2021-04-14 15:49:23.401 [main] C3P0ConnectionProvider - HHH10001003: Autocommit mode: false
[INFO ] 2021-04-14 15:49:23.520 [main] C3P0ConnectionProvider - HHH10001007: JDBC isolation level: <unknown>
[DEBUG] 2021-04-14 15:49:23.667 [main] JdbcEnvironmentInitiator - Database ->
       name : MySQL
    version : 8.0.22
      major : 8
      minor : 0
[DEBUG] 2021-04-14 15:49:23.671 [main] JdbcEnvironmentInitiator - Driver ->
       name : MySQL Connector/J
    version : mysql-connector-java-8.0.16 (Revision: 34cbc6bc61f72836e26327537a432d6db7c77de6)
      major : 8
      minor : 0
[DEBUG] 2021-04-14 15:49:23.672 [main] JdbcEnvironmentInitiator - JDBC version : 4.2
[INFO ] 2021-04-14 15:49:23.700 [main] Dialect - HHH000400: Using dialect: org.hibernate.dialect.MySQL8Dialect
[DEBUG] 2021-04-14 15:49:23.728 [main] IdentifierHelperBuilder - JDBC driver metadata reported database stores quoted identifiers in more than one case
[DEBUG] 2021-04-14 15:49:23.765 [main] IdentifierHelperBuilder - IdentifierCaseStrategy for both quoted and unquoted identifiers was set to the same strategy [MIXED]; that will likely lead to problems in schema update and validation if using quoted identifiers
[DEBUG] 2021-04-14 15:49:23.804 [main] Namespace - Created database namespace [logicalName=Name{catalog=null, schema=null}, physicalName=Name{catalog=null, schema=null}]
[DEBUG] 2021-04-14 15:49:23.809 [main] TypeConfiguration$Scope - Scoping TypeConfiguration [org.hibernate.type.spi.TypeConfiguration@36c281ed] to MetadataBuildingContext [org.hibernate.boot.internal.MetadataBuildingContextRootImpl@244418a]
[DEBUG] 2021-04-14 15:49:23.856 [main] AnnotationBinder - Binding entity from annotated class: edu.matc.entity.Category
[DEBUG] 2021-04-14 15:49:23.880 [main] Ejb3Column - Binding column: Ejb3DiscriminatorColumn{logicalColumnName'DTYPE', discriminatorTypeName='string'}
[DEBUG] 2021-04-14 15:49:23.888 [main] EntityBinder - Import with entity name Category
[DEBUG] 2021-04-14 15:49:23.889 [main] EntityBinder - Bind entity edu.matc.entity.Category on table category
[DEBUG] 2021-04-14 15:49:23.915 [main] Ejb3Column - Binding column: Ejb3Column{table=org.hibernate.mapping.Table(category), mappingColumn=id, insertable=true, updatable=true, unique=false}
[DEBUG] 2021-04-14 15:49:23.916 [main] PropertyBinder - MetadataSourceProcessor property id with lazy=false
[DEBUG] 2021-04-14 15:49:23.917 [main] AbstractPropertyHolder - Attempting to locate auto-apply AttributeConverter for property [edu.matc.entity.Category:id]
[DEBUG] 2021-04-14 15:49:23.921 [main] SimpleValueBinder - building SimpleValue for id
[DEBUG] 2021-04-14 15:49:23.926 [main] PropertyBinder - Building property id
[DEBUG] 2021-04-14 15:49:23.928 [main] BinderHelper - #makeIdGenerator(org.hibernate.mapping.SimpleValue([org.hibernate.mapping.Column(id)]), id, org.hibernate.id.enhanced.SequenceStyleGenerator, native, ...)
[DEBUG] 2021-04-14 15:49:23.928 [main] Ejb3Column - Binding column: Ejb3Column{table=org.hibernate.mapping.Table(category), mappingColumn=category_description, insertable=true, updatable=true, unique=false}
[DEBUG] 2021-04-14 15:49:23.929 [main] PropertyBinder - MetadataSourceProcessor property categoryDescription with lazy=false
[DEBUG] 2021-04-14 15:49:23.929 [main] AbstractPropertyHolder - Attempting to locate auto-apply AttributeConverter for property [edu.matc.entity.Category:categoryDescription]
[DEBUG] 2021-04-14 15:49:23.929 [main] SimpleValueBinder - building SimpleValue for categoryDescription
[DEBUG] 2021-04-14 15:49:23.929 [main] PropertyBinder - Building property categoryDescription
[DEBUG] 2021-04-14 15:49:23.929 [main] Ejb3Column - Binding column: Ejb3Column{table=org.hibernate.mapping.Table(category), mappingColumn=category_name, insertable=true, updatable=true, unique=false}
[DEBUG] 2021-04-14 15:49:23.929 [main] PropertyBinder - MetadataSourceProcessor property categoryName with lazy=false
[DEBUG] 2021-04-14 15:49:23.929 [main] AbstractPropertyHolder - Attempting to locate auto-apply AttributeConverter for property [edu.matc.entity.Category:categoryName]
[DEBUG] 2021-04-14 15:49:23.929 [main] SimpleValueBinder - building SimpleValue for categoryName
[DEBUG] 2021-04-14 15:49:23.930 [main] PropertyBinder - Building property categoryName
[DEBUG] 2021-04-14 15:49:23.932 [main] Ejb3Column - Binding column: Ejb3Column{table=org.hibernate.mapping.Table(category), mappingColumn=color, insertable=true, updatable=true, unique=false}
[DEBUG] 2021-04-14 15:49:23.932 [main] PropertyBinder - MetadataSourceProcessor property color with lazy=false
[DEBUG] 2021-04-14 15:49:23.934 [main] AbstractPropertyHolder - Attempting to locate auto-apply AttributeConverter for property [edu.matc.entity.Category:color]
[DEBUG] 2021-04-14 15:49:23.935 [main] SimpleValueBinder - building SimpleValue for color
[DEBUG] 2021-04-14 15:49:23.935 [main] PropertyBinder - Building property color
[DEBUG] 2021-04-14 15:49:23.935 [main] Ejb3Column - Binding column: Ejb3JoinColumn{logicalColumnName='user_id', referencedColumn='id', mappedBy=''}
[DEBUG] 2021-04-14 15:49:23.935 [main] Ejb3Column - Binding column: Ejb3Column{table=org.hibernate.mapping.Table(category), mappingColumn=userId, insertable=true, updatable=true, unique=false}
[DEBUG] 2021-04-14 15:49:23.937 [main] PropertyBinder - Building property userId
[DEBUG] 2021-04-14 15:49:23.941 [main] AnnotationBinder - Binding entity from annotated class: edu.matc.entity.Entry
[DEBUG] 2021-04-14 15:49:23.941 [main] Ejb3Column - Binding column: Ejb3DiscriminatorColumn{logicalColumnName'DTYPE', discriminatorTypeName='string'}
[DEBUG] 2021-04-14 15:49:23.942 [main] EntityBinder - Import with entity name Entry
[DEBUG] 2021-04-14 15:49:23.942 [main] EntityBinder - Bind entity edu.matc.entity.Entry on table entry
[DEBUG] 2021-04-14 15:49:23.943 [main] Ejb3Column - Binding column: Ejb3Column{table=org.hibernate.mapping.Table(entry), mappingColumn=id, insertable=true, updatable=true, unique=false}
[DEBUG] 2021-04-14 15:49:23.943 [main] PropertyBinder - MetadataSourceProcessor property id with lazy=false
[DEBUG] 2021-04-14 15:49:23.943 [main] AbstractPropertyHolder - Attempting to locate auto-apply AttributeConverter for property [edu.matc.entity.Entry:id]
[DEBUG] 2021-04-14 15:49:23.943 [main] SimpleValueBinder - building SimpleValue for id
[DEBUG] 2021-04-14 15:49:23.943 [main] PropertyBinder - Building property id
[DEBUG] 2021-04-14 15:49:23.945 [main] BinderHelper - #makeIdGenerator(org.hibernate.mapping.SimpleValue([org.hibernate.mapping.Column(id)]), id, org.hibernate.id.enhanced.SequenceStyleGenerator, native, ...)
[DEBUG] 2021-04-14 15:49:23.945 [main] Ejb3Column - Binding column: Ejb3JoinColumn{logicalColumnName='category_id', referencedColumn='id', mappedBy=''}
[DEBUG] 2021-04-14 15:49:23.945 [main] Ejb3Column - Binding column: Ejb3Column{table=org.hibernate.mapping.Table(entry), mappingColumn=categoryId, insertable=true, updatable=true, unique=false}
[DEBUG] 2021-04-14 15:49:23.949 [main] PropertyBinder - Building property categoryId
[DEBUG] 2021-04-14 15:49:23.949 [main] Ejb3Column - Binding column: Ejb3Column{table=org.hibernate.mapping.Table(entry), mappingColumn=date, insertable=true, updatable=true, unique=false}
[DEBUG] 2021-04-14 15:49:23.949 [main] PropertyBinder - MetadataSourceProcessor property date with lazy=false
[DEBUG] 2021-04-14 15:49:23.949 [main] AbstractPropertyHolder - Attempting to locate auto-apply AttributeConverter for property [edu.matc.entity.Entry:date]
[DEBUG] 2021-04-14 15:49:23.949 [main] SimpleValueBinder - building SimpleValue for date
[DEBUG] 2021-04-14 15:49:23.949 [main] PropertyBinder - Building property date
[DEBUG] 2021-04-14 15:49:23.950 [main] Ejb3Column - Binding column: Ejb3Column{table=org.hibernate.mapping.Table(entry), mappingColumn=entry_name, insertable=true, updatable=true, unique=false}
[DEBUG] 2021-04-14 15:49:23.950 [main] PropertyBinder - MetadataSourceProcessor property entryName with lazy=false
[DEBUG] 2021-04-14 15:49:23.950 [main] AbstractPropertyHolder - Attempting to locate auto-apply AttributeConverter for property [edu.matc.entity.Entry:entryName]
[DEBUG] 2021-04-14 15:49:23.950 [main] SimpleValueBinder - building SimpleValue for entryName
[DEBUG] 2021-04-14 15:49:23.950 [main] PropertyBinder - Building property entryName
[DEBUG] 2021-04-14 15:49:23.951 [main] Ejb3Column - Binding column: Ejb3Column{table=org.hibernate.mapping.Table(entry), mappingColumn=entry_type, insertable=true, updatable=true, unique=false}
[DEBUG] 2021-04-14 15:49:23.951 [main] PropertyBinder - MetadataSourceProcessor property entryType with lazy=false
[DEBUG] 2021-04-14 15:49:23.951 [main] AbstractPropertyHolder - Attempting to locate auto-apply AttributeConverter for property [edu.matc.entity.Entry:entryType]
[DEBUG] 2021-04-14 15:49:23.951 [main] SimpleValueBinder - building SimpleValue for entryType
[DEBUG] 2021-04-14 15:49:23.951 [main] PropertyBinder - Building property entryType
[DEBUG] 2021-04-14 15:49:23.951 [main] Ejb3Column - Binding column: Ejb3JoinColumn{logicalColumnName='user_id', referencedColumn='id', mappedBy=''}
[DEBUG] 2021-04-14 15:49:23.951 [main] Ejb3Column - Binding column: Ejb3Column{table=org.hibernate.mapping.Table(entry), mappingColumn=userId, insertable=true, updatable=true, unique=false}
[DEBUG] 2021-04-14 15:49:23.951 [main] PropertyBinder - Building property userId
[DEBUG] 2021-04-14 15:49:23.952 [main] Ejb3Column - Binding column: Ejb3Column{table=org.hibernate.mapping.Table(entry), mappingColumn=value, insertable=true, updatable=true, unique=false}
[DEBUG] 2021-04-14 15:49:23.952 [main] PropertyBinder - MetadataSourceProcessor property value with lazy=false
[DEBUG] 2021-04-14 15:49:23.952 [main] AbstractPropertyHolder - Attempting to locate auto-apply AttributeConverter for property [edu.matc.entity.Entry:value]
[DEBUG] 2021-04-14 15:49:23.952 [main] SimpleValueBinder - building SimpleValue for value
[DEBUG] 2021-04-14 15:49:23.952 [main] PropertyBinder - Building property value
[DEBUG] 2021-04-14 15:49:23.952 [main] AnnotationBinder - Binding entity from annotated class: edu.matc.entity.User
[DEBUG] 2021-04-14 15:49:23.953 [main] Ejb3Column - Binding column: Ejb3DiscriminatorColumn{logicalColumnName'DTYPE', discriminatorTypeName='string'}
[DEBUG] 2021-04-14 15:49:23.953 [main] EntityBinder - Import with entity name User
[DEBUG] 2021-04-14 15:49:23.953 [main] EntityBinder - Bind entity edu.matc.entity.User on table user
[DEBUG] 2021-04-14 15:49:23.954 [main] Ejb3Column - Binding column: Ejb3Column{table=org.hibernate.mapping.Table(user), mappingColumn=id, insertable=true, updatable=true, unique=false}
[DEBUG] 2021-04-14 15:49:23.954 [main] PropertyBinder - MetadataSourceProcessor property id with lazy=false
[DEBUG] 2021-04-14 15:49:23.954 [main] AbstractPropertyHolder - Attempting to locate auto-apply AttributeConverter for property [edu.matc.entity.User:id]
[DEBUG] 2021-04-14 15:49:23.954 [main] SimpleValueBinder - building SimpleValue for id
[DEBUG] 2021-04-14 15:49:23.954 [main] PropertyBinder - Building property id
[DEBUG] 2021-04-14 15:49:23.954 [main] BinderHelper - #makeIdGenerator(org.hibernate.mapping.SimpleValue([org.hibernate.mapping.Column(id)]), id, org.hibernate.id.enhanced.SequenceStyleGenerator, native, ...)
[DEBUG] 2021-04-14 15:49:23.955 [main] Ejb3Column - Binding column: Ejb3Column{table=org.hibernate.mapping.Table(user), mappingColumn=birthdate, insertable=true, updatable=true, unique=false}
[DEBUG] 2021-04-14 15:49:23.955 [main] PropertyBinder - MetadataSourceProcessor property birthdate with lazy=false
[DEBUG] 2021-04-14 15:49:23.955 [main] AbstractPropertyHolder - Attempting to locate auto-apply AttributeConverter for property [edu.matc.entity.User:birthdate]
[DEBUG] 2021-04-14 15:49:23.955 [main] SimpleValueBinder - building SimpleValue for birthdate
[DEBUG] 2021-04-14 15:49:23.955 [main] PropertyBinder - Building property birthdate
[DEBUG] 2021-04-14 15:49:23.955 [main] Ejb3Column - Binding column: Ejb3Column{table=org.hibernate.mapping.Table(user), mappingColumn=email, insertable=true, updatable=true, unique=false}
[DEBUG] 2021-04-14 15:49:23.956 [main] PropertyBinder - MetadataSourceProcessor property email with lazy=false
[DEBUG] 2021-04-14 15:49:23.956 [main] AbstractPropertyHolder - Attempting to locate auto-apply AttributeConverter for property [edu.matc.entity.User:email]
[DEBUG] 2021-04-14 15:49:23.956 [main] SimpleValueBinder - building SimpleValue for email
[DEBUG] 2021-04-14 15:49:23.956 [main] PropertyBinder - Building property email
[DEBUG] 2021-04-14 15:49:23.956 [main] Ejb3Column - Binding column: Ejb3Column{table=org.hibernate.mapping.Table(user), mappingColumn=first_name, insertable=true, updatable=true, unique=false}
[DEBUG] 2021-04-14 15:49:23.956 [main] PropertyBinder - MetadataSourceProcessor property firstName with lazy=false
[DEBUG] 2021-04-14 15:49:23.956 [main] AbstractPropertyHolder - Attempting to locate auto-apply AttributeConverter for property [edu.matc.entity.User:firstName]
[DEBUG] 2021-04-14 15:49:23.956 [main] SimpleValueBinder - building SimpleValue for firstName
[DEBUG] 2021-04-14 15:49:23.956 [main] PropertyBinder - Building property firstName
[DEBUG] 2021-04-14 15:49:23.956 [main] Ejb3Column - Binding column: Ejb3Column{table=org.hibernate.mapping.Table(user), mappingColumn=last_name, insertable=true, updatable=true, unique=false}
[DEBUG] 2021-04-14 15:49:23.956 [main] PropertyBinder - MetadataSourceProcessor property lastName with lazy=false
[DEBUG] 2021-04-14 15:49:23.956 [main] AbstractPropertyHolder - Attempting to locate auto-apply AttributeConverter for property [edu.matc.entity.User:lastName]
[DEBUG] 2021-04-14 15:49:23.956 [main] SimpleValueBinder - building SimpleValue for lastName
[DEBUG] 2021-04-14 15:49:23.957 [main] PropertyBinder - Building property lastName
[DEBUG] 2021-04-14 15:49:23.957 [main] Ejb3Column - Binding column: Ejb3Column{table=org.hibernate.mapping.Table(user), mappingColumn=password, insertable=true, updatable=true, unique=false}
[DEBUG] 2021-04-14 15:49:23.957 [main] PropertyBinder - MetadataSourceProcessor property password with lazy=false
[DEBUG] 2021-04-14 15:49:23.957 [main] AbstractPropertyHolder - Attempting to locate auto-apply AttributeConverter for property [edu.matc.entity.User:password]
[DEBUG] 2021-04-14 15:49:23.961 [main] SimpleValueBinder - building SimpleValue for password
[DEBUG] 2021-04-14 15:49:23.961 [main] PropertyBinder - Building property password
[DEBUG] 2021-04-14 15:49:23.961 [main] Ejb3Column - Binding column: Ejb3Column{table=org.hibernate.mapping.Table(user), mappingColumn=username, insertable=true, updatable=true, unique=false}
[DEBUG] 2021-04-14 15:49:23.961 [main] PropertyBinder - MetadataSourceProcessor property userName with lazy=false
[DEBUG] 2021-04-14 15:49:23.962 [main] AbstractPropertyHolder - Attempting to locate auto-apply AttributeConverter for property [edu.matc.entity.User:userName]
[DEBUG] 2021-04-14 15:49:23.962 [main] SimpleValueBinder - building SimpleValue for userName
[DEBUG] 2021-04-14 15:49:23.963 [main] PropertyBinder - Building property userName
[DEBUG] 2021-04-14 15:49:23.964 [main] SimpleValueBinder - Starting fillSimpleValue for id
[DEBUG] 2021-04-14 15:49:23.965 [main] SimpleValueBinder - Starting fillSimpleValue for categoryDescription
[DEBUG] 2021-04-14 15:49:23.966 [main] SimpleValueBinder - Starting fillSimpleValue for categoryName
[DEBUG] 2021-04-14 15:49:23.966 [main] SimpleValueBinder - Starting fillSimpleValue for color
[DEBUG] 2021-04-14 15:49:23.966 [main] SimpleValueBinder - Starting fillSimpleValue for id
[DEBUG] 2021-04-14 15:49:23.966 [main] SimpleValueBinder - Starting fillSimpleValue for date
[DEBUG] 2021-04-14 15:49:23.966 [main] SimpleValueBinder - Starting fillSimpleValue for entryName
[DEBUG] 2021-04-14 15:49:23.966 [main] SimpleValueBinder - Starting fillSimpleValue for entryType
[DEBUG] 2021-04-14 15:49:23.966 [main] SimpleValueBinder - Starting fillSimpleValue for value
[DEBUG] 2021-04-14 15:49:23.966 [main] SimpleValueBinder - Starting fillSimpleValue for id
[DEBUG] 2021-04-14 15:49:23.966 [main] SimpleValueBinder - Starting fillSimpleValue for birthdate
[DEBUG] 2021-04-14 15:49:23.966 [main] SimpleValueBinder - Starting fillSimpleValue for email
[DEBUG] 2021-04-14 15:49:23.966 [main] SimpleValueBinder - Starting fillSimpleValue for firstName
[DEBUG] 2021-04-14 15:49:23.966 [main] SimpleValueBinder - Starting fillSimpleValue for lastName
[DEBUG] 2021-04-14 15:49:23.966 [main] SimpleValueBinder - Starting fillSimpleValue for password
[DEBUG] 2021-04-14 15:49:23.966 [main] SimpleValueBinder - Starting fillSimpleValue for userName
[DEBUG] 2021-04-14 15:49:23.968 [main] PrimaryKey - Forcing column [id] to be non-null as it is part of the primary key for table [category]
[DEBUG] 2021-04-14 15:49:23.968 [main] PrimaryKey - Forcing column [id] to be non-null as it is part of the primary key for table [entry]
[DEBUG] 2021-04-14 15:49:23.968 [main] PrimaryKey - Forcing column [id] to be non-null as it is part of the primary key for table [user]
[DEBUG] 2021-04-14 15:49:23.968 [main] InFlightMetadataCollectorImpl - Resolving reference to class: edu.matc.entity.User
[DEBUG] 2021-04-14 15:49:23.969 [main] InFlightMetadataCollectorImpl - Resolving reference to class: edu.matc.entity.Category
[DEBUG] 2021-04-14 15:49:23.969 [main] InFlightMetadataCollectorImpl - Resolving reference to class: edu.matc.entity.User
[DEBUG] 2021-04-14 15:49:23.972 [main] InFlightMetadataCollectorImpl - Resolving reference to class: edu.matc.entity.User
[DEBUG] 2021-04-14 15:49:23.973 [main] InFlightMetadataCollectorImpl - Resolving reference to class: edu.matc.entity.Category
[DEBUG] 2021-04-14 15:49:23.973 [main] InFlightMetadataCollectorImpl - Resolving reference to class: edu.matc.entity.User
[DEBUG] 2021-04-14 15:49:24.006 [main] SessionFactoryImpl - Building session factory
[DEBUG] 2021-04-14 15:49:24.007 [main] Settings - SessionFactory name : null
[DEBUG] 2021-04-14 15:49:24.007 [main] Settings - Automatic flush during beforeCompletion(): enabled
[DEBUG] 2021-04-14 15:49:24.007 [main] Settings - Automatic session close at end of transaction: disabled
[DEBUG] 2021-04-14 15:49:24.007 [main] Settings - Statistics: disabled
[DEBUG] 2021-04-14 15:49:24.007 [main] Settings - Deleted entity synthetic identifier rollback: disabled
[DEBUG] 2021-04-14 15:49:24.007 [main] Settings - Default entity-mode: pojo
[DEBUG] 2021-04-14 15:49:24.007 [main] Settings - Check Nullability in Core (should be disabled when Bean Validation is on): enabled
[DEBUG] 2021-04-14 15:49:24.007 [main] Settings - Allow initialization of lazy state outside session : disabled
[DEBUG] 2021-04-14 15:49:24.007 [main] Settings - Using BatchFetchStyle : LEGACY
[DEBUG] 2021-04-14 15:49:24.007 [main] Settings - Default batch fetch size: -1
[DEBUG] 2021-04-14 15:49:24.007 [main] Settings - Maximum outer join fetch depth: 2
[DEBUG] 2021-04-14 15:49:24.007 [main] Settings - Default null ordering: NONE
[DEBUG] 2021-04-14 15:49:24.007 [main] Settings - Order SQL updates by primary key: disabled
[DEBUG] 2021-04-14 15:49:24.007 [main] Settings - Order SQL inserts for batching: disabled
[DEBUG] 2021-04-14 15:49:24.007 [main] Settings - multi-tenancy strategy : NONE
[DEBUG] 2021-04-14 15:49:24.007 [main] Settings - JTA Track by Thread: enabled
[DEBUG] 2021-04-14 15:49:24.007 [main] Settings - Query language substitutions: {}
[DEBUG] 2021-04-14 15:49:24.008 [main] Settings - Named query checking : enabled
[DEBUG] 2021-04-14 15:49:24.008 [main] Settings - Second-level cache: disabled
[DEBUG] 2021-04-14 15:49:24.008 [main] Settings - Second-level query cache: disabled
[DEBUG] 2021-04-14 15:49:24.008 [main] Settings - Second-level query cache factory: null
[DEBUG] 2021-04-14 15:49:24.008 [main] Settings - Second-level cache region prefix: null
[DEBUG] 2021-04-14 15:49:24.008 [main] Settings - Optimize second-level cache for minimal puts: disabled
[DEBUG] 2021-04-14 15:49:24.008 [main] Settings - Structured second-level cache entries: disabled
[DEBUG] 2021-04-14 15:49:24.008 [main] Settings - Second-level cache direct-reference entries: disabled
[DEBUG] 2021-04-14 15:49:24.008 [main] Settings - Automatic eviction of collection cache: disabled
[DEBUG] 2021-04-14 15:49:24.008 [main] Settings - JDBC batch size: 15
[DEBUG] 2021-04-14 15:49:24.008 [main] Settings - JDBC batch updates for versioned data: enabled
[DEBUG] 2021-04-14 15:49:24.008 [main] Settings - Scrollable result sets: enabled
[DEBUG] 2021-04-14 15:49:24.008 [main] Settings - Wrap result sets: disabled
[DEBUG] 2021-04-14 15:49:24.008 [main] Settings - JDBC3 getGeneratedKeys(): enabled
[DEBUG] 2021-04-14 15:49:24.008 [main] Settings - JDBC result set fetch size: null
[DEBUG] 2021-04-14 15:49:24.008 [main] Settings - Connection release mode: AFTER_TRANSACTION
[DEBUG] 2021-04-14 15:49:24.008 [main] Settings - Generate SQL with comments: disabled
[DEBUG] 2021-04-14 15:49:24.008 [main] Settings - JPA compliance - query : 
[DEBUG] 2021-04-14 15:49:24.008 [main] Settings - JPA compliance - closed-handling : 
[DEBUG] 2021-04-14 15:49:24.008 [main] Settings - JPA compliance - lists : 
[DEBUG] 2021-04-14 15:49:24.008 [main] Settings - JPA compliance - transactions : 
[INFO ] 2021-04-14 15:49:24.059 [main] beans - HHH10005002: No explicit CDI BeanManager reference was passed to Hibernate, but CDI is available on the Hibernate ClassLoader.
[DEBUG] 2021-04-14 15:49:24.076 [main] SessionFactoryImpl - Session factory constructed with filter configurations : {}
[DEBUG] 2021-04-14 15:49:24.076 [main] SessionFactoryImpl - Instantiating session factory with properties: {sun.desktop=gnome, awt.toolkit=sun.awt.X11.XToolkit, java.specification.version=11, sun.cpu.isalist=, hibernate.c3p0.idle_test_period=3000, sun.jnu.encoding=UTF-8, hibernate.c3p0.min_size=5, java.class.path=/home/student/intellij/lib/idea_rt.jar:/home/student/intellij/plugins/junit/lib/junit5-rt.jar:/home/student/intellij/plugins/junit/lib/junit-rt.jar:/home/student/IdeaProjects/budgetTracker/target/test-classes:/home/student/IdeaProjects/budgetTracker/target/classes:/home/student/.m2/repository/junit/junit/4.12/junit-4.12.jar:/home/student/.m2/repository/org/hamcrest/hamcrest-core/1.3/hamcrest-core-1.3.jar:/home/student/.m2/repository/org/hibernate/hibernate-core/5.4.4.Final/hibernate-core-5.4.4.Final.jar:/home/student/.m2/repository/org/jboss/logging/jboss-logging/3.3.2.Final/jboss-logging-3.3.2.Final.jar:/home/student/.m2/repository/javax/persistence/javax.persistence-api/2.2/javax.persistence-api-2.2.jar:/home/student/.m2/repository/org/javassist/javassist/3.24.0-GA/javassist-3.24.0-GA.jar:/home/student/.m2/repository/net/bytebuddy/byte-buddy/1.9.11/byte-buddy-1.9.11.jar:/home/student/.m2/repository/antlr/antlr/2.7.7/antlr-2.7.7.jar:/home/student/.m2/repository/org/jboss/spec/javax/transaction/jboss-transaction-api_1.2_spec/1.1.1.Final/jboss-transaction-api_1.2_spec-1.1.1.Final.jar:/home/student/.m2/repository/org/jboss/jandex/2.0.5.Final/jandex-2.0.5.Final.jar:/home/student/.m2/repository/com/fasterxml/classmate/1.3.4/classmate-1.3.4.jar:/home/student/.m2/repository/javax/activation/javax.activation-api/1.2.0/javax.activation-api-1.2.0.jar:/home/student/.m2/repository/org/dom4j/dom4j/2.1.1/dom4j-2.1.1.jar:/home/student/.m2/repository/org/hibernate/common/hibernate-commons-annotations/5.1.0.Final/hibernate-commons-annotations-5.1.0.Final.jar:/home/student/.m2/repository/javax/xml/bind/jaxb-api/2.3.1/jaxb-api-2.3.1.jar:/home/student/.m2/repository/org/glassfish/jaxb/jaxb-runtime/2.3.1/jaxb-runtime-2.3.1.jar:/home/student/.m2/repository/org/glassfish/jaxb/txw2/2.3.1/txw2-2.3.1.jar:/home/student/.m2/repository/com/sun/istack/istack-commons-runtime/3.0.7/istack-commons-runtime-3.0.7.jar:/home/student/.m2/repository/org/jvnet/staxex/stax-ex/1.8/stax-ex-1.8.jar:/home/student/.m2/repository/com/sun/xml/fastinfoset/FastInfoset/1.2.15/FastInfoset-1.2.15.jar:/home/student/.m2/repository/org/hibernate/hibernate-c3p0/5.4.4.Final/hibernate-c3p0-5.4.4.Final.jar:/home/student/.m2/repository/com/mchange/c3p0/0.9.5.3/c3p0-0.9.5.3.jar:/home/student/.m2/repository/com/mchange/mchange-commons-java/0.2.15/mchange-commons-java-0.2.15.jar:/home/student/.m2/repository/org/apache/logging/log4j/log4j-api/2.10.0/log4j-api-2.10.0.jar:/home/student/.m2/repository/org/apache/logging/log4j/log4j-core/2.10.0/log4j-core-2.10.0.jar:/home/student/.m2/repository/javax/javaee-web-api/7.0/javaee-web-api-7.0.jar:/home/student/.m2/repository/org/junit/platform/junit-platform-runner/1.0.0/junit-platform-runner-1.0.0.jar:/home/student/.m2/repository/org/apiguardian/apiguardian-api/1.0.0/apiguardian-api-1.0.0.jar:/home/student/.m2/repository/org/junit/platform/junit-platform-launcher/1.0.0/junit-platform-launcher-1.0.0.jar:/home/student/.m2/repository/org/junit/platform/junit-platform-suite-api/1.0.0/junit-platform-suite-api-1.0.0.jar:/home/student/.m2/repository/org/junit/vintage/junit-vintage-engine/4.12.0/junit-vintage-engine-4.12.0.jar:/home/student/.m2/repository/org/junit/platform/junit-platform-engine/1.0.0/junit-platform-engine-1.0.0.jar:/home/student/.m2/repository/org/junit/jupiter/junit-jupiter-engine/5.0.0/junit-jupiter-engine-5.0.0.jar:/home/student/.m2/repository/jstl/jstl/1.2/jstl-1.2.jar:/home/student/.m2/repository/mysql/mysql-connector-java/8.0.16/mysql-connector-java-8.0.16.jar:/home/student/.m2/repository/com/google/protobuf/protobuf-java/3.6.1/protobuf-java-3.6.1.jar:/home/student/.m2/repository/org/junit/jupiter/junit-jupiter-api/5.0.0/junit-jupiter-api-5.0.0.jar:/home/student/.m2/repository/org/opentest4j/opentest4j/1.0.0/opentest4j-1.0.0.jar:/home/student/.m2/repository/org/junit/platform/junit-platform-commons/1.0.0/junit-platform-commons-1.0.0.jar:/home/student/.m2/repository/org/glassfish/jersey/core/jersey-client/2.29.1/jersey-client-2.29.1.jar:/home/student/.m2/repository/jakarta/ws/rs/jakarta.ws.rs-api/2.1.6/jakarta.ws.rs-api-2.1.6.jar:/home/student/.m2/repository/org/glassfish/jersey/core/jersey-common/2.29.1/jersey-common-2.29.1.jar:/home/student/.m2/repository/jakarta/annotation/jakarta.annotation-api/1.3.5/jakarta.annotation-api-1.3.5.jar:/home/student/.m2/repository/org/glassfish/hk2/osgi-resource-locator/1.0.3/osgi-resource-locator-1.0.3.jar:/home/student/.m2/repository/com/sun/activation/jakarta.activation/1.2.1/jakarta.activation-1.2.1.jar:/home/student/.m2/repository/org/glassfish/hk2/external/jakarta.inject/2.6.1/jakarta.inject-2.6.1.jar:/home/student/.m2/repository/org/glassfish/jersey/inject/jersey-hk2/2.29.1/jersey-hk2-2.29.1.jar:/home/student/.m2/repository/org/glassfish/hk2/hk2-locator/2.6.1/hk2-locator-2.6.1.jar:/home/student/.m2/repository/org/glassfish/hk2/external/aopalliance-repackaged/2.6.1/aopalliance-repackaged-2.6.1.jar:/home/student/.m2/repository/org/glassfish/hk2/hk2-api/2.6.1/hk2-api-2.6.1.jar:/home/student/.m2/repository/org/glassfish/hk2/hk2-utils/2.6.1/hk2-utils-2.6.1.jar:/home/student/.m2/repository/com/fasterxml/jackson/core/jackson-core/2.10.0/jackson-core-2.10.0.jar:/home/student/.m2/repository/com/fasterxml/jackson/core/jackson-annotations/2.10.0/jackson-annotations-2.10.0.jar:/home/student/.m2/repository/com/fasterxml/jackson/core/jackson-databind/2.10.0/jackson-databind-2.10.0.jar, java.vm.vendor=Ubuntu, sun.arch.data.model=64, idea.test.cyclic.buffer.size=1048576, java.vendor.url=https://ubuntu.com/, user.timezone=America/Chicago, os.name=Linux, java.vm.specification.version=11, sun.java.launcher=SUN_STANDARD, user.country=US, sun.boot.library.path=/usr/lib/jvm/java-11-openjdk-amd64/lib, sun.java.command=com.intellij.rt.junit.JUnitStarter -ideVersion5 -junit5 edu.matc.persistence.UserDaoTest,findByPropertyEqualSuccess, jdk.debug=release, sun.cpu.endian=little, user.home=/home/student, hibernate.c3p0.max_statements=50, user.language=en, java.specification.vendor=Oracle Corporation, java.version.date=2021-01-19, java.home=/usr/lib/jvm/java-11-openjdk-amd64, file.separator=/, java.vm.compressedOopsMode=Zero based, line.separator=
, hibernate.c3p0.timeout=300, java.specification.name=Java Platform API Specification, java.vm.specification.vendor=Oracle Corporation, java.awt.graphicsenv=sun.awt.X11GraphicsEnvironment, connection.password=student, sun.management.compiler=HotSpot 64-Bit Tiered Compilers, hibernate.c3p0.max_size=20, java.runtime.version=11.0.10+9-Ubuntu-0ubuntu1.20.04, user.name=student, path.separator=:, hibernate.connection.username=****, os.version=5.4.0-70-generic, java.runtime.name=OpenJDK Runtime Environment, hibernate.connection.url=jdbc:mysql://localhost:3306/budget_tracker, file.encoding=UTF-8, java.vm.name=OpenJDK 64-Bit Server VM, hibernate.connection.driver_class=com.mysql.cj.jdbc.Driver, java.vendor.url.bug=https://bugs.launchpad.net/ubuntu/+source/openjdk-lts, java.io.tmpdir=/tmp, java.version=11.0.10, user.dir=/home/student/IdeaProjects/budgetTracker, os.arch=amd64, connection.username=root, java.vm.specification.name=Java Virtual Machine Specification, java.awt.printerjob=sun.print.PSPrinterJob, hibernate.connection.password=****, sun.os.patch.level=unknown, connection.driver_class=com.mysql.cj.jdbc.Driver, hibernate.boot.CfgXmlAccessService.key=org.hibernate.boot.cfgxml.spi.LoadedConfig@7f353a0f, java.library.path=/usr/java/packages/lib:/usr/lib/x86_64-linux-gnu/jni:/lib/x86_64-linux-gnu:/usr/lib/x86_64-linux-gnu:/usr/lib/jni:/lib:/usr/lib, java.vendor=Ubuntu, java.vm.info=mixed mode, sharing, java.vm.version=11.0.10+9-Ubuntu-0ubuntu1.20.04, hibernate.bytecode.use_reflection_optimizer=false, sun.io.unicode.encoding=UnicodeLittle, connection.url=jdbc:mysql://localhost:3306/budget_tracker, java.class.version=55.0}
[DEBUG] 2021-04-14 15:49:24.095 [main] TypeSafeActivator - Unable to acquire Bean Validation ValidatorFactory, skipping activation
[DEBUG] 2021-04-14 15:49:24.095 [main] JaccIntegrator - Skipping JACC integration as it was not enabled
[DEBUG] 2021-04-14 15:49:24.096 [main] SessionFactoryImpl - Instantiated session factory
[DEBUG] 2021-04-14 15:49:24.096 [main] TypeConfiguration$Scope - Scoping TypeConfiguration [org.hibernate.type.spi.TypeConfiguration@36c281ed] to SessionFactoryImpl [org.hibernate.internal.SessionFactoryImpl@66bf40e5]
[DEBUG] 2021-04-14 15:49:24.202 [main] ClassLoaderAccessImpl - Not known whether passed class name [edu.matc.entity.User] is safe
[DEBUG] 2021-04-14 15:49:24.202 [main] ClassLoaderAccessImpl - No temp ClassLoader provided; using live ClassLoader for loading potentially unsafe class : edu.matc.entity.User
[DEBUG] 2021-04-14 15:49:24.217 [main] ClassLoaderAccessImpl - Not known whether passed class name [edu.matc.entity.User] is safe
[DEBUG] 2021-04-14 15:49:24.217 [main] ClassLoaderAccessImpl - No temp ClassLoader provided; using live ClassLoader for loading potentially unsafe class : edu.matc.entity.User
[DEBUG] 2021-04-14 15:49:24.425 [main] ClassLoaderAccessImpl - Not known whether passed class name [edu.matc.entity.Category] is safe
[DEBUG] 2021-04-14 15:49:24.426 [main] ClassLoaderAccessImpl - No temp ClassLoader provided; using live ClassLoader for loading potentially unsafe class : edu.matc.entity.Category
[DEBUG] 2021-04-14 15:49:24.428 [main] ClassLoaderAccessImpl - Not known whether passed class name [edu.matc.entity.Category] is safe
[DEBUG] 2021-04-14 15:49:24.428 [main] ClassLoaderAccessImpl - No temp ClassLoader provided; using live ClassLoader for loading potentially unsafe class : edu.matc.entity.Category
[DEBUG] 2021-04-14 15:49:24.451 [main] ClassLoaderAccessImpl - Not known whether passed class name [edu.matc.entity.Entry] is safe
[DEBUG] 2021-04-14 15:49:24.451 [main] ClassLoaderAccessImpl - No temp ClassLoader provided; using live ClassLoader for loading potentially unsafe class : edu.matc.entity.Entry
[DEBUG] 2021-04-14 15:49:24.451 [main] ClassLoaderAccessImpl - Not known whether passed class name [edu.matc.entity.Entry] is safe
[DEBUG] 2021-04-14 15:49:24.451 [main] ClassLoaderAccessImpl - No temp ClassLoader provided; using live ClassLoader for loading potentially unsafe class : edu.matc.entity.Entry
[DEBUG] 2021-04-14 15:49:24.483 [main] AbstractEntityPersister - Static SQL for entity: edu.matc.entity.User
[DEBUG] 2021-04-14 15:49:24.483 [main] AbstractEntityPersister -  Version select: select id from user where id =?
[DEBUG] 2021-04-14 15:49:24.483 [main] AbstractEntityPersister -  Snapshot select: select user_.id, user_.birthdate as birthdat2_2_, user_.email as email3_2_, user_.first_name as first_na4_2_, user_.last_name as last_nam5_2_, user_.password as password6_2_, user_.username as username7_2_ from user user_ where user_.id=?
[DEBUG] 2021-04-14 15:49:24.483 [main] AbstractEntityPersister -  Insert 0: insert into user (birthdate, email, first_name, last_name, password, username, id) values (?, ?, ?, ?, ?, ?, ?)
[DEBUG] 2021-04-14 15:49:24.483 [main] AbstractEntityPersister -  Update 0: update user set birthdate=?, email=?, first_name=?, last_name=?, password=?, username=? where id=?
[DEBUG] 2021-04-14 15:49:24.483 [main] AbstractEntityPersister -  Delete 0: delete from user where id=?
[DEBUG] 2021-04-14 15:49:24.483 [main] AbstractEntityPersister -  Identity insert: insert into user (birthdate, email, first_name, last_name, password, username) values (?, ?, ?, ?, ?, ?)
[DEBUG] 2021-04-14 15:49:24.495 [main] QuerySpacesImpl - Adding QuerySpace : uid = <gen:0> -> org.hibernate.loader.plan.build.internal.spaces.EntityQuerySpaceImpl@7e3d2ebd]
[DEBUG] 2021-04-14 15:49:24.498 [main] MetamodelGraphWalker - Visiting attribute path : birthdate
[DEBUG] 2021-04-14 15:49:24.498 [main] MetamodelGraphWalker - Visiting attribute path : email
[DEBUG] 2021-04-14 15:49:24.498 [main] MetamodelGraphWalker - Visiting attribute path : firstName
[DEBUG] 2021-04-14 15:49:24.498 [main] MetamodelGraphWalker - Visiting attribute path : lastName
[DEBUG] 2021-04-14 15:49:24.498 [main] MetamodelGraphWalker - Visiting attribute path : password
[DEBUG] 2021-04-14 15:49:24.498 [main] MetamodelGraphWalker - Visiting attribute path : userName
[DEBUG] 2021-04-14 15:49:24.498 [main] FetchStyleLoadPlanBuildingAssociationVisitationStrategy - Building LoadPlan...
[DEBUG] 2021-04-14 15:49:24.511 [main] LoadQueryJoinAndFetchProcessor - processing queryspace <gen:0>
[DEBUG] 2021-04-14 15:49:24.513 [main] LoadPlanTreePrinter - LoadPlan(entity=edu.matc.entity.User)
    - Returns
       - EntityReturnImpl(entity=edu.matc.entity.User, querySpaceUid=<gen:0>, path=edu.matc.entity.User)
    - QuerySpaces
       - EntityQuerySpaceImpl(uid=<gen:0>, entity=edu.matc.entity.User)
          - SQL table alias mapping - user0_
          - alias suffix - 0_
          - suffixed key columns - {id1_2_0_}

[DEBUG] 2021-04-14 15:49:24.522 [main] EntityLoader - Static select for entity edu.matc.entity.User [NONE]: select user0_.id as id1_2_0_, user0_.birthdate as birthdat2_2_0_, user0_.email as email3_2_0_, user0_.first_name as first_na4_2_0_, user0_.last_name as last_nam5_2_0_, user0_.password as password6_2_0_, user0_.username as username7_2_0_ from user user0_ where user0_.id=?
[DEBUG] 2021-04-14 15:49:24.522 [main] QuerySpacesImpl - Adding QuerySpace : uid = <gen:0> -> org.hibernate.loader.plan.build.internal.spaces.EntityQuerySpaceImpl@6c4ce583]
[DEBUG] 2021-04-14 15:49:24.523 [main] MetamodelGraphWalker - Visiting attribute path : birthdate
[DEBUG] 2021-04-14 15:49:24.523 [main] MetamodelGraphWalker - Visiting attribute path : email
[DEBUG] 2021-04-14 15:49:24.523 [main] MetamodelGraphWalker - Visiting attribute path : firstName
[DEBUG] 2021-04-14 15:49:24.523 [main] MetamodelGraphWalker - Visiting attribute path : lastName
[DEBUG] 2021-04-14 15:49:24.523 [main] MetamodelGraphWalker - Visiting attribute path : password
[DEBUG] 2021-04-14 15:49:24.523 [main] MetamodelGraphWalker - Visiting attribute path : userName
[DEBUG] 2021-04-14 15:49:24.523 [main] FetchStyleLoadPlanBuildingAssociationVisitationStrategy - Building LoadPlan...
[DEBUG] 2021-04-14 15:49:24.523 [main] LoadQueryJoinAndFetchProcessor - processing queryspace <gen:0>
[DEBUG] 2021-04-14 15:49:24.523 [main] LoadPlanTreePrinter - LoadPlan(entity=edu.matc.entity.User)
    - Returns
       - EntityReturnImpl(entity=edu.matc.entity.User, querySpaceUid=<gen:0>, path=edu.matc.entity.User)
    - QuerySpaces
       - EntityQuerySpaceImpl(uid=<gen:0>, entity=edu.matc.entity.User)
          - SQL table alias mapping - user0_
          - alias suffix - 0_
          - suffixed key columns - {id1_2_0_}

[DEBUG] 2021-04-14 15:49:24.523 [main] EntityLoader - Static select for entity edu.matc.entity.User [READ]: select user0_.id as id1_2_0_, user0_.birthdate as birthdat2_2_0_, user0_.email as email3_2_0_, user0_.first_name as first_na4_2_0_, user0_.last_name as last_nam5_2_0_, user0_.password as password6_2_0_, user0_.username as username7_2_0_ from user user0_ where user0_.id=?
[DEBUG] 2021-04-14 15:49:24.535 [main] Loader - Static select for action ACTION_MERGE on entity edu.matc.entity.User: select user0_.id as id1_2_0_, user0_.birthdate as birthdat2_2_0_, user0_.email as email3_2_0_, user0_.first_name as first_na4_2_0_, user0_.last_name as last_nam5_2_0_, user0_.password as password6_2_0_, user0_.username as username7_2_0_ from user user0_ where user0_.id=?
[DEBUG] 2021-04-14 15:49:24.535 [main] Loader - Static select for action ACTION_REFRESH on entity edu.matc.entity.User: select user0_.id as id1_2_0_, user0_.birthdate as birthdat2_2_0_, user0_.email as email3_2_0_, user0_.first_name as first_na4_2_0_, user0_.last_name as last_nam5_2_0_, user0_.password as password6_2_0_, user0_.username as username7_2_0_ from user user0_ where user0_.id=?
[DEBUG] 2021-04-14 15:49:24.535 [main] AbstractEntityPersister - Static SQL for entity: edu.matc.entity.Category
[DEBUG] 2021-04-14 15:49:24.535 [main] AbstractEntityPersister -  Version select: select id from category where id =?
[DEBUG] 2021-04-14 15:49:24.535 [main] AbstractEntityPersister -  Snapshot select: select category_.id, category_.category_description as category2_0_, category_.category_name as category3_0_, category_.color as color4_0_, category_.user_id as user_id5_0_ from category category_ where category_.id=?
[DEBUG] 2021-04-14 15:49:24.535 [main] AbstractEntityPersister -  Insert 0: insert into category (category_description, category_name, color, user_id, id) values (?, ?, ?, ?, ?)
[DEBUG] 2021-04-14 15:49:24.535 [main] AbstractEntityPersister -  Update 0: update category set category_description=?, category_name=?, color=?, user_id=? where id=?
[DEBUG] 2021-04-14 15:49:24.535 [main] AbstractEntityPersister -  Delete 0: delete from category where id=?
[DEBUG] 2021-04-14 15:49:24.535 [main] AbstractEntityPersister -  Identity insert: insert into category (category_description, category_name, color, user_id) values (?, ?, ?, ?)
[DEBUG] 2021-04-14 15:49:24.535 [main] QuerySpacesImpl - Adding QuerySpace : uid = <gen:0> -> org.hibernate.loader.plan.build.internal.spaces.EntityQuerySpaceImpl@5fdd97c1]
[DEBUG] 2021-04-14 15:49:24.535 [main] MetamodelGraphWalker - Visiting attribute path : categoryDescription
[DEBUG] 2021-04-14 15:49:24.535 [main] MetamodelGraphWalker - Visiting attribute path : categoryName
[DEBUG] 2021-04-14 15:49:24.535 [main] MetamodelGraphWalker - Visiting attribute path : color
[DEBUG] 2021-04-14 15:49:24.536 [main] MetamodelGraphWalker - Visiting attribute path : userId
[DEBUG] 2021-04-14 15:49:24.539 [main] QuerySpacesImpl - Adding QuerySpace : uid = <gen:1> -> org.hibernate.loader.plan.build.internal.spaces.EntityQuerySpaceImpl@16681017]
[DEBUG] 2021-04-14 15:49:24.542 [main] MetamodelGraphWalker - Visiting attribute path : userId.birthdate
[DEBUG] 2021-04-14 15:49:24.542 [main] MetamodelGraphWalker - Visiting attribute path : userId.email
[DEBUG] 2021-04-14 15:49:24.542 [main] MetamodelGraphWalker - Visiting attribute path : userId.firstName
[DEBUG] 2021-04-14 15:49:24.542 [main] MetamodelGraphWalker - Visiting attribute path : userId.lastName
[DEBUG] 2021-04-14 15:49:24.542 [main] MetamodelGraphWalker - Visiting attribute path : userId.password
[DEBUG] 2021-04-14 15:49:24.542 [main] MetamodelGraphWalker - Visiting attribute path : userId.userName
[DEBUG] 2021-04-14 15:49:24.542 [main] FetchStyleLoadPlanBuildingAssociationVisitationStrategy - Building LoadPlan...
[DEBUG] 2021-04-14 15:49:24.543 [main] LoadQueryJoinAndFetchProcessor - processing queryspace <gen:0>
[DEBUG] 2021-04-14 15:49:24.545 [main] LoadPlanTreePrinter - LoadPlan(entity=edu.matc.entity.Category)
    - Returns
       - EntityReturnImpl(entity=edu.matc.entity.Category, querySpaceUid=<gen:0>, path=edu.matc.entity.Category)
          - EntityAttributeFetchImpl(entity=edu.matc.entity.User, querySpaceUid=<gen:1>, path=edu.matc.entity.Category.userId)
    - QuerySpaces
       - EntityQuerySpaceImpl(uid=<gen:0>, entity=edu.matc.entity.Category)
          - SQL table alias mapping - category0_
          - alias suffix - 0_
          - suffixed key columns - {id1_0_0_}
          - JOIN (JoinDefinedByMetadata(userId)) : <gen:0> -> <gen:1>
             - EntityQuerySpaceImpl(uid=<gen:1>, entity=edu.matc.entity.User)
                - SQL table alias mapping - user1_
                - alias suffix - 1_
                - suffixed key columns - {id1_2_1_}

[DEBUG] 2021-04-14 15:49:24.545 [main] EntityLoader - Static select for entity edu.matc.entity.Category [NONE]: select category0_.id as id1_0_0_, category0_.category_description as category2_0_0_, category0_.category_name as category3_0_0_, category0_.color as color4_0_0_, category0_.user_id as user_id5_0_0_, user1_.id as id1_2_1_, user1_.birthdate as birthdat2_2_1_, user1_.email as email3_2_1_, user1_.first_name as first_na4_2_1_, user1_.last_name as last_nam5_2_1_, user1_.password as password6_2_1_, user1_.username as username7_2_1_ from category category0_ left outer join user user1_ on category0_.user_id=user1_.id where category0_.id=?
[DEBUG] 2021-04-14 15:49:24.545 [main] QuerySpacesImpl - Adding QuerySpace : uid = <gen:0> -> org.hibernate.loader.plan.build.internal.spaces.EntityQuerySpaceImpl@78c74647]
[DEBUG] 2021-04-14 15:49:24.545 [main] MetamodelGraphWalker - Visiting attribute path : categoryDescription
[DEBUG] 2021-04-14 15:49:24.545 [main] MetamodelGraphWalker - Visiting attribute path : categoryName
[DEBUG] 2021-04-14 15:49:24.545 [main] MetamodelGraphWalker - Visiting attribute path : color
[DEBUG] 2021-04-14 15:49:24.545 [main] MetamodelGraphWalker - Visiting attribute path : userId
[DEBUG] 2021-04-14 15:49:24.545 [main] QuerySpacesImpl - Adding QuerySpace : uid = <gen:1> -> org.hibernate.loader.plan.build.internal.spaces.EntityQuerySpaceImpl@5763a655]
[DEBUG] 2021-04-14 15:49:24.545 [main] MetamodelGraphWalker - Visiting attribute path : userId.birthdate
[DEBUG] 2021-04-14 15:49:24.546 [main] MetamodelGraphWalker - Visiting attribute path : userId.email
[DEBUG] 2021-04-14 15:49:24.546 [main] MetamodelGraphWalker - Visiting attribute path : userId.firstName
[DEBUG] 2021-04-14 15:49:24.546 [main] MetamodelGraphWalker - Visiting attribute path : userId.lastName
[DEBUG] 2021-04-14 15:49:24.546 [main] MetamodelGraphWalker - Visiting attribute path : userId.password
[DEBUG] 2021-04-14 15:49:24.546 [main] MetamodelGraphWalker - Visiting attribute path : userId.userName
[DEBUG] 2021-04-14 15:49:24.546 [main] FetchStyleLoadPlanBuildingAssociationVisitationStrategy - Building LoadPlan...
[DEBUG] 2021-04-14 15:49:24.546 [main] LoadQueryJoinAndFetchProcessor - processing queryspace <gen:0>
[DEBUG] 2021-04-14 15:49:24.546 [main] LoadPlanTreePrinter - LoadPlan(entity=edu.matc.entity.Category)
    - Returns
       - EntityReturnImpl(entity=edu.matc.entity.Category, querySpaceUid=<gen:0>, path=edu.matc.entity.Category)
          - EntityAttributeFetchImpl(entity=edu.matc.entity.User, querySpaceUid=<gen:1>, path=edu.matc.entity.Category.userId)
    - QuerySpaces
       - EntityQuerySpaceImpl(uid=<gen:0>, entity=edu.matc.entity.Category)
          - SQL table alias mapping - category0_
          - alias suffix - 0_
          - suffixed key columns - {id1_0_0_}
          - JOIN (JoinDefinedByMetadata(userId)) : <gen:0> -> <gen:1>
             - EntityQuerySpaceImpl(uid=<gen:1>, entity=edu.matc.entity.User)
                - SQL table alias mapping - user1_
                - alias suffix - 1_
                - suffixed key columns - {id1_2_1_}

[DEBUG] 2021-04-14 15:49:24.546 [main] EntityLoader - Static select for entity edu.matc.entity.Category [READ]: select category0_.id as id1_0_0_, category0_.category_description as category2_0_0_, category0_.category_name as category3_0_0_, category0_.color as color4_0_0_, category0_.user_id as user_id5_0_0_, user1_.id as id1_2_1_, user1_.birthdate as birthdat2_2_1_, user1_.email as email3_2_1_, user1_.first_name as first_na4_2_1_, user1_.last_name as last_nam5_2_1_, user1_.password as password6_2_1_, user1_.username as username7_2_1_ from category category0_ left outer join user user1_ on category0_.user_id=user1_.id where category0_.id=?
[DEBUG] 2021-04-14 15:49:24.546 [main] Loader - Static select for action ACTION_MERGE on entity edu.matc.entity.Category: select category0_.id as id1_0_0_, category0_.category_description as category2_0_0_, category0_.category_name as category3_0_0_, category0_.color as color4_0_0_, category0_.user_id as user_id5_0_0_ from category category0_ where category0_.id=?
[DEBUG] 2021-04-14 15:49:24.546 [main] Loader - Static select for action ACTION_REFRESH on entity edu.matc.entity.Category: select category0_.id as id1_0_0_, category0_.category_description as category2_0_0_, category0_.category_name as category3_0_0_, category0_.color as color4_0_0_, category0_.user_id as user_id5_0_0_ from category category0_ where category0_.id=?
[DEBUG] 2021-04-14 15:49:24.546 [main] AbstractEntityPersister - Static SQL for entity: edu.matc.entity.Entry
[DEBUG] 2021-04-14 15:49:24.546 [main] AbstractEntityPersister -  Version select: select id from entry where id =?
[DEBUG] 2021-04-14 15:49:24.546 [main] AbstractEntityPersister -  Snapshot select: select entry_.id, entry_.category_id as category6_1_, entry_.date as date2_1_, entry_.entry_name as entry_na3_1_, entry_.entry_type as entry_ty4_1_, entry_.user_id as user_id7_1_, entry_.value as value5_1_ from entry entry_ where entry_.id=?
[DEBUG] 2021-04-14 15:49:24.546 [main] AbstractEntityPersister -  Insert 0: insert into entry (category_id, date, entry_name, entry_type, user_id, value, id) values (?, ?, ?, ?, ?, ?, ?)
[DEBUG] 2021-04-14 15:49:24.546 [main] AbstractEntityPersister -  Update 0: update entry set category_id=?, date=?, entry_name=?, entry_type=?, user_id=?, value=? where id=?
[DEBUG] 2021-04-14 15:49:24.546 [main] AbstractEntityPersister -  Delete 0: delete from entry where id=?
[DEBUG] 2021-04-14 15:49:24.546 [main] AbstractEntityPersister -  Identity insert: insert into entry (category_id, date, entry_name, entry_type, user_id, value) values (?, ?, ?, ?, ?, ?)
[DEBUG] 2021-04-14 15:49:24.546 [main] QuerySpacesImpl - Adding QuerySpace : uid = <gen:0> -> org.hibernate.loader.plan.build.internal.spaces.EntityQuerySpaceImpl@46bb0bdf]
[DEBUG] 2021-04-14 15:49:24.546 [main] MetamodelGraphWalker - Visiting attribute path : categoryId
[DEBUG] 2021-04-14 15:49:24.546 [main] QuerySpacesImpl - Adding QuerySpace : uid = <gen:1> -> org.hibernate.loader.plan.build.internal.spaces.EntityQuerySpaceImpl@1c84d80a]
[DEBUG] 2021-04-14 15:49:24.547 [main] MetamodelGraphWalker - Visiting attribute path : categoryId.categoryDescription
[DEBUG] 2021-04-14 15:49:24.547 [main] MetamodelGraphWalker - Visiting attribute path : categoryId.categoryName
[DEBUG] 2021-04-14 15:49:24.547 [main] MetamodelGraphWalker - Visiting attribute path : categoryId.color
[DEBUG] 2021-04-14 15:49:24.547 [main] MetamodelGraphWalker - Visiting attribute path : categoryId.userId
[DEBUG] 2021-04-14 15:49:24.547 [main] QuerySpacesImpl - Adding QuerySpace : uid = <gen:2> -> org.hibernate.loader.plan.build.internal.spaces.EntityQuerySpaceImpl@629075f4]
[DEBUG] 2021-04-14 15:49:24.547 [main] MetamodelGraphWalker - Visiting attribute path : categoryId.userId.birthdate
[DEBUG] 2021-04-14 15:49:24.547 [main] MetamodelGraphWalker - Visiting attribute path : categoryId.userId.email
[DEBUG] 2021-04-14 15:49:24.547 [main] MetamodelGraphWalker - Visiting attribute path : categoryId.userId.firstName
[DEBUG] 2021-04-14 15:49:24.547 [main] MetamodelGraphWalker - Visiting attribute path : categoryId.userId.lastName
[DEBUG] 2021-04-14 15:49:24.547 [main] MetamodelGraphWalker - Visiting attribute path : categoryId.userId.password
[DEBUG] 2021-04-14 15:49:24.547 [main] MetamodelGraphWalker - Visiting attribute path : categoryId.userId.userName
[DEBUG] 2021-04-14 15:49:24.547 [main] MetamodelGraphWalker - Visiting attribute path : date
[DEBUG] 2021-04-14 15:49:24.547 [main] MetamodelGraphWalker - Visiting attribute path : entryName
[DEBUG] 2021-04-14 15:49:24.547 [main] MetamodelGraphWalker - Visiting attribute path : entryType
[DEBUG] 2021-04-14 15:49:24.547 [main] MetamodelGraphWalker - Visiting attribute path : userId
[DEBUG] 2021-04-14 15:49:24.547 [main] QuerySpacesImpl - Adding QuerySpace : uid = <gen:3> -> org.hibernate.loader.plan.build.internal.spaces.EntityQuerySpaceImpl@723742b2]
[DEBUG] 2021-04-14 15:49:24.547 [main] MetamodelGraphWalker - Visiting attribute path : userId.birthdate
[DEBUG] 2021-04-14 15:49:24.547 [main] MetamodelGraphWalker - Visiting attribute path : userId.email
[DEBUG] 2021-04-14 15:49:24.547 [main] MetamodelGraphWalker - Visiting attribute path : userId.firstName
[DEBUG] 2021-04-14 15:49:24.547 [main] MetamodelGraphWalker - Visiting attribute path : userId.lastName
[DEBUG] 2021-04-14 15:49:24.547 [main] MetamodelGraphWalker - Visiting attribute path : userId.password
[DEBUG] 2021-04-14 15:49:24.547 [main] MetamodelGraphWalker - Visiting attribute path : userId.userName
[DEBUG] 2021-04-14 15:49:24.547 [main] MetamodelGraphWalker - Visiting attribute path : value
[DEBUG] 2021-04-14 15:49:24.547 [main] FetchStyleLoadPlanBuildingAssociationVisitationStrategy - Building LoadPlan...
[DEBUG] 2021-04-14 15:49:24.547 [main] LoadQueryJoinAndFetchProcessor - processing queryspace <gen:0>
[DEBUG] 2021-04-14 15:49:24.547 [main] LoadPlanTreePrinter - LoadPlan(entity=edu.matc.entity.Entry)
    - Returns
       - EntityReturnImpl(entity=edu.matc.entity.Entry, querySpaceUid=<gen:0>, path=edu.matc.entity.Entry)
          - EntityAttributeFetchImpl(entity=edu.matc.entity.Category, querySpaceUid=<gen:1>, path=edu.matc.entity.Entry.categoryId)
             - EntityAttributeFetchImpl(entity=edu.matc.entity.User, querySpaceUid=<gen:2>, path=edu.matc.entity.Entry.categoryId.userId)
          - EntityAttributeFetchImpl(entity=edu.matc.entity.User, querySpaceUid=<gen:3>, path=edu.matc.entity.Entry.userId)
    - QuerySpaces
       - EntityQuerySpaceImpl(uid=<gen:0>, entity=edu.matc.entity.Entry)
          - SQL table alias mapping - entry0_
          - alias suffix - 0_
          - suffixed key columns - {id1_1_0_}
          - JOIN (JoinDefinedByMetadata(categoryId)) : <gen:0> -> <gen:1>
             - EntityQuerySpaceImpl(uid=<gen:1>, entity=edu.matc.entity.Category)
                - SQL table alias mapping - category1_
                - alias suffix - 1_
                - suffixed key columns - {id1_0_1_}
                - JOIN (JoinDefinedByMetadata(userId)) : <gen:1> -> <gen:2>
                   - EntityQuerySpaceImpl(uid=<gen:2>, entity=edu.matc.entity.User)
                      - SQL table alias mapping - user2_
                      - alias suffix - 2_
                      - suffixed key columns - {id1_2_2_}
          - JOIN (JoinDefinedByMetadata(userId)) : <gen:0> -> <gen:3>
             - EntityQuerySpaceImpl(uid=<gen:3>, entity=edu.matc.entity.User)
                - SQL table alias mapping - user3_
                - alias suffix - 3_
                - suffixed key columns - {id1_2_3_}

[DEBUG] 2021-04-14 15:49:24.548 [main] EntityLoader - Static select for entity edu.matc.entity.Entry [NONE]: select entry0_.id as id1_1_0_, entry0_.category_id as category6_1_0_, entry0_.date as date2_1_0_, entry0_.entry_name as entry_na3_1_0_, entry0_.entry_type as entry_ty4_1_0_, entry0_.user_id as user_id7_1_0_, entry0_.value as value5_1_0_, category1_.id as id1_0_1_, category1_.category_description as category2_0_1_, category1_.category_name as category3_0_1_, category1_.color as color4_0_1_, category1_.user_id as user_id5_0_1_, user2_.id as id1_2_2_, user2_.birthdate as birthdat2_2_2_, user2_.email as email3_2_2_, user2_.first_name as first_na4_2_2_, user2_.last_name as last_nam5_2_2_, user2_.password as password6_2_2_, user2_.username as username7_2_2_, user3_.id as id1_2_3_, user3_.birthdate as birthdat2_2_3_, user3_.email as email3_2_3_, user3_.first_name as first_na4_2_3_, user3_.last_name as last_nam5_2_3_, user3_.password as password6_2_3_, user3_.username as username7_2_3_ from entry entry0_ left outer join category category1_ on entry0_.category_id=category1_.id left outer join user user2_ on category1_.user_id=user2_.id left outer join user user3_ on entry0_.user_id=user3_.id where entry0_.id=?
[DEBUG] 2021-04-14 15:49:24.548 [main] QuerySpacesImpl - Adding QuerySpace : uid = <gen:0> -> org.hibernate.loader.plan.build.internal.spaces.EntityQuerySpaceImpl@34c76167]
[DEBUG] 2021-04-14 15:49:24.548 [main] MetamodelGraphWalker - Visiting attribute path : categoryId
[DEBUG] 2021-04-14 15:49:24.548 [main] QuerySpacesImpl - Adding QuerySpace : uid = <gen:1> -> org.hibernate.loader.plan.build.internal.spaces.EntityQuerySpaceImpl@78d92eef]
[DEBUG] 2021-04-14 15:49:24.548 [main] MetamodelGraphWalker - Visiting attribute path : categoryId.categoryDescription
[DEBUG] 2021-04-14 15:49:24.548 [main] MetamodelGraphWalker - Visiting attribute path : categoryId.categoryName
[DEBUG] 2021-04-14 15:49:24.548 [main] MetamodelGraphWalker - Visiting attribute path : categoryId.color
[DEBUG] 2021-04-14 15:49:24.548 [main] MetamodelGraphWalker - Visiting attribute path : categoryId.userId
[DEBUG] 2021-04-14 15:49:24.548 [main] QuerySpacesImpl - Adding QuerySpace : uid = <gen:2> -> org.hibernate.loader.plan.build.internal.spaces.EntityQuerySpaceImpl@6e95973c]
[DEBUG] 2021-04-14 15:49:24.548 [main] MetamodelGraphWalker - Visiting attribute path : categoryId.userId.birthdate
[DEBUG] 2021-04-14 15:49:24.548 [main] MetamodelGraphWalker - Visiting attribute path : categoryId.userId.email
[DEBUG] 2021-04-14 15:49:24.548 [main] MetamodelGraphWalker - Visiting attribute path : categoryId.userId.firstName
[DEBUG] 2021-04-14 15:49:24.548 [main] MetamodelGraphWalker - Visiting attribute path : categoryId.userId.lastName
[DEBUG] 2021-04-14 15:49:24.548 [main] MetamodelGraphWalker - Visiting attribute path : categoryId.userId.password
[DEBUG] 2021-04-14 15:49:24.548 [main] MetamodelGraphWalker - Visiting attribute path : categoryId.userId.userName
[DEBUG] 2021-04-14 15:49:24.548 [main] MetamodelGraphWalker - Visiting attribute path : date
[DEBUG] 2021-04-14 15:49:24.548 [main] MetamodelGraphWalker - Visiting attribute path : entryName
[DEBUG] 2021-04-14 15:49:24.548 [main] MetamodelGraphWalker - Visiting attribute path : entryType
[DEBUG] 2021-04-14 15:49:24.548 [main] MetamodelGraphWalker - Visiting attribute path : userId
[DEBUG] 2021-04-14 15:49:24.548 [main] QuerySpacesImpl - Adding QuerySpace : uid = <gen:3> -> org.hibernate.loader.plan.build.internal.spaces.EntityQuerySpaceImpl@71531dd7]
[DEBUG] 2021-04-14 15:49:24.548 [main] MetamodelGraphWalker - Visiting attribute path : userId.birthdate
[DEBUG] 2021-04-14 15:49:24.548 [main] MetamodelGraphWalker - Visiting attribute path : userId.email
[DEBUG] 2021-04-14 15:49:24.548 [main] MetamodelGraphWalker - Visiting attribute path : userId.firstName
[DEBUG] 2021-04-14 15:49:24.548 [main] MetamodelGraphWalker - Visiting attribute path : userId.lastName
[DEBUG] 2021-04-14 15:49:24.548 [main] MetamodelGraphWalker - Visiting attribute path : userId.password
[DEBUG] 2021-04-14 15:49:24.548 [main] MetamodelGraphWalker - Visiting attribute path : userId.userName
[DEBUG] 2021-04-14 15:49:24.548 [main] MetamodelGraphWalker - Visiting attribute path : value
[DEBUG] 2021-04-14 15:49:24.548 [main] FetchStyleLoadPlanBuildingAssociationVisitationStrategy - Building LoadPlan...
[DEBUG] 2021-04-14 15:49:24.548 [main] LoadQueryJoinAndFetchProcessor - processing queryspace <gen:0>
[DEBUG] 2021-04-14 15:49:24.549 [main] LoadPlanTreePrinter - LoadPlan(entity=edu.matc.entity.Entry)
    - Returns
       - EntityReturnImpl(entity=edu.matc.entity.Entry, querySpaceUid=<gen:0>, path=edu.matc.entity.Entry)
          - EntityAttributeFetchImpl(entity=edu.matc.entity.Category, querySpaceUid=<gen:1>, path=edu.matc.entity.Entry.categoryId)
             - EntityAttributeFetchImpl(entity=edu.matc.entity.User, querySpaceUid=<gen:2>, path=edu.matc.entity.Entry.categoryId.userId)
          - EntityAttributeFetchImpl(entity=edu.matc.entity.User, querySpaceUid=<gen:3>, path=edu.matc.entity.Entry.userId)
    - QuerySpaces
       - EntityQuerySpaceImpl(uid=<gen:0>, entity=edu.matc.entity.Entry)
          - SQL table alias mapping - entry0_
          - alias suffix - 0_
          - suffixed key columns - {id1_1_0_}
          - JOIN (JoinDefinedByMetadata(categoryId)) : <gen:0> -> <gen:1>
             - EntityQuerySpaceImpl(uid=<gen:1>, entity=edu.matc.entity.Category)
                - SQL table alias mapping - category1_
                - alias suffix - 1_
                - suffixed key columns - {id1_0_1_}
                - JOIN (JoinDefinedByMetadata(userId)) : <gen:1> -> <gen:2>
                   - EntityQuerySpaceImpl(uid=<gen:2>, entity=edu.matc.entity.User)
                      - SQL table alias mapping - user2_
                      - alias suffix - 2_
                      - suffixed key columns - {id1_2_2_}
          - JOIN (JoinDefinedByMetadata(userId)) : <gen:0> -> <gen:3>
             - EntityQuerySpaceImpl(uid=<gen:3>, entity=edu.matc.entity.User)
                - SQL table alias mapping - user3_
                - alias suffix - 3_
                - suffixed key columns - {id1_2_3_}

[DEBUG] 2021-04-14 15:49:24.556 [main] EntityLoader - Static select for entity edu.matc.entity.Entry [READ]: select entry0_.id as id1_1_0_, entry0_.category_id as category6_1_0_, entry0_.date as date2_1_0_, entry0_.entry_name as entry_na3_1_0_, entry0_.entry_type as entry_ty4_1_0_, entry0_.user_id as user_id7_1_0_, entry0_.value as value5_1_0_, category1_.id as id1_0_1_, category1_.category_description as category2_0_1_, category1_.category_name as category3_0_1_, category1_.color as color4_0_1_, category1_.user_id as user_id5_0_1_, user2_.id as id1_2_2_, user2_.birthdate as birthdat2_2_2_, user2_.email as email3_2_2_, user2_.first_name as first_na4_2_2_, user2_.last_name as last_nam5_2_2_, user2_.password as password6_2_2_, user2_.username as username7_2_2_, user3_.id as id1_2_3_, user3_.birthdate as birthdat2_2_3_, user3_.email as email3_2_3_, user3_.first_name as first_na4_2_3_, user3_.last_name as last_nam5_2_3_, user3_.password as password6_2_3_, user3_.username as username7_2_3_ from entry entry0_ left outer join category category1_ on entry0_.category_id=category1_.id left outer join user user2_ on category1_.user_id=user2_.id left outer join user user3_ on entry0_.user_id=user3_.id where entry0_.id=?
[DEBUG] 2021-04-14 15:49:24.556 [main] Loader - Static select for action ACTION_MERGE on entity edu.matc.entity.Entry: select entry0_.id as id1_1_0_, entry0_.category_id as category6_1_0_, entry0_.date as date2_1_0_, entry0_.entry_name as entry_na3_1_0_, entry0_.entry_type as entry_ty4_1_0_, entry0_.user_id as user_id7_1_0_, entry0_.value as value5_1_0_ from entry entry0_ where entry0_.id=?
[DEBUG] 2021-04-14 15:49:24.557 [main] Loader - Static select for action ACTION_REFRESH on entity edu.matc.entity.Entry: select entry0_.id as id1_1_0_, entry0_.category_id as category6_1_0_, entry0_.date as date2_1_0_, entry0_.entry_name as entry_na3_1_0_, entry0_.entry_type as entry_ty4_1_0_, entry0_.user_id as user_id7_1_0_, entry0_.value as value5_1_0_ from entry entry0_ where entry0_.id=?
[DEBUG] 2021-04-14 15:49:24.581 [main] SchemaManagementToolCoordinator - No actions specified; doing nothing
[DEBUG] 2021-04-14 15:49:24.581 [main] JtaPlatformInitiator - No JtaPlatform was specified, checking resolver
[DEBUG] 2021-04-14 15:49:24.581 [main] JtaPlatformResolverInitiator - No JtaPlatformResolver was specified, using default [org.hibernate.engine.transaction.jta.platform.internal.StandardJtaPlatformResolver]
[DEBUG] 2021-04-14 15:49:24.590 [main] StandardJtaPlatformResolver - Could not resolve JtaPlatform, using default [org.hibernate.engine.transaction.jta.platform.internal.NoJtaPlatform]
[INFO ] 2021-04-14 15:49:24.590 [main] JtaPlatformInitiator - HHH000490: Using JtaPlatform implementation: [org.hibernate.engine.transaction.jta.platform.internal.NoJtaPlatform]
[DEBUG] 2021-04-14 15:49:24.590 [main] NamedQueryRepository - Checking 0 named HQL queries
[DEBUG] 2021-04-14 15:49:24.590 [main] NamedQueryRepository - Checking 0 named SQL queries
[DEBUG] 2021-04-14 15:49:24.591 [main] SessionFactoryRegistry - Initializing SessionFactoryRegistry : org.hibernate.internal.SessionFactoryRegistry@798cf6d2
[DEBUG] 2021-04-14 15:49:24.592 [main] SessionFactoryRegistry - Registering SessionFactory: 1191f258-d8b0-4c7b-aea4-83e65a2d9c7a (<unnamed>)
[DEBUG] 2021-04-14 15:49:24.593 [main] SessionFactoryRegistry - Not binding SessionFactory to JNDI, no JNDI name configured
[DEBUG] 2021-04-14 15:49:24.667 [main] StatisticsInitiator - Statistics initialized [enabled=false]
[DEBUG] 2021-04-14 15:49:24.688 [main] CriteriaQueryImpl - Rendered criteria query -> select generatedAlias0 from User as generatedAlias0 where generatedAlias0.firstName=:param0
[DEBUG] 2021-04-14 15:49:24.703 [main] QueryTranslatorFactoryInitiator - QueryTranslatorFactory: org.hibernate.hql.internal.ast.ASTQueryTranslatorFactory@7a55fb81
[DEBUG] 2021-04-14 15:49:24.714 [main] QueryTranslatorImpl - parse() - HQL: select generatedAlias0 from edu.matc.entity.User as generatedAlias0 where generatedAlias0.firstName=:param0
[DEBUG] 2021-04-14 15:49:24.717 [main] ErrorTracker - throwQueryException() : no errors
[DEBUG] 2021-04-14 15:49:24.723 [main] QueryTranslatorImpl - --- HQL AST ---
 \-[QUERY] Node: 'query'
    +-[SELECT_FROM] Node: 'SELECT_FROM'
    |  +-[FROM] Node: 'from'
    |  |  \-[RANGE] Node: 'RANGE'
    |  |     +-[DOT] Node: '.'
    |  |     |  +-[DOT] Node: '.'
    |  |     |  |  +-[DOT] Node: '.'
    |  |     |  |  |  +-[IDENT] Node: 'edu'
    |  |     |  |  |  \-[IDENT] Node: 'matc'
    |  |     |  |  \-[IDENT] Node: 'entity'
    |  |     |  \-[IDENT] Node: 'User'
    |  |     \-[ALIAS] Node: 'generatedAlias0'
    |  \-[SELECT] Node: 'select'
    |     \-[IDENT] Node: 'generatedAlias0'
    \-[WHERE] Node: 'where'
       \-[EQ] Node: '='
          +-[DOT] Node: '.'
          |  +-[IDENT] Node: 'generatedAlias0'
          |  \-[IDENT] Node: 'firstName'
          \-[COLON] Node: ':'
             \-[IDENT] Node: 'param0'

[DEBUG] 2021-04-14 15:49:24.742 [main] HqlSqlBaseWalker - select << begin [level=1, statement=select]
[DEBUG] 2021-04-14 15:49:24.747 [main] FromElement - FromClause{level=1} : edu.matc.entity.User (generatedAlias0) -> user0_
[DEBUG] 2021-04-14 15:49:24.747 [main] FromReferenceNode - Resolved : generatedAlias0 -> user0_.id
[DEBUG] 2021-04-14 15:49:24.748 [main] FromReferenceNode - Resolved : generatedAlias0 -> user0_.id
[DEBUG] 2021-04-14 15:49:24.749 [main] DotNode - getDataType() : firstName -> org.hibernate.type.StringType@72725ee1
[DEBUG] 2021-04-14 15:49:24.749 [main] FromReferenceNode - Resolved : generatedAlias0.firstName -> user0_.first_name
[DEBUG] 2021-04-14 15:49:24.750 [main] HqlSqlBaseWalker - select : finishing up [level=1, statement=select]
[DEBUG] 2021-04-14 15:49:24.750 [main] HqlSqlWalker - processQuery() :  ( SELECT ( {select clause} user0_.id ) ( FromClause{level=1} user user0_ ) ( where ( = ( user0_.first_name user0_.id firstName ) ? ) ) )
[DEBUG] 2021-04-14 15:49:24.753 [main] JoinProcessor - Using FROM fragment [user user0_]
[DEBUG] 2021-04-14 15:49:24.754 [main] HqlSqlBaseWalker - select >> end [level=1, statement=select]
[DEBUG] 2021-04-14 15:49:24.754 [main] QueryTranslatorImpl - --- SQL AST ---
 \-[SELECT] QueryNode: 'SELECT'  querySpaces (user)
    +-[SELECT_CLAUSE] SelectClause: '{select clause}'
    |  +-[ALIAS_REF] IdentNode: 'user0_.id as id1_2_' {alias=generatedAlias0, className=edu.matc.entity.User, tableAlias=user0_}
    |  \-[SQL_TOKEN] SqlFragment: 'user0_.birthdate as birthdat2_2_, user0_.email as email3_2_, user0_.first_name as first_na4_2_, user0_.last_name as last_nam5_2_, user0_.password as password6_2_, user0_.username as username7_2_'
    +-[FROM] FromClause: 'from' FromClause{level=1, fromElementCounter=1, fromElements=1, fromElementByClassAlias=[generatedAlias0], fromElementByTableAlias=[user0_], fromElementsByPath=[], collectionJoinFromElementsByPath=[], impliedElements=[]}
    |  \-[FROM_FRAGMENT] FromElement: 'user user0_' FromElement{explicit,not a collection join,not a fetch join,fetch non-lazy properties,classAlias=generatedAlias0,role=null,tableName=user,tableAlias=user0_,origin=null,columns={,className=edu.matc.entity.User}}
    \-[WHERE] SqlNode: 'where'
       \-[EQ] BinaryLogicOperatorNode: '='
          +-[DOT] DotNode: 'user0_.first_name' {propertyName=firstName,dereferenceType=PRIMITIVE,getPropertyPath=firstName,path=generatedAlias0.firstName,tableAlias=user0_,className=edu.matc.entity.User,classAlias=generatedAlias0}
          |  +-[ALIAS_REF] IdentNode: 'user0_.id' {alias=generatedAlias0, className=edu.matc.entity.User, tableAlias=user0_}
          |  \-[IDENT] IdentNode: 'firstName' {originalText=firstName}
          \-[NAMED_PARAM] ParameterNode: '?' {name=param0, expectedType=org.hibernate.type.StringType@72725ee1}

[DEBUG] 2021-04-14 15:49:24.755 [main] ErrorTracker - throwQueryException() : no errors
[DEBUG] 2021-04-14 15:49:24.757 [main] QueryTranslatorImpl - HQL: select generatedAlias0 from edu.matc.entity.User as generatedAlias0 where generatedAlias0.firstName=:param0
[DEBUG] 2021-04-14 15:49:24.757 [main] QueryTranslatorImpl - SQL: select user0_.id as id1_2_, user0_.birthdate as birthdat2_2_, user0_.email as email3_2_, user0_.first_name as first_na4_2_, user0_.last_name as last_nam5_2_, user0_.password as password6_2_, user0_.username as username7_2_ from user user0_ where user0_.first_name=?
[DEBUG] 2021-04-14 15:49:24.757 [main] ErrorTracker - throwQueryException() : no errors
[DEBUG] 2021-04-14 15:49:24.765 [main] SQL - select user0_.id as id1_2_, user0_.birthdate as birthdat2_2_, user0_.email as email3_2_, user0_.first_name as first_na4_2_, user0_.last_name as last_nam5_2_, user0_.password as password6_2_, user0_.username as username7_2_ from user user0_ where user0_.first_name=?
[DEBUG] 2021-04-14 15:49:24.782 [main] Loader - Result set row: 0
[DEBUG] 2021-04-14 15:49:24.788 [main] Loader - Result row: EntityKey[edu.matc.entity.User#1]
[DEBUG] 2021-04-14 15:49:24.792 [main] TwoPhaseLoad - Resolving attributes for [edu.matc.entity.User#1]
[DEBUG] 2021-04-14 15:49:24.792 [main] TwoPhaseLoad - Processing attribute `birthdate` : value = 1987-03-21
[DEBUG] 2021-04-14 15:49:24.793 [main] TwoPhaseLoad - Attribute (`birthdate`)  - enhanced for lazy-loading? - false
[DEBUG] 2021-04-14 15:49:24.793 [main] TwoPhaseLoad - Processing attribute `email` : value = kingjones999@gmail.com
[DEBUG] 2021-04-14 15:49:24.793 [main] TwoPhaseLoad - Attribute (`email`)  - enhanced for lazy-loading? - false
[DEBUG] 2021-04-14 15:49:24.793 [main] TwoPhaseLoad - Processing attribute `firstName` : value = Mike
[DEBUG] 2021-04-14 15:49:24.793 [main] TwoPhaseLoad - Attribute (`firstName`)  - enhanced for lazy-loading? - false
[DEBUG] 2021-04-14 15:49:24.793 [main] TwoPhaseLoad - Processing attribute `lastName` : value = Jones
[DEBUG] 2021-04-14 15:49:24.793 [main] TwoPhaseLoad - Attribute (`lastName`)  - enhanced for lazy-loading? - false
[DEBUG] 2021-04-14 15:49:24.793 [main] TwoPhaseLoad - Processing attribute `password` : value = yoyojojo123
[DEBUG] 2021-04-14 15:49:24.793 [main] TwoPhaseLoad - Attribute (`password`)  - enhanced for lazy-loading? - false
[DEBUG] 2021-04-14 15:49:24.793 [main] TwoPhaseLoad - Processing attribute `userName` : value = mikeyjones123
[DEBUG] 2021-04-14 15:49:24.793 [main] TwoPhaseLoad - Attribute (`userName`)  - enhanced for lazy-loading? - false
[DEBUG] 2021-04-14 15:49:24.794 [main] TwoPhaseLoad - Done materializing entity [edu.matc.entity.User#1]
[DEBUG] 2021-04-14 15:49:24.795 [main] LogicalConnectionManagedImpl - Initiating JDBC connection release from afterTransaction
