[DEBUG] 2021-02-25 14:12:02.595 [main] IntegratorServiceImpl - Adding Integrator [org.hibernate.cfg.beanvalidation.BeanValidationIntegrator].
[DEBUG] 2021-02-25 14:12:02.598 [main] IntegratorServiceImpl - Adding Integrator [org.hibernate.secure.spi.JaccIntegrator].
[DEBUG] 2021-02-25 14:12:02.604 [main] IntegratorServiceImpl - Adding Integrator [org.hibernate.cache.internal.CollectionCacheInvalidator].
[INFO ] 2021-02-25 14:12:02.726 [main] Version - HHH000412: Hibernate Core {5.4.4.Final}
[DEBUG] 2021-02-25 14:12:02.739 [main] Environment - HHH000206: hibernate.properties not found
[DEBUG] 2021-02-25 14:12:03.037 [main] LocalXmlResourceResolver - Interpreting public/system identifier : [-//Hibernate/Hibernate Configuration DTD//EN] - [http://www.hibernate.org/dtd/hibernate-configuration-3.0.dtd]
[DEBUG] 2021-02-25 14:12:03.044 [main] LocalXmlResourceResolver - Recognized hibernate-configuration identifier; attempting to resolve on classpath under org/hibernate/
[DEBUG] 2021-02-25 14:12:03.055 [main] JaxbCfgProcessor - cfg.xml document did not define namespaces; wrapping in custom event reader to introduce namespace information
[DEBUG] 2021-02-25 14:12:03.606 [main] ServiceBinding - Overriding existing service binding [org.hibernate.secure.spi.JaccService]
[DEBUG] 2021-02-25 14:12:03.640 [main] RegionFactoryInitiator - Cannot default RegionFactory based on registered strategies as `[]` RegionFactory strategies were registered
[DEBUG] 2021-02-25 14:12:03.641 [main] RegionFactoryInitiator - Cache region factory : org.hibernate.cache.internal.NoCachingRegionFactory
[INFO ] 2021-02-25 14:12:03.661 [main] Version - HCANN000001: Hibernate Commons Annotations {5.1.0.Final}
[DEBUG] 2021-02-25 14:12:03.704 [main] BasicTypeRegistry - Adding type registration boolean -> org.hibernate.type.BooleanType@57bd802b
[DEBUG] 2021-02-25 14:12:03.704 [main] BasicTypeRegistry - Adding type registration boolean -> org.hibernate.type.BooleanType@57bd802b
[DEBUG] 2021-02-25 14:12:03.705 [main] BasicTypeRegistry - Adding type registration java.lang.Boolean -> org.hibernate.type.BooleanType@57bd802b
[DEBUG] 2021-02-25 14:12:03.705 [main] BasicTypeRegistry - Adding type registration numeric_boolean -> org.hibernate.type.NumericBooleanType@5183d589
[DEBUG] 2021-02-25 14:12:03.705 [main] BasicTypeRegistry - Adding type registration true_false -> org.hibernate.type.TrueFalseType@68e62ca4
[DEBUG] 2021-02-25 14:12:03.705 [main] BasicTypeRegistry - Adding type registration yes_no -> org.hibernate.type.YesNoType@11653e3b
[DEBUG] 2021-02-25 14:12:03.706 [main] BasicTypeRegistry - Adding type registration byte -> org.hibernate.type.ByteType@1eea9d2d
[DEBUG] 2021-02-25 14:12:03.706 [main] BasicTypeRegistry - Adding type registration byte -> org.hibernate.type.ByteType@1eea9d2d
[DEBUG] 2021-02-25 14:12:03.706 [main] BasicTypeRegistry - Adding type registration java.lang.Byte -> org.hibernate.type.ByteType@1eea9d2d
[DEBUG] 2021-02-25 14:12:03.709 [main] BasicTypeRegistry - Adding type registration character -> org.hibernate.type.CharacterType@6d91790b
[DEBUG] 2021-02-25 14:12:03.709 [main] BasicTypeRegistry - Adding type registration char -> org.hibernate.type.CharacterType@6d91790b
[DEBUG] 2021-02-25 14:12:03.710 [main] BasicTypeRegistry - Adding type registration java.lang.Character -> org.hibernate.type.CharacterType@6d91790b
[DEBUG] 2021-02-25 14:12:03.710 [main] BasicTypeRegistry - Adding type registration short -> org.hibernate.type.ShortType@4b1c0397
[DEBUG] 2021-02-25 14:12:03.712 [main] BasicTypeRegistry - Adding type registration short -> org.hibernate.type.ShortType@4b1c0397
[DEBUG] 2021-02-25 14:12:03.712 [main] BasicTypeRegistry - Adding type registration java.lang.Short -> org.hibernate.type.ShortType@4b1c0397
[DEBUG] 2021-02-25 14:12:03.713 [main] BasicTypeRegistry - Adding type registration integer -> org.hibernate.type.IntegerType@2d84cb86
[DEBUG] 2021-02-25 14:12:03.713 [main] BasicTypeRegistry - Adding type registration int -> org.hibernate.type.IntegerType@2d84cb86
[DEBUG] 2021-02-25 14:12:03.713 [main] BasicTypeRegistry - Adding type registration java.lang.Integer -> org.hibernate.type.IntegerType@2d84cb86
[DEBUG] 2021-02-25 14:12:03.713 [main] BasicTypeRegistry - Adding type registration long -> org.hibernate.type.LongType@4482469c
[DEBUG] 2021-02-25 14:12:03.714 [main] BasicTypeRegistry - Adding type registration long -> org.hibernate.type.LongType@4482469c
[DEBUG] 2021-02-25 14:12:03.714 [main] BasicTypeRegistry - Adding type registration java.lang.Long -> org.hibernate.type.LongType@4482469c
[DEBUG] 2021-02-25 14:12:03.714 [main] BasicTypeRegistry - Adding type registration float -> org.hibernate.type.FloatType@4b1abd11
[DEBUG] 2021-02-25 14:12:03.714 [main] BasicTypeRegistry - Adding type registration float -> org.hibernate.type.FloatType@4b1abd11
[DEBUG] 2021-02-25 14:12:03.715 [main] BasicTypeRegistry - Adding type registration java.lang.Float -> org.hibernate.type.FloatType@4b1abd11
[DEBUG] 2021-02-25 14:12:03.715 [main] BasicTypeRegistry - Adding type registration double -> org.hibernate.type.DoubleType@1b32cd16
[DEBUG] 2021-02-25 14:12:03.718 [main] BasicTypeRegistry - Adding type registration double -> org.hibernate.type.DoubleType@1b32cd16
[DEBUG] 2021-02-25 14:12:03.718 [main] BasicTypeRegistry - Adding type registration java.lang.Double -> org.hibernate.type.DoubleType@1b32cd16
[DEBUG] 2021-02-25 14:12:03.719 [main] BasicTypeRegistry - Adding type registration big_decimal -> org.hibernate.type.BigDecimalType@19593091
[DEBUG] 2021-02-25 14:12:03.719 [main] BasicTypeRegistry - Adding type registration java.math.BigDecimal -> org.hibernate.type.BigDecimalType@19593091
[DEBUG] 2021-02-25 14:12:03.719 [main] BasicTypeRegistry - Adding type registration big_integer -> org.hibernate.type.BigIntegerType@4e868ef5
[DEBUG] 2021-02-25 14:12:03.720 [main] BasicTypeRegistry - Adding type registration java.math.BigInteger -> org.hibernate.type.BigIntegerType@4e868ef5
[DEBUG] 2021-02-25 14:12:03.720 [main] BasicTypeRegistry - Adding type registration string -> org.hibernate.type.StringType@afb5821
[DEBUG] 2021-02-25 14:12:03.720 [main] BasicTypeRegistry - Adding type registration java.lang.String -> org.hibernate.type.StringType@afb5821
[DEBUG] 2021-02-25 14:12:03.720 [main] BasicTypeRegistry - Adding type registration nstring -> org.hibernate.type.StringNVarcharType@2f879bab
[DEBUG] 2021-02-25 14:12:03.721 [main] BasicTypeRegistry - Adding type registration ncharacter -> org.hibernate.type.CharacterNCharType@458544e0
[DEBUG] 2021-02-25 14:12:03.721 [main] BasicTypeRegistry - Adding type registration url -> org.hibernate.type.UrlType@47b2e9e1
[DEBUG] 2021-02-25 14:12:03.721 [main] BasicTypeRegistry - Adding type registration java.net.URL -> org.hibernate.type.UrlType@47b2e9e1
[DEBUG] 2021-02-25 14:12:03.721 [main] BasicTypeRegistry - Adding type registration Duration -> org.hibernate.type.DurationType@25b865b5
[DEBUG] 2021-02-25 14:12:03.721 [main] BasicTypeRegistry - Adding type registration java.time.Duration -> org.hibernate.type.DurationType@25b865b5
[DEBUG] 2021-02-25 14:12:03.724 [main] BasicTypeRegistry - Adding type registration Instant -> org.hibernate.type.InstantType@7e8a46b7
[DEBUG] 2021-02-25 14:12:03.724 [main] BasicTypeRegistry - Adding type registration java.time.Instant -> org.hibernate.type.InstantType@7e8a46b7
[DEBUG] 2021-02-25 14:12:03.729 [main] BasicTypeRegistry - Adding type registration LocalDateTime -> org.hibernate.type.LocalDateTimeType@1e6308a9
[DEBUG] 2021-02-25 14:12:03.730 [main] BasicTypeRegistry - Adding type registration java.time.LocalDateTime -> org.hibernate.type.LocalDateTimeType@1e6308a9
[DEBUG] 2021-02-25 14:12:03.730 [main] BasicTypeRegistry - Adding type registration LocalDate -> org.hibernate.type.LocalDateType@783ec989
[DEBUG] 2021-02-25 14:12:03.730 [main] BasicTypeRegistry - Adding type registration java.time.LocalDate -> org.hibernate.type.LocalDateType@783ec989
[DEBUG] 2021-02-25 14:12:03.731 [main] BasicTypeRegistry - Adding type registration LocalTime -> org.hibernate.type.LocalTimeType@50825a02
[DEBUG] 2021-02-25 14:12:03.731 [main] BasicTypeRegistry - Adding type registration java.time.LocalTime -> org.hibernate.type.LocalTimeType@50825a02
[DEBUG] 2021-02-25 14:12:03.731 [main] BasicTypeRegistry - Adding type registration OffsetDateTime -> org.hibernate.type.OffsetDateTimeType@2abc224d
[DEBUG] 2021-02-25 14:12:03.731 [main] BasicTypeRegistry - Adding type registration java.time.OffsetDateTime -> org.hibernate.type.OffsetDateTimeType@2abc224d
[DEBUG] 2021-02-25 14:12:03.735 [main] BasicTypeRegistry - Adding type registration OffsetTime -> org.hibernate.type.OffsetTimeType@71178a52
[DEBUG] 2021-02-25 14:12:03.735 [main] BasicTypeRegistry - Adding type registration java.time.OffsetTime -> org.hibernate.type.OffsetTimeType@71178a52
[DEBUG] 2021-02-25 14:12:03.737 [main] BasicTypeRegistry - Adding type registration ZonedDateTime -> org.hibernate.type.ZonedDateTimeType@1ded7b14
[DEBUG] 2021-02-25 14:12:03.737 [main] BasicTypeRegistry - Adding type registration java.time.ZonedDateTime -> org.hibernate.type.ZonedDateTimeType@1ded7b14
[DEBUG] 2021-02-25 14:12:03.737 [main] BasicTypeRegistry - Adding type registration date -> org.hibernate.type.DateType@245a060f
[DEBUG] 2021-02-25 14:12:03.737 [main] BasicTypeRegistry - Adding type registration java.sql.Date -> org.hibernate.type.DateType@245a060f
[DEBUG] 2021-02-25 14:12:03.741 [main] BasicTypeRegistry - Adding type registration time -> org.hibernate.type.TimeType@29314cc9
[DEBUG] 2021-02-25 14:12:03.741 [main] BasicTypeRegistry - Adding type registration java.sql.Time -> org.hibernate.type.TimeType@29314cc9
[DEBUG] 2021-02-25 14:12:03.742 [main] BasicTypeRegistry - Adding type registration timestamp -> org.hibernate.type.TimestampType@1280851e
[DEBUG] 2021-02-25 14:12:03.742 [main] BasicTypeRegistry - Adding type registration java.sql.Timestamp -> org.hibernate.type.TimestampType@1280851e
[DEBUG] 2021-02-25 14:12:03.742 [main] BasicTypeRegistry - Adding type registration java.util.Date -> org.hibernate.type.TimestampType@1280851e
[DEBUG] 2021-02-25 14:12:03.745 [main] BasicTypeRegistry - Adding type registration dbtimestamp -> org.hibernate.type.DbTimestampType@4fcc0416
[DEBUG] 2021-02-25 14:12:03.745 [main] BasicTypeRegistry - Adding type registration calendar -> org.hibernate.type.CalendarType@6075b2d3
[DEBUG] 2021-02-25 14:12:03.745 [main] BasicTypeRegistry - Adding type registration java.util.Calendar -> org.hibernate.type.CalendarType@6075b2d3
[DEBUG] 2021-02-25 14:12:03.745 [main] BasicTypeRegistry - Adding type registration java.util.GregorianCalendar -> org.hibernate.type.CalendarType@6075b2d3
[DEBUG] 2021-02-25 14:12:03.746 [main] BasicTypeRegistry - Adding type registration calendar_date -> org.hibernate.type.CalendarDateType@7a18e8d
[DEBUG] 2021-02-25 14:12:03.746 [main] BasicTypeRegistry - Adding type registration locale -> org.hibernate.type.LocaleType@4c9e38
[DEBUG] 2021-02-25 14:12:03.747 [main] BasicTypeRegistry - Adding type registration java.util.Locale -> org.hibernate.type.LocaleType@4c9e38
[DEBUG] 2021-02-25 14:12:03.748 [main] BasicTypeRegistry - Adding type registration currency -> org.hibernate.type.CurrencyType@c4c0b41
[DEBUG] 2021-02-25 14:12:03.750 [main] BasicTypeRegistry - Adding type registration java.util.Currency -> org.hibernate.type.CurrencyType@c4c0b41
[DEBUG] 2021-02-25 14:12:03.751 [main] BasicTypeRegistry - Adding type registration timezone -> org.hibernate.type.TimeZoneType@65cc8228
[DEBUG] 2021-02-25 14:12:03.751 [main] BasicTypeRegistry - Adding type registration java.util.TimeZone -> org.hibernate.type.TimeZoneType@65cc8228
[DEBUG] 2021-02-25 14:12:03.751 [main] BasicTypeRegistry - Adding type registration class -> org.hibernate.type.ClassType@304a3655
[DEBUG] 2021-02-25 14:12:03.751 [main] BasicTypeRegistry - Adding type registration java.lang.Class -> org.hibernate.type.ClassType@304a3655
[DEBUG] 2021-02-25 14:12:03.752 [main] BasicTypeRegistry - Adding type registration uuid-binary -> org.hibernate.type.UUIDBinaryType@2ca6546f
[DEBUG] 2021-02-25 14:12:03.752 [main] BasicTypeRegistry - Adding type registration java.util.UUID -> org.hibernate.type.UUIDBinaryType@2ca6546f
[DEBUG] 2021-02-25 14:12:03.752 [main] BasicTypeRegistry - Adding type registration uuid-char -> org.hibernate.type.UUIDCharType@7578e06a
[DEBUG] 2021-02-25 14:12:03.752 [main] BasicTypeRegistry - Adding type registration binary -> org.hibernate.type.BinaryType@4c0884e8
[DEBUG] 2021-02-25 14:12:03.753 [main] BasicTypeRegistry - Adding type registration byte[] -> org.hibernate.type.BinaryType@4c0884e8
[DEBUG] 2021-02-25 14:12:03.753 [main] BasicTypeRegistry - Adding type registration [B -> org.hibernate.type.BinaryType@4c0884e8
[DEBUG] 2021-02-25 14:12:03.753 [main] BasicTypeRegistry - Adding type registration wrapper-binary -> org.hibernate.type.WrapperBinaryType@7cedfa63
[DEBUG] 2021-02-25 14:12:03.754 [main] BasicTypeRegistry - Adding type registration Byte[] -> org.hibernate.type.WrapperBinaryType@7cedfa63
[DEBUG] 2021-02-25 14:12:03.754 [main] BasicTypeRegistry - Adding type registration [Ljava.lang.Byte; -> org.hibernate.type.WrapperBinaryType@7cedfa63
[DEBUG] 2021-02-25 14:12:03.754 [main] BasicTypeRegistry - Adding type registration row_version -> org.hibernate.type.RowVersionType@4443ef6f
[DEBUG] 2021-02-25 14:12:03.756 [main] BasicTypeRegistry - Adding type registration image -> org.hibernate.type.ImageType@7068f7ca
[DEBUG] 2021-02-25 14:12:03.757 [main] BasicTypeRegistry - Adding type registration characters -> org.hibernate.type.CharArrayType@6fca2a8f
[DEBUG] 2021-02-25 14:12:03.757 [main] BasicTypeRegistry - Adding type registration char[] -> org.hibernate.type.CharArrayType@6fca2a8f
[DEBUG] 2021-02-25 14:12:03.757 [main] BasicTypeRegistry - Adding type registration [C -> org.hibernate.type.CharArrayType@6fca2a8f
[DEBUG] 2021-02-25 14:12:03.758 [main] BasicTypeRegistry - Adding type registration wrapper-characters -> org.hibernate.type.CharacterArrayType@a7f0ab6
[DEBUG] 2021-02-25 14:12:03.758 [main] BasicTypeRegistry - Adding type registration [Ljava.lang.Character; -> org.hibernate.type.CharacterArrayType@a7f0ab6
[DEBUG] 2021-02-25 14:12:03.759 [main] BasicTypeRegistry - Adding type registration Character[] -> org.hibernate.type.CharacterArrayType@a7f0ab6
[DEBUG] 2021-02-25 14:12:03.759 [main] BasicTypeRegistry - Adding type registration text -> org.hibernate.type.TextType@425d5d46
[DEBUG] 2021-02-25 14:12:03.760 [main] BasicTypeRegistry - Adding type registration ntext -> org.hibernate.type.NTextType@7a639ec5
[DEBUG] 2021-02-25 14:12:03.760 [main] BasicTypeRegistry - Adding type registration blob -> org.hibernate.type.BlobType@7bef452c
[DEBUG] 2021-02-25 14:12:03.764 [main] BasicTypeRegistry - Adding type registration java.sql.Blob -> org.hibernate.type.BlobType@7bef452c
[DEBUG] 2021-02-25 14:12:03.766 [main] BasicTypeRegistry - Adding type registration materialized_blob -> org.hibernate.type.MaterializedBlobType@4bee18dc
[DEBUG] 2021-02-25 14:12:03.767 [main] BasicTypeRegistry - Adding type registration clob -> org.hibernate.type.ClobType@3c89bb12
[DEBUG] 2021-02-25 14:12:03.767 [main] BasicTypeRegistry - Adding type registration java.sql.Clob -> org.hibernate.type.ClobType@3c89bb12
[DEBUG] 2021-02-25 14:12:03.768 [main] BasicTypeRegistry - Adding type registration nclob -> org.hibernate.type.NClobType@47f08b81
[DEBUG] 2021-02-25 14:12:03.768 [main] BasicTypeRegistry - Adding type registration java.sql.NClob -> org.hibernate.type.NClobType@47f08b81
[DEBUG] 2021-02-25 14:12:03.768 [main] BasicTypeRegistry - Adding type registration materialized_clob -> org.hibernate.type.MaterializedClobType@267517e4
[DEBUG] 2021-02-25 14:12:03.768 [main] BasicTypeRegistry - Adding type registration materialized_nclob -> org.hibernate.type.MaterializedNClobType@614aeccc
[DEBUG] 2021-02-25 14:12:03.768 [main] BasicTypeRegistry - Adding type registration serializable -> org.hibernate.type.SerializableType@3a91d146
[DEBUG] 2021-02-25 14:12:03.807 [main] BasicTypeRegistry - Adding type registration object -> org.hibernate.type.ObjectType@76075d65
[DEBUG] 2021-02-25 14:12:03.807 [main] BasicTypeRegistry - Adding type registration java.lang.Object -> org.hibernate.type.ObjectType@76075d65
[DEBUG] 2021-02-25 14:12:03.807 [main] BasicTypeRegistry - Adding type registration imm_date -> org.hibernate.type.AdaptedImmutableType@74971ed9
[DEBUG] 2021-02-25 14:12:03.807 [main] BasicTypeRegistry - Adding type registration imm_time -> org.hibernate.type.AdaptedImmutableType@131fcb6f
[DEBUG] 2021-02-25 14:12:03.807 [main] BasicTypeRegistry - Adding type registration imm_timestamp -> org.hibernate.type.AdaptedImmutableType@ccd1bc3
[DEBUG] 2021-02-25 14:12:03.807 [main] BasicTypeRegistry - Adding type registration imm_dbtimestamp -> org.hibernate.type.AdaptedImmutableType@878537d
[DEBUG] 2021-02-25 14:12:03.807 [main] BasicTypeRegistry - Adding type registration imm_calendar -> org.hibernate.type.AdaptedImmutableType@4455f57d
[DEBUG] 2021-02-25 14:12:03.807 [main] BasicTypeRegistry - Adding type registration imm_calendar_date -> org.hibernate.type.AdaptedImmutableType@29fc1a2b
[DEBUG] 2021-02-25 14:12:03.807 [main] BasicTypeRegistry - Adding type registration imm_binary -> org.hibernate.type.AdaptedImmutableType@4d0b0fd4
[DEBUG] 2021-02-25 14:12:03.807 [main] BasicTypeRegistry - Adding type registration imm_serializable -> org.hibernate.type.AdaptedImmutableType@7a24eb3
[DEBUG] 2021-02-25 14:12:03.831 [main] DefaultIdentifierGeneratorFactory - Registering IdentifierGenerator strategy [uuid2] -> [org.hibernate.id.UUIDGenerator]
[DEBUG] 2021-02-25 14:12:03.831 [main] DefaultIdentifierGeneratorFactory - Registering IdentifierGenerator strategy [guid] -> [org.hibernate.id.GUIDGenerator]
[DEBUG] 2021-02-25 14:12:03.832 [main] DefaultIdentifierGeneratorFactory - Registering IdentifierGenerator strategy [uuid] -> [org.hibernate.id.UUIDHexGenerator]
[DEBUG] 2021-02-25 14:12:03.833 [main] DefaultIdentifierGeneratorFactory - Registering IdentifierGenerator strategy [uuid.hex] -> [org.hibernate.id.UUIDHexGenerator]
[DEBUG] 2021-02-25 14:12:03.833 [main] DefaultIdentifierGeneratorFactory - Registering IdentifierGenerator strategy [assigned] -> [org.hibernate.id.Assigned]
[DEBUG] 2021-02-25 14:12:03.834 [main] DefaultIdentifierGeneratorFactory - Registering IdentifierGenerator strategy [identity] -> [org.hibernate.id.IdentityGenerator]
[DEBUG] 2021-02-25 14:12:03.834 [main] DefaultIdentifierGeneratorFactory - Registering IdentifierGenerator strategy [select] -> [org.hibernate.id.SelectGenerator]
[DEBUG] 2021-02-25 14:12:03.834 [main] DefaultIdentifierGeneratorFactory - Registering IdentifierGenerator strategy [sequence] -> [org.hibernate.id.enhanced.SequenceStyleGenerator]
[DEBUG] 2021-02-25 14:12:03.835 [main] DefaultIdentifierGeneratorFactory - Registering IdentifierGenerator strategy [seqhilo] -> [org.hibernate.id.SequenceHiLoGenerator]
[DEBUG] 2021-02-25 14:12:03.837 [main] DefaultIdentifierGeneratorFactory - Registering IdentifierGenerator strategy [increment] -> [org.hibernate.id.IncrementGenerator]
[DEBUG] 2021-02-25 14:12:03.837 [main] DefaultIdentifierGeneratorFactory - Registering IdentifierGenerator strategy [foreign] -> [org.hibernate.id.ForeignGenerator]
[DEBUG] 2021-02-25 14:12:03.837 [main] DefaultIdentifierGeneratorFactory - Registering IdentifierGenerator strategy [sequence-identity] -> [org.hibernate.id.SequenceIdentityGenerator]
[DEBUG] 2021-02-25 14:12:03.837 [main] DefaultIdentifierGeneratorFactory - Registering IdentifierGenerator strategy [enhanced-sequence] -> [org.hibernate.id.enhanced.SequenceStyleGenerator]
[DEBUG] 2021-02-25 14:12:03.837 [main] DefaultIdentifierGeneratorFactory - Registering IdentifierGenerator strategy [enhanced-table] -> [org.hibernate.id.enhanced.TableGenerator]
[INFO ] 2021-02-25 14:12:03.840 [main] C3P0ConnectionProvider - HHH010002: C3P0 using driver: com.mysql.cj.jdbc.Driver at URL: jdbc:mysql://localhost:3306/budget_tracker
[INFO ] 2021-02-25 14:12:03.840 [main] C3P0ConnectionProvider - HHH10001001: Connection properties: {password=****, user=root}
[INFO ] 2021-02-25 14:12:03.844 [main] C3P0ConnectionProvider - HHH10001003: Autocommit mode: false
[INFO ] 2021-02-25 14:12:03.981 [main] C3P0ConnectionProvider - HHH10001007: JDBC isolation level: <unknown>
[DEBUG] 2021-02-25 14:12:04.524 [main] JdbcEnvironmentInitiator - Database ->
       name : MySQL
    version : 8.0.22
      major : 8
      minor : 0
[DEBUG] 2021-02-25 14:12:04.531 [main] JdbcEnvironmentInitiator - Driver ->
       name : MySQL Connector/J
    version : mysql-connector-java-8.0.16 (Revision: 34cbc6bc61f72836e26327537a432d6db7c77de6)
      major : 8
      minor : 0
[DEBUG] 2021-02-25 14:12:04.532 [main] JdbcEnvironmentInitiator - JDBC version : 4.2
[INFO ] 2021-02-25 14:12:04.583 [main] Dialect - HHH000400: Using dialect: org.hibernate.dialect.MySQL8Dialect
[DEBUG] 2021-02-25 14:12:04.610 [main] IdentifierHelperBuilder - JDBC driver metadata reported database stores quoted identifiers in more than one case
[DEBUG] 2021-02-25 14:12:04.638 [main] IdentifierHelperBuilder - IdentifierCaseStrategy for both quoted and unquoted identifiers was set to the same strategy [MIXED]; that will likely lead to problems in schema update and validation if using quoted identifiers
[DEBUG] 2021-02-25 14:12:04.685 [main] Namespace - Created database namespace [logicalName=Name{catalog=null, schema=null}, physicalName=Name{catalog=null, schema=null}]
[DEBUG] 2021-02-25 14:12:04.689 [main] TypeConfiguration$Scope - Scoping TypeConfiguration [org.hibernate.type.spi.TypeConfiguration@74294c1a] to MetadataBuildingContext [org.hibernate.boot.internal.MetadataBuildingContextRootImpl@9e2ad91]
[DEBUG] 2021-02-25 14:12:04.734 [main] AnnotationBinder - Binding entity from annotated class: edu.matc.entity.Category
[DEBUG] 2021-02-25 14:12:04.755 [main] Ejb3Column - Binding column: Ejb3DiscriminatorColumn{logicalColumnName'DTYPE', discriminatorTypeName='string'}
[DEBUG] 2021-02-25 14:12:04.759 [main] EntityBinder - Import with entity name Category
[DEBUG] 2021-02-25 14:12:04.760 [main] EntityBinder - Bind entity edu.matc.entity.Category on table category
[DEBUG] 2021-02-25 14:12:04.786 [main] Ejb3Column - Binding column: Ejb3Column{table=org.hibernate.mapping.Table(category), mappingColumn=id, insertable=true, updatable=true, unique=false}
[DEBUG] 2021-02-25 14:12:04.787 [main] PropertyBinder - MetadataSourceProcessor property id with lazy=false
[DEBUG] 2021-02-25 14:12:04.796 [main] AbstractPropertyHolder - Attempting to locate auto-apply AttributeConverter for property [edu.matc.entity.Category:id]
[DEBUG] 2021-02-25 14:12:04.797 [main] SimpleValueBinder - building SimpleValue for id
[DEBUG] 2021-02-25 14:12:04.798 [main] PropertyBinder - Building property id
[DEBUG] 2021-02-25 14:12:04.800 [main] BinderHelper - #makeIdGenerator(org.hibernate.mapping.SimpleValue([org.hibernate.mapping.Column(id)]), id, org.hibernate.id.enhanced.SequenceStyleGenerator, native, ...)
[DEBUG] 2021-02-25 14:12:04.804 [main] Ejb3Column - Binding column: Ejb3Column{table=org.hibernate.mapping.Table(category), mappingColumn=category_description, insertable=true, updatable=true, unique=false}
[DEBUG] 2021-02-25 14:12:04.805 [main] PropertyBinder - MetadataSourceProcessor property categoryDescription with lazy=false
[DEBUG] 2021-02-25 14:12:04.805 [main] AbstractPropertyHolder - Attempting to locate auto-apply AttributeConverter for property [edu.matc.entity.Category:categoryDescription]
[DEBUG] 2021-02-25 14:12:04.805 [main] SimpleValueBinder - building SimpleValue for categoryDescription
[DEBUG] 2021-02-25 14:12:04.805 [main] PropertyBinder - Building property categoryDescription
[DEBUG] 2021-02-25 14:12:04.806 [main] Ejb3Column - Binding column: Ejb3Column{table=org.hibernate.mapping.Table(category), mappingColumn=category_name, insertable=true, updatable=true, unique=false}
[DEBUG] 2021-02-25 14:12:04.806 [main] PropertyBinder - MetadataSourceProcessor property categoryName with lazy=false
[DEBUG] 2021-02-25 14:12:04.806 [main] AbstractPropertyHolder - Attempting to locate auto-apply AttributeConverter for property [edu.matc.entity.Category:categoryName]
[DEBUG] 2021-02-25 14:12:04.806 [main] SimpleValueBinder - building SimpleValue for categoryName
[DEBUG] 2021-02-25 14:12:04.806 [main] PropertyBinder - Building property categoryName
[DEBUG] 2021-02-25 14:12:04.806 [main] Ejb3Column - Binding column: Ejb3Column{table=org.hibernate.mapping.Table(category), mappingColumn=color, insertable=true, updatable=true, unique=false}
[DEBUG] 2021-02-25 14:12:04.806 [main] PropertyBinder - MetadataSourceProcessor property color with lazy=false
[DEBUG] 2021-02-25 14:12:04.807 [main] AbstractPropertyHolder - Attempting to locate auto-apply AttributeConverter for property [edu.matc.entity.Category:color]
[DEBUG] 2021-02-25 14:12:04.807 [main] SimpleValueBinder - building SimpleValue for color
[DEBUG] 2021-02-25 14:12:04.807 [main] PropertyBinder - Building property color
[DEBUG] 2021-02-25 14:12:04.807 [main] AnnotationBinder - Binding entity from annotated class: edu.matc.entity.Entry
[DEBUG] 2021-02-25 14:12:04.808 [main] Ejb3Column - Binding column: Ejb3DiscriminatorColumn{logicalColumnName'DTYPE', discriminatorTypeName='string'}
[DEBUG] 2021-02-25 14:12:04.808 [main] EntityBinder - Import with entity name Entry
[DEBUG] 2021-02-25 14:12:04.808 [main] EntityBinder - Bind entity edu.matc.entity.Entry on table entry
[DEBUG] 2021-02-25 14:12:04.813 [main] Ejb3Column - Binding column: Ejb3Column{table=org.hibernate.mapping.Table(entry), mappingColumn=id, insertable=true, updatable=true, unique=false}
[DEBUG] 2021-02-25 14:12:04.813 [main] PropertyBinder - MetadataSourceProcessor property id with lazy=false
[DEBUG] 2021-02-25 14:12:04.813 [main] AbstractPropertyHolder - Attempting to locate auto-apply AttributeConverter for property [edu.matc.entity.Entry:id]
[DEBUG] 2021-02-25 14:12:04.813 [main] SimpleValueBinder - building SimpleValue for id
[DEBUG] 2021-02-25 14:12:04.813 [main] PropertyBinder - Building property id
[DEBUG] 2021-02-25 14:12:04.813 [main] BinderHelper - #makeIdGenerator(org.hibernate.mapping.SimpleValue([org.hibernate.mapping.Column(id)]), id, org.hibernate.id.enhanced.SequenceStyleGenerator, native, ...)
[DEBUG] 2021-02-25 14:12:04.814 [main] Ejb3Column - Binding column: Ejb3JoinColumn{logicalColumnName='category_id', referencedColumn='id', mappedBy=''}
[DEBUG] 2021-02-25 14:12:04.814 [main] Ejb3Column - Binding column: Ejb3Column{table=org.hibernate.mapping.Table(entry), mappingColumn=categoryId, insertable=true, updatable=true, unique=false}
[DEBUG] 2021-02-25 14:12:04.815 [main] PropertyBinder - Building property categoryId
[DEBUG] 2021-02-25 14:12:04.815 [main] Ejb3Column - Binding column: Ejb3Column{table=org.hibernate.mapping.Table(entry), mappingColumn=date, insertable=true, updatable=true, unique=false}
[DEBUG] 2021-02-25 14:12:04.815 [main] PropertyBinder - MetadataSourceProcessor property date with lazy=false
[DEBUG] 2021-02-25 14:12:04.815 [main] AbstractPropertyHolder - Attempting to locate auto-apply AttributeConverter for property [edu.matc.entity.Entry:date]
[DEBUG] 2021-02-25 14:12:04.815 [main] SimpleValueBinder - building SimpleValue for date
[DEBUG] 2021-02-25 14:12:04.815 [main] PropertyBinder - Building property date
[DEBUG] 2021-02-25 14:12:04.815 [main] Ejb3Column - Binding column: Ejb3Column{table=org.hibernate.mapping.Table(entry), mappingColumn=entry_name, insertable=true, updatable=true, unique=false}
[DEBUG] 2021-02-25 14:12:04.816 [main] PropertyBinder - MetadataSourceProcessor property entryName with lazy=false
[DEBUG] 2021-02-25 14:12:04.816 [main] AbstractPropertyHolder - Attempting to locate auto-apply AttributeConverter for property [edu.matc.entity.Entry:entryName]
[DEBUG] 2021-02-25 14:12:04.816 [main] SimpleValueBinder - building SimpleValue for entryName
[DEBUG] 2021-02-25 14:12:04.816 [main] PropertyBinder - Building property entryName
[DEBUG] 2021-02-25 14:12:04.816 [main] Ejb3Column - Binding column: Ejb3Column{table=org.hibernate.mapping.Table(entry), mappingColumn=entry_type, insertable=true, updatable=true, unique=false}
[DEBUG] 2021-02-25 14:12:04.816 [main] PropertyBinder - MetadataSourceProcessor property entryType with lazy=false
[DEBUG] 2021-02-25 14:12:04.816 [main] AbstractPropertyHolder - Attempting to locate auto-apply AttributeConverter for property [edu.matc.entity.Entry:entryType]
[DEBUG] 2021-02-25 14:12:04.820 [main] SimpleValueBinder - building SimpleValue for entryType
[DEBUG] 2021-02-25 14:12:04.820 [main] PropertyBinder - Building property entryType
[DEBUG] 2021-02-25 14:12:04.820 [main] Ejb3Column - Binding column: Ejb3JoinColumn{logicalColumnName='user_id', referencedColumn='id', mappedBy=''}
[DEBUG] 2021-02-25 14:12:04.820 [main] Ejb3Column - Binding column: Ejb3Column{table=org.hibernate.mapping.Table(entry), mappingColumn=userId, insertable=true, updatable=true, unique=false}
[DEBUG] 2021-02-25 14:12:04.820 [main] PropertyBinder - Building property userId
[DEBUG] 2021-02-25 14:12:04.820 [main] Ejb3Column - Binding column: Ejb3Column{table=org.hibernate.mapping.Table(entry), mappingColumn=value, insertable=true, updatable=true, unique=false}
[DEBUG] 2021-02-25 14:12:04.820 [main] PropertyBinder - MetadataSourceProcessor property value with lazy=false
[DEBUG] 2021-02-25 14:12:04.820 [main] AbstractPropertyHolder - Attempting to locate auto-apply AttributeConverter for property [edu.matc.entity.Entry:value]
[DEBUG] 2021-02-25 14:12:04.821 [main] SimpleValueBinder - building SimpleValue for value
[DEBUG] 2021-02-25 14:12:04.822 [main] PropertyBinder - Building property value
[DEBUG] 2021-02-25 14:12:04.822 [main] AnnotationBinder - Binding entity from annotated class: edu.matc.entity.User
[DEBUG] 2021-02-25 14:12:04.822 [main] Ejb3Column - Binding column: Ejb3DiscriminatorColumn{logicalColumnName'DTYPE', discriminatorTypeName='string'}
[DEBUG] 2021-02-25 14:12:04.822 [main] EntityBinder - Import with entity name User
[DEBUG] 2021-02-25 14:12:04.823 [main] EntityBinder - Bind entity edu.matc.entity.User on table user
[DEBUG] 2021-02-25 14:12:04.824 [main] Ejb3Column - Binding column: Ejb3Column{table=org.hibernate.mapping.Table(user), mappingColumn=id, insertable=true, updatable=true, unique=false}
[DEBUG] 2021-02-25 14:12:04.825 [main] PropertyBinder - MetadataSourceProcessor property id with lazy=false
[DEBUG] 2021-02-25 14:12:04.825 [main] AbstractPropertyHolder - Attempting to locate auto-apply AttributeConverter for property [edu.matc.entity.User:id]
[DEBUG] 2021-02-25 14:12:04.825 [main] SimpleValueBinder - building SimpleValue for id
[DEBUG] 2021-02-25 14:12:04.825 [main] PropertyBinder - Building property id
[DEBUG] 2021-02-25 14:12:04.825 [main] BinderHelper - #makeIdGenerator(org.hibernate.mapping.SimpleValue([org.hibernate.mapping.Column(id)]), id, org.hibernate.id.enhanced.SequenceStyleGenerator, native, ...)
[DEBUG] 2021-02-25 14:12:04.828 [main] Ejb3Column - Binding column: Ejb3Column{table=org.hibernate.mapping.Table(user), mappingColumn=birthdate, insertable=true, updatable=true, unique=false}
[DEBUG] 2021-02-25 14:12:04.828 [main] PropertyBinder - MetadataSourceProcessor property birthdate with lazy=false
[DEBUG] 2021-02-25 14:12:04.828 [main] AbstractPropertyHolder - Attempting to locate auto-apply AttributeConverter for property [edu.matc.entity.User:birthdate]
[DEBUG] 2021-02-25 14:12:04.828 [main] SimpleValueBinder - building SimpleValue for birthdate
[DEBUG] 2021-02-25 14:12:04.828 [main] PropertyBinder - Building property birthdate
[DEBUG] 2021-02-25 14:12:04.828 [main] Ejb3Column - Binding column: Ejb3Column{table=org.hibernate.mapping.Table(user), mappingColumn=email, insertable=true, updatable=true, unique=false}
[DEBUG] 2021-02-25 14:12:04.829 [main] PropertyBinder - MetadataSourceProcessor property email with lazy=false
[DEBUG] 2021-02-25 14:12:04.829 [main] AbstractPropertyHolder - Attempting to locate auto-apply AttributeConverter for property [edu.matc.entity.User:email]
[DEBUG] 2021-02-25 14:12:04.829 [main] SimpleValueBinder - building SimpleValue for email
[DEBUG] 2021-02-25 14:12:04.829 [main] PropertyBinder - Building property email
[DEBUG] 2021-02-25 14:12:04.829 [main] Ejb3Column - Binding column: Ejb3Column{table=org.hibernate.mapping.Table(user), mappingColumn=first_name, insertable=true, updatable=true, unique=false}
[DEBUG] 2021-02-25 14:12:04.829 [main] PropertyBinder - MetadataSourceProcessor property firstName with lazy=false
[DEBUG] 2021-02-25 14:12:04.829 [main] AbstractPropertyHolder - Attempting to locate auto-apply AttributeConverter for property [edu.matc.entity.User:firstName]
[DEBUG] 2021-02-25 14:12:04.829 [main] SimpleValueBinder - building SimpleValue for firstName
[DEBUG] 2021-02-25 14:12:04.830 [main] PropertyBinder - Building property firstName
[DEBUG] 2021-02-25 14:12:04.830 [main] Ejb3Column - Binding column: Ejb3Column{table=org.hibernate.mapping.Table(user), mappingColumn=last_name, insertable=true, updatable=true, unique=false}
[DEBUG] 2021-02-25 14:12:04.830 [main] PropertyBinder - MetadataSourceProcessor property lastName with lazy=false
[DEBUG] 2021-02-25 14:12:04.830 [main] AbstractPropertyHolder - Attempting to locate auto-apply AttributeConverter for property [edu.matc.entity.User:lastName]
[DEBUG] 2021-02-25 14:12:04.830 [main] SimpleValueBinder - building SimpleValue for lastName
[DEBUG] 2021-02-25 14:12:04.830 [main] PropertyBinder - Building property lastName
[DEBUG] 2021-02-25 14:12:04.830 [main] Ejb3Column - Binding column: Ejb3Column{table=org.hibernate.mapping.Table(user), mappingColumn=password, insertable=true, updatable=true, unique=false}
[DEBUG] 2021-02-25 14:12:04.831 [main] PropertyBinder - MetadataSourceProcessor property password with lazy=false
[DEBUG] 2021-02-25 14:12:04.831 [main] AbstractPropertyHolder - Attempting to locate auto-apply AttributeConverter for property [edu.matc.entity.User:password]
[DEBUG] 2021-02-25 14:12:04.831 [main] SimpleValueBinder - building SimpleValue for password
[DEBUG] 2021-02-25 14:12:04.831 [main] PropertyBinder - Building property password
[DEBUG] 2021-02-25 14:12:04.832 [main] Ejb3Column - Binding column: Ejb3Column{table=org.hibernate.mapping.Table(user), mappingColumn=username, insertable=true, updatable=true, unique=false}
[DEBUG] 2021-02-25 14:12:04.832 [main] PropertyBinder - MetadataSourceProcessor property username with lazy=false
[DEBUG] 2021-02-25 14:12:04.832 [main] AbstractPropertyHolder - Attempting to locate auto-apply AttributeConverter for property [edu.matc.entity.User:username]
[DEBUG] 2021-02-25 14:12:04.832 [main] SimpleValueBinder - building SimpleValue for username
[DEBUG] 2021-02-25 14:12:04.832 [main] PropertyBinder - Building property username
[DEBUG] 2021-02-25 14:12:04.836 [main] SimpleValueBinder - Starting fillSimpleValue for id
[DEBUG] 2021-02-25 14:12:04.837 [main] SimpleValueBinder - Starting fillSimpleValue for categoryDescription
[DEBUG] 2021-02-25 14:12:04.838 [main] SimpleValueBinder - Starting fillSimpleValue for categoryName
[DEBUG] 2021-02-25 14:12:04.839 [main] SimpleValueBinder - Starting fillSimpleValue for color
[DEBUG] 2021-02-25 14:12:04.839 [main] SimpleValueBinder - Starting fillSimpleValue for id
[DEBUG] 2021-02-25 14:12:04.839 [main] SimpleValueBinder - Starting fillSimpleValue for date
[DEBUG] 2021-02-25 14:12:04.839 [main] SimpleValueBinder - Starting fillSimpleValue for entryName
[DEBUG] 2021-02-25 14:12:04.839 [main] SimpleValueBinder - Starting fillSimpleValue for entryType
[DEBUG] 2021-02-25 14:12:04.839 [main] SimpleValueBinder - Starting fillSimpleValue for value
[DEBUG] 2021-02-25 14:12:04.839 [main] SimpleValueBinder - Starting fillSimpleValue for id
[DEBUG] 2021-02-25 14:12:04.839 [main] SimpleValueBinder - Starting fillSimpleValue for birthdate
[DEBUG] 2021-02-25 14:12:04.839 [main] SimpleValueBinder - Starting fillSimpleValue for email
[DEBUG] 2021-02-25 14:12:04.839 [main] SimpleValueBinder - Starting fillSimpleValue for firstName
[DEBUG] 2021-02-25 14:12:04.839 [main] SimpleValueBinder - Starting fillSimpleValue for lastName
[DEBUG] 2021-02-25 14:12:04.839 [main] SimpleValueBinder - Starting fillSimpleValue for password
[DEBUG] 2021-02-25 14:12:04.839 [main] SimpleValueBinder - Starting fillSimpleValue for username
[DEBUG] 2021-02-25 14:12:04.844 [main] PrimaryKey - Forcing column [id] to be non-null as it is part of the primary key for table [category]
[DEBUG] 2021-02-25 14:12:04.844 [main] PrimaryKey - Forcing column [id] to be non-null as it is part of the primary key for table [entry]
[DEBUG] 2021-02-25 14:12:04.844 [main] PrimaryKey - Forcing column [id] to be non-null as it is part of the primary key for table [user]
[DEBUG] 2021-02-25 14:12:04.844 [main] InFlightMetadataCollectorImpl - Resolving reference to class: edu.matc.entity.Category
[DEBUG] 2021-02-25 14:12:04.845 [main] InFlightMetadataCollectorImpl - Resolving reference to class: edu.matc.entity.User
[DEBUG] 2021-02-25 14:12:04.848 [main] InFlightMetadataCollectorImpl - Resolving reference to class: edu.matc.entity.Category
[DEBUG] 2021-02-25 14:12:04.848 [main] InFlightMetadataCollectorImpl - Resolving reference to class: edu.matc.entity.User
[DEBUG] 2021-02-25 14:12:04.864 [main] SessionFactoryImpl - Building session factory
[DEBUG] 2021-02-25 14:12:04.864 [main] Settings - SessionFactory name : null
[DEBUG] 2021-02-25 14:12:04.864 [main] Settings - Automatic flush during beforeCompletion(): enabled
[DEBUG] 2021-02-25 14:12:04.865 [main] Settings - Automatic session close at end of transaction: disabled
[DEBUG] 2021-02-25 14:12:04.865 [main] Settings - Statistics: disabled
[DEBUG] 2021-02-25 14:12:04.865 [main] Settings - Deleted entity synthetic identifier rollback: disabled
[DEBUG] 2021-02-25 14:12:04.865 [main] Settings - Default entity-mode: pojo
[DEBUG] 2021-02-25 14:12:04.865 [main] Settings - Check Nullability in Core (should be disabled when Bean Validation is on): enabled
[DEBUG] 2021-02-25 14:12:04.865 [main] Settings - Allow initialization of lazy state outside session : disabled
[DEBUG] 2021-02-25 14:12:04.865 [main] Settings - Using BatchFetchStyle : LEGACY
[DEBUG] 2021-02-25 14:12:04.865 [main] Settings - Default batch fetch size: -1
[DEBUG] 2021-02-25 14:12:04.866 [main] Settings - Maximum outer join fetch depth: 2
[DEBUG] 2021-02-25 14:12:04.866 [main] Settings - Default null ordering: NONE
[DEBUG] 2021-02-25 14:12:04.866 [main] Settings - Order SQL updates by primary key: disabled
[DEBUG] 2021-02-25 14:12:04.866 [main] Settings - Order SQL inserts for batching: disabled
[DEBUG] 2021-02-25 14:12:04.866 [main] Settings - multi-tenancy strategy : NONE
[DEBUG] 2021-02-25 14:12:04.866 [main] Settings - JTA Track by Thread: enabled
[DEBUG] 2021-02-25 14:12:04.866 [main] Settings - Query language substitutions: {}
[DEBUG] 2021-02-25 14:12:04.866 [main] Settings - Named query checking : enabled
[DEBUG] 2021-02-25 14:12:04.866 [main] Settings - Second-level cache: disabled
[DEBUG] 2021-02-25 14:12:04.866 [main] Settings - Second-level query cache: disabled
[DEBUG] 2021-02-25 14:12:04.866 [main] Settings - Second-level query cache factory: null
[DEBUG] 2021-02-25 14:12:04.866 [main] Settings - Second-level cache region prefix: null
[DEBUG] 2021-02-25 14:12:04.866 [main] Settings - Optimize second-level cache for minimal puts: disabled
[DEBUG] 2021-02-25 14:12:04.866 [main] Settings - Structured second-level cache entries: disabled
[DEBUG] 2021-02-25 14:12:04.866 [main] Settings - Second-level cache direct-reference entries: disabled
[DEBUG] 2021-02-25 14:12:04.866 [main] Settings - Automatic eviction of collection cache: disabled
[DEBUG] 2021-02-25 14:12:04.866 [main] Settings - JDBC batch size: 15
[DEBUG] 2021-02-25 14:12:04.866 [main] Settings - JDBC batch updates for versioned data: enabled
[DEBUG] 2021-02-25 14:12:04.870 [main] Settings - Scrollable result sets: enabled
[DEBUG] 2021-02-25 14:12:04.870 [main] Settings - Wrap result sets: disabled
[DEBUG] 2021-02-25 14:12:04.870 [main] Settings - JDBC3 getGeneratedKeys(): enabled
[DEBUG] 2021-02-25 14:12:04.870 [main] Settings - JDBC result set fetch size: null
[DEBUG] 2021-02-25 14:12:04.870 [main] Settings - Connection release mode: AFTER_TRANSACTION
[DEBUG] 2021-02-25 14:12:04.870 [main] Settings - Generate SQL with comments: disabled
[DEBUG] 2021-02-25 14:12:04.870 [main] Settings - JPA compliance - query : 
[DEBUG] 2021-02-25 14:12:04.870 [main] Settings - JPA compliance - closed-handling : 
[DEBUG] 2021-02-25 14:12:04.870 [main] Settings - JPA compliance - lists : 
[DEBUG] 2021-02-25 14:12:04.870 [main] Settings - JPA compliance - transactions : 
[INFO ] 2021-02-25 14:12:04.920 [main] beans - HHH10005002: No explicit CDI BeanManager reference was passed to Hibernate, but CDI is available on the Hibernate ClassLoader.
[DEBUG] 2021-02-25 14:12:04.952 [main] SessionFactoryImpl - Session factory constructed with filter configurations : {}
[DEBUG] 2021-02-25 14:12:04.952 [main] SessionFactoryImpl - Instantiating session factory with properties: {sun.desktop=gnome, awt.toolkit=sun.awt.X11.XToolkit, java.specification.version=11, sun.cpu.isalist=, hibernate.c3p0.idle_test_period=3000, sun.jnu.encoding=UTF-8, hibernate.c3p0.min_size=5, java.class.path=/home/student/intellij/lib/idea_rt.jar:/home/student/intellij/plugins/junit/lib/junit5-rt.jar:/home/student/intellij/plugins/junit/lib/junit-rt.jar:/home/student/IdeaProjects/budgetTracker/target/test-classes:/home/student/IdeaProjects/budgetTracker/target/classes:/home/student/.m2/repository/junit/junit/4.12/junit-4.12.jar:/home/student/.m2/repository/org/hamcrest/hamcrest-core/1.3/hamcrest-core-1.3.jar:/home/student/.m2/repository/org/hibernate/hibernate-core/5.4.4.Final/hibernate-core-5.4.4.Final.jar:/home/student/.m2/repository/org/jboss/logging/jboss-logging/3.3.2.Final/jboss-logging-3.3.2.Final.jar:/home/student/.m2/repository/javax/persistence/javax.persistence-api/2.2/javax.persistence-api-2.2.jar:/home/student/.m2/repository/org/javassist/javassist/3.24.0-GA/javassist-3.24.0-GA.jar:/home/student/.m2/repository/net/bytebuddy/byte-buddy/1.9.11/byte-buddy-1.9.11.jar:/home/student/.m2/repository/antlr/antlr/2.7.7/antlr-2.7.7.jar:/home/student/.m2/repository/org/jboss/spec/javax/transaction/jboss-transaction-api_1.2_spec/1.1.1.Final/jboss-transaction-api_1.2_spec-1.1.1.Final.jar:/home/student/.m2/repository/org/jboss/jandex/2.0.5.Final/jandex-2.0.5.Final.jar:/home/student/.m2/repository/com/fasterxml/classmate/1.3.4/classmate-1.3.4.jar:/home/student/.m2/repository/javax/activation/javax.activation-api/1.2.0/javax.activation-api-1.2.0.jar:/home/student/.m2/repository/org/dom4j/dom4j/2.1.1/dom4j-2.1.1.jar:/home/student/.m2/repository/org/hibernate/common/hibernate-commons-annotations/5.1.0.Final/hibernate-commons-annotations-5.1.0.Final.jar:/home/student/.m2/repository/javax/xml/bind/jaxb-api/2.3.1/jaxb-api-2.3.1.jar:/home/student/.m2/repository/org/glassfish/jaxb/jaxb-runtime/2.3.1/jaxb-runtime-2.3.1.jar:/home/student/.m2/repository/org/glassfish/jaxb/txw2/2.3.1/txw2-2.3.1.jar:/home/student/.m2/repository/com/sun/istack/istack-commons-runtime/3.0.7/istack-commons-runtime-3.0.7.jar:/home/student/.m2/repository/org/jvnet/staxex/stax-ex/1.8/stax-ex-1.8.jar:/home/student/.m2/repository/com/sun/xml/fastinfoset/FastInfoset/1.2.15/FastInfoset-1.2.15.jar:/home/student/.m2/repository/org/hibernate/hibernate-c3p0/5.4.4.Final/hibernate-c3p0-5.4.4.Final.jar:/home/student/.m2/repository/com/mchange/c3p0/0.9.5.3/c3p0-0.9.5.3.jar:/home/student/.m2/repository/com/mchange/mchange-commons-java/0.2.15/mchange-commons-java-0.2.15.jar:/home/student/.m2/repository/org/apache/logging/log4j/log4j-api/2.10.0/log4j-api-2.10.0.jar:/home/student/.m2/repository/org/apache/logging/log4j/log4j-core/2.10.0/log4j-core-2.10.0.jar:/home/student/.m2/repository/javax/javaee-web-api/7.0/javaee-web-api-7.0.jar:/home/student/.m2/repository/org/junit/platform/junit-platform-runner/1.0.0/junit-platform-runner-1.0.0.jar:/home/student/.m2/repository/org/apiguardian/apiguardian-api/1.0.0/apiguardian-api-1.0.0.jar:/home/student/.m2/repository/org/junit/platform/junit-platform-launcher/1.0.0/junit-platform-launcher-1.0.0.jar:/home/student/.m2/repository/org/junit/platform/junit-platform-suite-api/1.0.0/junit-platform-suite-api-1.0.0.jar:/home/student/.m2/repository/org/junit/vintage/junit-vintage-engine/4.12.0/junit-vintage-engine-4.12.0.jar:/home/student/.m2/repository/org/junit/platform/junit-platform-engine/1.0.0/junit-platform-engine-1.0.0.jar:/home/student/.m2/repository/org/junit/jupiter/junit-jupiter-engine/5.0.0/junit-jupiter-engine-5.0.0.jar:/home/student/.m2/repository/jstl/jstl/1.2/jstl-1.2.jar:/home/student/.m2/repository/mysql/mysql-connector-java/8.0.16/mysql-connector-java-8.0.16.jar:/home/student/.m2/repository/com/google/protobuf/protobuf-java/3.6.1/protobuf-java-3.6.1.jar:/home/student/.m2/repository/org/junit/jupiter/junit-jupiter-api/5.0.0/junit-jupiter-api-5.0.0.jar:/home/student/.m2/repository/org/opentest4j/opentest4j/1.0.0/opentest4j-1.0.0.jar:/home/student/.m2/repository/org/junit/platform/junit-platform-commons/1.0.0/junit-platform-commons-1.0.0.jar, java.vm.vendor=Ubuntu, sun.arch.data.model=64, idea.test.cyclic.buffer.size=1048576, java.vendor.url=https://ubuntu.com/, user.timezone=America/Chicago, os.name=Linux, java.vm.specification.version=11, sun.java.launcher=SUN_STANDARD, user.country=US, sun.boot.library.path=/usr/lib/jvm/java-11-openjdk-amd64/lib, sun.java.command=com.intellij.rt.junit.JUnitStarter -ideVersion5 -junit5 edu.matc.persistence.EntryDaoTest, jdk.debug=release, sun.cpu.endian=little, user.home=/home/student, hibernate.c3p0.max_statements=50, user.language=en, java.specification.vendor=Oracle Corporation, java.version.date=2021-01-19, java.home=/usr/lib/jvm/java-11-openjdk-amd64, file.separator=/, java.vm.compressedOopsMode=Zero based, line.separator=
, hibernate.c3p0.timeout=300, java.specification.name=Java Platform API Specification, java.vm.specification.vendor=Oracle Corporation, java.awt.graphicsenv=sun.awt.X11GraphicsEnvironment, connection.password=student, sun.management.compiler=HotSpot 64-Bit Tiered Compilers, hibernate.c3p0.max_size=20, java.runtime.version=11.0.10+9-Ubuntu-0ubuntu1.20.04, user.name=student, path.separator=:, hibernate.connection.username=****, os.version=5.4.0-65-generic, java.runtime.name=OpenJDK Runtime Environment, hibernate.connection.url=jdbc:mysql://localhost:3306/budget_tracker, file.encoding=UTF-8, java.vm.name=OpenJDK 64-Bit Server VM, hibernate.connection.driver_class=com.mysql.cj.jdbc.Driver, java.vendor.url.bug=https://bugs.launchpad.net/ubuntu/+source/openjdk-lts, java.io.tmpdir=/tmp, java.version=11.0.10, user.dir=/home/student/IdeaProjects/budgetTracker, os.arch=amd64, connection.username=root, java.vm.specification.name=Java Virtual Machine Specification, java.awt.printerjob=sun.print.PSPrinterJob, hibernate.connection.password=****, sun.os.patch.level=unknown, connection.driver_class=com.mysql.cj.jdbc.Driver, hibernate.boot.CfgXmlAccessService.key=org.hibernate.boot.cfgxml.spi.LoadedConfig@35a0e495, java.library.path=/usr/java/packages/lib:/usr/lib/x86_64-linux-gnu/jni:/lib/x86_64-linux-gnu:/usr/lib/x86_64-linux-gnu:/usr/lib/jni:/lib:/usr/lib, java.vendor=Ubuntu, java.vm.info=mixed mode, sharing, java.vm.version=11.0.10+9-Ubuntu-0ubuntu1.20.04, hibernate.bytecode.use_reflection_optimizer=false, sun.io.unicode.encoding=UnicodeLittle, connection.url=jdbc:mysql://localhost:3306/budget_tracker, java.class.version=55.0}
[DEBUG] 2021-02-25 14:12:04.971 [main] TypeSafeActivator - Unable to acquire Bean Validation ValidatorFactory, skipping activation
[DEBUG] 2021-02-25 14:12:04.971 [main] JaccIntegrator - Skipping JACC integration as it was not enabled
[DEBUG] 2021-02-25 14:12:04.972 [main] SessionFactoryImpl - Instantiated session factory
[DEBUG] 2021-02-25 14:12:04.972 [main] TypeConfiguration$Scope - Scoping TypeConfiguration [org.hibernate.type.spi.TypeConfiguration@74294c1a] to SessionFactoryImpl [org.hibernate.internal.SessionFactoryImpl@4c447c09]
[DEBUG] 2021-02-25 14:12:05.110 [main] ClassLoaderAccessImpl - Not known whether passed class name [edu.matc.entity.User] is safe
[DEBUG] 2021-02-25 14:12:05.113 [main] ClassLoaderAccessImpl - No temp ClassLoader provided; using live ClassLoader for loading potentially unsafe class : edu.matc.entity.User
[DEBUG] 2021-02-25 14:12:05.126 [main] ClassLoaderAccessImpl - Not known whether passed class name [edu.matc.entity.User] is safe
[DEBUG] 2021-02-25 14:12:05.126 [main] ClassLoaderAccessImpl - No temp ClassLoader provided; using live ClassLoader for loading potentially unsafe class : edu.matc.entity.User
[DEBUG] 2021-02-25 14:12:05.317 [main] ClassLoaderAccessImpl - Not known whether passed class name [edu.matc.entity.Category] is safe
[DEBUG] 2021-02-25 14:12:05.317 [main] ClassLoaderAccessImpl - No temp ClassLoader provided; using live ClassLoader for loading potentially unsafe class : edu.matc.entity.Category
[DEBUG] 2021-02-25 14:12:05.318 [main] ClassLoaderAccessImpl - Not known whether passed class name [edu.matc.entity.Category] is safe
[DEBUG] 2021-02-25 14:12:05.318 [main] ClassLoaderAccessImpl - No temp ClassLoader provided; using live ClassLoader for loading potentially unsafe class : edu.matc.entity.Category
[DEBUG] 2021-02-25 14:12:05.360 [main] ClassLoaderAccessImpl - Not known whether passed class name [edu.matc.entity.Entry] is safe
[DEBUG] 2021-02-25 14:12:05.360 [main] ClassLoaderAccessImpl - No temp ClassLoader provided; using live ClassLoader for loading potentially unsafe class : edu.matc.entity.Entry
[DEBUG] 2021-02-25 14:12:05.363 [main] ClassLoaderAccessImpl - Not known whether passed class name [edu.matc.entity.Entry] is safe
[DEBUG] 2021-02-25 14:12:05.363 [main] ClassLoaderAccessImpl - No temp ClassLoader provided; using live ClassLoader for loading potentially unsafe class : edu.matc.entity.Entry
[DEBUG] 2021-02-25 14:12:05.410 [main] AbstractEntityPersister - Static SQL for entity: edu.matc.entity.User
[DEBUG] 2021-02-25 14:12:05.410 [main] AbstractEntityPersister -  Version select: select id from user where id =?
[DEBUG] 2021-02-25 14:12:05.410 [main] AbstractEntityPersister -  Snapshot select: select user_.id, user_.birthdate as birthdat2_2_, user_.email as email3_2_, user_.first_name as first_na4_2_, user_.last_name as last_nam5_2_, user_.password as password6_2_, user_.username as username7_2_ from user user_ where user_.id=?
[DEBUG] 2021-02-25 14:12:05.410 [main] AbstractEntityPersister -  Insert 0: insert into user (birthdate, email, first_name, last_name, password, username, id) values (?, ?, ?, ?, ?, ?, ?)
[DEBUG] 2021-02-25 14:12:05.410 [main] AbstractEntityPersister -  Update 0: update user set birthdate=?, email=?, first_name=?, last_name=?, password=?, username=? where id=?
[DEBUG] 2021-02-25 14:12:05.410 [main] AbstractEntityPersister -  Delete 0: delete from user where id=?
[DEBUG] 2021-02-25 14:12:05.410 [main] AbstractEntityPersister -  Identity insert: insert into user (birthdate, email, first_name, last_name, password, username) values (?, ?, ?, ?, ?, ?)
[DEBUG] 2021-02-25 14:12:05.439 [main] QuerySpacesImpl - Adding QuerySpace : uid = <gen:0> -> org.hibernate.loader.plan.build.internal.spaces.EntityQuerySpaceImpl@3d40a3b4]
[DEBUG] 2021-02-25 14:12:05.440 [main] MetamodelGraphWalker - Visiting attribute path : birthdate
[DEBUG] 2021-02-25 14:12:05.440 [main] MetamodelGraphWalker - Visiting attribute path : email
[DEBUG] 2021-02-25 14:12:05.440 [main] MetamodelGraphWalker - Visiting attribute path : firstName
[DEBUG] 2021-02-25 14:12:05.440 [main] MetamodelGraphWalker - Visiting attribute path : lastName
[DEBUG] 2021-02-25 14:12:05.442 [main] MetamodelGraphWalker - Visiting attribute path : password
[DEBUG] 2021-02-25 14:12:05.442 [main] MetamodelGraphWalker - Visiting attribute path : username
[DEBUG] 2021-02-25 14:12:05.442 [main] FetchStyleLoadPlanBuildingAssociationVisitationStrategy - Building LoadPlan...
[DEBUG] 2021-02-25 14:12:05.451 [main] LoadQueryJoinAndFetchProcessor - processing queryspace <gen:0>
[DEBUG] 2021-02-25 14:12:05.453 [main] LoadPlanTreePrinter - LoadPlan(entity=edu.matc.entity.User)
    - Returns
       - EntityReturnImpl(entity=edu.matc.entity.User, querySpaceUid=<gen:0>, path=edu.matc.entity.User)
    - QuerySpaces
       - EntityQuerySpaceImpl(uid=<gen:0>, entity=edu.matc.entity.User)
          - SQL table alias mapping - user0_
          - alias suffix - 0_
          - suffixed key columns - {id1_2_0_}

[DEBUG] 2021-02-25 14:12:05.455 [main] EntityLoader - Static select for entity edu.matc.entity.User [NONE]: select user0_.id as id1_2_0_, user0_.birthdate as birthdat2_2_0_, user0_.email as email3_2_0_, user0_.first_name as first_na4_2_0_, user0_.last_name as last_nam5_2_0_, user0_.password as password6_2_0_, user0_.username as username7_2_0_ from user user0_ where user0_.id=?
[DEBUG] 2021-02-25 14:12:05.455 [main] QuerySpacesImpl - Adding QuerySpace : uid = <gen:0> -> org.hibernate.loader.plan.build.internal.spaces.EntityQuerySpaceImpl@e7b265e]
[DEBUG] 2021-02-25 14:12:05.455 [main] MetamodelGraphWalker - Visiting attribute path : birthdate
[DEBUG] 2021-02-25 14:12:05.456 [main] MetamodelGraphWalker - Visiting attribute path : email
[DEBUG] 2021-02-25 14:12:05.456 [main] MetamodelGraphWalker - Visiting attribute path : firstName
[DEBUG] 2021-02-25 14:12:05.456 [main] MetamodelGraphWalker - Visiting attribute path : lastName
[DEBUG] 2021-02-25 14:12:05.456 [main] MetamodelGraphWalker - Visiting attribute path : password
[DEBUG] 2021-02-25 14:12:05.456 [main] MetamodelGraphWalker - Visiting attribute path : username
[DEBUG] 2021-02-25 14:12:05.456 [main] FetchStyleLoadPlanBuildingAssociationVisitationStrategy - Building LoadPlan...
[DEBUG] 2021-02-25 14:12:05.456 [main] LoadQueryJoinAndFetchProcessor - processing queryspace <gen:0>
[DEBUG] 2021-02-25 14:12:05.456 [main] LoadPlanTreePrinter - LoadPlan(entity=edu.matc.entity.User)
    - Returns
       - EntityReturnImpl(entity=edu.matc.entity.User, querySpaceUid=<gen:0>, path=edu.matc.entity.User)
    - QuerySpaces
       - EntityQuerySpaceImpl(uid=<gen:0>, entity=edu.matc.entity.User)
          - SQL table alias mapping - user0_
          - alias suffix - 0_
          - suffixed key columns - {id1_2_0_}

[DEBUG] 2021-02-25 14:12:05.456 [main] EntityLoader - Static select for entity edu.matc.entity.User [READ]: select user0_.id as id1_2_0_, user0_.birthdate as birthdat2_2_0_, user0_.email as email3_2_0_, user0_.first_name as first_na4_2_0_, user0_.last_name as last_nam5_2_0_, user0_.password as password6_2_0_, user0_.username as username7_2_0_ from user user0_ where user0_.id=?
[DEBUG] 2021-02-25 14:12:05.462 [main] Loader - Static select for action ACTION_MERGE on entity edu.matc.entity.User: select user0_.id as id1_2_0_, user0_.birthdate as birthdat2_2_0_, user0_.email as email3_2_0_, user0_.first_name as first_na4_2_0_, user0_.last_name as last_nam5_2_0_, user0_.password as password6_2_0_, user0_.username as username7_2_0_ from user user0_ where user0_.id=?
[DEBUG] 2021-02-25 14:12:05.462 [main] Loader - Static select for action ACTION_REFRESH on entity edu.matc.entity.User: select user0_.id as id1_2_0_, user0_.birthdate as birthdat2_2_0_, user0_.email as email3_2_0_, user0_.first_name as first_na4_2_0_, user0_.last_name as last_nam5_2_0_, user0_.password as password6_2_0_, user0_.username as username7_2_0_ from user user0_ where user0_.id=?
[DEBUG] 2021-02-25 14:12:05.466 [main] AbstractEntityPersister - Static SQL for entity: edu.matc.entity.Category
[DEBUG] 2021-02-25 14:12:05.466 [main] AbstractEntityPersister -  Version select: select id from category where id =?
[DEBUG] 2021-02-25 14:12:05.466 [main] AbstractEntityPersister -  Snapshot select: select category_.id, category_.category_description as category2_0_, category_.category_name as category3_0_, category_.color as color4_0_ from category category_ where category_.id=?
[DEBUG] 2021-02-25 14:12:05.466 [main] AbstractEntityPersister -  Insert 0: insert into category (category_description, category_name, color, id) values (?, ?, ?, ?)
[DEBUG] 2021-02-25 14:12:05.467 [main] AbstractEntityPersister -  Update 0: update category set category_description=?, category_name=?, color=? where id=?
[DEBUG] 2021-02-25 14:12:05.467 [main] AbstractEntityPersister -  Delete 0: delete from category where id=?
[DEBUG] 2021-02-25 14:12:05.467 [main] AbstractEntityPersister -  Identity insert: insert into category (category_description, category_name, color) values (?, ?, ?)
[DEBUG] 2021-02-25 14:12:05.467 [main] QuerySpacesImpl - Adding QuerySpace : uid = <gen:0> -> org.hibernate.loader.plan.build.internal.spaces.EntityQuerySpaceImpl@62b3a2f6]
[DEBUG] 2021-02-25 14:12:05.467 [main] MetamodelGraphWalker - Visiting attribute path : categoryDescription
[DEBUG] 2021-02-25 14:12:05.467 [main] MetamodelGraphWalker - Visiting attribute path : categoryName
[DEBUG] 2021-02-25 14:12:05.467 [main] MetamodelGraphWalker - Visiting attribute path : color
[DEBUG] 2021-02-25 14:12:05.467 [main] FetchStyleLoadPlanBuildingAssociationVisitationStrategy - Building LoadPlan...
[DEBUG] 2021-02-25 14:12:05.468 [main] LoadQueryJoinAndFetchProcessor - processing queryspace <gen:0>
[DEBUG] 2021-02-25 14:12:05.468 [main] LoadPlanTreePrinter - LoadPlan(entity=edu.matc.entity.Category)
    - Returns
       - EntityReturnImpl(entity=edu.matc.entity.Category, querySpaceUid=<gen:0>, path=edu.matc.entity.Category)
    - QuerySpaces
       - EntityQuerySpaceImpl(uid=<gen:0>, entity=edu.matc.entity.Category)
          - SQL table alias mapping - category0_
          - alias suffix - 0_
          - suffixed key columns - {id1_0_0_}

[DEBUG] 2021-02-25 14:12:05.469 [main] EntityLoader - Static select for entity edu.matc.entity.Category [NONE]: select category0_.id as id1_0_0_, category0_.category_description as category2_0_0_, category0_.category_name as category3_0_0_, category0_.color as color4_0_0_ from category category0_ where category0_.id=?
[DEBUG] 2021-02-25 14:12:05.469 [main] QuerySpacesImpl - Adding QuerySpace : uid = <gen:0> -> org.hibernate.loader.plan.build.internal.spaces.EntityQuerySpaceImpl@317890ea]
[DEBUG] 2021-02-25 14:12:05.470 [main] MetamodelGraphWalker - Visiting attribute path : categoryDescription
[DEBUG] 2021-02-25 14:12:05.471 [main] MetamodelGraphWalker - Visiting attribute path : categoryName
[DEBUG] 2021-02-25 14:12:05.471 [main] MetamodelGraphWalker - Visiting attribute path : color
[DEBUG] 2021-02-25 14:12:05.471 [main] FetchStyleLoadPlanBuildingAssociationVisitationStrategy - Building LoadPlan...
[DEBUG] 2021-02-25 14:12:05.471 [main] LoadQueryJoinAndFetchProcessor - processing queryspace <gen:0>
[DEBUG] 2021-02-25 14:12:05.471 [main] LoadPlanTreePrinter - LoadPlan(entity=edu.matc.entity.Category)
    - Returns
       - EntityReturnImpl(entity=edu.matc.entity.Category, querySpaceUid=<gen:0>, path=edu.matc.entity.Category)
    - QuerySpaces
       - EntityQuerySpaceImpl(uid=<gen:0>, entity=edu.matc.entity.Category)
          - SQL table alias mapping - category0_
          - alias suffix - 0_
          - suffixed key columns - {id1_0_0_}

[DEBUG] 2021-02-25 14:12:05.471 [main] EntityLoader - Static select for entity edu.matc.entity.Category [READ]: select category0_.id as id1_0_0_, category0_.category_description as category2_0_0_, category0_.category_name as category3_0_0_, category0_.color as color4_0_0_ from category category0_ where category0_.id=?
[DEBUG] 2021-02-25 14:12:05.471 [main] Loader - Static select for action ACTION_MERGE on entity edu.matc.entity.Category: select category0_.id as id1_0_0_, category0_.category_description as category2_0_0_, category0_.category_name as category3_0_0_, category0_.color as color4_0_0_ from category category0_ where category0_.id=?
[DEBUG] 2021-02-25 14:12:05.471 [main] Loader - Static select for action ACTION_REFRESH on entity edu.matc.entity.Category: select category0_.id as id1_0_0_, category0_.category_description as category2_0_0_, category0_.category_name as category3_0_0_, category0_.color as color4_0_0_ from category category0_ where category0_.id=?
[DEBUG] 2021-02-25 14:12:05.471 [main] AbstractEntityPersister - Static SQL for entity: edu.matc.entity.Entry
[DEBUG] 2021-02-25 14:12:05.471 [main] AbstractEntityPersister -  Version select: select id from entry where id =?
[DEBUG] 2021-02-25 14:12:05.471 [main] AbstractEntityPersister -  Snapshot select: select entry_.id, entry_.category_id as category6_1_, entry_.date as date2_1_, entry_.entry_name as entry_na3_1_, entry_.entry_type as entry_ty4_1_, entry_.user_id as user_id7_1_, entry_.value as value5_1_ from entry entry_ where entry_.id=?
[DEBUG] 2021-02-25 14:12:05.471 [main] AbstractEntityPersister -  Insert 0: insert into entry (category_id, date, entry_name, entry_type, user_id, value, id) values (?, ?, ?, ?, ?, ?, ?)
[DEBUG] 2021-02-25 14:12:05.471 [main] AbstractEntityPersister -  Update 0: update entry set category_id=?, date=?, entry_name=?, entry_type=?, user_id=?, value=? where id=?
[DEBUG] 2021-02-25 14:12:05.471 [main] AbstractEntityPersister -  Delete 0: delete from entry where id=?
[DEBUG] 2021-02-25 14:12:05.471 [main] AbstractEntityPersister -  Identity insert: insert into entry (category_id, date, entry_name, entry_type, user_id, value) values (?, ?, ?, ?, ?, ?)
[DEBUG] 2021-02-25 14:12:05.471 [main] QuerySpacesImpl - Adding QuerySpace : uid = <gen:0> -> org.hibernate.loader.plan.build.internal.spaces.EntityQuerySpaceImpl@53aa38be]
[DEBUG] 2021-02-25 14:12:05.472 [main] MetamodelGraphWalker - Visiting attribute path : categoryId
[DEBUG] 2021-02-25 14:12:05.477 [main] QuerySpacesImpl - Adding QuerySpace : uid = <gen:1> -> org.hibernate.loader.plan.build.internal.spaces.EntityQuerySpaceImpl@23c767e6]
[DEBUG] 2021-02-25 14:12:05.479 [main] MetamodelGraphWalker - Visiting attribute path : categoryId.categoryDescription
[DEBUG] 2021-02-25 14:12:05.479 [main] MetamodelGraphWalker - Visiting attribute path : categoryId.categoryName
[DEBUG] 2021-02-25 14:12:05.479 [main] MetamodelGraphWalker - Visiting attribute path : categoryId.color
[DEBUG] 2021-02-25 14:12:05.479 [main] MetamodelGraphWalker - Visiting attribute path : date
[DEBUG] 2021-02-25 14:12:05.479 [main] MetamodelGraphWalker - Visiting attribute path : entryName
[DEBUG] 2021-02-25 14:12:05.479 [main] MetamodelGraphWalker - Visiting attribute path : entryType
[DEBUG] 2021-02-25 14:12:05.479 [main] MetamodelGraphWalker - Visiting attribute path : userId
[DEBUG] 2021-02-25 14:12:05.479 [main] QuerySpacesImpl - Adding QuerySpace : uid = <gen:2> -> org.hibernate.loader.plan.build.internal.spaces.EntityQuerySpaceImpl@315c081]
[DEBUG] 2021-02-25 14:12:05.479 [main] MetamodelGraphWalker - Visiting attribute path : userId.birthdate
[DEBUG] 2021-02-25 14:12:05.480 [main] MetamodelGraphWalker - Visiting attribute path : userId.email
[DEBUG] 2021-02-25 14:12:05.481 [main] MetamodelGraphWalker - Visiting attribute path : userId.firstName
[DEBUG] 2021-02-25 14:12:05.481 [main] MetamodelGraphWalker - Visiting attribute path : userId.lastName
[DEBUG] 2021-02-25 14:12:05.481 [main] MetamodelGraphWalker - Visiting attribute path : userId.password
[DEBUG] 2021-02-25 14:12:05.481 [main] MetamodelGraphWalker - Visiting attribute path : userId.username
[DEBUG] 2021-02-25 14:12:05.481 [main] MetamodelGraphWalker - Visiting attribute path : value
[DEBUG] 2021-02-25 14:12:05.481 [main] FetchStyleLoadPlanBuildingAssociationVisitationStrategy - Building LoadPlan...
[DEBUG] 2021-02-25 14:12:05.481 [main] LoadQueryJoinAndFetchProcessor - processing queryspace <gen:0>
[DEBUG] 2021-02-25 14:12:05.485 [main] LoadPlanTreePrinter - LoadPlan(entity=edu.matc.entity.Entry)
    - Returns
       - EntityReturnImpl(entity=edu.matc.entity.Entry, querySpaceUid=<gen:0>, path=edu.matc.entity.Entry)
          - EntityAttributeFetchImpl(entity=edu.matc.entity.Category, querySpaceUid=<gen:1>, path=edu.matc.entity.Entry.categoryId)
          - EntityAttributeFetchImpl(entity=edu.matc.entity.User, querySpaceUid=<gen:2>, path=edu.matc.entity.Entry.userId)
    - QuerySpaces
       - EntityQuerySpaceImpl(uid=<gen:0>, entity=edu.matc.entity.Entry)
          - SQL table alias mapping - entry0_
          - alias suffix - 0_
          - suffixed key columns - {id1_1_0_}
          - JOIN (JoinDefinedByMetadata(categoryId)) : <gen:0> -> <gen:1>
             - EntityQuerySpaceImpl(uid=<gen:1>, entity=edu.matc.entity.Category)
                - SQL table alias mapping - category1_
                - alias suffix - 1_
                - suffixed key columns - {id1_0_1_}
          - JOIN (JoinDefinedByMetadata(userId)) : <gen:0> -> <gen:2>
             - EntityQuerySpaceImpl(uid=<gen:2>, entity=edu.matc.entity.User)
                - SQL table alias mapping - user2_
                - alias suffix - 2_
                - suffixed key columns - {id1_2_2_}

[DEBUG] 2021-02-25 14:12:05.485 [main] EntityLoader - Static select for entity edu.matc.entity.Entry [NONE]: select entry0_.id as id1_1_0_, entry0_.category_id as category6_1_0_, entry0_.date as date2_1_0_, entry0_.entry_name as entry_na3_1_0_, entry0_.entry_type as entry_ty4_1_0_, entry0_.user_id as user_id7_1_0_, entry0_.value as value5_1_0_, category1_.id as id1_0_1_, category1_.category_description as category2_0_1_, category1_.category_name as category3_0_1_, category1_.color as color4_0_1_, user2_.id as id1_2_2_, user2_.birthdate as birthdat2_2_2_, user2_.email as email3_2_2_, user2_.first_name as first_na4_2_2_, user2_.last_name as last_nam5_2_2_, user2_.password as password6_2_2_, user2_.username as username7_2_2_ from entry entry0_ left outer join category category1_ on entry0_.category_id=category1_.id left outer join user user2_ on entry0_.user_id=user2_.id where entry0_.id=?
[DEBUG] 2021-02-25 14:12:05.485 [main] QuerySpacesImpl - Adding QuerySpace : uid = <gen:0> -> org.hibernate.loader.plan.build.internal.spaces.EntityQuerySpaceImpl@5bcec67e]
[DEBUG] 2021-02-25 14:12:05.485 [main] MetamodelGraphWalker - Visiting attribute path : categoryId
[DEBUG] 2021-02-25 14:12:05.485 [main] QuerySpacesImpl - Adding QuerySpace : uid = <gen:1> -> org.hibernate.loader.plan.build.internal.spaces.EntityQuerySpaceImpl@7a2fce12]
[DEBUG] 2021-02-25 14:12:05.485 [main] MetamodelGraphWalker - Visiting attribute path : categoryId.categoryDescription
[DEBUG] 2021-02-25 14:12:05.485 [main] MetamodelGraphWalker - Visiting attribute path : categoryId.categoryName
[DEBUG] 2021-02-25 14:12:05.485 [main] MetamodelGraphWalker - Visiting attribute path : categoryId.color
[DEBUG] 2021-02-25 14:12:05.485 [main] MetamodelGraphWalker - Visiting attribute path : date
[DEBUG] 2021-02-25 14:12:05.485 [main] MetamodelGraphWalker - Visiting attribute path : entryName
[DEBUG] 2021-02-25 14:12:05.485 [main] MetamodelGraphWalker - Visiting attribute path : entryType
[DEBUG] 2021-02-25 14:12:05.485 [main] MetamodelGraphWalker - Visiting attribute path : userId
[DEBUG] 2021-02-25 14:12:05.485 [main] QuerySpacesImpl - Adding QuerySpace : uid = <gen:2> -> org.hibernate.loader.plan.build.internal.spaces.EntityQuerySpaceImpl@4bb1b96b]
[DEBUG] 2021-02-25 14:12:05.485 [main] MetamodelGraphWalker - Visiting attribute path : userId.birthdate
[DEBUG] 2021-02-25 14:12:05.485 [main] MetamodelGraphWalker - Visiting attribute path : userId.email
[DEBUG] 2021-02-25 14:12:05.485 [main] MetamodelGraphWalker - Visiting attribute path : userId.firstName
[DEBUG] 2021-02-25 14:12:05.485 [main] MetamodelGraphWalker - Visiting attribute path : userId.lastName
[DEBUG] 2021-02-25 14:12:05.485 [main] MetamodelGraphWalker - Visiting attribute path : userId.password
[DEBUG] 2021-02-25 14:12:05.485 [main] MetamodelGraphWalker - Visiting attribute path : userId.username
[DEBUG] 2021-02-25 14:12:05.485 [main] MetamodelGraphWalker - Visiting attribute path : value
[DEBUG] 2021-02-25 14:12:05.486 [main] FetchStyleLoadPlanBuildingAssociationVisitationStrategy - Building LoadPlan...
[DEBUG] 2021-02-25 14:12:05.486 [main] LoadQueryJoinAndFetchProcessor - processing queryspace <gen:0>
[DEBUG] 2021-02-25 14:12:05.486 [main] LoadPlanTreePrinter - LoadPlan(entity=edu.matc.entity.Entry)
    - Returns
       - EntityReturnImpl(entity=edu.matc.entity.Entry, querySpaceUid=<gen:0>, path=edu.matc.entity.Entry)
          - EntityAttributeFetchImpl(entity=edu.matc.entity.Category, querySpaceUid=<gen:1>, path=edu.matc.entity.Entry.categoryId)
          - EntityAttributeFetchImpl(entity=edu.matc.entity.User, querySpaceUid=<gen:2>, path=edu.matc.entity.Entry.userId)
    - QuerySpaces
       - EntityQuerySpaceImpl(uid=<gen:0>, entity=edu.matc.entity.Entry)
          - SQL table alias mapping - entry0_
          - alias suffix - 0_
          - suffixed key columns - {id1_1_0_}
          - JOIN (JoinDefinedByMetadata(categoryId)) : <gen:0> -> <gen:1>
             - EntityQuerySpaceImpl(uid=<gen:1>, entity=edu.matc.entity.Category)
                - SQL table alias mapping - category1_
                - alias suffix - 1_
                - suffixed key columns - {id1_0_1_}
          - JOIN (JoinDefinedByMetadata(userId)) : <gen:0> -> <gen:2>
             - EntityQuerySpaceImpl(uid=<gen:2>, entity=edu.matc.entity.User)
                - SQL table alias mapping - user2_
                - alias suffix - 2_
                - suffixed key columns - {id1_2_2_}

[DEBUG] 2021-02-25 14:12:05.486 [main] EntityLoader - Static select for entity edu.matc.entity.Entry [READ]: select entry0_.id as id1_1_0_, entry0_.category_id as category6_1_0_, entry0_.date as date2_1_0_, entry0_.entry_name as entry_na3_1_0_, entry0_.entry_type as entry_ty4_1_0_, entry0_.user_id as user_id7_1_0_, entry0_.value as value5_1_0_, category1_.id as id1_0_1_, category1_.category_description as category2_0_1_, category1_.category_name as category3_0_1_, category1_.color as color4_0_1_, user2_.id as id1_2_2_, user2_.birthdate as birthdat2_2_2_, user2_.email as email3_2_2_, user2_.first_name as first_na4_2_2_, user2_.last_name as last_nam5_2_2_, user2_.password as password6_2_2_, user2_.username as username7_2_2_ from entry entry0_ left outer join category category1_ on entry0_.category_id=category1_.id left outer join user user2_ on entry0_.user_id=user2_.id where entry0_.id=?
[DEBUG] 2021-02-25 14:12:05.486 [main] Loader - Static select for action ACTION_MERGE on entity edu.matc.entity.Entry: select entry0_.id as id1_1_0_, entry0_.category_id as category6_1_0_, entry0_.date as date2_1_0_, entry0_.entry_name as entry_na3_1_0_, entry0_.entry_type as entry_ty4_1_0_, entry0_.user_id as user_id7_1_0_, entry0_.value as value5_1_0_ from entry entry0_ where entry0_.id=?
[DEBUG] 2021-02-25 14:12:05.486 [main] Loader - Static select for action ACTION_REFRESH on entity edu.matc.entity.Entry: select entry0_.id as id1_1_0_, entry0_.category_id as category6_1_0_, entry0_.date as date2_1_0_, entry0_.entry_name as entry_na3_1_0_, entry0_.entry_type as entry_ty4_1_0_, entry0_.user_id as user_id7_1_0_, entry0_.value as value5_1_0_ from entry entry0_ where entry0_.id=?
[DEBUG] 2021-02-25 14:12:05.498 [main] SchemaManagementToolCoordinator - No actions specified; doing nothing
[DEBUG] 2021-02-25 14:12:05.499 [main] JtaPlatformInitiator - No JtaPlatform was specified, checking resolver
[DEBUG] 2021-02-25 14:12:05.499 [main] JtaPlatformResolverInitiator - No JtaPlatformResolver was specified, using default [org.hibernate.engine.transaction.jta.platform.internal.StandardJtaPlatformResolver]
[DEBUG] 2021-02-25 14:12:05.504 [main] StandardJtaPlatformResolver - Could not resolve JtaPlatform, using default [org.hibernate.engine.transaction.jta.platform.internal.NoJtaPlatform]
[INFO ] 2021-02-25 14:12:05.504 [main] JtaPlatformInitiator - HHH000490: Using JtaPlatform implementation: [org.hibernate.engine.transaction.jta.platform.internal.NoJtaPlatform]
[DEBUG] 2021-02-25 14:12:05.504 [main] NamedQueryRepository - Checking 0 named HQL queries
[DEBUG] 2021-02-25 14:12:05.504 [main] NamedQueryRepository - Checking 0 named SQL queries
[DEBUG] 2021-02-25 14:12:05.509 [main] SessionFactoryRegistry - Initializing SessionFactoryRegistry : org.hibernate.internal.SessionFactoryRegistry@ab2e6d2
[DEBUG] 2021-02-25 14:12:05.517 [main] SessionFactoryRegistry - Registering SessionFactory: 9bf24d53-d68c-4daf-a0d3-7673567ccabf (<unnamed>)
[DEBUG] 2021-02-25 14:12:05.517 [main] SessionFactoryRegistry - Not binding SessionFactory to JNDI, no JNDI name configured
