[DEBUG] 2021-03-28 01:35:46.390 [http-nio-8080-exec-2] IntegratorServiceImpl - Adding Integrator [org.hibernate.cfg.beanvalidation.BeanValidationIntegrator].
[DEBUG] 2021-03-28 01:35:46.400 [http-nio-8080-exec-2] IntegratorServiceImpl - Adding Integrator [org.hibernate.secure.spi.JaccIntegrator].
[DEBUG] 2021-03-28 01:35:46.409 [http-nio-8080-exec-2] IntegratorServiceImpl - Adding Integrator [org.hibernate.cache.internal.CollectionCacheInvalidator].
[INFO ] 2021-03-28 01:35:46.573 [http-nio-8080-exec-2] Version - HHH000412: Hibernate Core {5.4.4.Final}
[DEBUG] 2021-03-28 01:35:46.575 [http-nio-8080-exec-2] Environment - HHH000206: hibernate.properties not found
[DEBUG] 2021-03-28 01:35:46.803 [http-nio-8080-exec-2] LocalXmlResourceResolver - Interpreting public/system identifier : [-//Hibernate/Hibernate Configuration DTD//EN] - [http://www.hibernate.org/dtd/hibernate-configuration-3.0.dtd]
[DEBUG] 2021-03-28 01:35:46.803 [http-nio-8080-exec-2] LocalXmlResourceResolver - Recognized hibernate-configuration identifier; attempting to resolve on classpath under org/hibernate/
[DEBUG] 2021-03-28 01:35:46.852 [http-nio-8080-exec-2] JaxbCfgProcessor - cfg.xml document did not define namespaces; wrapping in custom event reader to introduce namespace information
[DEBUG] 2021-03-28 01:35:47.405 [http-nio-8080-exec-2] ServiceBinding - Overriding existing service binding [org.hibernate.secure.spi.JaccService]
[DEBUG] 2021-03-28 01:35:47.442 [http-nio-8080-exec-2] RegionFactoryInitiator - Cannot default RegionFactory based on registered strategies as `[]` RegionFactory strategies were registered
[DEBUG] 2021-03-28 01:35:47.443 [http-nio-8080-exec-2] RegionFactoryInitiator - Cache region factory : org.hibernate.cache.internal.NoCachingRegionFactory
[INFO ] 2021-03-28 01:35:47.475 [http-nio-8080-exec-2] Version - HCANN000001: Hibernate Commons Annotations {5.1.0.Final}
[DEBUG] 2021-03-28 01:35:47.518 [http-nio-8080-exec-2] BasicTypeRegistry - Adding type registration boolean -> org.hibernate.type.BooleanType@503dab84
[DEBUG] 2021-03-28 01:35:47.519 [http-nio-8080-exec-2] BasicTypeRegistry - Adding type registration boolean -> org.hibernate.type.BooleanType@503dab84
[DEBUG] 2021-03-28 01:35:47.519 [http-nio-8080-exec-2] BasicTypeRegistry - Adding type registration java.lang.Boolean -> org.hibernate.type.BooleanType@503dab84
[DEBUG] 2021-03-28 01:35:47.520 [http-nio-8080-exec-2] BasicTypeRegistry - Adding type registration numeric_boolean -> org.hibernate.type.NumericBooleanType@b8310ca
[DEBUG] 2021-03-28 01:35:47.521 [http-nio-8080-exec-2] BasicTypeRegistry - Adding type registration true_false -> org.hibernate.type.TrueFalseType@1d0c3de4
[DEBUG] 2021-03-28 01:35:47.521 [http-nio-8080-exec-2] BasicTypeRegistry - Adding type registration yes_no -> org.hibernate.type.YesNoType@795c773
[DEBUG] 2021-03-28 01:35:47.522 [http-nio-8080-exec-2] BasicTypeRegistry - Adding type registration byte -> org.hibernate.type.ByteType@441b7240
[DEBUG] 2021-03-28 01:35:47.522 [http-nio-8080-exec-2] BasicTypeRegistry - Adding type registration byte -> org.hibernate.type.ByteType@441b7240
[DEBUG] 2021-03-28 01:35:47.522 [http-nio-8080-exec-2] BasicTypeRegistry - Adding type registration java.lang.Byte -> org.hibernate.type.ByteType@441b7240
[DEBUG] 2021-03-28 01:35:47.524 [http-nio-8080-exec-2] BasicTypeRegistry - Adding type registration character -> org.hibernate.type.CharacterType@35bd59fc
[DEBUG] 2021-03-28 01:35:47.524 [http-nio-8080-exec-2] BasicTypeRegistry - Adding type registration char -> org.hibernate.type.CharacterType@35bd59fc
[DEBUG] 2021-03-28 01:35:47.524 [http-nio-8080-exec-2] BasicTypeRegistry - Adding type registration java.lang.Character -> org.hibernate.type.CharacterType@35bd59fc
[DEBUG] 2021-03-28 01:35:47.525 [http-nio-8080-exec-2] BasicTypeRegistry - Adding type registration short -> org.hibernate.type.ShortType@3454359d
[DEBUG] 2021-03-28 01:35:47.525 [http-nio-8080-exec-2] BasicTypeRegistry - Adding type registration short -> org.hibernate.type.ShortType@3454359d
[DEBUG] 2021-03-28 01:35:47.525 [http-nio-8080-exec-2] BasicTypeRegistry - Adding type registration java.lang.Short -> org.hibernate.type.ShortType@3454359d
[DEBUG] 2021-03-28 01:35:47.526 [http-nio-8080-exec-2] BasicTypeRegistry - Adding type registration integer -> org.hibernate.type.IntegerType@6544e6c3
[DEBUG] 2021-03-28 01:35:47.526 [http-nio-8080-exec-2] BasicTypeRegistry - Adding type registration int -> org.hibernate.type.IntegerType@6544e6c3
[DEBUG] 2021-03-28 01:35:47.526 [http-nio-8080-exec-2] BasicTypeRegistry - Adding type registration java.lang.Integer -> org.hibernate.type.IntegerType@6544e6c3
[DEBUG] 2021-03-28 01:35:47.527 [http-nio-8080-exec-2] BasicTypeRegistry - Adding type registration long -> org.hibernate.type.LongType@e6a611f
[DEBUG] 2021-03-28 01:35:47.528 [http-nio-8080-exec-2] BasicTypeRegistry - Adding type registration long -> org.hibernate.type.LongType@e6a611f
[DEBUG] 2021-03-28 01:35:47.528 [http-nio-8080-exec-2] BasicTypeRegistry - Adding type registration java.lang.Long -> org.hibernate.type.LongType@e6a611f
[DEBUG] 2021-03-28 01:35:47.528 [http-nio-8080-exec-2] BasicTypeRegistry - Adding type registration float -> org.hibernate.type.FloatType@5040038b
[DEBUG] 2021-03-28 01:35:47.528 [http-nio-8080-exec-2] BasicTypeRegistry - Adding type registration float -> org.hibernate.type.FloatType@5040038b
[DEBUG] 2021-03-28 01:35:47.528 [http-nio-8080-exec-2] BasicTypeRegistry - Adding type registration java.lang.Float -> org.hibernate.type.FloatType@5040038b
[DEBUG] 2021-03-28 01:35:47.529 [http-nio-8080-exec-2] BasicTypeRegistry - Adding type registration double -> org.hibernate.type.DoubleType@e58053
[DEBUG] 2021-03-28 01:35:47.529 [http-nio-8080-exec-2] BasicTypeRegistry - Adding type registration double -> org.hibernate.type.DoubleType@e58053
[DEBUG] 2021-03-28 01:35:47.530 [http-nio-8080-exec-2] BasicTypeRegistry - Adding type registration java.lang.Double -> org.hibernate.type.DoubleType@e58053
[DEBUG] 2021-03-28 01:35:47.530 [http-nio-8080-exec-2] BasicTypeRegistry - Adding type registration big_decimal -> org.hibernate.type.BigDecimalType@6c3496d9
[DEBUG] 2021-03-28 01:35:47.530 [http-nio-8080-exec-2] BasicTypeRegistry - Adding type registration java.math.BigDecimal -> org.hibernate.type.BigDecimalType@6c3496d9
[DEBUG] 2021-03-28 01:35:47.532 [http-nio-8080-exec-2] BasicTypeRegistry - Adding type registration big_integer -> org.hibernate.type.BigIntegerType@17ad983a
[DEBUG] 2021-03-28 01:35:47.532 [http-nio-8080-exec-2] BasicTypeRegistry - Adding type registration java.math.BigInteger -> org.hibernate.type.BigIntegerType@17ad983a
[DEBUG] 2021-03-28 01:35:47.533 [http-nio-8080-exec-2] BasicTypeRegistry - Adding type registration string -> org.hibernate.type.StringType@7592973d
[DEBUG] 2021-03-28 01:35:47.533 [http-nio-8080-exec-2] BasicTypeRegistry - Adding type registration java.lang.String -> org.hibernate.type.StringType@7592973d
[DEBUG] 2021-03-28 01:35:47.533 [http-nio-8080-exec-2] BasicTypeRegistry - Adding type registration nstring -> org.hibernate.type.StringNVarcharType@7c2bdbe7
[DEBUG] 2021-03-28 01:35:47.535 [http-nio-8080-exec-2] BasicTypeRegistry - Adding type registration ncharacter -> org.hibernate.type.CharacterNCharType@66a3402b
[DEBUG] 2021-03-28 01:35:47.536 [http-nio-8080-exec-2] BasicTypeRegistry - Adding type registration url -> org.hibernate.type.UrlType@62cb5af
[DEBUG] 2021-03-28 01:35:47.536 [http-nio-8080-exec-2] BasicTypeRegistry - Adding type registration java.net.URL -> org.hibernate.type.UrlType@62cb5af
[DEBUG] 2021-03-28 01:35:47.537 [http-nio-8080-exec-2] BasicTypeRegistry - Adding type registration Duration -> org.hibernate.type.DurationType@b8b65b5
[DEBUG] 2021-03-28 01:35:47.537 [http-nio-8080-exec-2] BasicTypeRegistry - Adding type registration java.time.Duration -> org.hibernate.type.DurationType@b8b65b5
[DEBUG] 2021-03-28 01:35:47.542 [http-nio-8080-exec-2] BasicTypeRegistry - Adding type registration Instant -> org.hibernate.type.InstantType@4177c397
[DEBUG] 2021-03-28 01:35:47.543 [http-nio-8080-exec-2] BasicTypeRegistry - Adding type registration java.time.Instant -> org.hibernate.type.InstantType@4177c397
[DEBUG] 2021-03-28 01:35:47.544 [http-nio-8080-exec-2] BasicTypeRegistry - Adding type registration LocalDateTime -> org.hibernate.type.LocalDateTimeType@a625c71
[DEBUG] 2021-03-28 01:35:47.546 [http-nio-8080-exec-2] BasicTypeRegistry - Adding type registration java.time.LocalDateTime -> org.hibernate.type.LocalDateTimeType@a625c71
[DEBUG] 2021-03-28 01:35:47.546 [http-nio-8080-exec-2] BasicTypeRegistry - Adding type registration LocalDate -> org.hibernate.type.LocalDateType@2a0ad27
[DEBUG] 2021-03-28 01:35:47.546 [http-nio-8080-exec-2] BasicTypeRegistry - Adding type registration java.time.LocalDate -> org.hibernate.type.LocalDateType@2a0ad27
[DEBUG] 2021-03-28 01:35:47.548 [http-nio-8080-exec-2] BasicTypeRegistry - Adding type registration LocalTime -> org.hibernate.type.LocalTimeType@549d4527
[DEBUG] 2021-03-28 01:35:47.548 [http-nio-8080-exec-2] BasicTypeRegistry - Adding type registration java.time.LocalTime -> org.hibernate.type.LocalTimeType@549d4527
[DEBUG] 2021-03-28 01:35:47.550 [http-nio-8080-exec-2] BasicTypeRegistry - Adding type registration OffsetDateTime -> org.hibernate.type.OffsetDateTimeType@2a1201ae
[DEBUG] 2021-03-28 01:35:47.550 [http-nio-8080-exec-2] BasicTypeRegistry - Adding type registration java.time.OffsetDateTime -> org.hibernate.type.OffsetDateTimeType@2a1201ae
[DEBUG] 2021-03-28 01:35:47.551 [http-nio-8080-exec-2] BasicTypeRegistry - Adding type registration OffsetTime -> org.hibernate.type.OffsetTimeType@51ff6f46
[DEBUG] 2021-03-28 01:35:47.551 [http-nio-8080-exec-2] BasicTypeRegistry - Adding type registration java.time.OffsetTime -> org.hibernate.type.OffsetTimeType@51ff6f46
[DEBUG] 2021-03-28 01:35:47.554 [http-nio-8080-exec-2] BasicTypeRegistry - Adding type registration ZonedDateTime -> org.hibernate.type.ZonedDateTimeType@607be04d
[DEBUG] 2021-03-28 01:35:47.554 [http-nio-8080-exec-2] BasicTypeRegistry - Adding type registration java.time.ZonedDateTime -> org.hibernate.type.ZonedDateTimeType@607be04d
[DEBUG] 2021-03-28 01:35:47.555 [http-nio-8080-exec-2] BasicTypeRegistry - Adding type registration date -> org.hibernate.type.DateType@18a85d04
[DEBUG] 2021-03-28 01:35:47.555 [http-nio-8080-exec-2] BasicTypeRegistry - Adding type registration java.sql.Date -> org.hibernate.type.DateType@18a85d04
[DEBUG] 2021-03-28 01:35:47.556 [http-nio-8080-exec-2] BasicTypeRegistry - Adding type registration time -> org.hibernate.type.TimeType@76f76b0f
[DEBUG] 2021-03-28 01:35:47.556 [http-nio-8080-exec-2] BasicTypeRegistry - Adding type registration java.sql.Time -> org.hibernate.type.TimeType@76f76b0f
[DEBUG] 2021-03-28 01:35:47.558 [http-nio-8080-exec-2] BasicTypeRegistry - Adding type registration timestamp -> org.hibernate.type.TimestampType@14d8a06c
[DEBUG] 2021-03-28 01:35:47.558 [http-nio-8080-exec-2] BasicTypeRegistry - Adding type registration java.sql.Timestamp -> org.hibernate.type.TimestampType@14d8a06c
[DEBUG] 2021-03-28 01:35:47.558 [http-nio-8080-exec-2] BasicTypeRegistry - Adding type registration java.util.Date -> org.hibernate.type.TimestampType@14d8a06c
[DEBUG] 2021-03-28 01:35:47.560 [http-nio-8080-exec-2] BasicTypeRegistry - Adding type registration dbtimestamp -> org.hibernate.type.DbTimestampType@1f962c8
[DEBUG] 2021-03-28 01:35:47.561 [http-nio-8080-exec-2] BasicTypeRegistry - Adding type registration calendar -> org.hibernate.type.CalendarType@4ca7edd2
[DEBUG] 2021-03-28 01:35:47.561 [http-nio-8080-exec-2] BasicTypeRegistry - Adding type registration java.util.Calendar -> org.hibernate.type.CalendarType@4ca7edd2
[DEBUG] 2021-03-28 01:35:47.561 [http-nio-8080-exec-2] BasicTypeRegistry - Adding type registration java.util.GregorianCalendar -> org.hibernate.type.CalendarType@4ca7edd2
[DEBUG] 2021-03-28 01:35:47.563 [http-nio-8080-exec-2] BasicTypeRegistry - Adding type registration calendar_date -> org.hibernate.type.CalendarDateType@70cbdd07
[DEBUG] 2021-03-28 01:35:47.564 [http-nio-8080-exec-2] BasicTypeRegistry - Adding type registration locale -> org.hibernate.type.LocaleType@569190a3
[DEBUG] 2021-03-28 01:35:47.564 [http-nio-8080-exec-2] BasicTypeRegistry - Adding type registration java.util.Locale -> org.hibernate.type.LocaleType@569190a3
[DEBUG] 2021-03-28 01:35:47.565 [http-nio-8080-exec-2] BasicTypeRegistry - Adding type registration currency -> org.hibernate.type.CurrencyType@1836ad5c
[DEBUG] 2021-03-28 01:35:47.565 [http-nio-8080-exec-2] BasicTypeRegistry - Adding type registration java.util.Currency -> org.hibernate.type.CurrencyType@1836ad5c
[DEBUG] 2021-03-28 01:35:47.566 [http-nio-8080-exec-2] BasicTypeRegistry - Adding type registration timezone -> org.hibernate.type.TimeZoneType@71e51238
[DEBUG] 2021-03-28 01:35:47.566 [http-nio-8080-exec-2] BasicTypeRegistry - Adding type registration java.util.TimeZone -> org.hibernate.type.TimeZoneType@71e51238
[DEBUG] 2021-03-28 01:35:47.566 [http-nio-8080-exec-2] BasicTypeRegistry - Adding type registration class -> org.hibernate.type.ClassType@609a79d1
[DEBUG] 2021-03-28 01:35:47.566 [http-nio-8080-exec-2] BasicTypeRegistry - Adding type registration java.lang.Class -> org.hibernate.type.ClassType@609a79d1
[DEBUG] 2021-03-28 01:35:47.567 [http-nio-8080-exec-2] BasicTypeRegistry - Adding type registration uuid-binary -> org.hibernate.type.UUIDBinaryType@467e1c87
[DEBUG] 2021-03-28 01:35:47.567 [http-nio-8080-exec-2] BasicTypeRegistry - Adding type registration java.util.UUID -> org.hibernate.type.UUIDBinaryType@467e1c87
[DEBUG] 2021-03-28 01:35:47.567 [http-nio-8080-exec-2] BasicTypeRegistry - Adding type registration uuid-char -> org.hibernate.type.UUIDCharType@13281e30
[DEBUG] 2021-03-28 01:35:47.577 [http-nio-8080-exec-2] BasicTypeRegistry - Adding type registration binary -> org.hibernate.type.BinaryType@cde4251
[DEBUG] 2021-03-28 01:35:47.577 [http-nio-8080-exec-2] BasicTypeRegistry - Adding type registration byte[] -> org.hibernate.type.BinaryType@cde4251
[DEBUG] 2021-03-28 01:35:47.577 [http-nio-8080-exec-2] BasicTypeRegistry - Adding type registration [B -> org.hibernate.type.BinaryType@cde4251
[DEBUG] 2021-03-28 01:35:47.580 [http-nio-8080-exec-2] BasicTypeRegistry - Adding type registration wrapper-binary -> org.hibernate.type.WrapperBinaryType@2b66d7ff
[DEBUG] 2021-03-28 01:35:47.580 [http-nio-8080-exec-2] BasicTypeRegistry - Adding type registration Byte[] -> org.hibernate.type.WrapperBinaryType@2b66d7ff
[DEBUG] 2021-03-28 01:35:47.581 [http-nio-8080-exec-2] BasicTypeRegistry - Adding type registration [Ljava.lang.Byte; -> org.hibernate.type.WrapperBinaryType@2b66d7ff
[DEBUG] 2021-03-28 01:35:47.583 [http-nio-8080-exec-2] BasicTypeRegistry - Adding type registration row_version -> org.hibernate.type.RowVersionType@347ffd40
[DEBUG] 2021-03-28 01:35:47.583 [http-nio-8080-exec-2] BasicTypeRegistry - Adding type registration image -> org.hibernate.type.ImageType@521f31c7
[DEBUG] 2021-03-28 01:35:47.584 [http-nio-8080-exec-2] BasicTypeRegistry - Adding type registration characters -> org.hibernate.type.CharArrayType@3a3423ef
[DEBUG] 2021-03-28 01:35:47.585 [http-nio-8080-exec-2] BasicTypeRegistry - Adding type registration char[] -> org.hibernate.type.CharArrayType@3a3423ef
[DEBUG] 2021-03-28 01:35:47.585 [http-nio-8080-exec-2] BasicTypeRegistry - Adding type registration [C -> org.hibernate.type.CharArrayType@3a3423ef
[DEBUG] 2021-03-28 01:35:47.586 [http-nio-8080-exec-2] BasicTypeRegistry - Adding type registration wrapper-characters -> org.hibernate.type.CharacterArrayType@5343762b
[DEBUG] 2021-03-28 01:35:47.586 [http-nio-8080-exec-2] BasicTypeRegistry - Adding type registration [Ljava.lang.Character; -> org.hibernate.type.CharacterArrayType@5343762b
[DEBUG] 2021-03-28 01:35:47.586 [http-nio-8080-exec-2] BasicTypeRegistry - Adding type registration Character[] -> org.hibernate.type.CharacterArrayType@5343762b
[DEBUG] 2021-03-28 01:35:47.586 [http-nio-8080-exec-2] BasicTypeRegistry - Adding type registration text -> org.hibernate.type.TextType@56fd69cd
[DEBUG] 2021-03-28 01:35:47.587 [http-nio-8080-exec-2] BasicTypeRegistry - Adding type registration ntext -> org.hibernate.type.NTextType@5d4a4094
[DEBUG] 2021-03-28 01:35:47.588 [http-nio-8080-exec-2] BasicTypeRegistry - Adding type registration blob -> org.hibernate.type.BlobType@1f4f5901
[DEBUG] 2021-03-28 01:35:47.589 [http-nio-8080-exec-2] BasicTypeRegistry - Adding type registration java.sql.Blob -> org.hibernate.type.BlobType@1f4f5901
[DEBUG] 2021-03-28 01:35:47.589 [http-nio-8080-exec-2] BasicTypeRegistry - Adding type registration materialized_blob -> org.hibernate.type.MaterializedBlobType@10bb535b
[DEBUG] 2021-03-28 01:35:47.590 [http-nio-8080-exec-2] BasicTypeRegistry - Adding type registration clob -> org.hibernate.type.ClobType@4e4f5689
[DEBUG] 2021-03-28 01:35:47.590 [http-nio-8080-exec-2] BasicTypeRegistry - Adding type registration java.sql.Clob -> org.hibernate.type.ClobType@4e4f5689
[DEBUG] 2021-03-28 01:35:47.591 [http-nio-8080-exec-2] BasicTypeRegistry - Adding type registration nclob -> org.hibernate.type.NClobType@f091906
[DEBUG] 2021-03-28 01:35:47.591 [http-nio-8080-exec-2] BasicTypeRegistry - Adding type registration java.sql.NClob -> org.hibernate.type.NClobType@f091906
[DEBUG] 2021-03-28 01:35:47.591 [http-nio-8080-exec-2] BasicTypeRegistry - Adding type registration materialized_clob -> org.hibernate.type.MaterializedClobType@17727d56
[DEBUG] 2021-03-28 01:35:47.592 [http-nio-8080-exec-2] BasicTypeRegistry - Adding type registration materialized_nclob -> org.hibernate.type.MaterializedNClobType@6970d108
[DEBUG] 2021-03-28 01:35:47.593 [http-nio-8080-exec-2] BasicTypeRegistry - Adding type registration serializable -> org.hibernate.type.SerializableType@34bd4fcf
[DEBUG] 2021-03-28 01:35:47.598 [http-nio-8080-exec-2] BasicTypeRegistry - Adding type registration object -> org.hibernate.type.ObjectType@1ecee610
[DEBUG] 2021-03-28 01:35:47.598 [http-nio-8080-exec-2] BasicTypeRegistry - Adding type registration java.lang.Object -> org.hibernate.type.ObjectType@1ecee610
[DEBUG] 2021-03-28 01:35:47.599 [http-nio-8080-exec-2] BasicTypeRegistry - Adding type registration imm_date -> org.hibernate.type.AdaptedImmutableType@671df57a
[DEBUG] 2021-03-28 01:35:47.599 [http-nio-8080-exec-2] BasicTypeRegistry - Adding type registration imm_time -> org.hibernate.type.AdaptedImmutableType@71ac3b26
[DEBUG] 2021-03-28 01:35:47.599 [http-nio-8080-exec-2] BasicTypeRegistry - Adding type registration imm_timestamp -> org.hibernate.type.AdaptedImmutableType@5b6df01b
[DEBUG] 2021-03-28 01:35:47.599 [http-nio-8080-exec-2] BasicTypeRegistry - Adding type registration imm_dbtimestamp -> org.hibernate.type.AdaptedImmutableType@6dc033f
[DEBUG] 2021-03-28 01:35:47.599 [http-nio-8080-exec-2] BasicTypeRegistry - Adding type registration imm_calendar -> org.hibernate.type.AdaptedImmutableType@e6280bb
[DEBUG] 2021-03-28 01:35:47.601 [http-nio-8080-exec-2] BasicTypeRegistry - Adding type registration imm_calendar_date -> org.hibernate.type.AdaptedImmutableType@1e87ef5a
[DEBUG] 2021-03-28 01:35:47.601 [http-nio-8080-exec-2] BasicTypeRegistry - Adding type registration imm_binary -> org.hibernate.type.AdaptedImmutableType@2a5e29b9
[DEBUG] 2021-03-28 01:35:47.601 [http-nio-8080-exec-2] BasicTypeRegistry - Adding type registration imm_serializable -> org.hibernate.type.AdaptedImmutableType@4cfd1236
[DEBUG] 2021-03-28 01:35:47.649 [http-nio-8080-exec-2] DefaultIdentifierGeneratorFactory - Registering IdentifierGenerator strategy [uuid2] -> [org.hibernate.id.UUIDGenerator]
[DEBUG] 2021-03-28 01:35:47.649 [http-nio-8080-exec-2] DefaultIdentifierGeneratorFactory - Registering IdentifierGenerator strategy [guid] -> [org.hibernate.id.GUIDGenerator]
[DEBUG] 2021-03-28 01:35:47.650 [http-nio-8080-exec-2] DefaultIdentifierGeneratorFactory - Registering IdentifierGenerator strategy [uuid] -> [org.hibernate.id.UUIDHexGenerator]
[DEBUG] 2021-03-28 01:35:47.650 [http-nio-8080-exec-2] DefaultIdentifierGeneratorFactory - Registering IdentifierGenerator strategy [uuid.hex] -> [org.hibernate.id.UUIDHexGenerator]
[DEBUG] 2021-03-28 01:35:47.651 [http-nio-8080-exec-2] DefaultIdentifierGeneratorFactory - Registering IdentifierGenerator strategy [assigned] -> [org.hibernate.id.Assigned]
[DEBUG] 2021-03-28 01:35:47.652 [http-nio-8080-exec-2] DefaultIdentifierGeneratorFactory - Registering IdentifierGenerator strategy [identity] -> [org.hibernate.id.IdentityGenerator]
[DEBUG] 2021-03-28 01:35:47.653 [http-nio-8080-exec-2] DefaultIdentifierGeneratorFactory - Registering IdentifierGenerator strategy [select] -> [org.hibernate.id.SelectGenerator]
[DEBUG] 2021-03-28 01:35:47.654 [http-nio-8080-exec-2] DefaultIdentifierGeneratorFactory - Registering IdentifierGenerator strategy [sequence] -> [org.hibernate.id.enhanced.SequenceStyleGenerator]
[DEBUG] 2021-03-28 01:35:47.654 [http-nio-8080-exec-2] DefaultIdentifierGeneratorFactory - Registering IdentifierGenerator strategy [seqhilo] -> [org.hibernate.id.SequenceHiLoGenerator]
[DEBUG] 2021-03-28 01:35:47.655 [http-nio-8080-exec-2] DefaultIdentifierGeneratorFactory - Registering IdentifierGenerator strategy [increment] -> [org.hibernate.id.IncrementGenerator]
[DEBUG] 2021-03-28 01:35:47.655 [http-nio-8080-exec-2] DefaultIdentifierGeneratorFactory - Registering IdentifierGenerator strategy [foreign] -> [org.hibernate.id.ForeignGenerator]
[DEBUG] 2021-03-28 01:35:47.655 [http-nio-8080-exec-2] DefaultIdentifierGeneratorFactory - Registering IdentifierGenerator strategy [sequence-identity] -> [org.hibernate.id.SequenceIdentityGenerator]
[DEBUG] 2021-03-28 01:35:47.655 [http-nio-8080-exec-2] DefaultIdentifierGeneratorFactory - Registering IdentifierGenerator strategy [enhanced-sequence] -> [org.hibernate.id.enhanced.SequenceStyleGenerator]
[DEBUG] 2021-03-28 01:35:47.657 [http-nio-8080-exec-2] DefaultIdentifierGeneratorFactory - Registering IdentifierGenerator strategy [enhanced-table] -> [org.hibernate.id.enhanced.TableGenerator]
[INFO ] 2021-03-28 01:35:47.666 [http-nio-8080-exec-2] C3P0ConnectionProvider - HHH010002: C3P0 using driver: com.mysql.cj.jdbc.Driver at URL: jdbc:mysql://localhost:3306/budget_tracker
[INFO ] 2021-03-28 01:35:47.666 [http-nio-8080-exec-2] C3P0ConnectionProvider - HHH10001001: Connection properties: {password=****, user=root}
[INFO ] 2021-03-28 01:35:47.666 [http-nio-8080-exec-2] C3P0ConnectionProvider - HHH10001003: Autocommit mode: false
[INFO ] 2021-03-28 01:35:48.004 [http-nio-8080-exec-2] C3P0ConnectionProvider - HHH10001007: JDBC isolation level: <unknown>
[WARN ] 2021-03-28 01:36:19.376 [http-nio-8080-exec-2] JdbcEnvironmentInitiator - HHH000342: Could not obtain connection to query metadata : Connections could not be acquired from the underlying database!
